DEBUG:root:received {"id":2,"src":"c2","dest":"n2","body":{"type":"init","node_id":"n2","node_ids":["n1","n2","n3","n4","n5"],"msg_id":1}}
INFO:root:initializing node n2
DEBUG:root:sending {"dest": "c2", "src": "n2", "body": {"msg_id": 1, "in_reply_to": 1, "type": "init_ok"}}
WARNING:root:unknown message type init
DEBUG:root:received {"id":10,"src":"c10","dest":"n2","body":{"echo":"Please echo 74","type":"echo","msg_id":1}}
INFO:root:echoing Please echo 74
DEBUG:root:sending {"dest": "c10", "src": "n2", "body": {"msg_id": 2, "in_reply_to": 1, "type": "echo_ok", "echo": "Please echo 74"}}
DEBUG:root:received {"id":14,"src":"c10","dest":"n2","body":{"echo":"Please echo 79","type":"echo","msg_id":2}}
INFO:root:echoing Please echo 79
DEBUG:root:sending {"dest": "c10", "src": "n2", "body": {"msg_id": 3, "in_reply_to": 2, "type": "echo_ok", "echo": "Please echo 79"}}
DEBUG:root:received {"id":24,"src":"c10","dest":"n2","body":{"echo":"Please echo 64","type":"echo","msg_id":3}}
INFO:root:echoing Please echo 64
DEBUG:root:sending {"dest": "c10", "src": "n2", "body": {"msg_id": 4, "in_reply_to": 3, "type": "echo_ok", "echo": "Please echo 64"}}
DEBUG:root:received {"id":36,"src":"c10","dest":"n2","body":{"echo":"Please echo 126","type":"echo","msg_id":4}}
INFO:root:echoing Please echo 126
DEBUG:root:sending {"dest": "c10", "src": "n2", "body": {"msg_id": 5, "in_reply_to": 4, "type": "echo_ok", "echo": "Please echo 126"}}
DEBUG:root:received {"id":38,"src":"c10","dest":"n2","body":{"echo":"Please echo 6","type":"echo","msg_id":5}}
INFO:root:echoing Please echo 6
DEBUG:root:sending {"dest": "c10", "src": "n2", "body": {"msg_id": 6, "in_reply_to": 5, "type": "echo_ok", "echo": "Please echo 6"}}
DEBUG:root:received {"id":46,"src":"c10","dest":"n2","body":{"echo":"Please echo 35","type":"echo","msg_id":6}}
INFO:root:echoing Please echo 35
DEBUG:root:sending {"dest": "c10", "src": "n2", "body": {"msg_id": 7, "in_reply_to": 6, "type": "echo_ok", "echo": "Please echo 35"}}
DEBUG:root:received {"id":48,"src":"c10","dest":"n2","body":{"echo":"Please echo 40","type":"echo","msg_id":7}}
INFO:root:echoing Please echo 40
DEBUG:root:sending {"dest": "c10", "src": "n2", "body": {"msg_id": 8, "in_reply_to": 7, "type": "echo_ok", "echo": "Please echo 40"}}
DEBUG:root:received {"id":64,"src":"c10","dest":"n2","body":{"echo":"Please echo 9","type":"echo","msg_id":8}}
INFO:root:echoing Please echo 9
DEBUG:root:sending {"dest": "c10", "src": "n2", "body": {"msg_id": 9, "in_reply_to": 8, "type": "echo_ok", "echo": "Please echo 9"}}
DEBUG:root:received {"id":66,"src":"c10","dest":"n2","body":{"echo":"Please echo 58","type":"echo","msg_id":9}}
INFO:root:echoing Please echo 58
DEBUG:root:sending {"dest": "c10", "src": "n2", "body": {"msg_id": 10, "in_reply_to": 9, "type": "echo_ok", "echo": "Please echo 58"}}
DEBUG:root:received {"id":78,"src":"c10","dest":"n2","body":{"echo":"Please echo 66","type":"echo","msg_id":10}}
INFO:root:echoing Please echo 66
DEBUG:root:sending {"dest": "c10", "src": "n2", "body": {"msg_id": 11, "in_reply_to": 10, "type": "echo_ok", "echo": "Please echo 66"}}
DEBUG:root:received {"id":94,"src":"c10","dest":"n2","body":{"echo":"Please echo 125","type":"echo","msg_id":11}}
INFO:root:echoing Please echo 125
DEBUG:root:sending {"dest": "c10", "src": "n2", "body": {"msg_id": 12, "in_reply_to": 11, "type": "echo_ok", "echo": "Please echo 125"}}
DEBUG:root:received {"id":102,"src":"c10","dest":"n2","body":{"echo":"Please echo 127","type":"echo","msg_id":12}}
INFO:root:echoing Please echo 127
DEBUG:root:sending {"dest": "c10", "src": "n2", "body": {"msg_id": 13, "in_reply_to": 12, "type": "echo_ok", "echo": "Please echo 127"}}
DEBUG:root:received {"id":104,"src":"c10","dest":"n2","body":{"echo":"Please echo 122","type":"echo","msg_id":13}}
INFO:root:echoing Please echo 122
DEBUG:root:sending {"dest": "c10", "src": "n2", "body": {"msg_id": 14, "in_reply_to": 13, "type": "echo_ok", "echo": "Please echo 122"}}
DEBUG:root:received {"id":106,"src":"c10","dest":"n2","body":{"echo":"Please echo 67","type":"echo","msg_id":14}}
INFO:root:echoing Please echo 67
DEBUG:root:sending {"dest": "c10", "src": "n2", "body": {"msg_id": 15, "in_reply_to": 14, "type": "echo_ok", "echo": "Please echo 67"}}
DEBUG:root:received {"id":114,"src":"c10","dest":"n2","body":{"echo":"Please echo 50","type":"echo","msg_id":15}}
INFO:root:echoing Please echo 50
DEBUG:root:sending {"dest": "c10", "src": "n2", "body": {"msg_id": 16, "in_reply_to": 15, "type": "echo_ok", "echo": "Please echo 50"}}
DEBUG:root:received {"id":116,"src":"c10","dest":"n2","body":{"echo":"Please echo 102","type":"echo","msg_id":16}}
INFO:root:echoing Please echo 102
DEBUG:root:sending {"dest": "c10", "src": "n2", "body": {"msg_id": 17, "in_reply_to": 16, "type": "echo_ok", "echo": "Please echo 102"}}
DEBUG:root:received {"id":156,"src":"c10","dest":"n2","body":{"echo":"Please echo 101","type":"echo","msg_id":17}}
INFO:root:echoing Please echo 101
DEBUG:root:sending {"dest": "c10", "src": "n2", "body": {"msg_id": 18, "in_reply_to": 17, "type": "echo_ok", "echo": "Please echo 101"}}
DEBUG:root:received {"id":160,"src":"c10","dest":"n2","body":{"echo":"Please echo 28","type":"echo","msg_id":18}}
INFO:root:echoing Please echo 28
DEBUG:root:sending {"dest": "c10", "src": "n2", "body": {"msg_id": 19, "in_reply_to": 18, "type": "echo_ok", "echo": "Please echo 28"}}
DEBUG:root:received {"id":164,"src":"c10","dest":"n2","body":{"echo":"Please echo 43","type":"echo","msg_id":19}}
INFO:root:echoing Please echo 43
DEBUG:root:sending {"dest": "c10", "src": "n2", "body": {"msg_id": 20, "in_reply_to": 19, "type": "echo_ok", "echo": "Please echo 43"}}
DEBUG:root:received {"id":180,"src":"c10","dest":"n2","body":{"echo":"Please echo 19","type":"echo","msg_id":20}}
INFO:root:echoing Please echo 19
DEBUG:root:sending {"dest": "c10", "src": "n2", "body": {"msg_id": 21, "in_reply_to": 20, "type": "echo_ok", "echo": "Please echo 19"}}
DEBUG:root:received {"id":204,"src":"c10","dest":"n2","body":{"echo":"Please echo 19","type":"echo","msg_id":21}}
INFO:root:echoing Please echo 19
DEBUG:root:sending {"dest": "c10", "src": "n2", "body": {"msg_id": 22, "in_reply_to": 21, "type": "echo_ok", "echo": "Please echo 19"}}
DEBUG:root:received {"id":214,"src":"c10","dest":"n2","body":{"echo":"Please echo 125","type":"echo","msg_id":22}}
INFO:root:echoing Please echo 125
DEBUG:root:sending {"dest": "c10", "src": "n2", "body": {"msg_id": 23, "in_reply_to": 22, "type": "echo_ok", "echo": "Please echo 125"}}
DEBUG:root:received {"id":236,"src":"c10","dest":"n2","body":{"echo":"Please echo 41","type":"echo","msg_id":23}}
INFO:root:echoing Please echo 41
DEBUG:root:sending {"dest": "c10", "src": "n2", "body": {"msg_id": 24, "in_reply_to": 23, "type": "echo_ok", "echo": "Please echo 41"}}
DEBUG:root:received {"id":238,"src":"c10","dest":"n2","body":{"echo":"Please echo 118","type":"echo","msg_id":24}}
INFO:root:echoing Please echo 118
DEBUG:root:sending {"dest": "c10", "src": "n2", "body": {"msg_id": 25, "in_reply_to": 24, "type": "echo_ok", "echo": "Please echo 118"}}
DEBUG:root:received {"id":250,"src":"c10","dest":"n2","body":{"echo":"Please echo 121","type":"echo","msg_id":25}}
INFO:root:echoing Please echo 121
DEBUG:root:sending {"dest": "c10", "src": "n2", "body": {"msg_id": 26, "in_reply_to": 25, "type": "echo_ok", "echo": "Please echo 121"}}
DEBUG:root:received {"id":256,"src":"c10","dest":"n2","body":{"echo":"Please echo 36","type":"echo","msg_id":26}}
INFO:root:echoing Please echo 36
DEBUG:root:sending {"dest": "c10", "src": "n2", "body": {"msg_id": 27, "in_reply_to": 26, "type": "echo_ok", "echo": "Please echo 36"}}
DEBUG:root:received {"id":260,"src":"c10","dest":"n2","body":{"echo":"Please echo 36","type":"echo","msg_id":27}}
INFO:root:echoing Please echo 36
DEBUG:root:sending {"dest": "c10", "src": "n2", "body": {"msg_id": 28, "in_reply_to": 27, "type": "echo_ok", "echo": "Please echo 36"}}
DEBUG:root:received {"id":268,"src":"c10","dest":"n2","body":{"echo":"Please echo 121","type":"echo","msg_id":28}}
INFO:root:echoing Please echo 121
DEBUG:root:sending {"dest": "c10", "src": "n2", "body": {"msg_id": 29, "in_reply_to": 28, "type": "echo_ok", "echo": "Please echo 121"}}
DEBUG:root:received {"id":270,"src":"c10","dest":"n2","body":{"echo":"Please echo 10","type":"echo","msg_id":29}}
INFO:root:echoing Please echo 10
DEBUG:root:sending {"dest": "c10", "src": "n2", "body": {"msg_id": 30, "in_reply_to": 29, "type": "echo_ok", "echo": "Please echo 10"}}
DEBUG:root:received {"id":276,"src":"c10","dest":"n2","body":{"echo":"Please echo 3","type":"echo","msg_id":30}}
INFO:root:echoing Please echo 3
DEBUG:root:sending {"dest": "c10", "src": "n2", "body": {"msg_id": 31, "in_reply_to": 30, "type": "echo_ok", "echo": "Please echo 3"}}
DEBUG:root:received {"id":280,"src":"c10","dest":"n2","body":{"echo":"Please echo 115","type":"echo","msg_id":31}}
INFO:root:echoing Please echo 115
DEBUG:root:sending {"dest": "c10", "src": "n2", "body": {"msg_id": 32, "in_reply_to": 31, "type": "echo_ok", "echo": "Please echo 115"}}
DEBUG:root:received {"id":282,"src":"c10","dest":"n2","body":{"echo":"Please echo 50","type":"echo","msg_id":32}}
INFO:root:echoing Please echo 50
DEBUG:root:sending {"dest": "c10", "src": "n2", "body": {"msg_id": 33, "in_reply_to": 32, "type": "echo_ok", "echo": "Please echo 50"}}
DEBUG:root:received {"id":302,"src":"c10","dest":"n2","body":{"echo":"Please echo 48","type":"echo","msg_id":33}}
INFO:root:echoing Please echo 48
DEBUG:root:sending {"dest": "c10", "src": "n2", "body": {"msg_id": 34, "in_reply_to": 33, "type": "echo_ok", "echo": "Please echo 48"}}
DEBUG:root:received {"id":304,"src":"c10","dest":"n2","body":{"echo":"Please echo 100","type":"echo","msg_id":34}}
INFO:root:echoing Please echo 100
DEBUG:root:sending {"dest": "c10", "src": "n2", "body": {"msg_id": 35, "in_reply_to": 34, "type": "echo_ok", "echo": "Please echo 100"}}
DEBUG:root:received {"id":308,"src":"c10","dest":"n2","body":{"echo":"Please echo 57","type":"echo","msg_id":35}}
INFO:root:echoing Please echo 57
DEBUG:root:sending {"dest": "c10", "src": "n2", "body": {"msg_id": 36, "in_reply_to": 35, "type": "echo_ok", "echo": "Please echo 57"}}
DEBUG:root:received {"id":318,"src":"c10","dest":"n2","body":{"echo":"Please echo 3","type":"echo","msg_id":36}}
INFO:root:echoing Please echo 3
DEBUG:root:sending {"dest": "c10", "src": "n2", "body": {"msg_id": 37, "in_reply_to": 36, "type": "echo_ok", "echo": "Please echo 3"}}
DEBUG:root:received {"id":332,"src":"c10","dest":"n2","body":{"echo":"Please echo 31","type":"echo","msg_id":37}}
INFO:root:echoing Please echo 31
DEBUG:root:sending {"dest": "c10", "src": "n2", "body": {"msg_id": 38, "in_reply_to": 37, "type": "echo_ok", "echo": "Please echo 31"}}
DEBUG:root:received {"id":334,"src":"c10","dest":"n2","body":{"echo":"Please echo 104","type":"echo","msg_id":38}}
INFO:root:echoing Please echo 104
DEBUG:root:sending {"dest": "c10", "src": "n2", "body": {"msg_id": 39, "in_reply_to": 38, "type": "echo_ok", "echo": "Please echo 104"}}
DEBUG:root:received {"id":342,"src":"c10","dest":"n2","body":{"echo":"Please echo 55","type":"echo","msg_id":39}}
INFO:root:echoing Please echo 55
DEBUG:root:sending {"dest": "c10", "src": "n2", "body": {"msg_id": 40, "in_reply_to": 39, "type": "echo_ok", "echo": "Please echo 55"}}
DEBUG:root:received {"id":344,"src":"c10","dest":"n2","body":{"echo":"Please echo 31","type":"echo","msg_id":40}}
INFO:root:echoing Please echo 31
DEBUG:root:sending {"dest": "c10", "src": "n2", "body": {"msg_id": 41, "in_reply_to": 40, "type": "echo_ok", "echo": "Please echo 31"}}
DEBUG:root:received {"id":348,"src":"c10","dest":"n2","body":{"echo":"Please echo 46","type":"echo","msg_id":41}}
INFO:root:echoing Please echo 46
DEBUG:root:sending {"dest": "c10", "src": "n2", "body": {"msg_id": 42, "in_reply_to": 41, "type": "echo_ok", "echo": "Please echo 46"}}
DEBUG:root:received {"id":350,"src":"c10","dest":"n2","body":{"echo":"Please echo 40","type":"echo","msg_id":42}}
INFO:root:echoing Please echo 40
DEBUG:root:sending {"dest": "c10", "src": "n2", "body": {"msg_id": 43, "in_reply_to": 42, "type": "echo_ok", "echo": "Please echo 40"}}
DEBUG:root:received {"id":366,"src":"c10","dest":"n2","body":{"echo":"Please echo 111","type":"echo","msg_id":43}}
INFO:root:echoing Please echo 111
DEBUG:root:sending {"dest": "c10", "src": "n2", "body": {"msg_id": 44, "in_reply_to": 43, "type": "echo_ok", "echo": "Please echo 111"}}
DEBUG:root:received {"id":370,"src":"c10","dest":"n2","body":{"echo":"Please echo 9","type":"echo","msg_id":44}}
INFO:root:echoing Please echo 9
DEBUG:root:sending {"dest": "c10", "src": "n2", "body": {"msg_id": 45, "in_reply_to": 44, "type": "echo_ok", "echo": "Please echo 9"}}
DEBUG:root:received {"id":376,"src":"c10","dest":"n2","body":{"echo":"Please echo 4","type":"echo","msg_id":45}}
INFO:root:echoing Please echo 4
DEBUG:root:sending {"dest": "c10", "src": "n2", "body": {"msg_id": 46, "in_reply_to": 45, "type": "echo_ok", "echo": "Please echo 4"}}
DEBUG:root:received {"id":386,"src":"c10","dest":"n2","body":{"echo":"Please echo 43","type":"echo","msg_id":46}}
INFO:root:echoing Please echo 43
DEBUG:root:sending {"dest": "c10", "src": "n2", "body": {"msg_id": 47, "in_reply_to": 46, "type": "echo_ok", "echo": "Please echo 43"}}
DEBUG:root:received {"id":388,"src":"c10","dest":"n2","body":{"echo":"Please echo 47","type":"echo","msg_id":47}}
INFO:root:echoing Please echo 47
DEBUG:root:sending {"dest": "c10", "src": "n2", "body": {"msg_id": 48, "in_reply_to": 47, "type": "echo_ok", "echo": "Please echo 47"}}
DEBUG:root:received {"id":390,"src":"c10","dest":"n2","body":{"echo":"Please echo 50","type":"echo","msg_id":48}}
INFO:root:echoing Please echo 50
DEBUG:root:sending {"dest": "c10", "src": "n2", "body": {"msg_id": 49, "in_reply_to": 48, "type": "echo_ok", "echo": "Please echo 50"}}
DEBUG:root:received {"id":402,"src":"c10","dest":"n2","body":{"echo":"Please echo 7","type":"echo","msg_id":49}}
INFO:root:echoing Please echo 7
DEBUG:root:sending {"dest": "c10", "src": "n2", "body": {"msg_id": 50, "in_reply_to": 49, "type": "echo_ok", "echo": "Please echo 7"}}
DEBUG:root:received {"id":408,"src":"c10","dest":"n2","body":{"echo":"Please echo 39","type":"echo","msg_id":50}}
INFO:root:echoing Please echo 39
DEBUG:root:sending {"dest": "c10", "src": "n2", "body": {"msg_id": 51, "in_reply_to": 50, "type": "echo_ok", "echo": "Please echo 39"}}
DEBUG:root:received {"id":412,"src":"c10","dest":"n2","body":{"echo":"Please echo 90","type":"echo","msg_id":51}}
INFO:root:echoing Please echo 90
DEBUG:root:sending {"dest": "c10", "src": "n2", "body": {"msg_id": 52, "in_reply_to": 51, "type": "echo_ok", "echo": "Please echo 90"}}
DEBUG:root:received {"id":418,"src":"c10","dest":"n2","body":{"echo":"Please echo 95","type":"echo","msg_id":52}}
INFO:root:echoing Please echo 95
DEBUG:root:sending {"dest": "c10", "src": "n2", "body": {"msg_id": 53, "in_reply_to": 52, "type": "echo_ok", "echo": "Please echo 95"}}
DEBUG:root:received {"id":424,"src":"c10","dest":"n2","body":{"echo":"Please echo 117","type":"echo","msg_id":53}}
INFO:root:echoing Please echo 117
DEBUG:root:sending {"dest": "c10", "src": "n2", "body": {"msg_id": 54, "in_reply_to": 53, "type": "echo_ok", "echo": "Please echo 117"}}
DEBUG:root:received {"id":438,"src":"c10","dest":"n2","body":{"echo":"Please echo 40","type":"echo","msg_id":54}}
INFO:root:echoing Please echo 40
DEBUG:root:sending {"dest": "c10", "src": "n2", "body": {"msg_id": 55, "in_reply_to": 54, "type": "echo_ok", "echo": "Please echo 40"}}
DEBUG:root:received {"id":456,"src":"c10","dest":"n2","body":{"echo":"Please echo 39","type":"echo","msg_id":55}}
INFO:root:echoing Please echo 39
DEBUG:root:sending {"dest": "c10", "src": "n2", "body": {"msg_id": 56, "in_reply_to": 55, "type": "echo_ok", "echo": "Please echo 39"}}
DEBUG:root:received {"id":462,"src":"c10","dest":"n2","body":{"echo":"Please echo 81","type":"echo","msg_id":56}}
INFO:root:echoing Please echo 81
DEBUG:root:sending {"dest": "c10", "src": "n2", "body": {"msg_id": 57, "in_reply_to": 56, "type": "echo_ok", "echo": "Please echo 81"}}
DEBUG:root:received {"id":468,"src":"c10","dest":"n2","body":{"echo":"Please echo 46","type":"echo","msg_id":57}}
INFO:root:echoing Please echo 46
DEBUG:root:sending {"dest": "c10", "src": "n2", "body": {"msg_id": 58, "in_reply_to": 57, "type": "echo_ok", "echo": "Please echo 46"}}
DEBUG:root:received {"id":474,"src":"c10","dest":"n2","body":{"echo":"Please echo 87","type":"echo","msg_id":58}}
INFO:root:echoing Please echo 87
DEBUG:root:sending {"dest": "c10", "src": "n2", "body": {"msg_id": 59, "in_reply_to": 58, "type": "echo_ok", "echo": "Please echo 87"}}
DEBUG:root:received {"id":476,"src":"c10","dest":"n2","body":{"echo":"Please echo 66","type":"echo","msg_id":59}}
INFO:root:echoing Please echo 66
DEBUG:root:sending {"dest": "c10", "src": "n2", "body": {"msg_id": 60, "in_reply_to": 59, "type": "echo_ok", "echo": "Please echo 66"}}
DEBUG:root:received {"id":496,"src":"c10","dest":"n2","body":{"echo":"Please echo 79","type":"echo","msg_id":60}}
INFO:root:echoing Please echo 79
DEBUG:root:sending {"dest": "c10", "src": "n2", "body": {"msg_id": 61, "in_reply_to": 60, "type": "echo_ok", "echo": "Please echo 79"}}
DEBUG:root:received {"id":514,"src":"c10","dest":"n2","body":{"echo":"Please echo 58","type":"echo","msg_id":61}}
INFO:root:echoing Please echo 58
DEBUG:root:sending {"dest": "c10", "src": "n2", "body": {"msg_id": 62, "in_reply_to": 61, "type": "echo_ok", "echo": "Please echo 58"}}
DEBUG:root:received {"id":546,"src":"c10","dest":"n2","body":{"echo":"Please echo 63","type":"echo","msg_id":62}}
INFO:root:echoing Please echo 63
DEBUG:root:sending {"dest": "c10", "src": "n2", "body": {"msg_id": 63, "in_reply_to": 62, "type": "echo_ok", "echo": "Please echo 63"}}
DEBUG:root:received {"id":548,"src":"c10","dest":"n2","body":{"echo":"Please echo 2","type":"echo","msg_id":63}}
INFO:root:echoing Please echo 2
DEBUG:root:sending {"dest": "c10", "src": "n2", "body": {"msg_id": 64, "in_reply_to": 63, "type": "echo_ok", "echo": "Please echo 2"}}
DEBUG:root:received {"id":550,"src":"c10","dest":"n2","body":{"echo":"Please echo 14","type":"echo","msg_id":64}}
INFO:root:echoing Please echo 14
DEBUG:root:sending {"dest": "c10", "src": "n2", "body": {"msg_id": 65, "in_reply_to": 64, "type": "echo_ok", "echo": "Please echo 14"}}
DEBUG:root:received {"id":552,"src":"c10","dest":"n2","body":{"echo":"Please echo 20","type":"echo","msg_id":65}}
INFO:root:echoing Please echo 20
DEBUG:root:sending {"dest": "c10", "src": "n2", "body": {"msg_id": 66, "in_reply_to": 65, "type": "echo_ok", "echo": "Please echo 20"}}
DEBUG:root:received {"id":556,"src":"c10","dest":"n2","body":{"echo":"Please echo 95","type":"echo","msg_id":66}}
INFO:root:echoing Please echo 95
DEBUG:root:sending {"dest": "c10", "src": "n2", "body": {"msg_id": 67, "in_reply_to": 66, "type": "echo_ok", "echo": "Please echo 95"}}
DEBUG:root:received {"id":558,"src":"c10","dest":"n2","body":{"echo":"Please echo 5","type":"echo","msg_id":67}}
INFO:root:echoing Please echo 5
DEBUG:root:sending {"dest": "c10", "src": "n2", "body": {"msg_id": 68, "in_reply_to": 67, "type": "echo_ok", "echo": "Please echo 5"}}
DEBUG:root:received {"id":576,"src":"c10","dest":"n2","body":{"echo":"Please echo 1","type":"echo","msg_id":68}}
INFO:root:echoing Please echo 1
DEBUG:root:sending {"dest": "c10", "src": "n2", "body": {"msg_id": 69, "in_reply_to": 68, "type": "echo_ok", "echo": "Please echo 1"}}
DEBUG:root:received {"id":578,"src":"c10","dest":"n2","body":{"echo":"Please echo 21","type":"echo","msg_id":69}}
INFO:root:echoing Please echo 21
DEBUG:root:sending {"dest": "c10", "src": "n2", "body": {"msg_id": 70, "in_reply_to": 69, "type": "echo_ok", "echo": "Please echo 21"}}
DEBUG:root:received {"id":582,"src":"c10","dest":"n2","body":{"echo":"Please echo 65","type":"echo","msg_id":70}}
INFO:root:echoing Please echo 65
DEBUG:root:sending {"dest": "c10", "src": "n2", "body": {"msg_id": 71, "in_reply_to": 70, "type": "echo_ok", "echo": "Please echo 65"}}
