DEBUG:root:received {"id":0,"src":"c0","dest":"n5","body":{"type":"init","node_id":"n5","node_ids":["n1","n2","n3","n4","n5"],"msg_id":1}}
INFO:root:initializing node n5
DEBUG:root:sending {"dest": "c0", "src": "n5", "body": {"msg_id": 1, "in_reply_to": 1, "type": "init_ok"}}
WARNING:root:unknown message type init
DEBUG:root:received {"id":22,"src":"c14","dest":"n5","body":{"echo":"Please echo 51","type":"echo","msg_id":1}}
INFO:root:echoing Please echo 51
DEBUG:root:sending {"dest": "c14", "src": "n5", "body": {"msg_id": 2, "in_reply_to": 1, "type": "echo_ok", "echo": "Please echo 51"}}
DEBUG:root:received {"id":50,"src":"c14","dest":"n5","body":{"echo":"Please echo 90","type":"echo","msg_id":2}}
INFO:root:echoing Please echo 90
DEBUG:root:sending {"dest": "c14", "src": "n5", "body": {"msg_id": 3, "in_reply_to": 2, "type": "echo_ok", "echo": "Please echo 90"}}
DEBUG:root:received {"id":58,"src":"c14","dest":"n5","body":{"echo":"Please echo 21","type":"echo","msg_id":3}}
INFO:root:echoing Please echo 21
DEBUG:root:sending {"dest": "c14", "src": "n5", "body": {"msg_id": 4, "in_reply_to": 3, "type": "echo_ok", "echo": "Please echo 21"}}
DEBUG:root:received {"id":76,"src":"c14","dest":"n5","body":{"echo":"Please echo 107","type":"echo","msg_id":4}}
INFO:root:echoing Please echo 107
DEBUG:root:sending {"dest": "c14", "src": "n5", "body": {"msg_id": 5, "in_reply_to": 4, "type": "echo_ok", "echo": "Please echo 107"}}
DEBUG:root:received {"id":86,"src":"c14","dest":"n5","body":{"echo":"Please echo 119","type":"echo","msg_id":5}}
INFO:root:echoing Please echo 119
DEBUG:root:sending {"dest": "c14", "src": "n5", "body": {"msg_id": 6, "in_reply_to": 5, "type": "echo_ok", "echo": "Please echo 119"}}
DEBUG:root:received {"id":88,"src":"c14","dest":"n5","body":{"echo":"Please echo 109","type":"echo","msg_id":6}}
INFO:root:echoing Please echo 109
DEBUG:root:sending {"dest": "c14", "src": "n5", "body": {"msg_id": 7, "in_reply_to": 6, "type": "echo_ok", "echo": "Please echo 109"}}
DEBUG:root:received {"id":92,"src":"c14","dest":"n5","body":{"echo":"Please echo 2","type":"echo","msg_id":7}}
INFO:root:echoing Please echo 2
DEBUG:root:sending {"dest": "c14", "src": "n5", "body": {"msg_id": 8, "in_reply_to": 7, "type": "echo_ok", "echo": "Please echo 2"}}
DEBUG:root:received {"id":108,"src":"c14","dest":"n5","body":{"echo":"Please echo 95","type":"echo","msg_id":8}}
INFO:root:echoing Please echo 95
DEBUG:root:sending {"dest": "c14", "src": "n5", "body": {"msg_id": 9, "in_reply_to": 8, "type": "echo_ok", "echo": "Please echo 95"}}
DEBUG:root:received {"id":118,"src":"c14","dest":"n5","body":{"echo":"Please echo 60","type":"echo","msg_id":9}}
INFO:root:echoing Please echo 60
DEBUG:root:sending {"dest": "c14", "src": "n5", "body": {"msg_id": 10, "in_reply_to": 9, "type": "echo_ok", "echo": "Please echo 60"}}
DEBUG:root:received {"id":120,"src":"c14","dest":"n5","body":{"echo":"Please echo 21","type":"echo","msg_id":10}}
INFO:root:echoing Please echo 21
DEBUG:root:sending {"dest": "c14", "src": "n5", "body": {"msg_id": 11, "in_reply_to": 10, "type": "echo_ok", "echo": "Please echo 21"}}
DEBUG:root:received {"id":126,"src":"c14","dest":"n5","body":{"echo":"Please echo 12","type":"echo","msg_id":11}}
INFO:root:echoing Please echo 12
DEBUG:root:sending {"dest": "c14", "src": "n5", "body": {"msg_id": 12, "in_reply_to": 11, "type": "echo_ok", "echo": "Please echo 12"}}
DEBUG:root:received {"id":144,"src":"c14","dest":"n5","body":{"echo":"Please echo 3","type":"echo","msg_id":12}}
INFO:root:echoing Please echo 3
DEBUG:root:sending {"dest": "c14", "src": "n5", "body": {"msg_id": 13, "in_reply_to": 12, "type": "echo_ok", "echo": "Please echo 3"}}
DEBUG:root:received {"id":150,"src":"c14","dest":"n5","body":{"echo":"Please echo 88","type":"echo","msg_id":13}}
INFO:root:echoing Please echo 88
DEBUG:root:sending {"dest": "c14", "src": "n5", "body": {"msg_id": 14, "in_reply_to": 13, "type": "echo_ok", "echo": "Please echo 88"}}
DEBUG:root:received {"id":158,"src":"c14","dest":"n5","body":{"echo":"Please echo 56","type":"echo","msg_id":14}}
INFO:root:echoing Please echo 56
DEBUG:root:sending {"dest": "c14", "src": "n5", "body": {"msg_id": 15, "in_reply_to": 14, "type": "echo_ok", "echo": "Please echo 56"}}
DEBUG:root:received {"id":170,"src":"c14","dest":"n5","body":{"echo":"Please echo 113","type":"echo","msg_id":15}}
INFO:root:echoing Please echo 113
DEBUG:root:sending {"dest": "c14", "src": "n5", "body": {"msg_id": 16, "in_reply_to": 15, "type": "echo_ok", "echo": "Please echo 113"}}
DEBUG:root:received {"id":182,"src":"c14","dest":"n5","body":{"echo":"Please echo 77","type":"echo","msg_id":16}}
INFO:root:echoing Please echo 77
DEBUG:root:sending {"dest": "c14", "src": "n5", "body": {"msg_id": 17, "in_reply_to": 16, "type": "echo_ok", "echo": "Please echo 77"}}
DEBUG:root:received {"id":186,"src":"c14","dest":"n5","body":{"echo":"Please echo 73","type":"echo","msg_id":17}}
INFO:root:echoing Please echo 73
DEBUG:root:sending {"dest": "c14", "src": "n5", "body": {"msg_id": 18, "in_reply_to": 17, "type": "echo_ok", "echo": "Please echo 73"}}
DEBUG:root:received {"id":198,"src":"c14","dest":"n5","body":{"echo":"Please echo 3","type":"echo","msg_id":18}}
INFO:root:echoing Please echo 3
DEBUG:root:sending {"dest": "c14", "src": "n5", "body": {"msg_id": 19, "in_reply_to": 18, "type": "echo_ok", "echo": "Please echo 3"}}
DEBUG:root:received {"id":200,"src":"c14","dest":"n5","body":{"echo":"Please echo 90","type":"echo","msg_id":19}}
INFO:root:echoing Please echo 90
DEBUG:root:sending {"dest": "c14", "src": "n5", "body": {"msg_id": 20, "in_reply_to": 19, "type": "echo_ok", "echo": "Please echo 90"}}
DEBUG:root:received {"id":216,"src":"c14","dest":"n5","body":{"echo":"Please echo 97","type":"echo","msg_id":20}}
INFO:root:echoing Please echo 97
DEBUG:root:sending {"dest": "c14", "src": "n5", "body": {"msg_id": 21, "in_reply_to": 20, "type": "echo_ok", "echo": "Please echo 97"}}
DEBUG:root:received {"id":218,"src":"c14","dest":"n5","body":{"echo":"Please echo 19","type":"echo","msg_id":21}}
INFO:root:echoing Please echo 19
DEBUG:root:sending {"dest": "c14", "src": "n5", "body": {"msg_id": 22, "in_reply_to": 21, "type": "echo_ok", "echo": "Please echo 19"}}
DEBUG:root:received {"id":234,"src":"c14","dest":"n5","body":{"echo":"Please echo 124","type":"echo","msg_id":22}}
INFO:root:echoing Please echo 124
DEBUG:root:sending {"dest": "c14", "src": "n5", "body": {"msg_id": 23, "in_reply_to": 22, "type": "echo_ok", "echo": "Please echo 124"}}
DEBUG:root:received {"id":246,"src":"c14","dest":"n5","body":{"echo":"Please echo 100","type":"echo","msg_id":23}}
INFO:root:echoing Please echo 100
DEBUG:root:sending {"dest": "c14", "src": "n5", "body": {"msg_id": 24, "in_reply_to": 23, "type": "echo_ok", "echo": "Please echo 100"}}
DEBUG:root:received {"id":254,"src":"c14","dest":"n5","body":{"echo":"Please echo 123","type":"echo","msg_id":24}}
INFO:root:echoing Please echo 123
DEBUG:root:sending {"dest": "c14", "src": "n5", "body": {"msg_id": 25, "in_reply_to": 24, "type": "echo_ok", "echo": "Please echo 123"}}
DEBUG:root:received {"id":278,"src":"c14","dest":"n5","body":{"echo":"Please echo 87","type":"echo","msg_id":25}}
INFO:root:echoing Please echo 87
DEBUG:root:sending {"dest": "c14", "src": "n5", "body": {"msg_id": 26, "in_reply_to": 25, "type": "echo_ok", "echo": "Please echo 87"}}
DEBUG:root:received {"id":284,"src":"c14","dest":"n5","body":{"echo":"Please echo 85","type":"echo","msg_id":26}}
INFO:root:echoing Please echo 85
DEBUG:root:sending {"dest": "c14", "src": "n5", "body": {"msg_id": 27, "in_reply_to": 26, "type": "echo_ok", "echo": "Please echo 85"}}
DEBUG:root:received {"id":286,"src":"c14","dest":"n5","body":{"echo":"Please echo 17","type":"echo","msg_id":27}}
INFO:root:echoing Please echo 17
DEBUG:root:sending {"dest": "c14", "src": "n5", "body": {"msg_id": 28, "in_reply_to": 27, "type": "echo_ok", "echo": "Please echo 17"}}
DEBUG:root:received {"id":290,"src":"c14","dest":"n5","body":{"echo":"Please echo 125","type":"echo","msg_id":28}}
INFO:root:echoing Please echo 125
DEBUG:root:sending {"dest": "c14", "src": "n5", "body": {"msg_id": 29, "in_reply_to": 28, "type": "echo_ok", "echo": "Please echo 125"}}
DEBUG:root:received {"id":296,"src":"c14","dest":"n5","body":{"echo":"Please echo 0","type":"echo","msg_id":29}}
INFO:root:echoing Please echo 0
DEBUG:root:sending {"dest": "c14", "src": "n5", "body": {"msg_id": 30, "in_reply_to": 29, "type": "echo_ok", "echo": "Please echo 0"}}
DEBUG:root:received {"id":310,"src":"c14","dest":"n5","body":{"echo":"Please echo 46","type":"echo","msg_id":30}}
INFO:root:echoing Please echo 46
DEBUG:root:sending {"dest": "c14", "src": "n5", "body": {"msg_id": 31, "in_reply_to": 30, "type": "echo_ok", "echo": "Please echo 46"}}
DEBUG:root:received {"id":328,"src":"c14","dest":"n5","body":{"echo":"Please echo 33","type":"echo","msg_id":31}}
INFO:root:echoing Please echo 33
DEBUG:root:sending {"dest": "c14", "src": "n5", "body": {"msg_id": 32, "in_reply_to": 31, "type": "echo_ok", "echo": "Please echo 33"}}
DEBUG:root:received {"id":336,"src":"c14","dest":"n5","body":{"echo":"Please echo 102","type":"echo","msg_id":32}}
INFO:root:echoing Please echo 102
DEBUG:root:sending {"dest": "c14", "src": "n5", "body": {"msg_id": 33, "in_reply_to": 32, "type": "echo_ok", "echo": "Please echo 102"}}
DEBUG:root:received {"id":346,"src":"c14","dest":"n5","body":{"echo":"Please echo 65","type":"echo","msg_id":33}}
INFO:root:echoing Please echo 65
DEBUG:root:sending {"dest": "c14", "src": "n5", "body": {"msg_id": 34, "in_reply_to": 33, "type": "echo_ok", "echo": "Please echo 65"}}
DEBUG:root:received {"id":374,"src":"c14","dest":"n5","body":{"echo":"Please echo 124","type":"echo","msg_id":34}}
INFO:root:echoing Please echo 124
DEBUG:root:sending {"dest": "c14", "src": "n5", "body": {"msg_id": 35, "in_reply_to": 34, "type": "echo_ok", "echo": "Please echo 124"}}
DEBUG:root:received {"id":396,"src":"c14","dest":"n5","body":{"echo":"Please echo 24","type":"echo","msg_id":35}}
INFO:root:echoing Please echo 24
DEBUG:root:sending {"dest": "c14", "src": "n5", "body": {"msg_id": 36, "in_reply_to": 35, "type": "echo_ok", "echo": "Please echo 24"}}
DEBUG:root:received {"id":400,"src":"c14","dest":"n5","body":{"echo":"Please echo 40","type":"echo","msg_id":36}}
INFO:root:echoing Please echo 40
DEBUG:root:sending {"dest": "c14", "src": "n5", "body": {"msg_id": 37, "in_reply_to": 36, "type": "echo_ok", "echo": "Please echo 40"}}
DEBUG:root:received {"id":406,"src":"c14","dest":"n5","body":{"echo":"Please echo 126","type":"echo","msg_id":37}}
INFO:root:echoing Please echo 126
DEBUG:root:sending {"dest": "c14", "src": "n5", "body": {"msg_id": 38, "in_reply_to": 37, "type": "echo_ok", "echo": "Please echo 126"}}
DEBUG:root:received {"id":410,"src":"c14","dest":"n5","body":{"echo":"Please echo 66","type":"echo","msg_id":38}}
INFO:root:echoing Please echo 66
DEBUG:root:sending {"dest": "c14", "src": "n5", "body": {"msg_id": 39, "in_reply_to": 38, "type": "echo_ok", "echo": "Please echo 66"}}
DEBUG:root:received {"id":420,"src":"c14","dest":"n5","body":{"echo":"Please echo 117","type":"echo","msg_id":39}}
INFO:root:echoing Please echo 117
DEBUG:root:sending {"dest": "c14", "src": "n5", "body": {"msg_id": 40, "in_reply_to": 39, "type": "echo_ok", "echo": "Please echo 117"}}
DEBUG:root:received {"id":428,"src":"c14","dest":"n5","body":{"echo":"Please echo 97","type":"echo","msg_id":40}}
INFO:root:echoing Please echo 97
DEBUG:root:sending {"dest": "c14", "src": "n5", "body": {"msg_id": 41, "in_reply_to": 40, "type": "echo_ok", "echo": "Please echo 97"}}
DEBUG:root:received {"id":466,"src":"c14","dest":"n5","body":{"echo":"Please echo 42","type":"echo","msg_id":41}}
INFO:root:echoing Please echo 42
DEBUG:root:sending {"dest": "c14", "src": "n5", "body": {"msg_id": 42, "in_reply_to": 41, "type": "echo_ok", "echo": "Please echo 42"}}
DEBUG:root:received {"id":472,"src":"c14","dest":"n5","body":{"echo":"Please echo 97","type":"echo","msg_id":42}}
INFO:root:echoing Please echo 97
DEBUG:root:sending {"dest": "c14", "src": "n5", "body": {"msg_id": 43, "in_reply_to": 42, "type": "echo_ok", "echo": "Please echo 97"}}
DEBUG:root:received {"id":488,"src":"c14","dest":"n5","body":{"echo":"Please echo 79","type":"echo","msg_id":43}}
INFO:root:echoing Please echo 79
DEBUG:root:sending {"dest": "c14", "src": "n5", "body": {"msg_id": 44, "in_reply_to": 43, "type": "echo_ok", "echo": "Please echo 79"}}
DEBUG:root:received {"id":494,"src":"c14","dest":"n5","body":{"echo":"Please echo 26","type":"echo","msg_id":44}}
INFO:root:echoing Please echo 26
DEBUG:root:sending {"dest": "c14", "src": "n5", "body": {"msg_id": 45, "in_reply_to": 44, "type": "echo_ok", "echo": "Please echo 26"}}
DEBUG:root:received {"id":506,"src":"c14","dest":"n5","body":{"echo":"Please echo 36","type":"echo","msg_id":45}}
INFO:root:echoing Please echo 36
DEBUG:root:sending {"dest": "c14", "src": "n5", "body": {"msg_id": 46, "in_reply_to": 45, "type": "echo_ok", "echo": "Please echo 36"}}
DEBUG:root:received {"id":530,"src":"c14","dest":"n5","body":{"echo":"Please echo 53","type":"echo","msg_id":46}}
INFO:root:echoing Please echo 53
DEBUG:root:sending {"dest": "c14", "src": "n5", "body": {"msg_id": 47, "in_reply_to": 46, "type": "echo_ok", "echo": "Please echo 53"}}
DEBUG:root:received {"id":534,"src":"c14","dest":"n5","body":{"echo":"Please echo 42","type":"echo","msg_id":47}}
INFO:root:echoing Please echo 42
DEBUG:root:sending {"dest": "c14", "src": "n5", "body": {"msg_id": 48, "in_reply_to": 47, "type": "echo_ok", "echo": "Please echo 42"}}
DEBUG:root:received {"id":538,"src":"c14","dest":"n5","body":{"echo":"Please echo 92","type":"echo","msg_id":48}}
INFO:root:echoing Please echo 92
DEBUG:root:sending {"dest": "c14", "src": "n5", "body": {"msg_id": 49, "in_reply_to": 48, "type": "echo_ok", "echo": "Please echo 92"}}
DEBUG:root:received {"id":554,"src":"c14","dest":"n5","body":{"echo":"Please echo 34","type":"echo","msg_id":49}}
INFO:root:echoing Please echo 34
DEBUG:root:sending {"dest": "c14", "src": "n5", "body": {"msg_id": 50, "in_reply_to": 49, "type": "echo_ok", "echo": "Please echo 34"}}
DEBUG:root:received {"id":584,"src":"c14","dest":"n5","body":{"echo":"Please echo 80","type":"echo","msg_id":50}}
INFO:root:echoing Please echo 80
DEBUG:root:sending {"dest": "c14", "src": "n5", "body": {"msg_id": 51, "in_reply_to": 50, "type": "echo_ok", "echo": "Please echo 80"}}
DEBUG:root:received {"id":588,"src":"c14","dest":"n5","body":{"echo":"Please echo 37","type":"echo","msg_id":51}}
INFO:root:echoing Please echo 37
DEBUG:root:sending {"dest": "c14", "src": "n5", "body": {"msg_id": 52, "in_reply_to": 51, "type": "echo_ok", "echo": "Please echo 37"}}
DEBUG:root:received {"id":590,"src":"c14","dest":"n5","body":{"echo":"Please echo 121","type":"echo","msg_id":52}}
INFO:root:echoing Please echo 121
DEBUG:root:sending {"dest": "c14", "src": "n5", "body": {"msg_id": 53, "in_reply_to": 52, "type": "echo_ok", "echo": "Please echo 121"}}
