DEBUG:root:received {"id":0,"src":"c0","dest":"n4","body":{"type":"init","node_id":"n4","node_ids":["n0","n1","n2","n3","n4"],"msg_id":1}}
INFO:root:initializing node n4
INFO:root:nodes in cluster: {'n2', 'n3', 'n1', 'n4', 'n0'}
DEBUG:root:sending {"dest": "c0", "src": "n4", "body": {"msg_id": 1, "in_reply_to": 1, "type": "init_ok"}}
DEBUG:root:received {"id":18,"src":"c14","dest":"n4","body":{"key":0,"type":"read","msg_id":1}}
INFO:root:reading key 0 with value None
DEBUG:root:sending {"dest": "c14", "src": "n4", "body": {"msg_id": 2, "in_reply_to": 1, "type": "read_ok", "value": null}}
DEBUG:root:received {"id":28,"src":"c16","dest":"n4","body":{"key":0,"from":1,"to":0,"type":"cas","msg_id":1}}
INFO:root:cas on key 0: expected 1, current None, new 0
DEBUG:root:sending {"dest": "c16", "src": "n4", "body": {"msg_id": 3, "in_reply_to": 1, "type": "error", "code": 20, "text": "key does not exist"}}
DEBUG:root:received {"id":40,"src":"c14","dest":"n4","body":{"key":0,"type":"read","msg_id":2}}
INFO:root:reading key 0 with value None
DEBUG:root:sending {"dest": "c14", "src": "n4", "body": {"msg_id": 4, "in_reply_to": 2, "type": "read_ok", "value": null}}
DEBUG:root:received {"id":48,"src":"c16","dest":"n4","body":{"key":0,"from":4,"to":0,"type":"cas","msg_id":2}}
INFO:root:cas on key 0: expected 4, current None, new 0
DEBUG:root:sending {"dest": "c16", "src": "n4", "body": {"msg_id": 5, "in_reply_to": 2, "type": "error", "code": 20, "text": "key does not exist"}}
DEBUG:root:received {"id":59,"src":"c16","dest":"n4","body":{"key":0,"value":1,"type":"write","msg_id":3}}
INFO:root:writing key 0 with value 1
Traceback (most recent call last):
  File "/home/mutante/Programming/University/Cybersecurity/IntrusionTolerance/Guião1/echo.py", line 33, in <module>
    broadcast({"type": "replicate", "key": msg.body.key, "value": msg.body.value}, nodes, msg.body.node_id)
                                                                                          ^^^^^^^^^^^^^^^^
AttributeError: 'types.SimpleNamespace' object has no attribute 'node_id'
