DEBUG:root:received {"id":4,"src":"c4","dest":"n0","body":{"type":"init","node_id":"n0","node_ids":["n0","n1","n2","n3","n4"],"msg_id":1}}
INFO:root:initializing node n0
INFO:root:nodes in cluster: {'n3', 'n0', 'n2', 'n1', 'n4'}
DEBUG:root:sending {"dest": "c4", "src": "n0", "body": {"msg_id": 1, "in_reply_to": 1, "type": "init_ok"}}
DEBUG:root:received {"id":10,"src":"c10","dest":"n0","body":{"key":0,"type":"read","msg_id":1}}
INFO:root:reading key 0 with value None
DEBUG:root:sending {"dest": "c10", "src": "n0", "body": {"msg_id": 2, "in_reply_to": 1, "type": "read_ok", "value": null}}
DEBUG:root:received {"id":14,"src":"c12","dest":"n0","body":{"key":0,"from":1,"to":0,"type":"cas","msg_id":1}}
INFO:root:cas on key 0: expected 1, current None, new 0
DEBUG:root:sending {"dest": "c12", "src": "n0", "body": {"msg_id": 3, "in_reply_to": 1, "type": "error", "code": 20, "text": "key does not exist"}}
DEBUG:root:received {"id":16,"src":"c12","dest":"n0","body":{"key":0,"from":2,"to":0,"type":"cas","msg_id":2}}
INFO:root:cas on key 0: expected 2, current None, new 0
DEBUG:root:sending {"dest": "c12", "src": "n0", "body": {"msg_id": 4, "in_reply_to": 2, "type": "error", "code": 20, "text": "key does not exist"}}
DEBUG:root:received {"id":18,"src":"c12","dest":"n0","body":{"key":0,"from":0,"to":0,"type":"cas","msg_id":3}}
INFO:root:cas on key 0: expected 0, current None, new 0
DEBUG:root:sending {"dest": "c12", "src": "n0", "body": {"msg_id": 5, "in_reply_to": 3, "type": "error", "code": 20, "text": "key does not exist"}}
DEBUG:root:received {"id":20,"src":"c12","dest":"n0","body":{"key":0,"from":1,"to":0,"type":"cas","msg_id":4}}
INFO:root:cas on key 0: expected 1, current None, new 0
DEBUG:root:sending {"dest": "c12", "src": "n0", "body": {"msg_id": 6, "in_reply_to": 4, "type": "error", "code": 20, "text": "key does not exist"}}
DEBUG:root:received {"id":28,"src":"c10","dest":"n0","body":{"key":0,"type":"read","msg_id":2}}
INFO:root:reading key 0 with value None
DEBUG:root:sending {"dest": "c10", "src": "n0", "body": {"msg_id": 7, "in_reply_to": 2, "type": "read_ok", "value": null}}
DEBUG:root:received {"id":30,"src":"c10","dest":"n0","body":{"key":0,"type":"read","msg_id":3}}
INFO:root:reading key 0 with value None
DEBUG:root:sending {"dest": "c10", "src": "n0", "body": {"msg_id": 8, "in_reply_to": 3, "type": "read_ok", "value": null}}
DEBUG:root:received {"id":32,"src":"c12","dest":"n0","body":{"key":0,"from":2,"to":2,"type":"cas","msg_id":5}}
INFO:root:cas on key 0: expected 2, current None, new 2
DEBUG:root:sending {"dest": "c12", "src": "n0", "body": {"msg_id": 9, "in_reply_to": 5, "type": "error", "code": 20, "text": "key does not exist"}}
DEBUG:root:received {"id":34,"src":"c12","dest":"n0","body":{"key":0,"from":2,"to":0,"type":"cas","msg_id":6}}
INFO:root:cas on key 0: expected 2, current None, new 0
DEBUG:root:sending {"dest": "c12", "src": "n0", "body": {"msg_id": 10, "in_reply_to": 6, "type": "error", "code": 20, "text": "key does not exist"}}
DEBUG:root:received {"id":36,"src":"c12","dest":"n0","body":{"key":0,"value":2,"type":"write","msg_id":7}}
INFO:root:writing key 0 with value 2
DEBUG:root:sending {"dest": "c12", "src": "n0", "body": {"msg_id": 11, "in_reply_to": 7, "type": "write_ok"}}
DEBUG:root:received {"id":38,"src":"c12","dest":"n0","body":{"key":0,"value":1,"type":"write","msg_id":8}}
INFO:root:writing key 0 with value 1
DEBUG:root:sending {"dest": "c12", "src": "n0", "body": {"msg_id": 12, "in_reply_to": 8, "type": "write_ok"}}
DEBUG:root:received {"id":40,"src":"c12","dest":"n0","body":{"key":0,"from":2,"to":1,"type":"cas","msg_id":9}}
INFO:root:cas on key 0: expected 2, current 1, new 1
DEBUG:root:sending {"dest": "c12", "src": "n0", "body": {"msg_id": 13, "in_reply_to": 9, "type": "error", "code": 22, "text": "value does not match expected"}}
DEBUG:root:received {"id":42,"src":"c10","dest":"n0","body":{"key":0,"type":"read","msg_id":4}}
INFO:root:reading key 0 with value 1
DEBUG:root:sending {"dest": "c10", "src": "n0", "body": {"msg_id": 14, "in_reply_to": 4, "type": "read_ok", "value": 1}}
DEBUG:root:received {"id":44,"src":"c10","dest":"n0","body":{"key":0,"type":"read","msg_id":5}}
INFO:root:reading key 0 with value 1
DEBUG:root:sending {"dest": "c10", "src": "n0", "body": {"msg_id": 15, "in_reply_to": 5, "type": "read_ok", "value": 1}}
DEBUG:root:received {"id":46,"src":"c10","dest":"n0","body":{"key":0,"type":"read","msg_id":6}}
INFO:root:reading key 0 with value 1
DEBUG:root:sending {"dest": "c10", "src": "n0", "body": {"msg_id": 16, "in_reply_to": 6, "type": "read_ok", "value": 1}}
DEBUG:root:received {"id":50,"src":"c10","dest":"n0","body":{"key":0,"type":"read","msg_id":7}}
INFO:root:reading key 0 with value 1
DEBUG:root:sending {"dest": "c10", "src": "n0", "body": {"msg_id": 17, "in_reply_to": 7, "type": "read_ok", "value": 1}}
DEBUG:root:received {"id":52,"src":"c10","dest":"n0","body":{"key":0,"type":"read","msg_id":8}}
INFO:root:reading key 0 with value 1
DEBUG:root:sending {"dest": "c10", "src": "n0", "body": {"msg_id": 18, "in_reply_to": 8, "type": "read_ok", "value": 1}}
DEBUG:root:received {"id":54,"src":"c12","dest":"n0","body":{"key":0,"value":3,"type":"write","msg_id":10}}
INFO:root:writing key 0 with value 3
DEBUG:root:sending {"dest": "c12", "src": "n0", "body": {"msg_id": 19, "in_reply_to": 10, "type": "write_ok"}}
DEBUG:root:received {"id":58,"src":"c12","dest":"n0","body":{"key":0,"from":2,"to":3,"type":"cas","msg_id":11}}
INFO:root:cas on key 0: expected 2, current 3, new 3
DEBUG:root:sending {"dest": "c12", "src": "n0", "body": {"msg_id": 20, "in_reply_to": 11, "type": "error", "code": 22, "text": "value does not match expected"}}
DEBUG:root:received {"id":60,"src":"c12","dest":"n0","body":{"key":0,"from":0,"to":0,"type":"cas","msg_id":12}}
INFO:root:cas on key 0: expected 0, current 3, new 0
DEBUG:root:sending {"dest": "c12", "src": "n0", "body": {"msg_id": 21, "in_reply_to": 12, "type": "error", "code": 22, "text": "value does not match expected"}}
DEBUG:root:received {"id":62,"src":"c12","dest":"n0","body":{"key":0,"from":1,"to":0,"type":"cas","msg_id":13}}
INFO:root:cas on key 0: expected 1, current 3, new 0
DEBUG:root:sending {"dest": "c12", "src": "n0", "body": {"msg_id": 22, "in_reply_to": 13, "type": "error", "code": 22, "text": "value does not match expected"}}
DEBUG:root:received {"id":64,"src":"c12","dest":"n0","body":{"key":0,"from":4,"to":1,"type":"cas","msg_id":14}}
INFO:root:cas on key 0: expected 4, current 3, new 1
DEBUG:root:sending {"dest": "c12", "src": "n0", "body": {"msg_id": 23, "in_reply_to": 14, "type": "error", "code": 22, "text": "value does not match expected"}}
DEBUG:root:received {"id":66,"src":"c10","dest":"n0","body":{"key":0,"type":"read","msg_id":9}}
INFO:root:reading key 0 with value 3
DEBUG:root:sending {"dest": "c10", "src": "n0", "body": {"msg_id": 24, "in_reply_to": 9, "type": "read_ok", "value": 3}}
DEBUG:root:received {"id":70,"src":"c10","dest":"n0","body":{"key":0,"type":"read","msg_id":10}}
INFO:root:reading key 0 with value 3
DEBUG:root:sending {"dest": "c10", "src": "n0", "body": {"msg_id": 25, "in_reply_to": 10, "type": "read_ok", "value": 3}}
DEBUG:root:received {"id":72,"src":"c10","dest":"n0","body":{"key":0,"type":"read","msg_id":11}}
INFO:root:reading key 0 with value 3
DEBUG:root:sending {"dest": "c10", "src": "n0", "body": {"msg_id": 26, "in_reply_to": 11, "type": "read_ok", "value": 3}}
DEBUG:root:received {"id":74,"src":"c10","dest":"n0","body":{"key":0,"type":"read","msg_id":12}}
INFO:root:reading key 0 with value 3
DEBUG:root:sending {"dest": "c10", "src": "n0", "body": {"msg_id": 27, "in_reply_to": 12, "type": "read_ok", "value": 3}}
DEBUG:root:received {"id":76,"src":"c10","dest":"n0","body":{"key":0,"type":"read","msg_id":13}}
INFO:root:reading key 0 with value 3
DEBUG:root:sending {"dest": "c10", "src": "n0", "body": {"msg_id": 28, "in_reply_to": 13, "type": "read_ok", "value": 3}}
DEBUG:root:received {"id":80,"src":"c12","dest":"n0","body":{"key":0,"value":3,"type":"write","msg_id":15}}
INFO:root:writing key 0 with value 3
DEBUG:root:sending {"dest": "c12", "src": "n0", "body": {"msg_id": 29, "in_reply_to": 15, "type": "write_ok"}}
DEBUG:root:received {"id":84,"src":"c12","dest":"n0","body":{"key":0,"value":1,"type":"write","msg_id":16}}
INFO:root:writing key 0 with value 1
DEBUG:root:sending {"dest": "c12", "src": "n0", "body": {"msg_id": 30, "in_reply_to": 16, "type": "write_ok"}}
DEBUG:root:received {"id":86,"src":"c12","dest":"n0","body":{"key":0,"value":4,"type":"write","msg_id":17}}
INFO:root:writing key 0 with value 4
DEBUG:root:sending {"dest": "c12", "src": "n0", "body": {"msg_id": 31, "in_reply_to": 17, "type": "write_ok"}}
DEBUG:root:received {"id":96,"src":"c10","dest":"n0","body":{"key":0,"type":"read","msg_id":14}}
INFO:root:reading key 0 with value 4
DEBUG:root:sending {"dest": "c10", "src": "n0", "body": {"msg_id": 32, "in_reply_to": 14, "type": "read_ok", "value": 4}}
DEBUG:root:received {"id":98,"src":"c12","dest":"n0","body":{"key":0,"value":1,"type":"write","msg_id":18}}
INFO:root:writing key 0 with value 1
DEBUG:root:sending {"dest": "c12", "src": "n0", "body": {"msg_id": 33, "in_reply_to": 18, "type": "write_ok"}}
DEBUG:root:received {"id":102,"src":"c12","dest":"n0","body":{"key":0,"from":1,"to":1,"type":"cas","msg_id":19}}
INFO:root:cas on key 0: expected 1, current 1, new 1
DEBUG:root:sending {"dest": "c12", "src": "n0", "body": {"msg_id": 34, "in_reply_to": 19, "type": "cas_ok"}}
DEBUG:root:received {"id":104,"src":"c12","dest":"n0","body":{"key":0,"value":2,"type":"write","msg_id":20}}
INFO:root:writing key 0 with value 2
DEBUG:root:sending {"dest": "c12", "src": "n0", "body": {"msg_id": 35, "in_reply_to": 20, "type": "write_ok"}}
DEBUG:root:received {"id":106,"src":"c12","dest":"n0","body":{"key":0,"value":0,"type":"write","msg_id":21}}
INFO:root:writing key 0 with value 0
DEBUG:root:sending {"dest": "c12", "src": "n0", "body": {"msg_id": 36, "in_reply_to": 21, "type": "write_ok"}}
DEBUG:root:received {"id":108,"src":"c12","dest":"n0","body":{"key":0,"value":0,"type":"write","msg_id":22}}
INFO:root:writing key 0 with value 0
DEBUG:root:sending {"dest": "c12", "src": "n0", "body": {"msg_id": 37, "in_reply_to": 22, "type": "write_ok"}}
DEBUG:root:received {"id":116,"src":"c10","dest":"n0","body":{"key":0,"type":"read","msg_id":15}}
INFO:root:reading key 0 with value 0
DEBUG:root:sending {"dest": "c10", "src": "n0", "body": {"msg_id": 38, "in_reply_to": 15, "type": "read_ok", "value": 0}}
DEBUG:root:received {"id":118,"src":"c10","dest":"n0","body":{"key":0,"type":"read","msg_id":16}}
INFO:root:reading key 0 with value 0
DEBUG:root:sending {"dest": "c10", "src": "n0", "body": {"msg_id": 39, "in_reply_to": 16, "type": "read_ok", "value": 0}}
DEBUG:root:received {"id":120,"src":"c10","dest":"n0","body":{"key":0,"type":"read","msg_id":17}}
INFO:root:reading key 0 with value 0
DEBUG:root:sending {"dest": "c10", "src": "n0", "body": {"msg_id": 40, "in_reply_to": 17, "type": "read_ok", "value": 0}}
DEBUG:root:received {"id":128,"src":"c12","dest":"n0","body":{"key":0,"from":0,"to":1,"type":"cas","msg_id":23}}
INFO:root:cas on key 0: expected 0, current 0, new 1
DEBUG:root:sending {"dest": "c12", "src": "n0", "body": {"msg_id": 41, "in_reply_to": 23, "type": "cas_ok"}}
DEBUG:root:received {"id":130,"src":"c10","dest":"n0","body":{"key":0,"type":"read","msg_id":18}}
INFO:root:reading key 0 with value 1
DEBUG:root:sending {"dest": "c10", "src": "n0", "body": {"msg_id": 42, "in_reply_to": 18, "type": "read_ok", "value": 1}}
DEBUG:root:received {"id":132,"src":"c10","dest":"n0","body":{"key":0,"type":"read","msg_id":19}}
INFO:root:reading key 0 with value 1
DEBUG:root:sending {"dest": "c10", "src": "n0", "body": {"msg_id": 43, "in_reply_to": 19, "type": "read_ok", "value": 1}}
DEBUG:root:received {"id":140,"src":"c12","dest":"n0","body":{"key":0,"value":2,"type":"write","msg_id":24}}
INFO:root:writing key 0 with value 2
DEBUG:root:sending {"dest": "c12", "src": "n0", "body": {"msg_id": 44, "in_reply_to": 24, "type": "write_ok"}}
DEBUG:root:received {"id":142,"src":"c12","dest":"n0","body":{"key":0,"value":3,"type":"write","msg_id":25}}
INFO:root:writing key 0 with value 3
DEBUG:root:sending {"dest": "c12", "src": "n0", "body": {"msg_id": 45, "in_reply_to": 25, "type": "write_ok"}}
DEBUG:root:received {"id":144,"src":"c12","dest":"n0","body":{"key":0,"from":0,"to":0,"type":"cas","msg_id":26}}
INFO:root:cas on key 0: expected 0, current 3, new 0
DEBUG:root:sending {"dest": "c12", "src": "n0", "body": {"msg_id": 46, "in_reply_to": 26, "type": "error", "code": 22, "text": "value does not match expected"}}
DEBUG:root:received {"id":146,"src":"c12","dest":"n0","body":{"key":0,"from":4,"to":4,"type":"cas","msg_id":27}}
INFO:root:cas on key 0: expected 4, current 3, new 4
DEBUG:root:sending {"dest": "c12", "src": "n0", "body": {"msg_id": 47, "in_reply_to": 27, "type": "error", "code": 22, "text": "value does not match expected"}}
DEBUG:root:received {"id":148,"src":"c12","dest":"n0","body":{"key":0,"from":3,"to":1,"type":"cas","msg_id":28}}
INFO:root:cas on key 0: expected 3, current 3, new 1
DEBUG:root:sending {"dest": "c12", "src": "n0", "body": {"msg_id": 48, "in_reply_to": 28, "type": "cas_ok"}}
DEBUG:root:received {"id":152,"src":"c10","dest":"n0","body":{"key":0,"type":"read","msg_id":20}}
INFO:root:reading key 0 with value 1
DEBUG:root:sending {"dest": "c10", "src": "n0", "body": {"msg_id": 49, "in_reply_to": 20, "type": "read_ok", "value": 1}}
DEBUG:root:received {"id":154,"src":"c10","dest":"n0","body":{"key":0,"type":"read","msg_id":21}}
INFO:root:reading key 0 with value 1
DEBUG:root:sending {"dest": "c10", "src": "n0", "body": {"msg_id": 50, "in_reply_to": 21, "type": "read_ok", "value": 1}}
DEBUG:root:received {"id":158,"src":"c10","dest":"n0","body":{"key":0,"type":"read","msg_id":22}}
INFO:root:reading key 0 with value 1
DEBUG:root:sending {"dest": "c10", "src": "n0", "body": {"msg_id": 51, "in_reply_to": 22, "type": "read_ok", "value": 1}}
DEBUG:root:received {"id":162,"src":"c10","dest":"n0","body":{"key":0,"type":"read","msg_id":23}}
INFO:root:reading key 0 with value 1
DEBUG:root:sending {"dest": "c10", "src": "n0", "body": {"msg_id": 52, "in_reply_to": 23, "type": "read_ok", "value": 1}}
DEBUG:root:received {"id":164,"src":"c10","dest":"n0","body":{"key":0,"type":"read","msg_id":24}}
INFO:root:reading key 0 with value 1
DEBUG:root:sending {"dest": "c10", "src": "n0", "body": {"msg_id": 53, "in_reply_to": 24, "type": "read_ok", "value": 1}}
DEBUG:root:received {"id":166,"src":"c12","dest":"n0","body":{"key":0,"from":1,"to":0,"type":"cas","msg_id":29}}
INFO:root:cas on key 0: expected 1, current 1, new 0
DEBUG:root:sending {"dest": "c12", "src": "n0", "body": {"msg_id": 54, "in_reply_to": 29, "type": "cas_ok"}}
DEBUG:root:received {"id":168,"src":"c12","dest":"n0","body":{"key":0,"from":4,"to":2,"type":"cas","msg_id":30}}
INFO:root:cas on key 0: expected 4, current 0, new 2
DEBUG:root:sending {"dest": "c12", "src": "n0", "body": {"msg_id": 55, "in_reply_to": 30, "type": "error", "code": 22, "text": "value does not match expected"}}
DEBUG:root:received {"id":174,"src":"c12","dest":"n0","body":{"key":0,"from":0,"to":0,"type":"cas","msg_id":31}}
INFO:root:cas on key 0: expected 0, current 0, new 0
DEBUG:root:sending {"dest": "c12", "src": "n0", "body": {"msg_id": 56, "in_reply_to": 31, "type": "cas_ok"}}
DEBUG:root:received {"id":178,"src":"c10","dest":"n0","body":{"key":0,"type":"read","msg_id":25}}
INFO:root:reading key 0 with value 0
DEBUG:root:sending {"dest": "c10", "src": "n0", "body": {"msg_id": 57, "in_reply_to": 25, "type": "read_ok", "value": 0}}
DEBUG:root:received {"id":184,"src":"c12","dest":"n0","body":{"key":0,"from":3,"to":4,"type":"cas","msg_id":32}}
INFO:root:cas on key 0: expected 3, current 0, new 4
DEBUG:root:sending {"dest": "c12", "src": "n0", "body": {"msg_id": 58, "in_reply_to": 32, "type": "error", "code": 22, "text": "value does not match expected"}}
DEBUG:root:received {"id":186,"src":"c12","dest":"n0","body":{"key":0,"from":2,"to":0,"type":"cas","msg_id":33}}
INFO:root:cas on key 0: expected 2, current 0, new 0
DEBUG:root:sending {"dest": "c12", "src": "n0", "body": {"msg_id": 59, "in_reply_to": 33, "type": "error", "code": 22, "text": "value does not match expected"}}
DEBUG:root:received {"id":190,"src":"c12","dest":"n0","body":{"key":0,"from":1,"to":1,"type":"cas","msg_id":34}}
INFO:root:cas on key 0: expected 1, current 0, new 1
DEBUG:root:sending {"dest": "c12", "src": "n0", "body": {"msg_id": 60, "in_reply_to": 34, "type": "error", "code": 22, "text": "value does not match expected"}}
DEBUG:root:received {"id":192,"src":"c12","dest":"n0","body":{"key":0,"value":2,"type":"write","msg_id":35}}
INFO:root:writing key 0 with value 2
DEBUG:root:sending {"dest": "c12", "src": "n0", "body": {"msg_id": 61, "in_reply_to": 35, "type": "write_ok"}}
DEBUG:root:received {"id":194,"src":"c12","dest":"n0","body":{"key":0,"from":0,"to":3,"type":"cas","msg_id":36}}
INFO:root:cas on key 0: expected 0, current 2, new 3
DEBUG:root:sending {"dest": "c12", "src": "n0", "body": {"msg_id": 62, "in_reply_to": 36, "type": "error", "code": 22, "text": "value does not match expected"}}
DEBUG:root:received {"id":196,"src":"c10","dest":"n0","body":{"key":0,"type":"read","msg_id":26}}
INFO:root:reading key 0 with value 2
DEBUG:root:sending {"dest": "c10", "src": "n0", "body": {"msg_id": 63, "in_reply_to": 26, "type": "read_ok", "value": 2}}
DEBUG:root:received {"id":198,"src":"c10","dest":"n0","body":{"key":0,"type":"read","msg_id":27}}
INFO:root:reading key 0 with value 2
DEBUG:root:sending {"dest": "c10", "src": "n0", "body": {"msg_id": 64, "in_reply_to": 27, "type": "read_ok", "value": 2}}
DEBUG:root:received {"id":200,"src":"c10","dest":"n0","body":{"key":0,"type":"read","msg_id":28}}
INFO:root:reading key 0 with value 2
DEBUG:root:sending {"dest": "c10", "src": "n0", "body": {"msg_id": 65, "in_reply_to": 28, "type": "read_ok", "value": 2}}
DEBUG:root:received {"id":204,"src":"c10","dest":"n0","body":{"key":0,"type":"read","msg_id":29}}
INFO:root:reading key 0 with value 2
DEBUG:root:sending {"dest": "c10", "src": "n0", "body": {"msg_id": 66, "in_reply_to": 29, "type": "read_ok", "value": 2}}
DEBUG:root:received {"id":206,"src":"c10","dest":"n0","body":{"key":0,"type":"read","msg_id":30}}
INFO:root:reading key 0 with value 2
DEBUG:root:sending {"dest": "c10", "src": "n0", "body": {"msg_id": 67, "in_reply_to": 30, "type": "read_ok", "value": 2}}
DEBUG:root:received {"id":208,"src":"c10","dest":"n0","body":{"key":0,"type":"read","msg_id":31}}
INFO:root:reading key 0 with value 2
DEBUG:root:sending {"dest": "c10", "src": "n0", "body": {"msg_id": 68, "in_reply_to": 31, "type": "read_ok", "value": 2}}
DEBUG:root:received {"id":210,"src":"c12","dest":"n0","body":{"key":0,"from":4,"to":1,"type":"cas","msg_id":37}}
INFO:root:cas on key 0: expected 4, current 2, new 1
DEBUG:root:sending {"dest": "c12", "src": "n0", "body": {"msg_id": 69, "in_reply_to": 37, "type": "error", "code": 22, "text": "value does not match expected"}}
DEBUG:root:received {"id":218,"src":"c10","dest":"n0","body":{"key":0,"type":"read","msg_id":32}}
INFO:root:reading key 0 with value 2
DEBUG:root:sending {"dest": "c10", "src": "n0", "body": {"msg_id": 70, "in_reply_to": 32, "type": "read_ok", "value": 2}}
DEBUG:root:received {"id":220,"src":"c10","dest":"n0","body":{"key":0,"type":"read","msg_id":33}}
INFO:root:reading key 0 with value 2
DEBUG:root:sending {"dest": "c10", "src": "n0", "body": {"msg_id": 71, "in_reply_to": 33, "type": "read_ok", "value": 2}}
DEBUG:root:received {"id":222,"src":"c10","dest":"n0","body":{"key":0,"type":"read","msg_id":34}}
INFO:root:reading key 0 with value 2
DEBUG:root:sending {"dest": "c10", "src": "n0", "body": {"msg_id": 72, "in_reply_to": 34, "type": "read_ok", "value": 2}}
DEBUG:root:received {"id":226,"src":"c10","dest":"n0","body":{"key":0,"type":"read","msg_id":35}}
INFO:root:reading key 0 with value 2
DEBUG:root:sending {"dest": "c10", "src": "n0", "body": {"msg_id": 73, "in_reply_to": 35, "type": "read_ok", "value": 2}}
DEBUG:root:received {"id":228,"src":"c12","dest":"n0","body":{"key":0,"value":3,"type":"write","msg_id":38}}
INFO:root:writing key 0 with value 3
DEBUG:root:sending {"dest": "c12", "src": "n0", "body": {"msg_id": 74, "in_reply_to": 38, "type": "write_ok"}}
DEBUG:root:received {"id":230,"src":"c12","dest":"n0","body":{"key":0,"value":4,"type":"write","msg_id":39}}
INFO:root:writing key 0 with value 4
DEBUG:root:sending {"dest": "c12", "src": "n0", "body": {"msg_id": 75, "in_reply_to": 39, "type": "write_ok"}}
DEBUG:root:received {"id":232,"src":"c12","dest":"n0","body":{"key":0,"value":3,"type":"write","msg_id":40}}
INFO:root:writing key 0 with value 3
DEBUG:root:sending {"dest": "c12", "src": "n0", "body": {"msg_id": 76, "in_reply_to": 40, "type": "write_ok"}}
DEBUG:root:received {"id":238,"src":"c12","dest":"n0","body":{"key":0,"value":1,"type":"write","msg_id":41}}
INFO:root:writing key 0 with value 1
DEBUG:root:sending {"dest": "c12", "src": "n0", "body": {"msg_id": 77, "in_reply_to": 41, "type": "write_ok"}}
DEBUG:root:received {"id":240,"src":"c12","dest":"n0","body":{"key":0,"from":4,"to":0,"type":"cas","msg_id":42}}
INFO:root:cas on key 0: expected 4, current 1, new 0
DEBUG:root:sending {"dest": "c12", "src": "n0", "body": {"msg_id": 78, "in_reply_to": 42, "type": "error", "code": 22, "text": "value does not match expected"}}
DEBUG:root:received {"id":242,"src":"c10","dest":"n0","body":{"key":0,"type":"read","msg_id":36}}
INFO:root:reading key 0 with value 1
DEBUG:root:sending {"dest": "c10", "src": "n0", "body": {"msg_id": 79, "in_reply_to": 36, "type": "read_ok", "value": 1}}
DEBUG:root:received {"id":244,"src":"c10","dest":"n0","body":{"key":0,"type":"read","msg_id":37}}
INFO:root:reading key 0 with value 1
DEBUG:root:sending {"dest": "c10", "src": "n0", "body": {"msg_id": 80, "in_reply_to": 37, "type": "read_ok", "value": 1}}
DEBUG:root:received {"id":248,"src":"c10","dest":"n0","body":{"key":0,"type":"read","msg_id":38}}
INFO:root:reading key 0 with value 1
DEBUG:root:sending {"dest": "c10", "src": "n0", "body": {"msg_id": 81, "in_reply_to": 38, "type": "read_ok", "value": 1}}
DEBUG:root:received {"id":250,"src":"c12","dest":"n0","body":{"key":0,"value":1,"type":"write","msg_id":43}}
INFO:root:writing key 0 with value 1
DEBUG:root:sending {"dest": "c12", "src": "n0", "body": {"msg_id": 82, "in_reply_to": 43, "type": "write_ok"}}
DEBUG:root:received {"id":252,"src":"c12","dest":"n0","body":{"key":0,"value":2,"type":"write","msg_id":44}}
INFO:root:writing key 0 with value 2
DEBUG:root:sending {"dest": "c12", "src": "n0", "body": {"msg_id": 83, "in_reply_to": 44, "type": "write_ok"}}
DEBUG:root:received {"id":254,"src":"c12","dest":"n0","body":{"key":0,"from":4,"to":0,"type":"cas","msg_id":45}}
INFO:root:cas on key 0: expected 4, current 2, new 0
DEBUG:root:sending {"dest": "c12", "src": "n0", "body": {"msg_id": 84, "in_reply_to": 45, "type": "error", "code": 22, "text": "value does not match expected"}}
DEBUG:root:received {"id":256,"src":"c12","dest":"n0","body":{"key":0,"from":4,"to":2,"type":"cas","msg_id":46}}
INFO:root:cas on key 0: expected 4, current 2, new 2
DEBUG:root:sending {"dest": "c12", "src": "n0", "body": {"msg_id": 85, "in_reply_to": 46, "type": "error", "code": 22, "text": "value does not match expected"}}
DEBUG:root:received {"id":258,"src":"c12","dest":"n0","body":{"key":0,"from":0,"to":1,"type":"cas","msg_id":47}}
INFO:root:cas on key 0: expected 0, current 2, new 1
DEBUG:root:sending {"dest": "c12", "src": "n0", "body": {"msg_id": 86, "in_reply_to": 47, "type": "error", "code": 22, "text": "value does not match expected"}}
DEBUG:root:received {"id":262,"src":"c12","dest":"n0","body":{"key":0,"from":3,"to":1,"type":"cas","msg_id":48}}
INFO:root:cas on key 0: expected 3, current 2, new 1
DEBUG:root:sending {"dest": "c12", "src": "n0", "body": {"msg_id": 87, "in_reply_to": 48, "type": "error", "code": 22, "text": "value does not match expected"}}
DEBUG:root:received {"id":266,"src":"c10","dest":"n0","body":{"key":0,"type":"read","msg_id":39}}
INFO:root:reading key 0 with value 2
DEBUG:root:sending {"dest": "c10", "src": "n0", "body": {"msg_id": 88, "in_reply_to": 39, "type": "read_ok", "value": 2}}
DEBUG:root:received {"id":268,"src":"c10","dest":"n0","body":{"key":0,"type":"read","msg_id":40}}
INFO:root:reading key 0 with value 2
DEBUG:root:sending {"dest": "c10", "src": "n0", "body": {"msg_id": 89, "in_reply_to": 40, "type": "read_ok", "value": 2}}
DEBUG:root:received {"id":270,"src":"c10","dest":"n0","body":{"key":0,"type":"read","msg_id":41}}
INFO:root:reading key 0 with value 2
DEBUG:root:sending {"dest": "c10", "src": "n0", "body": {"msg_id": 90, "in_reply_to": 41, "type": "read_ok", "value": 2}}
DEBUG:root:received {"id":272,"src":"c10","dest":"n0","body":{"key":0,"type":"read","msg_id":42}}
INFO:root:reading key 0 with value 2
DEBUG:root:sending {"dest": "c10", "src": "n0", "body": {"msg_id": 91, "in_reply_to": 42, "type": "read_ok", "value": 2}}
DEBUG:root:received {"id":274,"src":"c12","dest":"n0","body":{"key":0,"from":4,"to":0,"type":"cas","msg_id":49}}
INFO:root:cas on key 0: expected 4, current 2, new 0
DEBUG:root:sending {"dest": "c12", "src": "n0", "body": {"msg_id": 92, "in_reply_to": 49, "type": "error", "code": 22, "text": "value does not match expected"}}
DEBUG:root:received {"id":276,"src":"c12","dest":"n0","body":{"key":0,"from":0,"to":0,"type":"cas","msg_id":50}}
INFO:root:cas on key 0: expected 0, current 2, new 0
DEBUG:root:sending {"dest": "c12", "src": "n0", "body": {"msg_id": 93, "in_reply_to": 50, "type": "error", "code": 22, "text": "value does not match expected"}}
DEBUG:root:received {"id":278,"src":"c12","dest":"n0","body":{"key":0,"from":3,"to":2,"type":"cas","msg_id":51}}
INFO:root:cas on key 0: expected 3, current 2, new 2
DEBUG:root:sending {"dest": "c12", "src": "n0", "body": {"msg_id": 94, "in_reply_to": 51, "type": "error", "code": 22, "text": "value does not match expected"}}
DEBUG:root:received {"id":282,"src":"c12","dest":"n0","body":{"key":0,"from":1,"to":4,"type":"cas","msg_id":52}}
INFO:root:cas on key 0: expected 1, current 2, new 4
DEBUG:root:sending {"dest": "c12", "src": "n0", "body": {"msg_id": 95, "in_reply_to": 52, "type": "error", "code": 22, "text": "value does not match expected"}}
DEBUG:root:received {"id":284,"src":"c12","dest":"n0","body":{"key":0,"from":3,"to":4,"type":"cas","msg_id":53}}
INFO:root:cas on key 0: expected 3, current 2, new 4
DEBUG:root:sending {"dest": "c12", "src": "n0", "body": {"msg_id": 96, "in_reply_to": 53, "type": "error", "code": 22, "text": "value does not match expected"}}
DEBUG:root:received {"id":286,"src":"c10","dest":"n0","body":{"key":0,"type":"read","msg_id":43}}
INFO:root:reading key 0 with value 2
DEBUG:root:sending {"dest": "c10", "src": "n0", "body": {"msg_id": 97, "in_reply_to": 43, "type": "read_ok", "value": 2}}
DEBUG:root:received {"id":288,"src":"c10","dest":"n0","body":{"key":0,"type":"read","msg_id":44}}
INFO:root:reading key 0 with value 2
DEBUG:root:sending {"dest": "c10", "src": "n0", "body": {"msg_id": 98, "in_reply_to": 44, "type": "read_ok", "value": 2}}
DEBUG:root:received {"id":294,"src":"c12","dest":"n0","body":{"key":0,"from":3,"to":4,"type":"cas","msg_id":54}}
INFO:root:cas on key 0: expected 3, current 2, new 4
DEBUG:root:sending {"dest": "c12", "src": "n0", "body": {"msg_id": 99, "in_reply_to": 54, "type": "error", "code": 22, "text": "value does not match expected"}}
DEBUG:root:received {"id":296,"src":"c12","dest":"n0","body":{"key":0,"value":1,"type":"write","msg_id":55}}
INFO:root:writing key 0 with value 1
DEBUG:root:sending {"dest": "c12", "src": "n0", "body": {"msg_id": 100, "in_reply_to": 55, "type": "write_ok"}}
DEBUG:root:received {"id":302,"src":"c12","dest":"n0","body":{"key":0,"value":0,"type":"write","msg_id":56}}
INFO:root:writing key 0 with value 0
DEBUG:root:sending {"dest": "c12", "src": "n0", "body": {"msg_id": 101, "in_reply_to": 56, "type": "write_ok"}}
DEBUG:root:received {"id":304,"src":"c12","dest":"n0","body":{"key":0,"from":0,"to":1,"type":"cas","msg_id":57}}
INFO:root:cas on key 0: expected 0, current 0, new 1
DEBUG:root:sending {"dest": "c12", "src": "n0", "body": {"msg_id": 102, "in_reply_to": 57, "type": "cas_ok"}}
DEBUG:root:received {"id":306,"src":"c10","dest":"n0","body":{"key":0,"type":"read","msg_id":45}}
INFO:root:reading key 0 with value 1
DEBUG:root:sending {"dest": "c10", "src": "n0", "body": {"msg_id": 103, "in_reply_to": 45, "type": "read_ok", "value": 1}}
DEBUG:root:received {"id":310,"src":"c10","dest":"n0","body":{"key":0,"type":"read","msg_id":46}}
INFO:root:reading key 0 with value 1
DEBUG:root:sending {"dest": "c10", "src": "n0", "body": {"msg_id": 104, "in_reply_to": 46, "type": "read_ok", "value": 1}}
DEBUG:root:received {"id":312,"src":"c10","dest":"n0","body":{"key":0,"type":"read","msg_id":47}}
INFO:root:reading key 0 with value 1
DEBUG:root:sending {"dest": "c10", "src": "n0", "body": {"msg_id": 105, "in_reply_to": 47, "type": "read_ok", "value": 1}}
DEBUG:root:received {"id":316,"src":"c12","dest":"n0","body":{"key":0,"from":0,"to":2,"type":"cas","msg_id":58}}
INFO:root:cas on key 0: expected 0, current 1, new 2
DEBUG:root:sending {"dest": "c12", "src": "n0", "body": {"msg_id": 106, "in_reply_to": 58, "type": "error", "code": 22, "text": "value does not match expected"}}
DEBUG:root:received {"id":318,"src":"c10","dest":"n0","body":{"key":0,"type":"read","msg_id":48}}
INFO:root:reading key 0 with value 1
DEBUG:root:sending {"dest": "c10", "src": "n0", "body": {"msg_id": 107, "in_reply_to": 48, "type": "read_ok", "value": 1}}
DEBUG:root:received {"id":319,"src":"c12","dest":"n0","body":{"key":0,"from":3,"to":0,"type":"cas","msg_id":59}}
INFO:root:cas on key 0: expected 3, current 1, new 0
DEBUG:root:sending {"dest": "c12", "src": "n0", "body": {"msg_id": 108, "in_reply_to": 59, "type": "error", "code": 22, "text": "value does not match expected"}}
DEBUG:root:received {"id":322,"src":"c12","dest":"n0","body":{"key":0,"from":4,"to":2,"type":"cas","msg_id":60}}
INFO:root:cas on key 0: expected 4, current 1, new 2
DEBUG:root:sending {"dest": "c12", "src": "n0", "body": {"msg_id": 109, "in_reply_to": 60, "type": "error", "code": 22, "text": "value does not match expected"}}
DEBUG:root:received {"id":324,"src":"c12","dest":"n0","body":{"key":0,"from":3,"to":1,"type":"cas","msg_id":61}}
INFO:root:cas on key 0: expected 3, current 1, new 1
DEBUG:root:sending {"dest": "c12", "src": "n0", "body": {"msg_id": 110, "in_reply_to": 61, "type": "error", "code": 22, "text": "value does not match expected"}}
DEBUG:root:received {"id":326,"src":"c12","dest":"n0","body":{"key":0,"value":2,"type":"write","msg_id":62}}
INFO:root:writing key 0 with value 2
DEBUG:root:sending {"dest": "c12", "src": "n0", "body": {"msg_id": 111, "in_reply_to": 62, "type": "write_ok"}}
DEBUG:root:received {"id":328,"src":"c12","dest":"n0","body":{"key":0,"from":2,"to":1,"type":"cas","msg_id":63}}
INFO:root:cas on key 0: expected 2, current 2, new 1
DEBUG:root:sending {"dest": "c12", "src": "n0", "body": {"msg_id": 112, "in_reply_to": 63, "type": "cas_ok"}}
DEBUG:root:received {"id":334,"src":"c10","dest":"n0","body":{"key":0,"type":"read","msg_id":49}}
INFO:root:reading key 0 with value 1
DEBUG:root:sending {"dest": "c10", "src": "n0", "body": {"msg_id": 113, "in_reply_to": 49, "type": "read_ok", "value": 1}}
DEBUG:root:received {"id":338,"src":"c10","dest":"n0","body":{"key":0,"type":"read","msg_id":50}}
INFO:root:reading key 0 with value 1
DEBUG:root:sending {"dest": "c10", "src": "n0", "body": {"msg_id": 114, "in_reply_to": 50, "type": "read_ok", "value": 1}}
DEBUG:root:received {"id":340,"src":"c12","dest":"n0","body":{"key":0,"from":1,"to":3,"type":"cas","msg_id":64}}
INFO:root:cas on key 0: expected 1, current 1, new 3
DEBUG:root:sending {"dest": "c12", "src": "n0", "body": {"msg_id": 115, "in_reply_to": 64, "type": "cas_ok"}}
DEBUG:root:received {"id":342,"src":"c12","dest":"n0","body":{"key":0,"value":2,"type":"write","msg_id":65}}
INFO:root:writing key 0 with value 2
DEBUG:root:sending {"dest": "c12", "src": "n0", "body": {"msg_id": 116, "in_reply_to": 65, "type": "write_ok"}}
DEBUG:root:received {"id":348,"src":"c12","dest":"n0","body":{"key":0,"value":1,"type":"write","msg_id":66}}
INFO:root:writing key 0 with value 1
DEBUG:root:sending {"dest": "c12", "src": "n0", "body": {"msg_id": 117, "in_reply_to": 66, "type": "write_ok"}}
DEBUG:root:received {"id":350,"src":"c12","dest":"n0","body":{"key":0,"from":4,"to":3,"type":"cas","msg_id":67}}
INFO:root:cas on key 0: expected 4, current 1, new 3
DEBUG:root:sending {"dest": "c12", "src": "n0", "body": {"msg_id": 118, "in_reply_to": 67, "type": "error", "code": 22, "text": "value does not match expected"}}
DEBUG:root:received {"id":360,"src":"c10","dest":"n0","body":{"key":0,"type":"read","msg_id":51}}
INFO:root:reading key 0 with value 1
DEBUG:root:sending {"dest": "c10", "src": "n0", "body": {"msg_id": 119, "in_reply_to": 51, "type": "read_ok", "value": 1}}
DEBUG:root:received {"id":362,"src":"c12","dest":"n0","body":{"key":0,"from":4,"to":4,"type":"cas","msg_id":68}}
INFO:root:cas on key 0: expected 4, current 1, new 4
DEBUG:root:sending {"dest": "c12", "src": "n0", "body": {"msg_id": 120, "in_reply_to": 68, "type": "error", "code": 22, "text": "value does not match expected"}}
DEBUG:root:received {"id":364,"src":"c12","dest":"n0","body":{"key":0,"from":0,"to":2,"type":"cas","msg_id":69}}
INFO:root:cas on key 0: expected 0, current 1, new 2
DEBUG:root:sending {"dest": "c12", "src": "n0", "body": {"msg_id": 121, "in_reply_to": 69, "type": "error", "code": 22, "text": "value does not match expected"}}
DEBUG:root:received {"id":366,"src":"c12","dest":"n0","body":{"key":0,"value":3,"type":"write","msg_id":70}}
INFO:root:writing key 0 with value 3
DEBUG:root:sending {"dest": "c12", "src": "n0", "body": {"msg_id": 122, "in_reply_to": 70, "type": "write_ok"}}
DEBUG:root:received {"id":368,"src":"c12","dest":"n0","body":{"key":0,"value":4,"type":"write","msg_id":71}}
INFO:root:writing key 0 with value 4
DEBUG:root:sending {"dest": "c12", "src": "n0", "body": {"msg_id": 123, "in_reply_to": 71, "type": "write_ok"}}
DEBUG:root:received {"id":372,"src":"c12","dest":"n0","body":{"key":0,"from":2,"to":0,"type":"cas","msg_id":72}}
INFO:root:cas on key 0: expected 2, current 4, new 0
DEBUG:root:sending {"dest": "c12", "src": "n0", "body": {"msg_id": 124, "in_reply_to": 72, "type": "error", "code": 22, "text": "value does not match expected"}}
DEBUG:root:received {"id":374,"src":"c10","dest":"n0","body":{"key":0,"type":"read","msg_id":52}}
INFO:root:reading key 0 with value 4
DEBUG:root:sending {"dest": "c10", "src": "n0", "body": {"msg_id": 125, "in_reply_to": 52, "type": "read_ok", "value": 4}}
DEBUG:root:received {"id":378,"src":"c10","dest":"n0","body":{"key":0,"type":"read","msg_id":53}}
INFO:root:reading key 0 with value 4
DEBUG:root:sending {"dest": "c10", "src": "n0", "body": {"msg_id": 126, "in_reply_to": 53, "type": "read_ok", "value": 4}}
DEBUG:root:received {"id":380,"src":"c10","dest":"n0","body":{"key":0,"type":"read","msg_id":54}}
INFO:root:reading key 0 with value 4
DEBUG:root:sending {"dest": "c10", "src": "n0", "body": {"msg_id": 127, "in_reply_to": 54, "type": "read_ok", "value": 4}}
DEBUG:root:received {"id":382,"src":"c10","dest":"n0","body":{"key":0,"type":"read","msg_id":55}}
INFO:root:reading key 0 with value 4
DEBUG:root:sending {"dest": "c10", "src": "n0", "body": {"msg_id": 128, "in_reply_to": 55, "type": "read_ok", "value": 4}}
DEBUG:root:received {"id":384,"src":"c12","dest":"n0","body":{"key":0,"from":4,"to":2,"type":"cas","msg_id":73}}
INFO:root:cas on key 0: expected 4, current 4, new 2
DEBUG:root:sending {"dest": "c12", "src": "n0", "body": {"msg_id": 129, "in_reply_to": 73, "type": "cas_ok"}}
DEBUG:root:received {"id":390,"src":"c12","dest":"n0","body":{"key":0,"from":0,"to":2,"type":"cas","msg_id":74}}
INFO:root:cas on key 0: expected 0, current 2, new 2
DEBUG:root:sending {"dest": "c12", "src": "n0", "body": {"msg_id": 130, "in_reply_to": 74, "type": "error", "code": 22, "text": "value does not match expected"}}
DEBUG:root:received {"id":394,"src":"c10","dest":"n0","body":{"key":0,"type":"read","msg_id":56}}
INFO:root:reading key 0 with value 2
DEBUG:root:sending {"dest": "c10", "src": "n0", "body": {"msg_id": 131, "in_reply_to": 56, "type": "read_ok", "value": 2}}
DEBUG:root:received {"id":400,"src":"c10","dest":"n0","body":{"key":0,"type":"read","msg_id":57}}
INFO:root:reading key 0 with value 2
DEBUG:root:sending {"dest": "c10", "src": "n0", "body": {"msg_id": 132, "in_reply_to": 57, "type": "read_ok", "value": 2}}
DEBUG:root:received {"id":404,"src":"c10","dest":"n0","body":{"key":0,"type":"read","msg_id":58}}
INFO:root:reading key 0 with value 2
DEBUG:root:sending {"dest": "c10", "src": "n0", "body": {"msg_id": 133, "in_reply_to": 58, "type": "read_ok", "value": 2}}
DEBUG:root:received {"id":406,"src":"c12","dest":"n0","body":{"key":0,"from":3,"to":3,"type":"cas","msg_id":75}}
INFO:root:cas on key 0: expected 3, current 2, new 3
DEBUG:root:sending {"dest": "c12", "src": "n0", "body": {"msg_id": 134, "in_reply_to": 75, "type": "error", "code": 22, "text": "value does not match expected"}}
DEBUG:root:received {"id":408,"src":"c12","dest":"n0","body":{"key":0,"from":4,"to":4,"type":"cas","msg_id":76}}
INFO:root:cas on key 0: expected 4, current 2, new 4
DEBUG:root:sending {"dest": "c12", "src": "n0", "body": {"msg_id": 135, "in_reply_to": 76, "type": "error", "code": 22, "text": "value does not match expected"}}
DEBUG:root:received {"id":412,"src":"c12","dest":"n0","body":{"key":0,"from":2,"to":0,"type":"cas","msg_id":77}}
INFO:root:cas on key 0: expected 2, current 2, new 0
DEBUG:root:sending {"dest": "c12", "src": "n0", "body": {"msg_id": 136, "in_reply_to": 77, "type": "cas_ok"}}
DEBUG:root:received {"id":416,"src":"c10","dest":"n0","body":{"key":0,"type":"read","msg_id":59}}
INFO:root:reading key 0 with value 0
DEBUG:root:sending {"dest": "c10", "src": "n0", "body": {"msg_id": 137, "in_reply_to": 59, "type": "read_ok", "value": 0}}
DEBUG:root:received {"id":422,"src":"c10","dest":"n0","body":{"key":0,"type":"read","msg_id":60}}
INFO:root:reading key 0 with value 0
DEBUG:root:sending {"dest": "c10", "src": "n0", "body": {"msg_id": 138, "in_reply_to": 60, "type": "read_ok", "value": 0}}
DEBUG:root:received {"id":426,"src":"c10","dest":"n0","body":{"key":0,"type":"read","msg_id":61}}
INFO:root:reading key 0 with value 0
DEBUG:root:sending {"dest": "c10", "src": "n0", "body": {"msg_id": 139, "in_reply_to": 61, "type": "read_ok", "value": 0}}
DEBUG:root:received {"id":428,"src":"c10","dest":"n0","body":{"key":0,"type":"read","msg_id":62}}
INFO:root:reading key 0 with value 0
DEBUG:root:sending {"dest": "c10", "src": "n0", "body": {"msg_id": 140, "in_reply_to": 62, "type": "read_ok", "value": 0}}
DEBUG:root:received {"id":438,"src":"c12","dest":"n0","body":{"key":0,"value":4,"type":"write","msg_id":78}}
INFO:root:writing key 0 with value 4
DEBUG:root:sending {"dest": "c12", "src": "n0", "body": {"msg_id": 141, "in_reply_to": 78, "type": "write_ok"}}
DEBUG:root:received {"id":440,"src":"c10","dest":"n0","body":{"key":0,"type":"read","msg_id":63}}
INFO:root:reading key 0 with value 4
DEBUG:root:sending {"dest": "c10", "src": "n0", "body": {"msg_id": 142, "in_reply_to": 63, "type": "read_ok", "value": 4}}
DEBUG:root:received {"id":444,"src":"c10","dest":"n0","body":{"key":0,"type":"read","msg_id":64}}
INFO:root:reading key 0 with value 4
DEBUG:root:sending {"dest": "c10", "src": "n0", "body": {"msg_id": 143, "in_reply_to": 64, "type": "read_ok", "value": 4}}
DEBUG:root:received {"id":448,"src":"c10","dest":"n0","body":{"key":0,"type":"read","msg_id":65}}
INFO:root:reading key 0 with value 4
DEBUG:root:sending {"dest": "c10", "src": "n0", "body": {"msg_id": 144, "in_reply_to": 65, "type": "read_ok", "value": 4}}
DEBUG:root:received {"id":450,"src":"c10","dest":"n0","body":{"key":0,"type":"read","msg_id":66}}
INFO:root:reading key 0 with value 4
DEBUG:root:sending {"dest": "c10", "src": "n0", "body": {"msg_id": 145, "in_reply_to": 66, "type": "read_ok", "value": 4}}
DEBUG:root:received {"id":452,"src":"c12","dest":"n0","body":{"key":0,"from":4,"to":4,"type":"cas","msg_id":79}}
INFO:root:cas on key 0: expected 4, current 4, new 4
DEBUG:root:sending {"dest": "c12", "src": "n0", "body": {"msg_id": 146, "in_reply_to": 79, "type": "cas_ok"}}
DEBUG:root:received {"id":454,"src":"c12","dest":"n0","body":{"key":0,"value":1,"type":"write","msg_id":80}}
INFO:root:writing key 0 with value 1
DEBUG:root:sending {"dest": "c12", "src": "n0", "body": {"msg_id": 147, "in_reply_to": 80, "type": "write_ok"}}
DEBUG:root:received {"id":456,"src":"c12","dest":"n0","body":{"key":0,"from":2,"to":3,"type":"cas","msg_id":81}}
INFO:root:cas on key 0: expected 2, current 1, new 3
DEBUG:root:sending {"dest": "c12", "src": "n0", "body": {"msg_id": 148, "in_reply_to": 81, "type": "error", "code": 22, "text": "value does not match expected"}}
DEBUG:root:received {"id":460,"src":"c12","dest":"n0","body":{"key":0,"value":4,"type":"write","msg_id":82}}
INFO:root:writing key 0 with value 4
DEBUG:root:sending {"dest": "c12", "src": "n0", "body": {"msg_id": 149, "in_reply_to": 82, "type": "write_ok"}}
DEBUG:root:received {"id":464,"src":"c10","dest":"n0","body":{"key":0,"type":"read","msg_id":67}}
INFO:root:reading key 0 with value 4
DEBUG:root:sending {"dest": "c10", "src": "n0", "body": {"msg_id": 150, "in_reply_to": 67, "type": "read_ok", "value": 4}}
DEBUG:root:received {"id":466,"src":"c10","dest":"n0","body":{"key":0,"type":"read","msg_id":68}}
INFO:root:reading key 0 with value 4
DEBUG:root:sending {"dest": "c10", "src": "n0", "body": {"msg_id": 151, "in_reply_to": 68, "type": "read_ok", "value": 4}}
DEBUG:root:received {"id":470,"src":"c10","dest":"n0","body":{"key":0,"type":"read","msg_id":69}}
INFO:root:reading key 0 with value 4
DEBUG:root:sending {"dest": "c10", "src": "n0", "body": {"msg_id": 152, "in_reply_to": 69, "type": "read_ok", "value": 4}}
DEBUG:root:received {"id":472,"src":"c10","dest":"n0","body":{"key":0,"type":"read","msg_id":70}}
INFO:root:reading key 0 with value 4
DEBUG:root:sending {"dest": "c10", "src": "n0", "body": {"msg_id": 153, "in_reply_to": 70, "type": "read_ok", "value": 4}}
DEBUG:root:received {"id":482,"src":"c10","dest":"n0","body":{"key":0,"type":"read","msg_id":71}}
INFO:root:reading key 0 with value 4
DEBUG:root:sending {"dest": "c10", "src": "n0", "body": {"msg_id": 154, "in_reply_to": 71, "type": "read_ok", "value": 4}}
DEBUG:root:received {"id":486,"src":"c10","dest":"n0","body":{"key":0,"type":"read","msg_id":72}}
INFO:root:reading key 0 with value 4
DEBUG:root:sending {"dest": "c10", "src": "n0", "body": {"msg_id": 155, "in_reply_to": 72, "type": "read_ok", "value": 4}}
DEBUG:root:received {"id":488,"src":"c10","dest":"n0","body":{"key":0,"type":"read","msg_id":73}}
INFO:root:reading key 0 with value 4
DEBUG:root:sending {"dest": "c10", "src": "n0", "body": {"msg_id": 156, "in_reply_to": 73, "type": "read_ok", "value": 4}}
DEBUG:root:received {"id":490,"src":"c10","dest":"n0","body":{"key":0,"type":"read","msg_id":74}}
INFO:root:reading key 0 with value 4
DEBUG:root:sending {"dest": "c10", "src": "n0", "body": {"msg_id": 157, "in_reply_to": 74, "type": "read_ok", "value": 4}}
DEBUG:root:received {"id":492,"src":"c10","dest":"n0","body":{"key":0,"type":"read","msg_id":75}}
INFO:root:reading key 0 with value 4
DEBUG:root:sending {"dest": "c10", "src": "n0", "body": {"msg_id": 158, "in_reply_to": 75, "type": "read_ok", "value": 4}}
DEBUG:root:received {"id":494,"src":"c10","dest":"n0","body":{"key":0,"type":"read","msg_id":76}}
INFO:root:reading key 0 with value 4
DEBUG:root:sending {"dest": "c10", "src": "n0", "body": {"msg_id": 159, "in_reply_to": 76, "type": "read_ok", "value": 4}}
DEBUG:root:received {"id":500,"src":"c12","dest":"n0","body":{"key":0,"from":4,"to":0,"type":"cas","msg_id":83}}
INFO:root:cas on key 0: expected 4, current 4, new 0
DEBUG:root:sending {"dest": "c12", "src": "n0", "body": {"msg_id": 160, "in_reply_to": 83, "type": "cas_ok"}}
DEBUG:root:received {"id":502,"src":"c12","dest":"n0","body":{"key":0,"from":1,"to":3,"type":"cas","msg_id":84}}
INFO:root:cas on key 0: expected 1, current 0, new 3
DEBUG:root:sending {"dest": "c12", "src": "n0", "body": {"msg_id": 161, "in_reply_to": 84, "type": "error", "code": 22, "text": "value does not match expected"}}
DEBUG:root:received {"id":504,"src":"c10","dest":"n0","body":{"key":0,"type":"read","msg_id":77}}
INFO:root:reading key 0 with value 0
DEBUG:root:sending {"dest": "c10", "src": "n0", "body": {"msg_id": 162, "in_reply_to": 77, "type": "read_ok", "value": 0}}
DEBUG:root:received {"id":506,"src":"c10","dest":"n0","body":{"key":0,"type":"read","msg_id":78}}
INFO:root:reading key 0 with value 0
DEBUG:root:sending {"dest": "c10", "src": "n0", "body": {"msg_id": 163, "in_reply_to": 78, "type": "read_ok", "value": 0}}
DEBUG:root:received {"id":508,"src":"c10","dest":"n0","body":{"key":0,"type":"read","msg_id":79}}
INFO:root:reading key 0 with value 0
DEBUG:root:sending {"dest": "c10", "src": "n0", "body": {"msg_id": 164, "in_reply_to": 79, "type": "read_ok", "value": 0}}
DEBUG:root:received {"id":514,"src":"c12","dest":"n0","body":{"key":0,"value":0,"type":"write","msg_id":85}}
INFO:root:writing key 0 with value 0
DEBUG:root:sending {"dest": "c12", "src": "n0", "body": {"msg_id": 165, "in_reply_to": 85, "type": "write_ok"}}
DEBUG:root:received {"id":516,"src":"c10","dest":"n0","body":{"key":0,"type":"read","msg_id":80}}
INFO:root:reading key 0 with value 0
DEBUG:root:sending {"dest": "c10", "src": "n0", "body": {"msg_id": 166, "in_reply_to": 80, "type": "read_ok", "value": 0}}
DEBUG:root:received {"id":518,"src":"c12","dest":"n0","body":{"key":0,"from":2,"to":4,"type":"cas","msg_id":86}}
INFO:root:cas on key 0: expected 2, current 0, new 4
DEBUG:root:sending {"dest": "c12", "src": "n0", "body": {"msg_id": 167, "in_reply_to": 86, "type": "error", "code": 22, "text": "value does not match expected"}}
DEBUG:root:received {"id":522,"src":"c12","dest":"n0","body":{"key":0,"value":0,"type":"write","msg_id":87}}
INFO:root:writing key 0 with value 0
DEBUG:root:sending {"dest": "c12", "src": "n0", "body": {"msg_id": 168, "in_reply_to": 87, "type": "write_ok"}}
DEBUG:root:received {"id":526,"src":"c10","dest":"n0","body":{"key":0,"type":"read","msg_id":81}}
INFO:root:reading key 0 with value 0
DEBUG:root:sending {"dest": "c10", "src": "n0", "body": {"msg_id": 169, "in_reply_to": 81, "type": "read_ok", "value": 0}}
DEBUG:root:received {"id":528,"src":"c10","dest":"n0","body":{"key":0,"type":"read","msg_id":82}}
INFO:root:reading key 0 with value 0
DEBUG:root:sending {"dest": "c10", "src": "n0", "body": {"msg_id": 170, "in_reply_to": 82, "type": "read_ok", "value": 0}}
DEBUG:root:received {"id":532,"src":"c10","dest":"n0","body":{"key":0,"type":"read","msg_id":83}}
INFO:root:reading key 0 with value 0
DEBUG:root:sending {"dest": "c10", "src": "n0", "body": {"msg_id": 171, "in_reply_to": 83, "type": "read_ok", "value": 0}}
DEBUG:root:received {"id":536,"src":"c12","dest":"n0","body":{"key":0,"from":1,"to":0,"type":"cas","msg_id":88}}
INFO:root:cas on key 0: expected 1, current 0, new 0
DEBUG:root:sending {"dest": "c12", "src": "n0", "body": {"msg_id": 172, "in_reply_to": 88, "type": "error", "code": 22, "text": "value does not match expected"}}
DEBUG:root:received {"id":538,"src":"c12","dest":"n0","body":{"key":0,"value":1,"type":"write","msg_id":89}}
INFO:root:writing key 0 with value 1
DEBUG:root:sending {"dest": "c12", "src": "n0", "body": {"msg_id": 173, "in_reply_to": 89, "type": "write_ok"}}
Traceback (most recent call last):
