DEBUG:root:received {"id":3,"src":"c3","dest":"n1","body":{"type":"init","node_id":"n1","node_ids":["n0","n1","n2","n3","n4"],"msg_id":1}}
INFO:root:initializing node n1
INFO:root:nodes in cluster: {'n0', 'n2', 'n4', 'n3', 'n1'}
DEBUG:root:sending {"dest": "c3", "src": "n1", "body": {"msg_id": 1, "in_reply_to": 1, "type": "init_ok"}}
DEBUG:root:received {"id":12,"src":"c11","dest":"n1","body":{"key":0,"type":"read","msg_id":1}}
INFO:root:reading key 0 with value None
DEBUG:root:sending {"dest": "c11", "src": "n1", "body": {"msg_id": 2, "in_reply_to": 1, "type": "read_ok", "value": null}}
DEBUG:root:received {"id":22,"src":"c13","dest":"n1","body":{"key":0,"from":4,"to":1,"type":"cas","msg_id":1}}
INFO:root:cas on key 0: expected 4, current None, new 1
DEBUG:root:sending {"dest": "c13", "src": "n1", "body": {"msg_id": 3, "in_reply_to": 1, "type": "error", "code": 20, "text": "key does not exist"}}
DEBUG:root:received {"id":56,"src":"c11","dest":"n1","body":{"key":0,"type":"read","msg_id":2}}
INFO:root:reading key 0 with value None
DEBUG:root:sending {"dest": "c11", "src": "n1", "body": {"msg_id": 4, "in_reply_to": 2, "type": "read_ok", "value": null}}
DEBUG:root:received {"id":78,"src":"c11","dest":"n1","body":{"key":0,"type":"read","msg_id":3}}
INFO:root:reading key 0 with value None
DEBUG:root:sending {"dest": "c11", "src": "n1", "body": {"msg_id": 5, "in_reply_to": 3, "type": "read_ok", "value": null}}
DEBUG:root:received {"id":88,"src":"c13","dest":"n1","body":{"key":0,"from":2,"to":1,"type":"cas","msg_id":2}}
INFO:root:cas on key 0: expected 2, current None, new 1
DEBUG:root:sending {"dest": "c13", "src": "n1", "body": {"msg_id": 6, "in_reply_to": 2, "type": "error", "code": 20, "text": "key does not exist"}}
DEBUG:root:received {"id":100,"src":"c11","dest":"n1","body":{"key":0,"type":"read","msg_id":4}}
INFO:root:reading key 0 with value None
DEBUG:root:sending {"dest": "c11", "src": "n1", "body": {"msg_id": 7, "in_reply_to": 4, "type": "read_ok", "value": null}}
DEBUG:root:received {"id":110,"src":"c13","dest":"n1","body":{"key":0,"from":3,"to":1,"type":"cas","msg_id":3}}
INFO:root:cas on key 0: expected 3, current None, new 1
DEBUG:root:sending {"dest": "c13", "src": "n1", "body": {"msg_id": 8, "in_reply_to": 3, "type": "error", "code": 20, "text": "key does not exist"}}
DEBUG:root:received {"id":122,"src":"c11","dest":"n1","body":{"key":0,"type":"read","msg_id":5}}
INFO:root:reading key 0 with value None
DEBUG:root:sending {"dest": "c11", "src": "n1", "body": {"msg_id": 9, "in_reply_to": 5, "type": "read_ok", "value": null}}
DEBUG:root:received {"id":176,"src":"c13","dest":"n1","body":{"key":0,"from":3,"to":0,"type":"cas","msg_id":4}}
INFO:root:cas on key 0: expected 3, current None, new 0
DEBUG:root:sending {"dest": "c13", "src": "n1", "body": {"msg_id": 10, "in_reply_to": 4, "type": "error", "code": 20, "text": "key does not exist"}}
DEBUG:root:received {"id":188,"src":"c11","dest":"n1","body":{"key":0,"type":"read","msg_id":6}}
INFO:root:reading key 0 with value None
DEBUG:root:sending {"dest": "c11", "src": "n1", "body": {"msg_id": 11, "in_reply_to": 6, "type": "read_ok", "value": null}}
DEBUG:root:received {"id":264,"src":"c13","dest":"n1","body":{"key":0,"from":4,"to":1,"type":"cas","msg_id":5}}
INFO:root:cas on key 0: expected 4, current None, new 1
DEBUG:root:sending {"dest": "c13", "src": "n1", "body": {"msg_id": 12, "in_reply_to": 5, "type": "error", "code": 20, "text": "key does not exist"}}
DEBUG:root:received {"id":298,"src":"c11","dest":"n1","body":{"key":0,"type":"read","msg_id":7}}
INFO:root:reading key 0 with value None
DEBUG:root:sending {"dest": "c11", "src": "n1", "body": {"msg_id": 13, "in_reply_to": 7, "type": "read_ok", "value": null}}
DEBUG:root:received {"id":308,"src":"c13","dest":"n1","body":{"key":0,"from":2,"to":3,"type":"cas","msg_id":6}}
INFO:root:cas on key 0: expected 2, current None, new 3
DEBUG:root:sending {"dest": "c13", "src": "n1", "body": {"msg_id": 14, "in_reply_to": 6, "type": "error", "code": 20, "text": "key does not exist"}}
DEBUG:root:received {"id":330,"src":"c13","dest":"n1","body":{"key":0,"from":2,"to":0,"type":"cas","msg_id":7}}
INFO:root:cas on key 0: expected 2, current None, new 0
DEBUG:root:sending {"dest": "c13", "src": "n1", "body": {"msg_id": 15, "in_reply_to": 7, "type": "error", "code": 20, "text": "key does not exist"}}
DEBUG:root:received {"id":352,"src":"c13","dest":"n1","body":{"key":0,"value":4,"type":"write","msg_id":8}}
INFO:root:writing key 0 with value 4
DEBUG:root:sending {"dest": "c13", "src": "n1", "body": {"msg_id": 16, "in_reply_to": 8, "type": "write_ok"}}
DEBUG:root:received {"id":386,"src":"c11","dest":"n1","body":{"key":0,"type":"read","msg_id":8}}
INFO:root:reading key 0 with value 4
DEBUG:root:sending {"dest": "c11", "src": "n1", "body": {"msg_id": 17, "in_reply_to": 8, "type": "read_ok", "value": 4}}
DEBUG:root:received {"id":396,"src":"c13","dest":"n1","body":{"key":0,"from":2,"to":1,"type":"cas","msg_id":9}}
INFO:root:cas on key 0: expected 2, current 4, new 1
DEBUG:root:sending {"dest": "c13", "src": "n1", "body": {"msg_id": 18, "in_reply_to": 9, "type": "error", "code": 22, "text": "value does not match expected"}}
DEBUG:root:received {"id":418,"src":"c13","dest":"n1","body":{"key":0,"value":2,"type":"write","msg_id":10}}
INFO:root:writing key 0 with value 2
DEBUG:root:sending {"dest": "c13", "src": "n1", "body": {"msg_id": 19, "in_reply_to": 10, "type": "write_ok"}}
DEBUG:root:received {"id":430,"src":"c11","dest":"n1","body":{"key":0,"type":"read","msg_id":9}}
INFO:root:reading key 0 with value 2
DEBUG:root:sending {"dest": "c11", "src": "n1", "body": {"msg_id": 20, "in_reply_to": 9, "type": "read_ok", "value": 2}}
DEBUG:root:received {"id":462,"src":"c13","dest":"n1","body":{"key":0,"from":0,"to":1,"type":"cas","msg_id":11}}
INFO:root:cas on key 0: expected 0, current 2, new 1
DEBUG:root:sending {"dest": "c13", "src": "n1", "body": {"msg_id": 21, "in_reply_to": 11, "type": "error", "code": 22, "text": "value does not match expected"}}
DEBUG:root:received {"id":474,"src":"c11","dest":"n1","body":{"key":0,"type":"read","msg_id":10}}
INFO:root:reading key 0 with value 2
DEBUG:root:sending {"dest": "c11", "src": "n1", "body": {"msg_id": 22, "in_reply_to": 10, "type": "read_ok", "value": 2}}
DEBUG:root:received {"id":484,"src":"c13","dest":"n1","body":{"key":0,"from":0,"to":4,"type":"cas","msg_id":12}}
INFO:root:cas on key 0: expected 0, current 2, new 4
DEBUG:root:sending {"dest": "c13", "src": "n1", "body": {"msg_id": 23, "in_reply_to": 12, "type": "error", "code": 22, "text": "value does not match expected"}}
DEBUG:root:received {"id":496,"src":"c11","dest":"n1","body":{"key":0,"type":"read","msg_id":11}}
INFO:root:reading key 0 with value 2
DEBUG:root:sending {"dest": "c11", "src": "n1", "body": {"msg_id": 24, "in_reply_to": 11, "type": "read_ok", "value": 2}}
Traceback (most recent call last):
