DEBUG:root:received {"id":1,"src":"c1","dest":"n4","body":{"type":"init","node_id":"n4","node_ids":["n0","n1","n2","n3","n4"],"msg_id":1}}
INFO:root:initializing node n4
INFO:root:nodes in cluster: {'n1', 'n2', 'n0', 'n3', 'n4'}
DEBUG:root:sending {"dest": "c1", "src": "n4", "body": {"msg_id": 1, "in_reply_to": 1, "type": "init_ok"}}
DEBUG:root:received {"id":94,"src":"c17","dest":"n4","body":{"key":0,"value":1,"type":"write","msg_id":1}}
INFO:root:writing key 0 with value 1
DEBUG:root:sending {"dest": "c17", "src": "n4", "body": {"msg_id": 2, "in_reply_to": 1, "type": "write_ok"}}
DEBUG:root:received {"id":138,"src":"c17","dest":"n4","body":{"key":0,"from":1,"to":1,"type":"cas","msg_id":2}}
INFO:root:cas on key 0: expected 1, current 1, new 1
DEBUG:root:sending {"dest": "c17", "src": "n4", "body": {"msg_id": 3, "in_reply_to": 2, "type": "cas_ok"}}
DEBUG:root:received {"id":150,"src":"c19","dest":"n4","body":{"key":0,"type":"read","msg_id":1}}
INFO:root:reading key 0 with value 1
DEBUG:root:sending {"dest": "c19", "src": "n4", "body": {"msg_id": 4, "in_reply_to": 1, "type": "read_ok", "value": 1}}
DEBUG:root:received {"id":160,"src":"c17","dest":"n4","body":{"key":0,"from":4,"to":3,"type":"cas","msg_id":3}}
INFO:root:cas on key 0: expected 4, current 1, new 3
DEBUG:root:sending {"dest": "c17", "src": "n4", "body": {"msg_id": 5, "in_reply_to": 3, "type": "error", "code": 22, "text": "value does not match expected"}}
DEBUG:root:received {"id":172,"src":"c19","dest":"n4","body":{"key":0,"type":"read","msg_id":2}}
INFO:root:reading key 0 with value 1
DEBUG:root:sending {"dest": "c19", "src": "n4", "body": {"msg_id": 6, "in_reply_to": 2, "type": "read_ok", "value": 1}}
DEBUG:root:received {"id":182,"src":"c17","dest":"n4","body":{"key":0,"value":3,"type":"write","msg_id":4}}
INFO:root:writing key 0 with value 3
DEBUG:root:sending {"dest": "c17", "src": "n4", "body": {"msg_id": 7, "in_reply_to": 4, "type": "write_ok"}}
DEBUG:root:received {"id":216,"src":"c19","dest":"n4","body":{"key":0,"type":"read","msg_id":3}}
INFO:root:reading key 0 with value 3
DEBUG:root:sending {"dest": "c19", "src": "n4", "body": {"msg_id": 8, "in_reply_to": 3, "type": "read_ok", "value": 3}}
DEBUG:root:received {"id":260,"src":"c19","dest":"n4","body":{"key":0,"type":"read","msg_id":4}}
INFO:root:reading key 0 with value 3
DEBUG:root:sending {"dest": "c19", "src": "n4", "body": {"msg_id": 9, "in_reply_to": 4, "type": "read_ok", "value": 3}}
DEBUG:root:received {"id":292,"src":"c17","dest":"n4","body":{"key":0,"from":0,"to":1,"type":"cas","msg_id":5}}
INFO:root:cas on key 0: expected 0, current 3, new 1
DEBUG:root:sending {"dest": "c17", "src": "n4", "body": {"msg_id": 10, "in_reply_to": 5, "type": "error", "code": 22, "text": "value does not match expected"}}
DEBUG:root:received {"id":314,"src":"c17","dest":"n4","body":{"key":0,"from":1,"to":0,"type":"cas","msg_id":6}}
INFO:root:cas on key 0: expected 1, current 3, new 0
DEBUG:root:sending {"dest": "c17", "src": "n4", "body": {"msg_id": 11, "in_reply_to": 6, "type": "error", "code": 22, "text": "value does not match expected"}}
DEBUG:root:received {"id":336,"src":"c17","dest":"n4","body":{"key":0,"from":3,"to":0,"type":"cas","msg_id":7}}
INFO:root:cas on key 0: expected 3, current 3, new 0
DEBUG:root:sending {"dest": "c17", "src": "n4", "body": {"msg_id": 12, "in_reply_to": 7, "type": "cas_ok"}}
DEBUG:root:received {"id":358,"src":"c17","dest":"n4","body":{"key":0,"from":1,"to":2,"type":"cas","msg_id":8}}
INFO:root:cas on key 0: expected 1, current 0, new 2
DEBUG:root:sending {"dest": "c17", "src": "n4", "body": {"msg_id": 13, "in_reply_to": 8, "type": "error", "code": 22, "text": "value does not match expected"}}
DEBUG:root:received {"id":370,"src":"c19","dest":"n4","body":{"key":0,"type":"read","msg_id":5}}
INFO:root:reading key 0 with value 0
DEBUG:root:sending {"dest": "c19", "src": "n4", "body": {"msg_id": 14, "in_reply_to": 5, "type": "read_ok", "value": 0}}
DEBUG:root:received {"id":392,"src":"c19","dest":"n4","body":{"key":0,"type":"read","msg_id":6}}
INFO:root:reading key 0 with value 0
DEBUG:root:sending {"dest": "c19", "src": "n4", "body": {"msg_id": 15, "in_reply_to": 6, "type": "read_ok", "value": 0}}
DEBUG:root:received {"id":402,"src":"c17","dest":"n4","body":{"key":0,"value":3,"type":"write","msg_id":9}}
INFO:root:writing key 0 with value 3
DEBUG:root:sending {"dest": "c17", "src": "n4", "body": {"msg_id": 16, "in_reply_to": 9, "type": "write_ok"}}
DEBUG:root:received {"id":414,"src":"c19","dest":"n4","body":{"key":0,"type":"read","msg_id":7}}
INFO:root:reading key 0 with value 3
DEBUG:root:sending {"dest": "c19", "src": "n4", "body": {"msg_id": 17, "in_reply_to": 7, "type": "read_ok", "value": 3}}
DEBUG:root:received {"id":424,"src":"c17","dest":"n4","body":{"key":0,"value":2,"type":"write","msg_id":10}}
INFO:root:writing key 0 with value 2
DEBUG:root:sending {"dest": "c17", "src": "n4", "body": {"msg_id": 18, "in_reply_to": 10, "type": "write_ok"}}
DEBUG:root:received {"id":436,"src":"c19","dest":"n4","body":{"key":0,"type":"read","msg_id":8}}
INFO:root:reading key 0 with value 2
DEBUG:root:sending {"dest": "c19", "src": "n4", "body": {"msg_id": 19, "in_reply_to": 8, "type": "read_ok", "value": 2}}
DEBUG:root:received {"id":446,"src":"c17","dest":"n4","body":{"key":0,"from":1,"to":2,"type":"cas","msg_id":11}}
INFO:root:cas on key 0: expected 1, current 2, new 2
DEBUG:root:sending {"dest": "c17", "src": "n4", "body": {"msg_id": 20, "in_reply_to": 11, "type": "error", "code": 22, "text": "value does not match expected"}}
DEBUG:root:received {"id":458,"src":"c19","dest":"n4","body":{"key":0,"type":"read","msg_id":9}}
INFO:root:reading key 0 with value 2
DEBUG:root:sending {"dest": "c19", "src": "n4", "body": {"msg_id": 21, "in_reply_to": 9, "type": "read_ok", "value": 2}}
DEBUG:root:received {"id":468,"src":"c17","dest":"n4","body":{"key":0,"from":1,"to":2,"type":"cas","msg_id":12}}
INFO:root:cas on key 0: expected 1, current 2, new 2
DEBUG:root:sending {"dest": "c17", "src": "n4", "body": {"msg_id": 22, "in_reply_to": 12, "type": "error", "code": 22, "text": "value does not match expected"}}
DEBUG:root:received {"id":480,"src":"c19","dest":"n4","body":{"key":0,"type":"read","msg_id":10}}
INFO:root:reading key 0 with value 2
DEBUG:root:sending {"dest": "c19", "src": "n4", "body": {"msg_id": 23, "in_reply_to": 10, "type": "read_ok", "value": 2}}
DEBUG:root:received {"id":512,"src":"c17","dest":"n4","body":{"key":0,"from":1,"to":0,"type":"cas","msg_id":13}}
INFO:root:cas on key 0: expected 1, current 2, new 0
DEBUG:root:sending {"dest": "c17", "src": "n4", "body": {"msg_id": 24, "in_reply_to": 13, "type": "error", "code": 22, "text": "value does not match expected"}}
DEBUG:root:received {"id":524,"src":"c19","dest":"n4","body":{"key":0,"type":"read","msg_id":11}}
INFO:root:reading key 0 with value 2
DEBUG:root:sending {"dest": "c19", "src": "n4", "body": {"msg_id": 25, "in_reply_to": 11, "type": "read_ok", "value": 2}}
DEBUG:root:received {"id":534,"src":"c17","dest":"n4","body":{"key":0,"from":2,"to":3,"type":"cas","msg_id":14}}
INFO:root:cas on key 0: expected 2, current 2, new 3
DEBUG:root:sending {"dest": "c17", "src": "n4", "body": {"msg_id": 26, "in_reply_to": 14, "type": "cas_ok"}}
Traceback (most recent call last):
