2026-02-04 15:38:51,715{GMT}	INFO	[jepsen test runner] jepsen.core: Test version a28cd52cd29d954ad02468455914053a3e6eeccf (plus uncommitted changes)
2026-02-04 15:38:51,716{GMT}	INFO	[jepsen test runner] jepsen.core: Command line:
lein run test -w echo --bin ./echo.py --node-count 1
2026-02-04 15:38:51,762{GMT}	INFO	[jepsen test runner] jepsen.core: Running test:
{:args []
 :remote
 #jepsen.control.retry.Remote{:remote #jepsen.control.scp.Remote{:cmd-remote #jepsen.control.sshj.SSHJRemote{:concurrency-limit 6,
                                                                                                             :conn-spec nil,
                                                                                                             :client nil,
                                                                                                             :semaphore nil},
                                                                 :conn-spec nil},
                              :conn nil}
 :log-net-send false
 :node-count 1
 :availability nil
 :max-txn-length 4
 :concurrency 1
 :db
 #object[maelstrom.db$db$reify__16612
         "0x72b8b04f"
         "maelstrom.db$db$reify__16612@72b8b04f"]
 :max-writes-per-key 16
 :leave-db-running? false
 :name "echo"
 :logging-json? false
 :start-time
 #object[org.joda.time.DateTime "0x38dde7ec" "2026-02-04T15:38:51.690Z"]
 :nemesis-interval 10
 :net
 #object[maelstrom.net$jepsen_net$reify__15721
         "0x3bc57af4"
         "maelstrom.net$jepsen_net$reify__15721@3bc57af4"]
 :client
 #object[maelstrom.workload.echo$client$reify__17402
         "0x3f19f197"
         "maelstrom.workload.echo$client$reify__17402@3f19f197"]
 :barrier
 #object[java.util.concurrent.CyclicBarrier
         "0x30628ef9"
         "java.util.concurrent.CyclicBarrier@30628ef9"]
 :log-stderr false
 :pure-generators true
 :ssh {:dummy? true}
 :rate 5
 :checker
 #object[jepsen.checker$compose$reify__11089
         "0x6757ed9e"
         "jepsen.checker$compose$reify__11089@6757ed9e"]
 :argv ("test" "-w" "echo" "--bin" "./echo.py" "--node-count" "1")
 :nemesis
 (jepsen.nemesis.ReflCompose
  {:fm {:start-partition 0,
        :stop-partition 0,
        :kill 1,
        :start 1,
        :pause 1,
        :resume 1},
   :nemeses [#unprintable "jepsen.nemesis.combined$partition_nemesis$reify__16905@77d5395a"
             #unprintable "jepsen.nemesis.combined$db_nemesis$reify__16886@7b0eb7e"]})
 :nodes ["n0"]
 :test-count 1
 :latency {:mean 0, :dist :constant}
 :bin "./echo.py"
 :generator
 #object[jepsen.util.Forgettable
         "0x3b6f7ab3"
         (jepsen.generator.TimeLimit
          {:limit 60000000000,
           :cutoff nil,
           :gen (jepsen.generator.Any
                 {:gens [(jepsen.generator.OnThreads
                          {:f #{:nemesis},
                           :context-filter #object[jepsen.generator.context$make_thread_filter$lazy_filter__12077
                                                   "0x22bf2a0d"
                                                   "jepsen.generator.context$make_thread_filter$lazy_filter__12077@22bf2a0d"],
                           :gen nil})
                         (jepsen.generator.OnThreads
                          {:f #jepsen.generator.context.AllBut{:element :nemesis},
                           :context-filter #object[jepsen.generator.context$make_thread_filter$lazy_filter__12077
                                                   "0x61774805"
                                                   "jepsen.generator.context$make_thread_filter$lazy_filter__12077@61774805"],
                           :gen (jepsen.generator.Stagger
                                 {:dt 400000000,
                                  :next-time nil,
                                  :gen (jepsen.generator.EachThread
                                        {:fresh-gen #object[maelstrom.workload.echo$workload$fn__17421
                                                            "0x57e351a"
                                                            "maelstrom.workload.echo$workload$fn__17421@57e351a"],
                                         :context-filters #object[clojure.core$promise$reify__8621
                                                                  "0x1b2c513e"
                                                                  {:status :pending,
                                                                   :val nil}],
                                         :gens {}})})})]})})]
 :log-net-recv false
 :os
 #object[maelstrom.net$jepsen_os$reify__15724
         "0x4098ef14"
         "maelstrom.net$jepsen_os$reify__15724@4098ef14"]
 :time-limit 60
 :workload :echo
 :consistency-models [:strict-serializable]
 :topology :grid}

2026-02-04 15:38:52,967{GMT}	INFO	[jepsen node n0] maelstrom.net: Starting Maelstrom network
2026-02-04 15:38:52,968{GMT}	INFO	[jepsen test runner] jepsen.db: Tearing down DB
2026-02-04 15:38:52,968{GMT}	INFO	[jepsen test runner] jepsen.db: Setting up DB
2026-02-04 15:38:52,970{GMT}	INFO	[jepsen node n0] maelstrom.service: Starting services: (lin-kv lin-tso lww-kv seq-kv)
2026-02-04 15:38:52,971{GMT}	INFO	[jepsen node n0] maelstrom.db: Setting up n0
2026-02-04 15:38:52,971{GMT}	INFO	[jepsen node n0] maelstrom.process: launching ./echo.py []
2026-02-04 15:38:53,014{GMT}	INFO	[jepsen test runner] jepsen.core: Relative time begins now
2026-02-04 15:38:53,027{GMT}	INFO	[jepsen worker 0] jepsen.util: 0	:invoke	:echo	"Please echo 56"
2026-02-04 15:38:53,032{GMT}	INFO	[jepsen worker 0] jepsen.util: 0	:ok	:echo	{:msg_id 2, :in_reply_to 1, :type "echo_ok", :echo "Please echo 56"}
2026-02-04 15:38:53,058{GMT}	INFO	[jepsen worker 0] jepsen.util: 0	:invoke	:echo	"Please echo 62"
2026-02-04 15:38:53,060{GMT}	INFO	[jepsen worker 0] jepsen.util: 0	:ok	:echo	{:msg_id 3, :in_reply_to 2, :type "echo_ok", :echo "Please echo 62"}
2026-02-04 15:38:53,303{GMT}	INFO	[jepsen worker 0] jepsen.util: 0	:invoke	:echo	"Please echo 61"
2026-02-04 15:38:53,305{GMT}	INFO	[jepsen worker 0] jepsen.util: 0	:ok	:echo	{:msg_id 4, :in_reply_to 3, :type "echo_ok", :echo "Please echo 61"}
2026-02-04 15:38:53,395{GMT}	INFO	[jepsen worker 0] jepsen.util: 0	:invoke	:echo	"Please echo 90"
2026-02-04 15:38:53,397{GMT}	INFO	[jepsen worker 0] jepsen.util: 0	:ok	:echo	{:msg_id 5, :in_reply_to 4, :type "echo_ok", :echo "Please echo 90"}
2026-02-04 15:38:53,555{GMT}	INFO	[jepsen worker 0] jepsen.util: 0	:invoke	:echo	"Please echo 116"
2026-02-04 15:38:53,558{GMT}	INFO	[jepsen worker 0] jepsen.util: 0	:ok	:echo	{:msg_id 6, :in_reply_to 5, :type "echo_ok", :echo "Please echo 116"}
2026-02-04 15:38:53,815{GMT}	INFO	[jepsen worker 0] jepsen.util: 0	:invoke	:echo	"Please echo 110"
2026-02-04 15:38:53,817{GMT}	INFO	[jepsen worker 0] jepsen.util: 0	:ok	:echo	{:msg_id 7, :in_reply_to 6, :type "echo_ok", :echo "Please echo 110"}
2026-02-04 15:38:53,957{GMT}	INFO	[jepsen worker 0] jepsen.util: 0	:invoke	:echo	"Please echo 97"
2026-02-04 15:38:53,959{GMT}	INFO	[jepsen worker 0] jepsen.util: 0	:ok	:echo	{:msg_id 8, :in_reply_to 7, :type "echo_ok", :echo "Please echo 97"}
2026-02-04 15:38:54,274{GMT}	INFO	[jepsen worker 0] jepsen.util: 0	:invoke	:echo	"Please echo 76"
2026-02-04 15:38:54,276{GMT}	INFO	[jepsen worker 0] jepsen.util: 0	:ok	:echo	{:msg_id 9, :in_reply_to 8, :type "echo_ok", :echo "Please echo 76"}
2026-02-04 15:38:54,562{GMT}	INFO	[jepsen worker 0] jepsen.util: 0	:invoke	:echo	"Please echo 4"
2026-02-04 15:38:54,564{GMT}	INFO	[jepsen worker 0] jepsen.util: 0	:ok	:echo	{:msg_id 10, :in_reply_to 9, :type "echo_ok", :echo "Please echo 4"}
2026-02-04 15:38:54,607{GMT}	INFO	[jepsen worker 0] jepsen.util: 0	:invoke	:echo	"Please echo 68"
2026-02-04 15:38:54,609{GMT}	INFO	[jepsen worker 0] jepsen.util: 0	:ok	:echo	{:msg_id 11, :in_reply_to 10, :type "echo_ok", :echo "Please echo 68"}
2026-02-04 15:38:54,693{GMT}	INFO	[jepsen worker 0] jepsen.util: 0	:invoke	:echo	"Please echo 69"
2026-02-04 15:38:54,695{GMT}	INFO	[jepsen worker 0] jepsen.util: 0	:ok	:echo	{:msg_id 12, :in_reply_to 11, :type "echo_ok", :echo "Please echo 69"}
2026-02-04 15:38:54,912{GMT}	INFO	[jepsen worker 0] jepsen.util: 0	:invoke	:echo	"Please echo 3"
2026-02-04 15:38:54,914{GMT}	INFO	[jepsen worker 0] jepsen.util: 0	:ok	:echo	{:msg_id 13, :in_reply_to 12, :type "echo_ok", :echo "Please echo 3"}
2026-02-04 15:38:54,914{GMT}	INFO	[jepsen worker 0] jepsen.util: 0	:invoke	:echo	"Please echo 81"
2026-02-04 15:38:54,916{GMT}	INFO	[jepsen worker 0] jepsen.util: 0	:ok	:echo	{:msg_id 14, :in_reply_to 13, :type "echo_ok", :echo "Please echo 81"}
2026-02-04 15:38:54,928{GMT}	INFO	[jepsen worker 0] jepsen.util: 0	:invoke	:echo	"Please echo 123"
2026-02-04 15:38:54,931{GMT}	INFO	[jepsen worker 0] jepsen.util: 0	:ok	:echo	{:msg_id 15, :in_reply_to 14, :type "echo_ok", :echo "Please echo 123"}
2026-02-04 15:38:55,301{GMT}	INFO	[jepsen worker 0] jepsen.util: 0	:invoke	:echo	"Please echo 33"
2026-02-04 15:38:55,303{GMT}	INFO	[jepsen worker 0] jepsen.util: 0	:ok	:echo	{:msg_id 16, :in_reply_to 15, :type "echo_ok", :echo "Please echo 33"}
2026-02-04 15:38:55,444{GMT}	INFO	[jepsen worker 0] jepsen.util: 0	:invoke	:echo	"Please echo 1"
2026-02-04 15:38:55,446{GMT}	INFO	[jepsen worker 0] jepsen.util: 0	:ok	:echo	{:msg_id 17, :in_reply_to 16, :type "echo_ok", :echo "Please echo 1"}
2026-02-04 15:38:55,821{GMT}	INFO	[jepsen worker 0] jepsen.util: 0	:invoke	:echo	"Please echo 18"
2026-02-04 15:38:55,823{GMT}	INFO	[jepsen worker 0] jepsen.util: 0	:ok	:echo	{:msg_id 18, :in_reply_to 17, :type "echo_ok", :echo "Please echo 18"}
2026-02-04 15:38:56,084{GMT}	INFO	[jepsen worker 0] jepsen.util: 0	:invoke	:echo	"Please echo 70"
2026-02-04 15:38:56,086{GMT}	INFO	[jepsen worker 0] jepsen.util: 0	:ok	:echo	{:msg_id 19, :in_reply_to 18, :type "echo_ok", :echo "Please echo 70"}
2026-02-04 15:38:56,196{GMT}	INFO	[jepsen worker 0] jepsen.util: 0	:invoke	:echo	"Please echo 115"
2026-02-04 15:38:56,198{GMT}	INFO	[jepsen worker 0] jepsen.util: 0	:ok	:echo	{:msg_id 20, :in_reply_to 19, :type "echo_ok", :echo "Please echo 115"}
2026-02-04 15:38:56,543{GMT}	INFO	[jepsen worker 0] jepsen.util: 0	:invoke	:echo	"Please echo 73"
2026-02-04 15:38:56,545{GMT}	INFO	[jepsen worker 0] jepsen.util: 0	:ok	:echo	{:msg_id 21, :in_reply_to 20, :type "echo_ok", :echo "Please echo 73"}
2026-02-04 15:38:56,715{GMT}	INFO	[jepsen worker 0] jepsen.util: 0	:invoke	:echo	"Please echo 71"
2026-02-04 15:38:56,717{GMT}	INFO	[jepsen worker 0] jepsen.util: 0	:ok	:echo	{:msg_id 22, :in_reply_to 21, :type "echo_ok", :echo "Please echo 71"}
2026-02-04 15:38:56,848{GMT}	INFO	[jepsen worker 0] jepsen.util: 0	:invoke	:echo	"Please echo 86"
2026-02-04 15:38:56,850{GMT}	INFO	[jepsen worker 0] jepsen.util: 0	:ok	:echo	{:msg_id 23, :in_reply_to 22, :type "echo_ok", :echo "Please echo 86"}
2026-02-04 15:38:56,936{GMT}	INFO	[jepsen worker 0] jepsen.util: 0	:invoke	:echo	"Please echo 37"
2026-02-04 15:38:56,938{GMT}	INFO	[jepsen worker 0] jepsen.util: 0	:ok	:echo	{:msg_id 24, :in_reply_to 23, :type "echo_ok", :echo "Please echo 37"}
2026-02-04 15:38:56,998{GMT}	INFO	[jepsen worker 0] jepsen.util: 0	:invoke	:echo	"Please echo 92"
2026-02-04 15:38:57,000{GMT}	INFO	[jepsen worker 0] jepsen.util: 0	:ok	:echo	{:msg_id 25, :in_reply_to 24, :type "echo_ok", :echo "Please echo 92"}
2026-02-04 15:38:57,277{GMT}	INFO	[jepsen worker 0] jepsen.util: 0	:invoke	:echo	"Please echo 92"
2026-02-04 15:38:57,279{GMT}	INFO	[jepsen worker 0] jepsen.util: 0	:ok	:echo	{:msg_id 26, :in_reply_to 25, :type "echo_ok", :echo "Please echo 92"}
2026-02-04 15:38:57,557{GMT}	INFO	[jepsen worker 0] jepsen.util: 0	:invoke	:echo	"Please echo 89"
2026-02-04 15:38:57,559{GMT}	INFO	[jepsen worker 0] jepsen.util: 0	:ok	:echo	{:msg_id 27, :in_reply_to 26, :type "echo_ok", :echo "Please echo 89"}
2026-02-04 15:38:57,681{GMT}	INFO	[jepsen worker 0] jepsen.util: 0	:invoke	:echo	"Please echo 115"
2026-02-04 15:38:57,682{GMT}	INFO	[jepsen worker 0] jepsen.util: 0	:ok	:echo	{:msg_id 28, :in_reply_to 27, :type "echo_ok", :echo "Please echo 115"}
2026-02-04 15:38:57,960{GMT}	INFO	[jepsen worker 0] jepsen.util: 0	:invoke	:echo	"Please echo 115"
2026-02-04 15:38:57,962{GMT}	INFO	[jepsen worker 0] jepsen.util: 0	:ok	:echo	{:msg_id 29, :in_reply_to 28, :type "echo_ok", :echo "Please echo 115"}
2026-02-04 15:38:58,345{GMT}	INFO	[jepsen worker 0] jepsen.util: 0	:invoke	:echo	"Please echo 97"
2026-02-04 15:38:58,347{GMT}	INFO	[jepsen worker 0] jepsen.util: 0	:ok	:echo	{:msg_id 30, :in_reply_to 29, :type "echo_ok", :echo "Please echo 97"}
2026-02-04 15:38:58,640{GMT}	INFO	[jepsen worker 0] jepsen.util: 0	:invoke	:echo	"Please echo 86"
2026-02-04 15:38:58,642{GMT}	INFO	[jepsen worker 0] jepsen.util: 0	:ok	:echo	{:msg_id 31, :in_reply_to 30, :type "echo_ok", :echo "Please echo 86"}
2026-02-04 15:38:58,673{GMT}	INFO	[jepsen worker 0] jepsen.util: 0	:invoke	:echo	"Please echo 99"
2026-02-04 15:38:58,675{GMT}	INFO	[jepsen worker 0] jepsen.util: 0	:ok	:echo	{:msg_id 32, :in_reply_to 31, :type "echo_ok", :echo "Please echo 99"}
2026-02-04 15:38:59,033{GMT}	INFO	[jepsen worker 0] jepsen.util: 0	:invoke	:echo	"Please echo 119"
2026-02-04 15:38:59,035{GMT}	INFO	[jepsen worker 0] jepsen.util: 0	:ok	:echo	{:msg_id 33, :in_reply_to 32, :type "echo_ok", :echo "Please echo 119"}
2026-02-04 15:38:59,235{GMT}	INFO	[jepsen worker 0] jepsen.util: 0	:invoke	:echo	"Please echo 48"
2026-02-04 15:38:59,237{GMT}	INFO	[jepsen worker 0] jepsen.util: 0	:ok	:echo	{:msg_id 34, :in_reply_to 33, :type "echo_ok", :echo "Please echo 48"}
2026-02-04 15:38:59,285{GMT}	INFO	[jepsen worker 0] jepsen.util: 0	:invoke	:echo	"Please echo 92"
2026-02-04 15:38:59,286{GMT}	INFO	[jepsen worker 0] jepsen.util: 0	:ok	:echo	{:msg_id 35, :in_reply_to 34, :type "echo_ok", :echo "Please echo 92"}
2026-02-04 15:38:59,422{GMT}	INFO	[jepsen worker 0] jepsen.util: 0	:invoke	:echo	"Please echo 106"
2026-02-04 15:38:59,424{GMT}	INFO	[jepsen worker 0] jepsen.util: 0	:ok	:echo	{:msg_id 36, :in_reply_to 35, :type "echo_ok", :echo "Please echo 106"}
2026-02-04 15:38:59,689{GMT}	INFO	[jepsen worker 0] jepsen.util: 0	:invoke	:echo	"Please echo 52"
2026-02-04 15:38:59,690{GMT}	INFO	[jepsen worker 0] jepsen.util: 0	:ok	:echo	{:msg_id 37, :in_reply_to 36, :type "echo_ok", :echo "Please echo 52"}
2026-02-04 15:38:59,785{GMT}	INFO	[jepsen worker 0] jepsen.util: 0	:invoke	:echo	"Please echo 47"
2026-02-04 15:38:59,787{GMT}	INFO	[jepsen worker 0] jepsen.util: 0	:ok	:echo	{:msg_id 38, :in_reply_to 37, :type "echo_ok", :echo "Please echo 47"}
2026-02-04 15:38:59,979{GMT}	INFO	[jepsen worker 0] jepsen.util: 0	:invoke	:echo	"Please echo 39"
2026-02-04 15:38:59,981{GMT}	INFO	[jepsen worker 0] jepsen.util: 0	:ok	:echo	{:msg_id 39, :in_reply_to 38, :type "echo_ok", :echo "Please echo 39"}
2026-02-04 15:39:00,211{GMT}	INFO	[jepsen worker 0] jepsen.util: 0	:invoke	:echo	"Please echo 79"
2026-02-04 15:39:00,212{GMT}	INFO	[jepsen worker 0] jepsen.util: 0	:ok	:echo	{:msg_id 40, :in_reply_to 39, :type "echo_ok", :echo "Please echo 79"}
2026-02-04 15:39:00,538{GMT}	INFO	[jepsen worker 0] jepsen.util: 0	:invoke	:echo	"Please echo 123"
2026-02-04 15:39:00,540{GMT}	INFO	[jepsen worker 0] jepsen.util: 0	:ok	:echo	{:msg_id 41, :in_reply_to 40, :type "echo_ok", :echo "Please echo 123"}
2026-02-04 15:39:00,564{GMT}	INFO	[jepsen worker 0] jepsen.util: 0	:invoke	:echo	"Please echo 80"
2026-02-04 15:39:00,566{GMT}	INFO	[jepsen worker 0] jepsen.util: 0	:ok	:echo	{:msg_id 42, :in_reply_to 41, :type "echo_ok", :echo "Please echo 80"}
2026-02-04 15:39:00,752{GMT}	INFO	[jepsen worker 0] jepsen.util: 0	:invoke	:echo	"Please echo 114"
2026-02-04 15:39:00,754{GMT}	INFO	[jepsen worker 0] jepsen.util: 0	:ok	:echo	{:msg_id 43, :in_reply_to 42, :type "echo_ok", :echo "Please echo 114"}
2026-02-04 15:39:01,122{GMT}	INFO	[jepsen worker 0] jepsen.util: 0	:invoke	:echo	"Please echo 36"
2026-02-04 15:39:01,123{GMT}	INFO	[jepsen worker 0] jepsen.util: 0	:ok	:echo	{:msg_id 44, :in_reply_to 43, :type "echo_ok", :echo "Please echo 36"}
2026-02-04 15:39:01,257{GMT}	INFO	[jepsen worker 0] jepsen.util: 0	:invoke	:echo	"Please echo 127"
2026-02-04 15:39:01,259{GMT}	INFO	[jepsen worker 0] jepsen.util: 0	:ok	:echo	{:msg_id 45, :in_reply_to 44, :type "echo_ok", :echo "Please echo 127"}
2026-02-04 15:39:01,507{GMT}	INFO	[jepsen worker 0] jepsen.util: 0	:invoke	:echo	"Please echo 53"
2026-02-04 15:39:01,509{GMT}	INFO	[jepsen worker 0] jepsen.util: 0	:ok	:echo	{:msg_id 46, :in_reply_to 45, :type "echo_ok", :echo "Please echo 53"}
2026-02-04 15:39:01,804{GMT}	INFO	[jepsen worker 0] jepsen.util: 0	:invoke	:echo	"Please echo 94"
2026-02-04 15:39:01,806{GMT}	INFO	[jepsen worker 0] jepsen.util: 0	:ok	:echo	{:msg_id 47, :in_reply_to 46, :type "echo_ok", :echo "Please echo 94"}
2026-02-04 15:39:01,961{GMT}	INFO	[jepsen worker 0] jepsen.util: 0	:invoke	:echo	"Please echo 48"
2026-02-04 15:39:01,963{GMT}	INFO	[jepsen worker 0] jepsen.util: 0	:ok	:echo	{:msg_id 48, :in_reply_to 47, :type "echo_ok", :echo "Please echo 48"}
2026-02-04 15:39:02,253{GMT}	INFO	[jepsen worker 0] jepsen.util: 0	:invoke	:echo	"Please echo 99"
2026-02-04 15:39:02,254{GMT}	INFO	[jepsen worker 0] jepsen.util: 0	:ok	:echo	{:msg_id 49, :in_reply_to 48, :type "echo_ok", :echo "Please echo 99"}
2026-02-04 15:39:02,356{GMT}	INFO	[jepsen worker 0] jepsen.util: 0	:invoke	:echo	"Please echo 97"
2026-02-04 15:39:02,358{GMT}	INFO	[jepsen worker 0] jepsen.util: 0	:ok	:echo	{:msg_id 50, :in_reply_to 49, :type "echo_ok", :echo "Please echo 97"}
2026-02-04 15:39:02,484{GMT}	INFO	[jepsen worker 0] jepsen.util: 0	:invoke	:echo	"Please echo 99"
2026-02-04 15:39:02,485{GMT}	INFO	[jepsen worker 0] jepsen.util: 0	:ok	:echo	{:msg_id 51, :in_reply_to 50, :type "echo_ok", :echo "Please echo 99"}
2026-02-04 15:39:02,616{GMT}	INFO	[jepsen worker 0] jepsen.util: 0	:invoke	:echo	"Please echo 75"
2026-02-04 15:39:02,617{GMT}	INFO	[jepsen worker 0] jepsen.util: 0	:ok	:echo	{:msg_id 52, :in_reply_to 51, :type "echo_ok", :echo "Please echo 75"}
2026-02-04 15:39:03,001{GMT}	INFO	[jepsen worker 0] jepsen.util: 0	:invoke	:echo	"Please echo 116"
2026-02-04 15:39:03,003{GMT}	INFO	[jepsen worker 0] jepsen.util: 0	:ok	:echo	{:msg_id 53, :in_reply_to 52, :type "echo_ok", :echo "Please echo 116"}
2026-02-04 15:39:03,098{GMT}	INFO	[jepsen worker 0] jepsen.util: 0	:invoke	:echo	"Please echo 19"
2026-02-04 15:39:03,100{GMT}	INFO	[jepsen worker 0] jepsen.util: 0	:ok	:echo	{:msg_id 54, :in_reply_to 53, :type "echo_ok", :echo "Please echo 19"}
2026-02-04 15:39:03,438{GMT}	INFO	[jepsen worker 0] jepsen.util: 0	:invoke	:echo	"Please echo 102"
2026-02-04 15:39:03,440{GMT}	INFO	[jepsen worker 0] jepsen.util: 0	:ok	:echo	{:msg_id 55, :in_reply_to 54, :type "echo_ok", :echo "Please echo 102"}
2026-02-04 15:39:03,545{GMT}	INFO	[jepsen worker 0] jepsen.util: 0	:invoke	:echo	"Please echo 102"
2026-02-04 15:39:03,546{GMT}	INFO	[jepsen worker 0] jepsen.util: 0	:ok	:echo	{:msg_id 56, :in_reply_to 55, :type "echo_ok", :echo "Please echo 102"}
2026-02-04 15:39:03,881{GMT}	INFO	[jepsen worker 0] jepsen.util: 0	:invoke	:echo	"Please echo 79"
2026-02-04 15:39:03,883{GMT}	INFO	[jepsen worker 0] jepsen.util: 0	:ok	:echo	{:msg_id 57, :in_reply_to 56, :type "echo_ok", :echo "Please echo 79"}
2026-02-04 15:39:04,127{GMT}	INFO	[jepsen worker 0] jepsen.util: 0	:invoke	:echo	"Please echo 123"
2026-02-04 15:39:04,129{GMT}	INFO	[jepsen worker 0] jepsen.util: 0	:ok	:echo	{:msg_id 58, :in_reply_to 57, :type "echo_ok", :echo "Please echo 123"}
2026-02-04 15:39:04,435{GMT}	INFO	[jepsen worker 0] jepsen.util: 0	:invoke	:echo	"Please echo 61"
2026-02-04 15:39:04,436{GMT}	INFO	[jepsen worker 0] jepsen.util: 0	:ok	:echo	{:msg_id 59, :in_reply_to 58, :type "echo_ok", :echo "Please echo 61"}
2026-02-04 15:39:04,682{GMT}	INFO	[jepsen worker 0] jepsen.util: 0	:invoke	:echo	"Please echo 102"
2026-02-04 15:39:04,684{GMT}	INFO	[jepsen worker 0] jepsen.util: 0	:ok	:echo	{:msg_id 60, :in_reply_to 59, :type "echo_ok", :echo "Please echo 102"}
2026-02-04 15:39:04,963{GMT}	INFO	[jepsen worker 0] jepsen.util: 0	:invoke	:echo	"Please echo 53"
2026-02-04 15:39:04,965{GMT}	INFO	[jepsen worker 0] jepsen.util: 0	:ok	:echo	{:msg_id 61, :in_reply_to 60, :type "echo_ok", :echo "Please echo 53"}
2026-02-04 15:39:05,045{GMT}	INFO	[jepsen worker 0] jepsen.util: 0	:invoke	:echo	"Please echo 36"
2026-02-04 15:39:05,046{GMT}	INFO	[jepsen worker 0] jepsen.util: 0	:ok	:echo	{:msg_id 62, :in_reply_to 61, :type "echo_ok", :echo "Please echo 36"}
2026-02-04 15:39:05,207{GMT}	INFO	[jepsen worker 0] jepsen.util: 0	:invoke	:echo	"Please echo 115"
2026-02-04 15:39:05,208{GMT}	INFO	[jepsen worker 0] jepsen.util: 0	:ok	:echo	{:msg_id 63, :in_reply_to 62, :type "echo_ok", :echo "Please echo 115"}
2026-02-04 15:39:05,602{GMT}	INFO	[jepsen worker 0] jepsen.util: 0	:invoke	:echo	"Please echo 86"
2026-02-04 15:39:05,603{GMT}	INFO	[jepsen worker 0] jepsen.util: 0	:ok	:echo	{:msg_id 64, :in_reply_to 63, :type "echo_ok", :echo "Please echo 86"}
2026-02-04 15:39:05,921{GMT}	INFO	[jepsen worker 0] jepsen.util: 0	:invoke	:echo	"Please echo 4"
2026-02-04 15:39:05,922{GMT}	INFO	[jepsen worker 0] jepsen.util: 0	:ok	:echo	{:msg_id 65, :in_reply_to 64, :type "echo_ok", :echo "Please echo 4"}
2026-02-04 15:39:06,179{GMT}	INFO	[jepsen worker 0] jepsen.util: 0	:invoke	:echo	"Please echo 6"
2026-02-04 15:39:06,181{GMT}	INFO	[jepsen worker 0] jepsen.util: 0	:ok	:echo	{:msg_id 66, :in_reply_to 65, :type "echo_ok", :echo "Please echo 6"}
2026-02-04 15:39:06,378{GMT}	INFO	[jepsen worker 0] jepsen.util: 0	:invoke	:echo	"Please echo 83"
2026-02-04 15:39:06,379{GMT}	INFO	[jepsen worker 0] jepsen.util: 0	:ok	:echo	{:msg_id 67, :in_reply_to 66, :type "echo_ok", :echo "Please echo 83"}
2026-02-04 15:39:06,745{GMT}	INFO	[jepsen worker 0] jepsen.util: 0	:invoke	:echo	"Please echo 97"
2026-02-04 15:39:06,747{GMT}	INFO	[jepsen worker 0] jepsen.util: 0	:ok	:echo	{:msg_id 68, :in_reply_to 67, :type "echo_ok", :echo "Please echo 97"}
2026-02-04 15:39:07,078{GMT}	INFO	[jepsen worker 0] jepsen.util: 0	:invoke	:echo	"Please echo 87"
2026-02-04 15:39:07,080{GMT}	INFO	[jepsen worker 0] jepsen.util: 0	:ok	:echo	{:msg_id 69, :in_reply_to 68, :type "echo_ok", :echo "Please echo 87"}
2026-02-04 15:39:07,268{GMT}	INFO	[jepsen worker 0] jepsen.util: 0	:invoke	:echo	"Please echo 84"
2026-02-04 15:39:07,270{GMT}	INFO	[jepsen worker 0] jepsen.util: 0	:ok	:echo	{:msg_id 70, :in_reply_to 69, :type "echo_ok", :echo "Please echo 84"}
2026-02-04 15:39:07,543{GMT}	INFO	[jepsen worker 0] jepsen.util: 0	:invoke	:echo	"Please echo 77"
2026-02-04 15:39:07,544{GMT}	INFO	[jepsen worker 0] jepsen.util: 0	:ok	:echo	{:msg_id 71, :in_reply_to 70, :type "echo_ok", :echo "Please echo 77"}
2026-02-04 15:39:07,705{GMT}	INFO	[jepsen worker 0] jepsen.util: 0	:invoke	:echo	"Please echo 61"
2026-02-04 15:39:07,707{GMT}	INFO	[jepsen worker 0] jepsen.util: 0	:ok	:echo	{:msg_id 72, :in_reply_to 71, :type "echo_ok", :echo "Please echo 61"}
2026-02-04 15:39:07,872{GMT}	INFO	[jepsen worker 0] jepsen.util: 0	:invoke	:echo	"Please echo 1"
2026-02-04 15:39:07,873{GMT}	INFO	[jepsen worker 0] jepsen.util: 0	:ok	:echo	{:msg_id 73, :in_reply_to 72, :type "echo_ok", :echo "Please echo 1"}
2026-02-04 15:39:08,120{GMT}	INFO	[jepsen worker 0] jepsen.util: 0	:invoke	:echo	"Please echo 62"
2026-02-04 15:39:08,122{GMT}	INFO	[jepsen worker 0] jepsen.util: 0	:ok	:echo	{:msg_id 74, :in_reply_to 73, :type "echo_ok", :echo "Please echo 62"}
2026-02-04 15:39:08,492{GMT}	INFO	[jepsen worker 0] jepsen.util: 0	:invoke	:echo	"Please echo 125"
2026-02-04 15:39:08,494{GMT}	INFO	[jepsen worker 0] jepsen.util: 0	:ok	:echo	{:msg_id 75, :in_reply_to 74, :type "echo_ok", :echo "Please echo 125"}
2026-02-04 15:39:08,708{GMT}	INFO	[jepsen worker 0] jepsen.util: 0	:invoke	:echo	"Please echo 92"
2026-02-04 15:39:08,710{GMT}	INFO	[jepsen worker 0] jepsen.util: 0	:ok	:echo	{:msg_id 76, :in_reply_to 75, :type "echo_ok", :echo "Please echo 92"}
2026-02-04 15:39:08,885{GMT}	INFO	[jepsen worker 0] jepsen.util: 0	:invoke	:echo	"Please echo 54"
2026-02-04 15:39:08,886{GMT}	INFO	[jepsen worker 0] jepsen.util: 0	:ok	:echo	{:msg_id 77, :in_reply_to 76, :type "echo_ok", :echo "Please echo 54"}
2026-02-04 15:39:09,240{GMT}	INFO	[jepsen worker 0] jepsen.util: 0	:invoke	:echo	"Please echo 118"
2026-02-04 15:39:09,241{GMT}	INFO	[jepsen worker 0] jepsen.util: 0	:ok	:echo	{:msg_id 78, :in_reply_to 77, :type "echo_ok", :echo "Please echo 118"}
2026-02-04 15:39:09,615{GMT}	INFO	[jepsen worker 0] jepsen.util: 0	:invoke	:echo	"Please echo 41"
2026-02-04 15:39:09,617{GMT}	INFO	[jepsen worker 0] jepsen.util: 0	:ok	:echo	{:msg_id 79, :in_reply_to 78, :type "echo_ok", :echo "Please echo 41"}
2026-02-04 15:39:10,014{GMT}	INFO	[jepsen worker 0] jepsen.util: 0	:invoke	:echo	"Please echo 44"
2026-02-04 15:39:10,015{GMT}	INFO	[jepsen worker 0] jepsen.util: 0	:ok	:echo	{:msg_id 80, :in_reply_to 79, :type "echo_ok", :echo "Please echo 44"}
2026-02-04 15:39:10,284{GMT}	INFO	[jepsen worker 0] jepsen.util: 0	:invoke	:echo	"Please echo 65"
2026-02-04 15:39:10,285{GMT}	INFO	[jepsen worker 0] jepsen.util: 0	:ok	:echo	{:msg_id 81, :in_reply_to 80, :type "echo_ok", :echo "Please echo 65"}
2026-02-04 15:39:10,371{GMT}	INFO	[jepsen worker 0] jepsen.util: 0	:invoke	:echo	"Please echo 127"
2026-02-04 15:39:10,373{GMT}	INFO	[jepsen worker 0] jepsen.util: 0	:ok	:echo	{:msg_id 82, :in_reply_to 81, :type "echo_ok", :echo "Please echo 127"}
2026-02-04 15:39:10,379{GMT}	INFO	[jepsen worker 0] jepsen.util: 0	:invoke	:echo	"Please echo 60"
2026-02-04 15:39:10,380{GMT}	INFO	[jepsen worker 0] jepsen.util: 0	:ok	:echo	{:msg_id 83, :in_reply_to 82, :type "echo_ok", :echo "Please echo 60"}
2026-02-04 15:39:10,522{GMT}	INFO	[jepsen worker 0] jepsen.util: 0	:invoke	:echo	"Please echo 7"
2026-02-04 15:39:10,524{GMT}	INFO	[jepsen worker 0] jepsen.util: 0	:ok	:echo	{:msg_id 84, :in_reply_to 83, :type "echo_ok", :echo "Please echo 7"}
2026-02-04 15:39:10,541{GMT}	INFO	[jepsen worker 0] jepsen.util: 0	:invoke	:echo	"Please echo 102"
2026-02-04 15:39:10,543{GMT}	INFO	[jepsen worker 0] jepsen.util: 0	:ok	:echo	{:msg_id 85, :in_reply_to 84, :type "echo_ok", :echo "Please echo 102"}
2026-02-04 15:39:10,879{GMT}	INFO	[jepsen worker 0] jepsen.util: 0	:invoke	:echo	"Please echo 69"
2026-02-04 15:39:10,881{GMT}	INFO	[jepsen worker 0] jepsen.util: 0	:ok	:echo	{:msg_id 86, :in_reply_to 85, :type "echo_ok", :echo "Please echo 69"}
2026-02-04 15:39:11,280{GMT}	INFO	[jepsen worker 0] jepsen.util: 0	:invoke	:echo	"Please echo 82"
2026-02-04 15:39:11,281{GMT}	INFO	[jepsen worker 0] jepsen.util: 0	:ok	:echo	{:msg_id 87, :in_reply_to 86, :type "echo_ok", :echo "Please echo 82"}
2026-02-04 15:39:11,451{GMT}	INFO	[jepsen worker 0] jepsen.util: 0	:invoke	:echo	"Please echo 109"
2026-02-04 15:39:11,452{GMT}	INFO	[jepsen worker 0] jepsen.util: 0	:ok	:echo	{:msg_id 88, :in_reply_to 87, :type "echo_ok", :echo "Please echo 109"}
2026-02-04 15:39:11,612{GMT}	INFO	[jepsen worker 0] jepsen.util: 0	:invoke	:echo	"Please echo 12"
2026-02-04 15:39:11,613{GMT}	INFO	[jepsen worker 0] jepsen.util: 0	:ok	:echo	{:msg_id 89, :in_reply_to 88, :type "echo_ok", :echo "Please echo 12"}
2026-02-04 15:39:11,864{GMT}	INFO	[jepsen worker 0] jepsen.util: 0	:invoke	:echo	"Please echo 61"
2026-02-04 15:39:11,865{GMT}	INFO	[jepsen worker 0] jepsen.util: 0	:ok	:echo	{:msg_id 90, :in_reply_to 89, :type "echo_ok", :echo "Please echo 61"}
2026-02-04 15:39:11,897{GMT}	INFO	[jepsen worker 0] jepsen.util: 0	:invoke	:echo	"Please echo 25"
2026-02-04 15:39:11,899{GMT}	INFO	[jepsen worker 0] jepsen.util: 0	:ok	:echo	{:msg_id 91, :in_reply_to 90, :type "echo_ok", :echo "Please echo 25"}
2026-02-04 15:39:12,290{GMT}	INFO	[jepsen worker 0] jepsen.util: 0	:invoke	:echo	"Please echo 67"
2026-02-04 15:39:12,292{GMT}	INFO	[jepsen worker 0] jepsen.util: 0	:ok	:echo	{:msg_id 92, :in_reply_to 91, :type "echo_ok", :echo "Please echo 67"}
2026-02-04 15:39:12,588{GMT}	INFO	[jepsen worker 0] jepsen.util: 0	:invoke	:echo	"Please echo 11"
2026-02-04 15:39:12,589{GMT}	INFO	[jepsen worker 0] jepsen.util: 0	:ok	:echo	{:msg_id 93, :in_reply_to 92, :type "echo_ok", :echo "Please echo 11"}
2026-02-04 15:39:12,656{GMT}	INFO	[jepsen worker 0] jepsen.util: 0	:invoke	:echo	"Please echo 109"
2026-02-04 15:39:12,658{GMT}	INFO	[jepsen worker 0] jepsen.util: 0	:ok	:echo	{:msg_id 94, :in_reply_to 93, :type "echo_ok", :echo "Please echo 109"}
2026-02-04 15:39:12,967{GMT}	INFO	[jepsen worker 0] jepsen.util: 0	:invoke	:echo	"Please echo 100"
2026-02-04 15:39:12,969{GMT}	INFO	[jepsen worker 0] jepsen.util: 0	:ok	:echo	{:msg_id 95, :in_reply_to 94, :type "echo_ok", :echo "Please echo 100"}
2026-02-04 15:39:13,249{GMT}	INFO	[jepsen worker 0] jepsen.util: 0	:invoke	:echo	"Please echo 20"
2026-02-04 15:39:13,251{GMT}	INFO	[jepsen worker 0] jepsen.util: 0	:ok	:echo	{:msg_id 96, :in_reply_to 95, :type "echo_ok", :echo "Please echo 20"}
2026-02-04 15:39:13,331{GMT}	INFO	[jepsen worker 0] jepsen.util: 0	:invoke	:echo	"Please echo 3"
2026-02-04 15:39:13,333{GMT}	INFO	[jepsen worker 0] jepsen.util: 0	:ok	:echo	{:msg_id 97, :in_reply_to 96, :type "echo_ok", :echo "Please echo 3"}
2026-02-04 15:39:13,544{GMT}	INFO	[jepsen worker 0] jepsen.util: 0	:invoke	:echo	"Please echo 62"
2026-02-04 15:39:13,545{GMT}	INFO	[jepsen worker 0] jepsen.util: 0	:ok	:echo	{:msg_id 98, :in_reply_to 97, :type "echo_ok", :echo "Please echo 62"}
2026-02-04 15:39:13,662{GMT}	INFO	[jepsen worker 0] jepsen.util: 0	:invoke	:echo	"Please echo 107"
2026-02-04 15:39:13,663{GMT}	INFO	[jepsen worker 0] jepsen.util: 0	:ok	:echo	{:msg_id 99, :in_reply_to 98, :type "echo_ok", :echo "Please echo 107"}
2026-02-04 15:39:13,741{GMT}	INFO	[jepsen worker 0] jepsen.util: 0	:invoke	:echo	"Please echo 71"
2026-02-04 15:39:13,743{GMT}	INFO	[jepsen worker 0] jepsen.util: 0	:ok	:echo	{:msg_id 100, :in_reply_to 99, :type "echo_ok", :echo "Please echo 71"}
2026-02-04 15:39:13,855{GMT}	INFO	[jepsen worker 0] jepsen.util: 0	:invoke	:echo	"Please echo 75"
2026-02-04 15:39:13,856{GMT}	INFO	[jepsen worker 0] jepsen.util: 0	:ok	:echo	{:msg_id 101, :in_reply_to 100, :type "echo_ok", :echo "Please echo 75"}
2026-02-04 15:39:14,097{GMT}	INFO	[jepsen worker 0] jepsen.util: 0	:invoke	:echo	"Please echo 64"
2026-02-04 15:39:14,099{GMT}	INFO	[jepsen worker 0] jepsen.util: 0	:ok	:echo	{:msg_id 102, :in_reply_to 101, :type "echo_ok", :echo "Please echo 64"}
2026-02-04 15:39:14,122{GMT}	INFO	[jepsen worker 0] jepsen.util: 0	:invoke	:echo	"Please echo 86"
2026-02-04 15:39:14,124{GMT}	INFO	[jepsen worker 0] jepsen.util: 0	:ok	:echo	{:msg_id 103, :in_reply_to 102, :type "echo_ok", :echo "Please echo 86"}
2026-02-04 15:39:14,248{GMT}	INFO	[jepsen worker 0] jepsen.util: 0	:invoke	:echo	"Please echo 113"
2026-02-04 15:39:14,249{GMT}	INFO	[jepsen worker 0] jepsen.util: 0	:ok	:echo	{:msg_id 104, :in_reply_to 103, :type "echo_ok", :echo "Please echo 113"}
2026-02-04 15:39:14,288{GMT}	INFO	[jepsen worker 0] jepsen.util: 0	:invoke	:echo	"Please echo 42"
2026-02-04 15:39:14,289{GMT}	INFO	[jepsen worker 0] jepsen.util: 0	:ok	:echo	{:msg_id 105, :in_reply_to 104, :type "echo_ok", :echo "Please echo 42"}
2026-02-04 15:39:14,489{GMT}	INFO	[jepsen worker 0] jepsen.util: 0	:invoke	:echo	"Please echo 2"
2026-02-04 15:39:14,490{GMT}	INFO	[jepsen worker 0] jepsen.util: 0	:ok	:echo	{:msg_id 106, :in_reply_to 105, :type "echo_ok", :echo "Please echo 2"}
2026-02-04 15:39:14,573{GMT}	INFO	[jepsen worker 0] jepsen.util: 0	:invoke	:echo	"Please echo 83"
2026-02-04 15:39:14,574{GMT}	INFO	[jepsen worker 0] jepsen.util: 0	:ok	:echo	{:msg_id 107, :in_reply_to 106, :type "echo_ok", :echo "Please echo 83"}
2026-02-04 15:39:14,662{GMT}	INFO	[jepsen worker 0] jepsen.util: 0	:invoke	:echo	"Please echo 24"
2026-02-04 15:39:14,663{GMT}	INFO	[jepsen worker 0] jepsen.util: 0	:ok	:echo	{:msg_id 108, :in_reply_to 107, :type "echo_ok", :echo "Please echo 24"}
2026-02-04 15:39:14,924{GMT}	INFO	[jepsen worker 0] jepsen.util: 0	:invoke	:echo	"Please echo 33"
2026-02-04 15:39:14,925{GMT}	INFO	[jepsen worker 0] jepsen.util: 0	:ok	:echo	{:msg_id 109, :in_reply_to 108, :type "echo_ok", :echo "Please echo 33"}
2026-02-04 15:39:15,118{GMT}	INFO	[jepsen worker 0] jepsen.util: 0	:invoke	:echo	"Please echo 108"
2026-02-04 15:39:15,120{GMT}	INFO	[jepsen worker 0] jepsen.util: 0	:ok	:echo	{:msg_id 110, :in_reply_to 109, :type "echo_ok", :echo "Please echo 108"}
2026-02-04 15:39:15,199{GMT}	INFO	[jepsen worker 0] jepsen.util: 0	:invoke	:echo	"Please echo 19"
2026-02-04 15:39:15,201{GMT}	INFO	[jepsen worker 0] jepsen.util: 0	:ok	:echo	{:msg_id 111, :in_reply_to 110, :type "echo_ok", :echo "Please echo 19"}
2026-02-04 15:39:15,571{GMT}	INFO	[jepsen worker 0] jepsen.util: 0	:invoke	:echo	"Please echo 49"
2026-02-04 15:39:15,573{GMT}	INFO	[jepsen worker 0] jepsen.util: 0	:ok	:echo	{:msg_id 112, :in_reply_to 111, :type "echo_ok", :echo "Please echo 49"}
2026-02-04 15:39:15,731{GMT}	INFO	[jepsen worker 0] jepsen.util: 0	:invoke	:echo	"Please echo 56"
2026-02-04 15:39:15,732{GMT}	INFO	[jepsen worker 0] jepsen.util: 0	:ok	:echo	{:msg_id 113, :in_reply_to 112, :type "echo_ok", :echo "Please echo 56"}
2026-02-04 15:39:15,860{GMT}	INFO	[jepsen worker 0] jepsen.util: 0	:invoke	:echo	"Please echo 116"
2026-02-04 15:39:15,862{GMT}	INFO	[jepsen worker 0] jepsen.util: 0	:ok	:echo	{:msg_id 114, :in_reply_to 113, :type "echo_ok", :echo "Please echo 116"}
2026-02-04 15:39:16,242{GMT}	INFO	[jepsen worker 0] jepsen.util: 0	:invoke	:echo	"Please echo 40"
2026-02-04 15:39:16,243{GMT}	INFO	[jepsen worker 0] jepsen.util: 0	:ok	:echo	{:msg_id 115, :in_reply_to 114, :type "echo_ok", :echo "Please echo 40"}
2026-02-04 15:39:16,326{GMT}	INFO	[jepsen worker 0] jepsen.util: 0	:invoke	:echo	"Please echo 2"
2026-02-04 15:39:16,328{GMT}	INFO	[jepsen worker 0] jepsen.util: 0	:ok	:echo	{:msg_id 116, :in_reply_to 115, :type "echo_ok", :echo "Please echo 2"}
2026-02-04 15:39:16,568{GMT}	INFO	[jepsen worker 0] jepsen.util: 0	:invoke	:echo	"Please echo 88"
2026-02-04 15:39:16,569{GMT}	INFO	[jepsen worker 0] jepsen.util: 0	:ok	:echo	{:msg_id 117, :in_reply_to 116, :type "echo_ok", :echo "Please echo 88"}
2026-02-04 15:39:16,597{GMT}	INFO	[jepsen worker 0] jepsen.util: 0	:invoke	:echo	"Please echo 99"
2026-02-04 15:39:16,599{GMT}	INFO	[jepsen worker 0] jepsen.util: 0	:ok	:echo	{:msg_id 118, :in_reply_to 117, :type "echo_ok", :echo "Please echo 99"}
2026-02-04 15:39:16,649{GMT}	INFO	[jepsen worker 0] jepsen.util: 0	:invoke	:echo	"Please echo 105"
2026-02-04 15:39:16,650{GMT}	INFO	[jepsen worker 0] jepsen.util: 0	:ok	:echo	{:msg_id 119, :in_reply_to 118, :type "echo_ok", :echo "Please echo 105"}
2026-02-04 15:39:16,699{GMT}	INFO	[jepsen worker 0] jepsen.util: 0	:invoke	:echo	"Please echo 101"
2026-02-04 15:39:16,700{GMT}	INFO	[jepsen worker 0] jepsen.util: 0	:ok	:echo	{:msg_id 120, :in_reply_to 119, :type "echo_ok", :echo "Please echo 101"}
2026-02-04 15:39:16,811{GMT}	INFO	[jepsen worker 0] jepsen.util: 0	:invoke	:echo	"Please echo 99"
2026-02-04 15:39:16,812{GMT}	INFO	[jepsen worker 0] jepsen.util: 0	:ok	:echo	{:msg_id 121, :in_reply_to 120, :type "echo_ok", :echo "Please echo 99"}
2026-02-04 15:39:17,093{GMT}	INFO	[jepsen worker 0] jepsen.util: 0	:invoke	:echo	"Please echo 60"
2026-02-04 15:39:17,094{GMT}	INFO	[jepsen worker 0] jepsen.util: 0	:ok	:echo	{:msg_id 122, :in_reply_to 121, :type "echo_ok", :echo "Please echo 60"}
2026-02-04 15:39:17,273{GMT}	INFO	[jepsen worker 0] jepsen.util: 0	:invoke	:echo	"Please echo 19"
2026-02-04 15:39:17,275{GMT}	INFO	[jepsen worker 0] jepsen.util: 0	:ok	:echo	{:msg_id 123, :in_reply_to 122, :type "echo_ok", :echo "Please echo 19"}
2026-02-04 15:39:17,507{GMT}	INFO	[jepsen worker 0] jepsen.util: 0	:invoke	:echo	"Please echo 91"
2026-02-04 15:39:17,508{GMT}	INFO	[jepsen worker 0] jepsen.util: 0	:ok	:echo	{:msg_id 124, :in_reply_to 123, :type "echo_ok", :echo "Please echo 91"}
2026-02-04 15:39:17,775{GMT}	INFO	[jepsen worker 0] jepsen.util: 0	:invoke	:echo	"Please echo 90"
2026-02-04 15:39:17,776{GMT}	INFO	[jepsen worker 0] jepsen.util: 0	:ok	:echo	{:msg_id 125, :in_reply_to 124, :type "echo_ok", :echo "Please echo 90"}
2026-02-04 15:39:17,792{GMT}	INFO	[jepsen worker 0] jepsen.util: 0	:invoke	:echo	"Please echo 65"
2026-02-04 15:39:17,793{GMT}	INFO	[jepsen worker 0] jepsen.util: 0	:ok	:echo	{:msg_id 126, :in_reply_to 125, :type "echo_ok", :echo "Please echo 65"}
2026-02-04 15:39:17,874{GMT}	INFO	[jepsen worker 0] jepsen.util: 0	:invoke	:echo	"Please echo 5"
2026-02-04 15:39:17,876{GMT}	INFO	[jepsen worker 0] jepsen.util: 0	:ok	:echo	{:msg_id 127, :in_reply_to 126, :type "echo_ok", :echo "Please echo 5"}
2026-02-04 15:39:18,137{GMT}	INFO	[jepsen worker 0] jepsen.util: 0	:invoke	:echo	"Please echo 48"
2026-02-04 15:39:18,139{GMT}	INFO	[jepsen worker 0] jepsen.util: 0	:ok	:echo	{:msg_id 128, :in_reply_to 127, :type "echo_ok", :echo "Please echo 48"}
2026-02-04 15:39:18,378{GMT}	INFO	[jepsen worker 0] jepsen.util: 0	:invoke	:echo	"Please echo 111"
2026-02-04 15:39:18,380{GMT}	INFO	[jepsen worker 0] jepsen.util: 0	:ok	:echo	{:msg_id 129, :in_reply_to 128, :type "echo_ok", :echo "Please echo 111"}
2026-02-04 15:39:18,748{GMT}	INFO	[jepsen worker 0] jepsen.util: 0	:invoke	:echo	"Please echo 102"
2026-02-04 15:39:18,750{GMT}	INFO	[jepsen worker 0] jepsen.util: 0	:ok	:echo	{:msg_id 130, :in_reply_to 129, :type "echo_ok", :echo "Please echo 102"}
2026-02-04 15:39:18,864{GMT}	INFO	[jepsen worker 0] jepsen.util: 0	:invoke	:echo	"Please echo 27"
2026-02-04 15:39:18,865{GMT}	INFO	[jepsen worker 0] jepsen.util: 0	:ok	:echo	{:msg_id 131, :in_reply_to 130, :type "echo_ok", :echo "Please echo 27"}
2026-02-04 15:39:19,105{GMT}	INFO	[jepsen worker 0] jepsen.util: 0	:invoke	:echo	"Please echo 79"
2026-02-04 15:39:19,106{GMT}	INFO	[jepsen worker 0] jepsen.util: 0	:ok	:echo	{:msg_id 132, :in_reply_to 131, :type "echo_ok", :echo "Please echo 79"}
2026-02-04 15:39:19,166{GMT}	INFO	[jepsen worker 0] jepsen.util: 0	:invoke	:echo	"Please echo 44"
2026-02-04 15:39:19,167{GMT}	INFO	[jepsen worker 0] jepsen.util: 0	:ok	:echo	{:msg_id 133, :in_reply_to 132, :type "echo_ok", :echo "Please echo 44"}
2026-02-04 15:39:19,416{GMT}	INFO	[jepsen worker 0] jepsen.util: 0	:invoke	:echo	"Please echo 102"
2026-02-04 15:39:19,418{GMT}	INFO	[jepsen worker 0] jepsen.util: 0	:ok	:echo	{:msg_id 134, :in_reply_to 133, :type "echo_ok", :echo "Please echo 102"}
2026-02-04 15:39:19,599{GMT}	INFO	[jepsen worker 0] jepsen.util: 0	:invoke	:echo	"Please echo 60"
2026-02-04 15:39:19,600{GMT}	INFO	[jepsen worker 0] jepsen.util: 0	:ok	:echo	{:msg_id 135, :in_reply_to 134, :type "echo_ok", :echo "Please echo 60"}
2026-02-04 15:39:19,900{GMT}	INFO	[jepsen worker 0] jepsen.util: 0	:invoke	:echo	"Please echo 96"
2026-02-04 15:39:19,901{GMT}	INFO	[jepsen worker 0] jepsen.util: 0	:ok	:echo	{:msg_id 136, :in_reply_to 135, :type "echo_ok", :echo "Please echo 96"}
2026-02-04 15:39:20,079{GMT}	INFO	[jepsen worker 0] jepsen.util: 0	:invoke	:echo	"Please echo 61"
2026-02-04 15:39:20,080{GMT}	INFO	[jepsen worker 0] jepsen.util: 0	:ok	:echo	{:msg_id 137, :in_reply_to 136, :type "echo_ok", :echo "Please echo 61"}
2026-02-04 15:39:20,421{GMT}	INFO	[jepsen worker 0] jepsen.util: 0	:invoke	:echo	"Please echo 32"
2026-02-04 15:39:20,422{GMT}	INFO	[jepsen worker 0] jepsen.util: 0	:ok	:echo	{:msg_id 138, :in_reply_to 137, :type "echo_ok", :echo "Please echo 32"}
2026-02-04 15:39:20,687{GMT}	INFO	[jepsen worker 0] jepsen.util: 0	:invoke	:echo	"Please echo 97"
2026-02-04 15:39:20,688{GMT}	INFO	[jepsen worker 0] jepsen.util: 0	:ok	:echo	{:msg_id 139, :in_reply_to 138, :type "echo_ok", :echo "Please echo 97"}
2026-02-04 15:39:20,993{GMT}	INFO	[jepsen worker 0] jepsen.util: 0	:invoke	:echo	"Please echo 116"
2026-02-04 15:39:20,995{GMT}	INFO	[jepsen worker 0] jepsen.util: 0	:ok	:echo	{:msg_id 140, :in_reply_to 139, :type "echo_ok", :echo "Please echo 116"}
2026-02-04 15:39:21,224{GMT}	INFO	[jepsen worker 0] jepsen.util: 0	:invoke	:echo	"Please echo 68"
2026-02-04 15:39:21,225{GMT}	INFO	[jepsen worker 0] jepsen.util: 0	:ok	:echo	{:msg_id 141, :in_reply_to 140, :type "echo_ok", :echo "Please echo 68"}
2026-02-04 15:39:21,597{GMT}	INFO	[jepsen worker 0] jepsen.util: 0	:invoke	:echo	"Please echo 13"
2026-02-04 15:39:21,598{GMT}	INFO	[jepsen worker 0] jepsen.util: 0	:ok	:echo	{:msg_id 142, :in_reply_to 141, :type "echo_ok", :echo "Please echo 13"}
2026-02-04 15:39:21,843{GMT}	INFO	[jepsen worker 0] jepsen.util: 0	:invoke	:echo	"Please echo 107"
2026-02-04 15:39:21,844{GMT}	INFO	[jepsen worker 0] jepsen.util: 0	:ok	:echo	{:msg_id 143, :in_reply_to 142, :type "echo_ok", :echo "Please echo 107"}
2026-02-04 15:39:22,218{GMT}	INFO	[jepsen worker 0] jepsen.util: 0	:invoke	:echo	"Please echo 48"
2026-02-04 15:39:22,219{GMT}	INFO	[jepsen worker 0] jepsen.util: 0	:ok	:echo	{:msg_id 144, :in_reply_to 143, :type "echo_ok", :echo "Please echo 48"}
2026-02-04 15:39:22,568{GMT}	INFO	[jepsen worker 0] jepsen.util: 0	:invoke	:echo	"Please echo 24"
2026-02-04 15:39:22,569{GMT}	INFO	[jepsen worker 0] jepsen.util: 0	:ok	:echo	{:msg_id 145, :in_reply_to 144, :type "echo_ok", :echo "Please echo 24"}
2026-02-04 15:39:22,941{GMT}	INFO	[jepsen worker 0] jepsen.util: 0	:invoke	:echo	"Please echo 87"
2026-02-04 15:39:22,942{GMT}	INFO	[jepsen worker 0] jepsen.util: 0	:ok	:echo	{:msg_id 146, :in_reply_to 145, :type "echo_ok", :echo "Please echo 87"}
2026-02-04 15:39:23,312{GMT}	INFO	[jepsen worker 0] jepsen.util: 0	:invoke	:echo	"Please echo 79"
2026-02-04 15:39:23,314{GMT}	INFO	[jepsen worker 0] jepsen.util: 0	:ok	:echo	{:msg_id 147, :in_reply_to 146, :type "echo_ok", :echo "Please echo 79"}
2026-02-04 15:39:23,497{GMT}	INFO	[jepsen worker 0] jepsen.util: 0	:invoke	:echo	"Please echo 106"
2026-02-04 15:39:23,498{GMT}	INFO	[jepsen worker 0] jepsen.util: 0	:ok	:echo	{:msg_id 148, :in_reply_to 147, :type "echo_ok", :echo "Please echo 106"}
2026-02-04 15:39:23,547{GMT}	INFO	[jepsen worker 0] jepsen.util: 0	:invoke	:echo	"Please echo 126"
2026-02-04 15:39:23,548{GMT}	INFO	[jepsen worker 0] jepsen.util: 0	:ok	:echo	{:msg_id 149, :in_reply_to 148, :type "echo_ok", :echo "Please echo 126"}
2026-02-04 15:39:23,912{GMT}	INFO	[jepsen worker 0] jepsen.util: 0	:invoke	:echo	"Please echo 21"
2026-02-04 15:39:23,913{GMT}	INFO	[jepsen worker 0] jepsen.util: 0	:ok	:echo	{:msg_id 150, :in_reply_to 149, :type "echo_ok", :echo "Please echo 21"}
2026-02-04 15:39:24,127{GMT}	INFO	[jepsen worker 0] jepsen.util: 0	:invoke	:echo	"Please echo 37"
2026-02-04 15:39:24,129{GMT}	INFO	[jepsen worker 0] jepsen.util: 0	:ok	:echo	{:msg_id 151, :in_reply_to 150, :type "echo_ok", :echo "Please echo 37"}
2026-02-04 15:39:24,497{GMT}	INFO	[jepsen worker 0] jepsen.util: 0	:invoke	:echo	"Please echo 113"
2026-02-04 15:39:24,498{GMT}	INFO	[jepsen worker 0] jepsen.util: 0	:ok	:echo	{:msg_id 152, :in_reply_to 151, :type "echo_ok", :echo "Please echo 113"}
2026-02-04 15:39:24,654{GMT}	INFO	[jepsen worker 0] jepsen.util: 0	:invoke	:echo	"Please echo 8"
2026-02-04 15:39:24,655{GMT}	INFO	[jepsen worker 0] jepsen.util: 0	:ok	:echo	{:msg_id 153, :in_reply_to 152, :type "echo_ok", :echo "Please echo 8"}
2026-02-04 15:39:24,857{GMT}	INFO	[jepsen worker 0] jepsen.util: 0	:invoke	:echo	"Please echo 103"
2026-02-04 15:39:24,858{GMT}	INFO	[jepsen worker 0] jepsen.util: 0	:ok	:echo	{:msg_id 154, :in_reply_to 153, :type "echo_ok", :echo "Please echo 103"}
2026-02-04 15:39:24,951{GMT}	INFO	[jepsen worker 0] jepsen.util: 0	:invoke	:echo	"Please echo 115"
2026-02-04 15:39:24,952{GMT}	INFO	[jepsen worker 0] jepsen.util: 0	:ok	:echo	{:msg_id 155, :in_reply_to 154, :type "echo_ok", :echo "Please echo 115"}
2026-02-04 15:39:25,118{GMT}	INFO	[jepsen worker 0] jepsen.util: 0	:invoke	:echo	"Please echo 57"
2026-02-04 15:39:25,120{GMT}	INFO	[jepsen worker 0] jepsen.util: 0	:ok	:echo	{:msg_id 156, :in_reply_to 155, :type "echo_ok", :echo "Please echo 57"}
2026-02-04 15:39:25,333{GMT}	INFO	[jepsen worker 0] jepsen.util: 0	:invoke	:echo	"Please echo 116"
2026-02-04 15:39:25,334{GMT}	INFO	[jepsen worker 0] jepsen.util: 0	:ok	:echo	{:msg_id 157, :in_reply_to 156, :type "echo_ok", :echo "Please echo 116"}
2026-02-04 15:39:25,529{GMT}	INFO	[jepsen worker 0] jepsen.util: 0	:invoke	:echo	"Please echo 75"
2026-02-04 15:39:25,530{GMT}	INFO	[jepsen worker 0] jepsen.util: 0	:ok	:echo	{:msg_id 158, :in_reply_to 157, :type "echo_ok", :echo "Please echo 75"}
2026-02-04 15:39:25,714{GMT}	INFO	[jepsen worker 0] jepsen.util: 0	:invoke	:echo	"Please echo 110"
2026-02-04 15:39:25,715{GMT}	INFO	[jepsen worker 0] jepsen.util: 0	:ok	:echo	{:msg_id 159, :in_reply_to 158, :type "echo_ok", :echo "Please echo 110"}
2026-02-04 15:39:25,715{GMT}	INFO	[jepsen worker 0] jepsen.util: 0	:invoke	:echo	"Please echo 76"
2026-02-04 15:39:25,716{GMT}	INFO	[jepsen worker 0] jepsen.util: 0	:ok	:echo	{:msg_id 160, :in_reply_to 159, :type "echo_ok", :echo "Please echo 76"}
2026-02-04 15:39:25,741{GMT}	INFO	[jepsen worker 0] jepsen.util: 0	:invoke	:echo	"Please echo 9"
2026-02-04 15:39:25,742{GMT}	INFO	[jepsen worker 0] jepsen.util: 0	:ok	:echo	{:msg_id 161, :in_reply_to 160, :type "echo_ok", :echo "Please echo 9"}
2026-02-04 15:39:26,012{GMT}	INFO	[jepsen worker 0] jepsen.util: 0	:invoke	:echo	"Please echo 55"
2026-02-04 15:39:26,013{GMT}	INFO	[jepsen worker 0] jepsen.util: 0	:ok	:echo	{:msg_id 162, :in_reply_to 161, :type "echo_ok", :echo "Please echo 55"}
2026-02-04 15:39:26,099{GMT}	INFO	[jepsen worker 0] jepsen.util: 0	:invoke	:echo	"Please echo 42"
2026-02-04 15:39:26,100{GMT}	INFO	[jepsen worker 0] jepsen.util: 0	:ok	:echo	{:msg_id 163, :in_reply_to 162, :type "echo_ok", :echo "Please echo 42"}
2026-02-04 15:39:26,403{GMT}	INFO	[jepsen worker 0] jepsen.util: 0	:invoke	:echo	"Please echo 1"
2026-02-04 15:39:26,404{GMT}	INFO	[jepsen worker 0] jepsen.util: 0	:ok	:echo	{:msg_id 164, :in_reply_to 163, :type "echo_ok", :echo "Please echo 1"}
2026-02-04 15:39:26,440{GMT}	INFO	[jepsen worker 0] jepsen.util: 0	:invoke	:echo	"Please echo 77"
2026-02-04 15:39:26,442{GMT}	INFO	[jepsen worker 0] jepsen.util: 0	:ok	:echo	{:msg_id 165, :in_reply_to 164, :type "echo_ok", :echo "Please echo 77"}
2026-02-04 15:39:26,654{GMT}	INFO	[jepsen worker 0] jepsen.util: 0	:invoke	:echo	"Please echo 68"
2026-02-04 15:39:26,655{GMT}	INFO	[jepsen worker 0] jepsen.util: 0	:ok	:echo	{:msg_id 166, :in_reply_to 165, :type "echo_ok", :echo "Please echo 68"}
2026-02-04 15:39:26,753{GMT}	INFO	[jepsen worker 0] jepsen.util: 0	:invoke	:echo	"Please echo 63"
2026-02-04 15:39:26,754{GMT}	INFO	[jepsen worker 0] jepsen.util: 0	:ok	:echo	{:msg_id 167, :in_reply_to 166, :type "echo_ok", :echo "Please echo 63"}
2026-02-04 15:39:27,109{GMT}	INFO	[jepsen worker 0] jepsen.util: 0	:invoke	:echo	"Please echo 31"
2026-02-04 15:39:27,111{GMT}	INFO	[jepsen worker 0] jepsen.util: 0	:ok	:echo	{:msg_id 168, :in_reply_to 167, :type "echo_ok", :echo "Please echo 31"}
2026-02-04 15:39:27,465{GMT}	INFO	[jepsen worker 0] jepsen.util: 0	:invoke	:echo	"Please echo 84"
2026-02-04 15:39:27,466{GMT}	INFO	[jepsen worker 0] jepsen.util: 0	:ok	:echo	{:msg_id 169, :in_reply_to 168, :type "echo_ok", :echo "Please echo 84"}
2026-02-04 15:39:27,566{GMT}	INFO	[jepsen worker 0] jepsen.util: 0	:invoke	:echo	"Please echo 114"
2026-02-04 15:39:27,567{GMT}	INFO	[jepsen worker 0] jepsen.util: 0	:ok	:echo	{:msg_id 170, :in_reply_to 169, :type "echo_ok", :echo "Please echo 114"}
2026-02-04 15:39:27,892{GMT}	INFO	[jepsen worker 0] jepsen.util: 0	:invoke	:echo	"Please echo 36"
2026-02-04 15:39:27,893{GMT}	INFO	[jepsen worker 0] jepsen.util: 0	:ok	:echo	{:msg_id 171, :in_reply_to 170, :type "echo_ok", :echo "Please echo 36"}
2026-02-04 15:39:28,101{GMT}	INFO	[jepsen worker 0] jepsen.util: 0	:invoke	:echo	"Please echo 80"
2026-02-04 15:39:28,103{GMT}	INFO	[jepsen worker 0] jepsen.util: 0	:ok	:echo	{:msg_id 172, :in_reply_to 171, :type "echo_ok", :echo "Please echo 80"}
2026-02-04 15:39:28,475{GMT}	INFO	[jepsen worker 0] jepsen.util: 0	:invoke	:echo	"Please echo 49"
2026-02-04 15:39:28,476{GMT}	INFO	[jepsen worker 0] jepsen.util: 0	:ok	:echo	{:msg_id 173, :in_reply_to 172, :type "echo_ok", :echo "Please echo 49"}
2026-02-04 15:39:28,868{GMT}	INFO	[jepsen worker 0] jepsen.util: 0	:invoke	:echo	"Please echo 123"
2026-02-04 15:39:28,870{GMT}	INFO	[jepsen worker 0] jepsen.util: 0	:ok	:echo	{:msg_id 174, :in_reply_to 173, :type "echo_ok", :echo "Please echo 123"}
2026-02-04 15:39:29,226{GMT}	INFO	[jepsen worker 0] jepsen.util: 0	:invoke	:echo	"Please echo 109"
2026-02-04 15:39:29,227{GMT}	INFO	[jepsen worker 0] jepsen.util: 0	:ok	:echo	{:msg_id 175, :in_reply_to 174, :type "echo_ok", :echo "Please echo 109"}
2026-02-04 15:39:29,264{GMT}	INFO	[jepsen worker 0] jepsen.util: 0	:invoke	:echo	"Please echo 91"
2026-02-04 15:39:29,265{GMT}	INFO	[jepsen worker 0] jepsen.util: 0	:ok	:echo	{:msg_id 176, :in_reply_to 175, :type "echo_ok", :echo "Please echo 91"}
2026-02-04 15:39:29,423{GMT}	INFO	[jepsen worker 0] jepsen.util: 0	:invoke	:echo	"Please echo 12"
2026-02-04 15:39:29,425{GMT}	INFO	[jepsen worker 0] jepsen.util: 0	:ok	:echo	{:msg_id 177, :in_reply_to 176, :type "echo_ok", :echo "Please echo 12"}
2026-02-04 15:39:29,576{GMT}	INFO	[jepsen worker 0] jepsen.util: 0	:invoke	:echo	"Please echo 13"
2026-02-04 15:39:29,577{GMT}	INFO	[jepsen worker 0] jepsen.util: 0	:ok	:echo	{:msg_id 178, :in_reply_to 177, :type "echo_ok", :echo "Please echo 13"}
2026-02-04 15:39:29,587{GMT}	INFO	[jepsen worker 0] jepsen.util: 0	:invoke	:echo	"Please echo 57"
2026-02-04 15:39:29,589{GMT}	INFO	[jepsen worker 0] jepsen.util: 0	:ok	:echo	{:msg_id 179, :in_reply_to 178, :type "echo_ok", :echo "Please echo 57"}
2026-02-04 15:39:29,729{GMT}	INFO	[jepsen worker 0] jepsen.util: 0	:invoke	:echo	"Please echo 86"
2026-02-04 15:39:29,731{GMT}	INFO	[jepsen worker 0] jepsen.util: 0	:ok	:echo	{:msg_id 180, :in_reply_to 179, :type "echo_ok", :echo "Please echo 86"}
2026-02-04 15:39:29,798{GMT}	INFO	[jepsen worker 0] jepsen.util: 0	:invoke	:echo	"Please echo 96"
2026-02-04 15:39:29,800{GMT}	INFO	[jepsen worker 0] jepsen.util: 0	:ok	:echo	{:msg_id 181, :in_reply_to 180, :type "echo_ok", :echo "Please echo 96"}
2026-02-04 15:39:29,882{GMT}	INFO	[jepsen worker 0] jepsen.util: 0	:invoke	:echo	"Please echo 125"
2026-02-04 15:39:29,883{GMT}	INFO	[jepsen worker 0] jepsen.util: 0	:ok	:echo	{:msg_id 182, :in_reply_to 181, :type "echo_ok", :echo "Please echo 125"}
2026-02-04 15:39:30,152{GMT}	INFO	[jepsen worker 0] jepsen.util: 0	:invoke	:echo	"Please echo 13"
2026-02-04 15:39:30,153{GMT}	INFO	[jepsen worker 0] jepsen.util: 0	:ok	:echo	{:msg_id 183, :in_reply_to 182, :type "echo_ok", :echo "Please echo 13"}
2026-02-04 15:39:30,397{GMT}	INFO	[jepsen worker 0] jepsen.util: 0	:invoke	:echo	"Please echo 111"
2026-02-04 15:39:30,398{GMT}	INFO	[jepsen worker 0] jepsen.util: 0	:ok	:echo	{:msg_id 184, :in_reply_to 183, :type "echo_ok", :echo "Please echo 111"}
2026-02-04 15:39:30,456{GMT}	INFO	[jepsen worker 0] jepsen.util: 0	:invoke	:echo	"Please echo 113"
2026-02-04 15:39:30,457{GMT}	INFO	[jepsen worker 0] jepsen.util: 0	:ok	:echo	{:msg_id 185, :in_reply_to 184, :type "echo_ok", :echo "Please echo 113"}
2026-02-04 15:39:30,579{GMT}	INFO	[jepsen worker 0] jepsen.util: 0	:invoke	:echo	"Please echo 85"
2026-02-04 15:39:30,580{GMT}	INFO	[jepsen worker 0] jepsen.util: 0	:ok	:echo	{:msg_id 186, :in_reply_to 185, :type "echo_ok", :echo "Please echo 85"}
2026-02-04 15:39:30,849{GMT}	INFO	[jepsen worker 0] jepsen.util: 0	:invoke	:echo	"Please echo 59"
2026-02-04 15:39:30,850{GMT}	INFO	[jepsen worker 0] jepsen.util: 0	:ok	:echo	{:msg_id 187, :in_reply_to 186, :type "echo_ok", :echo "Please echo 59"}
2026-02-04 15:39:31,057{GMT}	INFO	[jepsen worker 0] jepsen.util: 0	:invoke	:echo	"Please echo 39"
2026-02-04 15:39:31,058{GMT}	INFO	[jepsen worker 0] jepsen.util: 0	:ok	:echo	{:msg_id 188, :in_reply_to 187, :type "echo_ok", :echo "Please echo 39"}
2026-02-04 15:39:31,311{GMT}	INFO	[jepsen worker 0] jepsen.util: 0	:invoke	:echo	"Please echo 97"
2026-02-04 15:39:31,313{GMT}	INFO	[jepsen worker 0] jepsen.util: 0	:ok	:echo	{:msg_id 189, :in_reply_to 188, :type "echo_ok", :echo "Please echo 97"}
2026-02-04 15:39:31,431{GMT}	INFO	[jepsen worker 0] jepsen.util: 0	:invoke	:echo	"Please echo 73"
2026-02-04 15:39:31,433{GMT}	INFO	[jepsen worker 0] jepsen.util: 0	:ok	:echo	{:msg_id 190, :in_reply_to 189, :type "echo_ok", :echo "Please echo 73"}
2026-02-04 15:39:31,776{GMT}	INFO	[jepsen worker 0] jepsen.util: 0	:invoke	:echo	"Please echo 83"
2026-02-04 15:39:31,777{GMT}	INFO	[jepsen worker 0] jepsen.util: 0	:ok	:echo	{:msg_id 191, :in_reply_to 190, :type "echo_ok", :echo "Please echo 83"}
2026-02-04 15:39:32,113{GMT}	INFO	[jepsen worker 0] jepsen.util: 0	:invoke	:echo	"Please echo 32"
2026-02-04 15:39:32,115{GMT}	INFO	[jepsen worker 0] jepsen.util: 0	:ok	:echo	{:msg_id 192, :in_reply_to 191, :type "echo_ok", :echo "Please echo 32"}
2026-02-04 15:39:32,502{GMT}	INFO	[jepsen worker 0] jepsen.util: 0	:invoke	:echo	"Please echo 7"
2026-02-04 15:39:32,503{GMT}	INFO	[jepsen worker 0] jepsen.util: 0	:ok	:echo	{:msg_id 193, :in_reply_to 192, :type "echo_ok", :echo "Please echo 7"}
2026-02-04 15:39:32,764{GMT}	INFO	[jepsen worker 0] jepsen.util: 0	:invoke	:echo	"Please echo 41"
2026-02-04 15:39:32,765{GMT}	INFO	[jepsen worker 0] jepsen.util: 0	:ok	:echo	{:msg_id 194, :in_reply_to 193, :type "echo_ok", :echo "Please echo 41"}
2026-02-04 15:39:33,158{GMT}	INFO	[jepsen worker 0] jepsen.util: 0	:invoke	:echo	"Please echo 70"
2026-02-04 15:39:33,159{GMT}	INFO	[jepsen worker 0] jepsen.util: 0	:ok	:echo	{:msg_id 195, :in_reply_to 194, :type "echo_ok", :echo "Please echo 70"}
2026-02-04 15:39:33,178{GMT}	INFO	[jepsen worker 0] jepsen.util: 0	:invoke	:echo	"Please echo 37"
2026-02-04 15:39:33,179{GMT}	INFO	[jepsen worker 0] jepsen.util: 0	:ok	:echo	{:msg_id 196, :in_reply_to 195, :type "echo_ok", :echo "Please echo 37"}
2026-02-04 15:39:33,418{GMT}	INFO	[jepsen worker 0] jepsen.util: 0	:invoke	:echo	"Please echo 49"
2026-02-04 15:39:33,419{GMT}	INFO	[jepsen worker 0] jepsen.util: 0	:ok	:echo	{:msg_id 197, :in_reply_to 196, :type "echo_ok", :echo "Please echo 49"}
2026-02-04 15:39:33,421{GMT}	INFO	[jepsen worker 0] jepsen.util: 0	:invoke	:echo	"Please echo 12"
2026-02-04 15:39:33,422{GMT}	INFO	[jepsen worker 0] jepsen.util: 0	:ok	:echo	{:msg_id 198, :in_reply_to 197, :type "echo_ok", :echo "Please echo 12"}
2026-02-04 15:39:33,579{GMT}	INFO	[jepsen worker 0] jepsen.util: 0	:invoke	:echo	"Please echo 0"
2026-02-04 15:39:33,580{GMT}	INFO	[jepsen worker 0] jepsen.util: 0	:ok	:echo	{:msg_id 199, :in_reply_to 198, :type "echo_ok", :echo "Please echo 0"}
2026-02-04 15:39:33,840{GMT}	INFO	[jepsen worker 0] jepsen.util: 0	:invoke	:echo	"Please echo 48"
2026-02-04 15:39:33,842{GMT}	INFO	[jepsen worker 0] jepsen.util: 0	:ok	:echo	{:msg_id 200, :in_reply_to 199, :type "echo_ok", :echo "Please echo 48"}
2026-02-04 15:39:33,959{GMT}	INFO	[jepsen worker 0] jepsen.util: 0	:invoke	:echo	"Please echo 49"
2026-02-04 15:39:33,960{GMT}	INFO	[jepsen worker 0] jepsen.util: 0	:ok	:echo	{:msg_id 201, :in_reply_to 200, :type "echo_ok", :echo "Please echo 49"}
2026-02-04 15:39:34,313{GMT}	INFO	[jepsen worker 0] jepsen.util: 0	:invoke	:echo	"Please echo 20"
2026-02-04 15:39:34,314{GMT}	INFO	[jepsen worker 0] jepsen.util: 0	:ok	:echo	{:msg_id 202, :in_reply_to 201, :type "echo_ok", :echo "Please echo 20"}
2026-02-04 15:39:34,389{GMT}	INFO	[jepsen worker 0] jepsen.util: 0	:invoke	:echo	"Please echo 101"
2026-02-04 15:39:34,390{GMT}	INFO	[jepsen worker 0] jepsen.util: 0	:ok	:echo	{:msg_id 203, :in_reply_to 202, :type "echo_ok", :echo "Please echo 101"}
2026-02-04 15:39:34,646{GMT}	INFO	[jepsen worker 0] jepsen.util: 0	:invoke	:echo	"Please echo 108"
2026-02-04 15:39:34,647{GMT}	INFO	[jepsen worker 0] jepsen.util: 0	:ok	:echo	{:msg_id 204, :in_reply_to 203, :type "echo_ok", :echo "Please echo 108"}
2026-02-04 15:39:34,743{GMT}	INFO	[jepsen worker 0] jepsen.util: 0	:invoke	:echo	"Please echo 35"
2026-02-04 15:39:34,744{GMT}	INFO	[jepsen worker 0] jepsen.util: 0	:ok	:echo	{:msg_id 205, :in_reply_to 204, :type "echo_ok", :echo "Please echo 35"}
2026-02-04 15:39:34,816{GMT}	INFO	[jepsen worker 0] jepsen.util: 0	:invoke	:echo	"Please echo 76"
2026-02-04 15:39:34,817{GMT}	INFO	[jepsen worker 0] jepsen.util: 0	:ok	:echo	{:msg_id 206, :in_reply_to 205, :type "echo_ok", :echo "Please echo 76"}
2026-02-04 15:39:35,136{GMT}	INFO	[jepsen worker 0] jepsen.util: 0	:invoke	:echo	"Please echo 38"
2026-02-04 15:39:35,137{GMT}	INFO	[jepsen worker 0] jepsen.util: 0	:ok	:echo	{:msg_id 207, :in_reply_to 206, :type "echo_ok", :echo "Please echo 38"}
2026-02-04 15:39:35,314{GMT}	INFO	[jepsen worker 0] jepsen.util: 0	:invoke	:echo	"Please echo 50"
2026-02-04 15:39:35,315{GMT}	INFO	[jepsen worker 0] jepsen.util: 0	:ok	:echo	{:msg_id 208, :in_reply_to 207, :type "echo_ok", :echo "Please echo 50"}
2026-02-04 15:39:35,364{GMT}	INFO	[jepsen worker 0] jepsen.util: 0	:invoke	:echo	"Please echo 7"
2026-02-04 15:39:35,365{GMT}	INFO	[jepsen worker 0] jepsen.util: 0	:ok	:echo	{:msg_id 209, :in_reply_to 208, :type "echo_ok", :echo "Please echo 7"}
2026-02-04 15:39:35,400{GMT}	INFO	[jepsen worker 0] jepsen.util: 0	:invoke	:echo	"Please echo 50"
2026-02-04 15:39:35,401{GMT}	INFO	[jepsen worker 0] jepsen.util: 0	:ok	:echo	{:msg_id 210, :in_reply_to 209, :type "echo_ok", :echo "Please echo 50"}
2026-02-04 15:39:35,458{GMT}	INFO	[jepsen worker 0] jepsen.util: 0	:invoke	:echo	"Please echo 40"
2026-02-04 15:39:35,459{GMT}	INFO	[jepsen worker 0] jepsen.util: 0	:ok	:echo	{:msg_id 211, :in_reply_to 210, :type "echo_ok", :echo "Please echo 40"}
2026-02-04 15:39:35,562{GMT}	INFO	[jepsen worker 0] jepsen.util: 0	:invoke	:echo	"Please echo 57"
2026-02-04 15:39:35,564{GMT}	INFO	[jepsen worker 0] jepsen.util: 0	:ok	:echo	{:msg_id 212, :in_reply_to 211, :type "echo_ok", :echo "Please echo 57"}
2026-02-04 15:39:35,770{GMT}	INFO	[jepsen worker 0] jepsen.util: 0	:invoke	:echo	"Please echo 94"
2026-02-04 15:39:35,771{GMT}	INFO	[jepsen worker 0] jepsen.util: 0	:ok	:echo	{:msg_id 213, :in_reply_to 212, :type "echo_ok", :echo "Please echo 94"}
2026-02-04 15:39:35,887{GMT}	INFO	[jepsen worker 0] jepsen.util: 0	:invoke	:echo	"Please echo 59"
2026-02-04 15:39:35,888{GMT}	INFO	[jepsen worker 0] jepsen.util: 0	:ok	:echo	{:msg_id 214, :in_reply_to 213, :type "echo_ok", :echo "Please echo 59"}
2026-02-04 15:39:36,248{GMT}	INFO	[jepsen worker 0] jepsen.util: 0	:invoke	:echo	"Please echo 51"
2026-02-04 15:39:36,249{GMT}	INFO	[jepsen worker 0] jepsen.util: 0	:ok	:echo	{:msg_id 215, :in_reply_to 214, :type "echo_ok", :echo "Please echo 51"}
2026-02-04 15:39:36,523{GMT}	INFO	[jepsen worker 0] jepsen.util: 0	:invoke	:echo	"Please echo 60"
2026-02-04 15:39:36,524{GMT}	INFO	[jepsen worker 0] jepsen.util: 0	:ok	:echo	{:msg_id 216, :in_reply_to 215, :type "echo_ok", :echo "Please echo 60"}
2026-02-04 15:39:36,589{GMT}	INFO	[jepsen worker 0] jepsen.util: 0	:invoke	:echo	"Please echo 40"
2026-02-04 15:39:36,591{GMT}	INFO	[jepsen worker 0] jepsen.util: 0	:ok	:echo	{:msg_id 217, :in_reply_to 216, :type "echo_ok", :echo "Please echo 40"}
2026-02-04 15:39:36,838{GMT}	INFO	[jepsen worker 0] jepsen.util: 0	:invoke	:echo	"Please echo 35"
2026-02-04 15:39:36,840{GMT}	INFO	[jepsen worker 0] jepsen.util: 0	:ok	:echo	{:msg_id 218, :in_reply_to 217, :type "echo_ok", :echo "Please echo 35"}
2026-02-04 15:39:37,037{GMT}	INFO	[jepsen worker 0] jepsen.util: 0	:invoke	:echo	"Please echo 90"
2026-02-04 15:39:37,039{GMT}	INFO	[jepsen worker 0] jepsen.util: 0	:ok	:echo	{:msg_id 219, :in_reply_to 218, :type "echo_ok", :echo "Please echo 90"}
2026-02-04 15:39:37,430{GMT}	INFO	[jepsen worker 0] jepsen.util: 0	:invoke	:echo	"Please echo 19"
2026-02-04 15:39:37,432{GMT}	INFO	[jepsen worker 0] jepsen.util: 0	:ok	:echo	{:msg_id 220, :in_reply_to 219, :type "echo_ok", :echo "Please echo 19"}
2026-02-04 15:39:37,809{GMT}	INFO	[jepsen worker 0] jepsen.util: 0	:invoke	:echo	"Please echo 46"
2026-02-04 15:39:37,810{GMT}	INFO	[jepsen worker 0] jepsen.util: 0	:ok	:echo	{:msg_id 221, :in_reply_to 220, :type "echo_ok", :echo "Please echo 46"}
2026-02-04 15:39:38,027{GMT}	INFO	[jepsen worker 0] jepsen.util: 0	:invoke	:echo	"Please echo 4"
2026-02-04 15:39:38,029{GMT}	INFO	[jepsen worker 0] jepsen.util: 0	:ok	:echo	{:msg_id 222, :in_reply_to 221, :type "echo_ok", :echo "Please echo 4"}
2026-02-04 15:39:38,357{GMT}	INFO	[jepsen worker 0] jepsen.util: 0	:invoke	:echo	"Please echo 15"
2026-02-04 15:39:38,358{GMT}	INFO	[jepsen worker 0] jepsen.util: 0	:ok	:echo	{:msg_id 223, :in_reply_to 222, :type "echo_ok", :echo "Please echo 15"}
2026-02-04 15:39:38,525{GMT}	INFO	[jepsen worker 0] jepsen.util: 0	:invoke	:echo	"Please echo 56"
2026-02-04 15:39:38,527{GMT}	INFO	[jepsen worker 0] jepsen.util: 0	:ok	:echo	{:msg_id 224, :in_reply_to 223, :type "echo_ok", :echo "Please echo 56"}
2026-02-04 15:39:38,781{GMT}	INFO	[jepsen worker 0] jepsen.util: 0	:invoke	:echo	"Please echo 60"
2026-02-04 15:39:38,783{GMT}	INFO	[jepsen worker 0] jepsen.util: 0	:ok	:echo	{:msg_id 225, :in_reply_to 224, :type "echo_ok", :echo "Please echo 60"}
2026-02-04 15:39:38,816{GMT}	INFO	[jepsen worker 0] jepsen.util: 0	:invoke	:echo	"Please echo 92"
2026-02-04 15:39:38,818{GMT}	INFO	[jepsen worker 0] jepsen.util: 0	:ok	:echo	{:msg_id 226, :in_reply_to 225, :type "echo_ok", :echo "Please echo 92"}
2026-02-04 15:39:39,167{GMT}	INFO	[jepsen worker 0] jepsen.util: 0	:invoke	:echo	"Please echo 40"
2026-02-04 15:39:39,168{GMT}	INFO	[jepsen worker 0] jepsen.util: 0	:ok	:echo	{:msg_id 227, :in_reply_to 226, :type "echo_ok", :echo "Please echo 40"}
2026-02-04 15:39:39,385{GMT}	INFO	[jepsen worker 0] jepsen.util: 0	:invoke	:echo	"Please echo 120"
2026-02-04 15:39:39,386{GMT}	INFO	[jepsen worker 0] jepsen.util: 0	:ok	:echo	{:msg_id 228, :in_reply_to 227, :type "echo_ok", :echo "Please echo 120"}
2026-02-04 15:39:39,700{GMT}	INFO	[jepsen worker 0] jepsen.util: 0	:invoke	:echo	"Please echo 110"
2026-02-04 15:39:39,701{GMT}	INFO	[jepsen worker 0] jepsen.util: 0	:ok	:echo	{:msg_id 229, :in_reply_to 228, :type "echo_ok", :echo "Please echo 110"}
2026-02-04 15:39:39,751{GMT}	INFO	[jepsen worker 0] jepsen.util: 0	:invoke	:echo	"Please echo 59"
2026-02-04 15:39:39,752{GMT}	INFO	[jepsen worker 0] jepsen.util: 0	:ok	:echo	{:msg_id 230, :in_reply_to 229, :type "echo_ok", :echo "Please echo 59"}
2026-02-04 15:39:40,047{GMT}	INFO	[jepsen worker 0] jepsen.util: 0	:invoke	:echo	"Please echo 117"
2026-02-04 15:39:40,049{GMT}	INFO	[jepsen worker 0] jepsen.util: 0	:ok	:echo	{:msg_id 231, :in_reply_to 230, :type "echo_ok", :echo "Please echo 117"}
2026-02-04 15:39:40,151{GMT}	INFO	[jepsen worker 0] jepsen.util: 0	:invoke	:echo	"Please echo 19"
2026-02-04 15:39:40,152{GMT}	INFO	[jepsen worker 0] jepsen.util: 0	:ok	:echo	{:msg_id 232, :in_reply_to 231, :type "echo_ok", :echo "Please echo 19"}
2026-02-04 15:39:40,243{GMT}	INFO	[jepsen worker 0] jepsen.util: 0	:invoke	:echo	"Please echo 120"
2026-02-04 15:39:40,245{GMT}	INFO	[jepsen worker 0] jepsen.util: 0	:ok	:echo	{:msg_id 233, :in_reply_to 232, :type "echo_ok", :echo "Please echo 120"}
2026-02-04 15:39:40,313{GMT}	INFO	[jepsen worker 0] jepsen.util: 0	:invoke	:echo	"Please echo 115"
2026-02-04 15:39:40,314{GMT}	INFO	[jepsen worker 0] jepsen.util: 0	:ok	:echo	{:msg_id 234, :in_reply_to 233, :type "echo_ok", :echo "Please echo 115"}
2026-02-04 15:39:40,567{GMT}	INFO	[jepsen worker 0] jepsen.util: 0	:invoke	:echo	"Please echo 107"
2026-02-04 15:39:40,569{GMT}	INFO	[jepsen worker 0] jepsen.util: 0	:ok	:echo	{:msg_id 235, :in_reply_to 234, :type "echo_ok", :echo "Please echo 107"}
2026-02-04 15:39:40,620{GMT}	INFO	[jepsen worker 0] jepsen.util: 0	:invoke	:echo	"Please echo 63"
2026-02-04 15:39:40,621{GMT}	INFO	[jepsen worker 0] jepsen.util: 0	:ok	:echo	{:msg_id 236, :in_reply_to 235, :type "echo_ok", :echo "Please echo 63"}
2026-02-04 15:39:40,682{GMT}	INFO	[jepsen worker 0] jepsen.util: 0	:invoke	:echo	"Please echo 78"
2026-02-04 15:39:40,683{GMT}	INFO	[jepsen worker 0] jepsen.util: 0	:ok	:echo	{:msg_id 237, :in_reply_to 236, :type "echo_ok", :echo "Please echo 78"}
2026-02-04 15:39:40,684{GMT}	INFO	[jepsen worker 0] jepsen.util: 0	:invoke	:echo	"Please echo 76"
2026-02-04 15:39:40,685{GMT}	INFO	[jepsen worker 0] jepsen.util: 0	:ok	:echo	{:msg_id 238, :in_reply_to 237, :type "echo_ok", :echo "Please echo 76"}
2026-02-04 15:39:41,073{GMT}	INFO	[jepsen worker 0] jepsen.util: 0	:invoke	:echo	"Please echo 92"
2026-02-04 15:39:41,074{GMT}	INFO	[jepsen worker 0] jepsen.util: 0	:ok	:echo	{:msg_id 239, :in_reply_to 238, :type "echo_ok", :echo "Please echo 92"}
2026-02-04 15:39:41,198{GMT}	INFO	[jepsen worker 0] jepsen.util: 0	:invoke	:echo	"Please echo 19"
2026-02-04 15:39:41,199{GMT}	INFO	[jepsen worker 0] jepsen.util: 0	:ok	:echo	{:msg_id 240, :in_reply_to 239, :type "echo_ok", :echo "Please echo 19"}
2026-02-04 15:39:41,482{GMT}	INFO	[jepsen worker 0] jepsen.util: 0	:invoke	:echo	"Please echo 83"
2026-02-04 15:39:41,483{GMT}	INFO	[jepsen worker 0] jepsen.util: 0	:ok	:echo	{:msg_id 241, :in_reply_to 240, :type "echo_ok", :echo "Please echo 83"}
2026-02-04 15:39:41,816{GMT}	INFO	[jepsen worker 0] jepsen.util: 0	:invoke	:echo	"Please echo 83"
2026-02-04 15:39:41,818{GMT}	INFO	[jepsen worker 0] jepsen.util: 0	:ok	:echo	{:msg_id 242, :in_reply_to 241, :type "echo_ok", :echo "Please echo 83"}
2026-02-04 15:39:42,062{GMT}	INFO	[jepsen worker 0] jepsen.util: 0	:invoke	:echo	"Please echo 94"
2026-02-04 15:39:42,063{GMT}	INFO	[jepsen worker 0] jepsen.util: 0	:ok	:echo	{:msg_id 243, :in_reply_to 242, :type "echo_ok", :echo "Please echo 94"}
2026-02-04 15:39:42,413{GMT}	INFO	[jepsen worker 0] jepsen.util: 0	:invoke	:echo	"Please echo 14"
2026-02-04 15:39:42,414{GMT}	INFO	[jepsen worker 0] jepsen.util: 0	:ok	:echo	{:msg_id 244, :in_reply_to 243, :type "echo_ok", :echo "Please echo 14"}
2026-02-04 15:39:42,623{GMT}	INFO	[jepsen worker 0] jepsen.util: 0	:invoke	:echo	"Please echo 47"
2026-02-04 15:39:42,625{GMT}	INFO	[jepsen worker 0] jepsen.util: 0	:ok	:echo	{:msg_id 245, :in_reply_to 244, :type "echo_ok", :echo "Please echo 47"}
2026-02-04 15:39:42,966{GMT}	INFO	[jepsen worker 0] jepsen.util: 0	:invoke	:echo	"Please echo 16"
2026-02-04 15:39:42,967{GMT}	INFO	[jepsen worker 0] jepsen.util: 0	:ok	:echo	{:msg_id 246, :in_reply_to 245, :type "echo_ok", :echo "Please echo 16"}
2026-02-04 15:39:43,289{GMT}	INFO	[jepsen worker 0] jepsen.util: 0	:invoke	:echo	"Please echo 45"
2026-02-04 15:39:43,290{GMT}	INFO	[jepsen worker 0] jepsen.util: 0	:ok	:echo	{:msg_id 247, :in_reply_to 246, :type "echo_ok", :echo "Please echo 45"}
2026-02-04 15:39:43,543{GMT}	INFO	[jepsen worker 0] jepsen.util: 0	:invoke	:echo	"Please echo 8"
2026-02-04 15:39:43,544{GMT}	INFO	[jepsen worker 0] jepsen.util: 0	:ok	:echo	{:msg_id 248, :in_reply_to 247, :type "echo_ok", :echo "Please echo 8"}
2026-02-04 15:39:43,828{GMT}	INFO	[jepsen worker 0] jepsen.util: 0	:invoke	:echo	"Please echo 56"
2026-02-04 15:39:43,829{GMT}	INFO	[jepsen worker 0] jepsen.util: 0	:ok	:echo	{:msg_id 249, :in_reply_to 248, :type "echo_ok", :echo "Please echo 56"}
2026-02-04 15:39:43,958{GMT}	INFO	[jepsen worker 0] jepsen.util: 0	:invoke	:echo	"Please echo 109"
2026-02-04 15:39:43,959{GMT}	INFO	[jepsen worker 0] jepsen.util: 0	:ok	:echo	{:msg_id 250, :in_reply_to 249, :type "echo_ok", :echo "Please echo 109"}
2026-02-04 15:39:44,135{GMT}	INFO	[jepsen worker 0] jepsen.util: 0	:invoke	:echo	"Please echo 117"
2026-02-04 15:39:44,137{GMT}	INFO	[jepsen worker 0] jepsen.util: 0	:ok	:echo	{:msg_id 251, :in_reply_to 250, :type "echo_ok", :echo "Please echo 117"}
2026-02-04 15:39:44,370{GMT}	INFO	[jepsen worker 0] jepsen.util: 0	:invoke	:echo	"Please echo 122"
2026-02-04 15:39:44,372{GMT}	INFO	[jepsen worker 0] jepsen.util: 0	:ok	:echo	{:msg_id 252, :in_reply_to 251, :type "echo_ok", :echo "Please echo 122"}
2026-02-04 15:39:44,432{GMT}	INFO	[jepsen worker 0] jepsen.util: 0	:invoke	:echo	"Please echo 84"
2026-02-04 15:39:44,433{GMT}	INFO	[jepsen worker 0] jepsen.util: 0	:ok	:echo	{:msg_id 253, :in_reply_to 252, :type "echo_ok", :echo "Please echo 84"}
2026-02-04 15:39:44,662{GMT}	INFO	[jepsen worker 0] jepsen.util: 0	:invoke	:echo	"Please echo 90"
2026-02-04 15:39:44,663{GMT}	INFO	[jepsen worker 0] jepsen.util: 0	:ok	:echo	{:msg_id 254, :in_reply_to 253, :type "echo_ok", :echo "Please echo 90"}
2026-02-04 15:39:44,922{GMT}	INFO	[jepsen worker 0] jepsen.util: 0	:invoke	:echo	"Please echo 116"
2026-02-04 15:39:44,923{GMT}	INFO	[jepsen worker 0] jepsen.util: 0	:ok	:echo	{:msg_id 255, :in_reply_to 254, :type "echo_ok", :echo "Please echo 116"}
2026-02-04 15:39:45,172{GMT}	INFO	[jepsen worker 0] jepsen.util: 0	:invoke	:echo	"Please echo 34"
2026-02-04 15:39:45,173{GMT}	INFO	[jepsen worker 0] jepsen.util: 0	:ok	:echo	{:msg_id 256, :in_reply_to 255, :type "echo_ok", :echo "Please echo 34"}
2026-02-04 15:39:45,242{GMT}	INFO	[jepsen worker 0] jepsen.util: 0	:invoke	:echo	"Please echo 110"
2026-02-04 15:39:45,244{GMT}	INFO	[jepsen worker 0] jepsen.util: 0	:ok	:echo	{:msg_id 257, :in_reply_to 256, :type "echo_ok", :echo "Please echo 110"}
2026-02-04 15:39:45,468{GMT}	INFO	[jepsen worker 0] jepsen.util: 0	:invoke	:echo	"Please echo 70"
2026-02-04 15:39:45,469{GMT}	INFO	[jepsen worker 0] jepsen.util: 0	:ok	:echo	{:msg_id 258, :in_reply_to 257, :type "echo_ok", :echo "Please echo 70"}
2026-02-04 15:39:45,819{GMT}	INFO	[jepsen worker 0] jepsen.util: 0	:invoke	:echo	"Please echo 43"
2026-02-04 15:39:45,820{GMT}	INFO	[jepsen worker 0] jepsen.util: 0	:ok	:echo	{:msg_id 259, :in_reply_to 258, :type "echo_ok", :echo "Please echo 43"}
2026-02-04 15:39:45,893{GMT}	INFO	[jepsen worker 0] jepsen.util: 0	:invoke	:echo	"Please echo 61"
2026-02-04 15:39:45,894{GMT}	INFO	[jepsen worker 0] jepsen.util: 0	:ok	:echo	{:msg_id 260, :in_reply_to 259, :type "echo_ok", :echo "Please echo 61"}
2026-02-04 15:39:46,257{GMT}	INFO	[jepsen worker 0] jepsen.util: 0	:invoke	:echo	"Please echo 54"
2026-02-04 15:39:46,258{GMT}	INFO	[jepsen worker 0] jepsen.util: 0	:ok	:echo	{:msg_id 261, :in_reply_to 260, :type "echo_ok", :echo "Please echo 54"}
2026-02-04 15:39:46,614{GMT}	INFO	[jepsen worker 0] jepsen.util: 0	:invoke	:echo	"Please echo 44"
2026-02-04 15:39:46,615{GMT}	INFO	[jepsen worker 0] jepsen.util: 0	:ok	:echo	{:msg_id 262, :in_reply_to 261, :type "echo_ok", :echo "Please echo 44"}
2026-02-04 15:39:46,988{GMT}	INFO	[jepsen worker 0] jepsen.util: 0	:invoke	:echo	"Please echo 101"
2026-02-04 15:39:46,989{GMT}	INFO	[jepsen worker 0] jepsen.util: 0	:ok	:echo	{:msg_id 263, :in_reply_to 262, :type "echo_ok", :echo "Please echo 101"}
2026-02-04 15:39:47,342{GMT}	INFO	[jepsen worker 0] jepsen.util: 0	:invoke	:echo	"Please echo 32"
2026-02-04 15:39:47,343{GMT}	INFO	[jepsen worker 0] jepsen.util: 0	:ok	:echo	{:msg_id 264, :in_reply_to 263, :type "echo_ok", :echo "Please echo 32"}
2026-02-04 15:39:47,717{GMT}	INFO	[jepsen worker 0] jepsen.util: 0	:invoke	:echo	"Please echo 124"
2026-02-04 15:39:47,718{GMT}	INFO	[jepsen worker 0] jepsen.util: 0	:ok	:echo	{:msg_id 265, :in_reply_to 264, :type "echo_ok", :echo "Please echo 124"}
2026-02-04 15:39:47,866{GMT}	INFO	[jepsen worker 0] jepsen.util: 0	:invoke	:echo	"Please echo 15"
2026-02-04 15:39:47,867{GMT}	INFO	[jepsen worker 0] jepsen.util: 0	:ok	:echo	{:msg_id 266, :in_reply_to 265, :type "echo_ok", :echo "Please echo 15"}
2026-02-04 15:39:48,139{GMT}	INFO	[jepsen worker 0] jepsen.util: 0	:invoke	:echo	"Please echo 103"
2026-02-04 15:39:48,140{GMT}	INFO	[jepsen worker 0] jepsen.util: 0	:ok	:echo	{:msg_id 267, :in_reply_to 266, :type "echo_ok", :echo "Please echo 103"}
2026-02-04 15:39:48,296{GMT}	INFO	[jepsen worker 0] jepsen.util: 0	:invoke	:echo	"Please echo 25"
2026-02-04 15:39:48,297{GMT}	INFO	[jepsen worker 0] jepsen.util: 0	:ok	:echo	{:msg_id 268, :in_reply_to 267, :type "echo_ok", :echo "Please echo 25"}
2026-02-04 15:39:48,303{GMT}	INFO	[jepsen worker 0] jepsen.util: 0	:invoke	:echo	"Please echo 36"
2026-02-04 15:39:48,305{GMT}	INFO	[jepsen worker 0] jepsen.util: 0	:ok	:echo	{:msg_id 269, :in_reply_to 268, :type "echo_ok", :echo "Please echo 36"}
2026-02-04 15:39:48,537{GMT}	INFO	[jepsen worker 0] jepsen.util: 0	:invoke	:echo	"Please echo 101"
2026-02-04 15:39:48,538{GMT}	INFO	[jepsen worker 0] jepsen.util: 0	:ok	:echo	{:msg_id 270, :in_reply_to 269, :type "echo_ok", :echo "Please echo 101"}
2026-02-04 15:39:48,669{GMT}	INFO	[jepsen worker 0] jepsen.util: 0	:invoke	:echo	"Please echo 104"
2026-02-04 15:39:48,670{GMT}	INFO	[jepsen worker 0] jepsen.util: 0	:ok	:echo	{:msg_id 271, :in_reply_to 270, :type "echo_ok", :echo "Please echo 104"}
2026-02-04 15:39:48,697{GMT}	INFO	[jepsen worker 0] jepsen.util: 0	:invoke	:echo	"Please echo 42"
2026-02-04 15:39:48,698{GMT}	INFO	[jepsen worker 0] jepsen.util: 0	:ok	:echo	{:msg_id 272, :in_reply_to 271, :type "echo_ok", :echo "Please echo 42"}
2026-02-04 15:39:49,096{GMT}	INFO	[jepsen worker 0] jepsen.util: 0	:invoke	:echo	"Please echo 63"
2026-02-04 15:39:49,097{GMT}	INFO	[jepsen worker 0] jepsen.util: 0	:ok	:echo	{:msg_id 273, :in_reply_to 272, :type "echo_ok", :echo "Please echo 63"}
2026-02-04 15:39:49,111{GMT}	INFO	[jepsen worker 0] jepsen.util: 0	:invoke	:echo	"Please echo 15"
2026-02-04 15:39:49,112{GMT}	INFO	[jepsen worker 0] jepsen.util: 0	:ok	:echo	{:msg_id 274, :in_reply_to 273, :type "echo_ok", :echo "Please echo 15"}
2026-02-04 15:39:49,322{GMT}	INFO	[jepsen worker 0] jepsen.util: 0	:invoke	:echo	"Please echo 89"
2026-02-04 15:39:49,323{GMT}	INFO	[jepsen worker 0] jepsen.util: 0	:ok	:echo	{:msg_id 275, :in_reply_to 274, :type "echo_ok", :echo "Please echo 89"}
2026-02-04 15:39:49,366{GMT}	INFO	[jepsen worker 0] jepsen.util: 0	:invoke	:echo	"Please echo 76"
2026-02-04 15:39:49,368{GMT}	INFO	[jepsen worker 0] jepsen.util: 0	:ok	:echo	{:msg_id 276, :in_reply_to 275, :type "echo_ok", :echo "Please echo 76"}
2026-02-04 15:39:49,450{GMT}	INFO	[jepsen worker 0] jepsen.util: 0	:invoke	:echo	"Please echo 4"
2026-02-04 15:39:49,452{GMT}	INFO	[jepsen worker 0] jepsen.util: 0	:ok	:echo	{:msg_id 277, :in_reply_to 276, :type "echo_ok", :echo "Please echo 4"}
2026-02-04 15:39:49,764{GMT}	INFO	[jepsen worker 0] jepsen.util: 0	:invoke	:echo	"Please echo 26"
2026-02-04 15:39:49,766{GMT}	INFO	[jepsen worker 0] jepsen.util: 0	:ok	:echo	{:msg_id 278, :in_reply_to 277, :type "echo_ok", :echo "Please echo 26"}
2026-02-04 15:39:50,052{GMT}	INFO	[jepsen worker 0] jepsen.util: 0	:invoke	:echo	"Please echo 103"
2026-02-04 15:39:50,054{GMT}	INFO	[jepsen worker 0] jepsen.util: 0	:ok	:echo	{:msg_id 279, :in_reply_to 278, :type "echo_ok", :echo "Please echo 103"}
2026-02-04 15:39:50,139{GMT}	INFO	[jepsen worker 0] jepsen.util: 0	:invoke	:echo	"Please echo 2"
2026-02-04 15:39:50,140{GMT}	INFO	[jepsen worker 0] jepsen.util: 0	:ok	:echo	{:msg_id 280, :in_reply_to 279, :type "echo_ok", :echo "Please echo 2"}
2026-02-04 15:39:50,514{GMT}	INFO	[jepsen worker 0] jepsen.util: 0	:invoke	:echo	"Please echo 127"
2026-02-04 15:39:50,515{GMT}	INFO	[jepsen worker 0] jepsen.util: 0	:ok	:echo	{:msg_id 281, :in_reply_to 280, :type "echo_ok", :echo "Please echo 127"}
2026-02-04 15:39:50,806{GMT}	INFO	[jepsen worker 0] jepsen.util: 0	:invoke	:echo	"Please echo 34"
2026-02-04 15:39:50,807{GMT}	INFO	[jepsen worker 0] jepsen.util: 0	:ok	:echo	{:msg_id 282, :in_reply_to 281, :type "echo_ok", :echo "Please echo 34"}
2026-02-04 15:39:50,982{GMT}	INFO	[jepsen worker 0] jepsen.util: 0	:invoke	:echo	"Please echo 115"
2026-02-04 15:39:50,983{GMT}	INFO	[jepsen worker 0] jepsen.util: 0	:ok	:echo	{:msg_id 283, :in_reply_to 282, :type "echo_ok", :echo "Please echo 115"}
2026-02-04 15:39:51,002{GMT}	INFO	[jepsen worker 0] jepsen.util: 0	:invoke	:echo	"Please echo 55"
2026-02-04 15:39:51,003{GMT}	INFO	[jepsen worker 0] jepsen.util: 0	:ok	:echo	{:msg_id 284, :in_reply_to 283, :type "echo_ok", :echo "Please echo 55"}
2026-02-04 15:39:51,316{GMT}	INFO	[jepsen worker 0] jepsen.util: 0	:invoke	:echo	"Please echo 104"
2026-02-04 15:39:51,317{GMT}	INFO	[jepsen worker 0] jepsen.util: 0	:ok	:echo	{:msg_id 285, :in_reply_to 284, :type "echo_ok", :echo "Please echo 104"}
2026-02-04 15:39:51,667{GMT}	INFO	[jepsen worker 0] jepsen.util: 0	:invoke	:echo	"Please echo 98"
2026-02-04 15:39:51,669{GMT}	INFO	[jepsen worker 0] jepsen.util: 0	:ok	:echo	{:msg_id 286, :in_reply_to 285, :type "echo_ok", :echo "Please echo 98"}
2026-02-04 15:39:51,866{GMT}	INFO	[jepsen worker 0] jepsen.util: 0	:invoke	:echo	"Please echo 45"
2026-02-04 15:39:51,867{GMT}	INFO	[jepsen worker 0] jepsen.util: 0	:ok	:echo	{:msg_id 287, :in_reply_to 286, :type "echo_ok", :echo "Please echo 45"}
2026-02-04 15:39:51,869{GMT}	INFO	[jepsen worker 0] jepsen.util: 0	:invoke	:echo	"Please echo 92"
2026-02-04 15:39:51,870{GMT}	INFO	[jepsen worker 0] jepsen.util: 0	:ok	:echo	{:msg_id 288, :in_reply_to 287, :type "echo_ok", :echo "Please echo 92"}
2026-02-04 15:39:52,268{GMT}	INFO	[jepsen worker 0] jepsen.util: 0	:invoke	:echo	"Please echo 58"
2026-02-04 15:39:52,270{GMT}	INFO	[jepsen worker 0] jepsen.util: 0	:ok	:echo	{:msg_id 289, :in_reply_to 288, :type "echo_ok", :echo "Please echo 58"}
2026-02-04 15:39:52,384{GMT}	INFO	[jepsen worker 0] jepsen.util: 0	:invoke	:echo	"Please echo 127"
2026-02-04 15:39:52,385{GMT}	INFO	[jepsen worker 0] jepsen.util: 0	:ok	:echo	{:msg_id 290, :in_reply_to 289, :type "echo_ok", :echo "Please echo 127"}
2026-02-04 15:39:52,495{GMT}	INFO	[jepsen worker 0] jepsen.util: 0	:invoke	:echo	"Please echo 85"
2026-02-04 15:39:52,496{GMT}	INFO	[jepsen worker 0] jepsen.util: 0	:ok	:echo	{:msg_id 291, :in_reply_to 290, :type "echo_ok", :echo "Please echo 85"}
2026-02-04 15:39:52,515{GMT}	INFO	[jepsen worker 0] jepsen.util: 0	:invoke	:echo	"Please echo 17"
2026-02-04 15:39:52,516{GMT}	INFO	[jepsen worker 0] jepsen.util: 0	:ok	:echo	{:msg_id 292, :in_reply_to 291, :type "echo_ok", :echo "Please echo 17"}
2026-02-04 15:39:52,548{GMT}	INFO	[jepsen worker 0] jepsen.util: 0	:invoke	:echo	"Please echo 64"
2026-02-04 15:39:52,549{GMT}	INFO	[jepsen worker 0] jepsen.util: 0	:ok	:echo	{:msg_id 293, :in_reply_to 292, :type "echo_ok", :echo "Please echo 64"}
2026-02-04 15:39:52,758{GMT}	INFO	[jepsen worker 0] jepsen.util: 0	:invoke	:echo	"Please echo 84"
2026-02-04 15:39:52,759{GMT}	INFO	[jepsen worker 0] jepsen.util: 0	:ok	:echo	{:msg_id 294, :in_reply_to 293, :type "echo_ok", :echo "Please echo 84"}
2026-02-04 15:39:52,995{GMT}	INFO	[jepsen worker 0] jepsen.util: 0	:invoke	:echo	"Please echo 6"
2026-02-04 15:39:52,996{GMT}	INFO	[jepsen worker 0] jepsen.util: 0	:ok	:echo	{:msg_id 295, :in_reply_to 294, :type "echo_ok", :echo "Please echo 6"}
2026-02-04 15:39:53,007{GMT}	INFO	[jepsen test runner] jepsen.core: Run complete, writing
2026-02-04 15:39:53,072{GMT}	INFO	[jepsen node n0] maelstrom.db: Tearing down n0
2026-02-04 15:39:54,990{GMT}	INFO	[jepsen node n0] maelstrom.net: Shutting down Maelstrom network
2026-02-04 15:39:54,991{GMT}	INFO	[jepsen test runner] jepsen.core: Analyzing...
2026-02-04 15:39:55,362{GMT}	INFO	[jepsen test runner] jepsen.core: Analysis complete
2026-02-04 15:39:55,375{GMT}	INFO	[jepsen results] jepsen.store: Wrote /home/mutante/Programming/University/Cybersecurity/IntrusionTolerance/maelstrom/store/echo/20260204T153851.690Z/results.edn
2026-02-04 15:39:55,388{GMT}	INFO	[jepsen test runner] jepsen.core: {:perf {:latency-graph {:valid? true},
        :rate-graph {:valid? true},
        :valid? true},
 :timeline {:valid? true},
 :exceptions {:valid? true},
 :stats {:valid? true,
         :count 294,
         :ok-count 294,
         :fail-count 0,
         :info-count 0,
         :by-f {:echo {:valid? true,
                       :count 294,
                       :ok-count 294,
                       :fail-count 0,
                       :info-count 0}}},
 :availability {:valid? true, :ok-fraction 1.0},
 :net {:all {:send-count 590,
             :recv-count 590,
             :msg-count 590,
             :msgs-per-op 2.0068028},
       :clients {:send-count 590, :recv-count 590, :msg-count 590},
       :servers {:send-count 0,
                 :recv-count 0,
                 :msg-count 0,
                 :msgs-per-op 0.0},
       :valid? true},
 :workload {:valid? true, :errors ()},
 :valid? true}


Everything looks good! (`)
