2026-02-08 14:31:03,926{GMT}	INFO	[jepsen test runner] jepsen.core: Test version bd0472adf900152b9202913b5b89a4b15f56338b (plus uncommitted changes)
2026-02-08 14:31:03,926{GMT}	INFO	[jepsen test runner] jepsen.core: Command line:
lein run test lin_kv --bin ../Guião1/echo.py --concurrency 10 --node-count 5
2026-02-08 14:31:03,961{GMT}	INFO	[jepsen test runner] jepsen.core: Running test:
{:args ["lin_kv"]
 :remote
 #jepsen.control.retry.Remote{:remote #jepsen.control.scp.Remote{:cmd-remote #jepsen.control.sshj.SSHJRemote{:concurrency-limit 6,
                                                                                                             :conn-spec nil,
                                                                                                             :client nil,
                                                                                                             :semaphore nil},
                                                                 :conn-spec nil},
                              :conn nil}
 :log-net-send false
 :node-count 5
 :availability nil
 :max-txn-length 4
 :concurrency 10
 :db
 #object[maelstrom.db$db$reify__16612
         "0x77d5395a"
         "maelstrom.db$db$reify__16612@77d5395a"]
 :max-writes-per-key 16
 :leave-db-running? false
 :name "lin-kv"
 :logging-json? false
 :start-time
 #object[org.joda.time.DateTime "0x7b0eb7e" "2026-02-08T14:31:03.902Z"]
 :nemesis-interval 10
 :net
 #object[maelstrom.net$jepsen_net$reify__15721
         "0x2381a837"
         "maelstrom.net$jepsen_net$reify__15721@2381a837"]
 :client
 #object[maelstrom.workload.lin_kv$client$reify__20973
         "0x7be29ac4"
         "maelstrom.workload.lin_kv$client$reify__20973@7be29ac4"]
 :barrier
 #object[java.util.concurrent.CyclicBarrier
         "0x2523730b"
         "java.util.concurrent.CyclicBarrier@2523730b"]
 :log-stderr false
 :pure-generators true
 :ssh {:dummy? true}
 :rate 5
 :checker
 #object[jepsen.checker$compose$reify__11089
         "0x25c887ca"
         "jepsen.checker$compose$reify__11089@25c887ca"]
 :argv
 ("test"
  "lin_kv"
  "--bin"
  "../Guião1/echo.py"
  "--concurrency"
  "10"
  "--node-count"
  "5")
 :nemesis
 (jepsen.nemesis.ReflCompose
  {:fm {:start-partition 0,
        :stop-partition 0,
        :kill 1,
        :start 1,
        :pause 1,
        :resume 1},
   :nemeses [#unprintable "jepsen.nemesis.combined$partition_nemesis$reify__16905@ba65354"
             #unprintable "jepsen.nemesis.combined$db_nemesis$reify__16886@647dcc5e"]})
 :nodes ["n0" "n1" "n2" "n3" "n4"]
 :test-count 1
 :latency {:mean 0, :dist :constant}
 :bin "../Guião1/echo.py"
 :generator
 #object[jepsen.util.Forgettable
         "0x734db023"
         (jepsen.generator.TimeLimit
          {:limit 60000000000,
           :cutoff nil,
           :gen (jepsen.generator.Any
                 {:gens [(jepsen.generator.OnThreads
                          {:f #{:nemesis},
                           :context-filter #object[jepsen.generator.context$make_thread_filter$lazy_filter__12077
                                                   "0x6f5690f3"
                                                   "jepsen.generator.context$make_thread_filter$lazy_filter__12077@6f5690f3"],
                           :gen nil})
                         (jepsen.generator.OnThreads
                          {:f #jepsen.generator.context.AllBut{:element :nemesis},
                           :context-filter #object[jepsen.generator.context$make_thread_filter$lazy_filter__12077
                                                   "0x160a8986"
                                                   "jepsen.generator.context$make_thread_filter$lazy_filter__12077@160a8986"],
                           :gen (jepsen.generator.Stagger
                                 {:dt 400000000,
                                  :next-time nil,
                                  :gen (jepsen.generator.OnThreads
                                        {:f #jepsen.generator.context.AllBut{:element :nemesis},
                                         :context-filter #object[jepsen.generator.context$make_thread_filter$lazy_filter__12077
                                                                 "0x11ed241c"
                                                                 "jepsen.generator.context$make_thread_filter$lazy_filter__12077@11ed241c"],
                                         :gen (jepsen.independent.ConcurrentGenerator
                                               {:n 10,
                                                :fgen #object[jepsen.tests.linearizable_register$test$fn__17385
                                                              "0x2f24e1f3"
                                                              "jepsen.tests.linearizable_register$test$fn__17385@2f24e1f3"],
                                                :group->threads nil,
                                                :thread->group nil,
                                                :group->context-filter nil,
                                                :keys (0 1 2 3 4 5 6 7 ...),
                                                :gens nil})})})})]})})]
 :log-net-recv false
 :os
 #object[maelstrom.net$jepsen_os$reify__15724
         "0x36aacc46"
         "maelstrom.net$jepsen_os$reify__15724@36aacc46"]
 :time-limit 60
 :workload :lin-kv
 :consistency-models [:strict-serializable]
 :topology :grid}

2026-02-08 14:31:05,027{GMT}	INFO	[jepsen node n0] maelstrom.net: Starting Maelstrom network
2026-02-08 14:31:05,028{GMT}	INFO	[jepsen test runner] jepsen.db: Tearing down DB
2026-02-08 14:31:05,030{GMT}	INFO	[jepsen test runner] jepsen.db: Setting up DB
2026-02-08 14:31:05,030{GMT}	INFO	[jepsen node n2] maelstrom.db: Setting up n2
2026-02-08 14:31:05,030{GMT}	INFO	[jepsen node n4] maelstrom.db: Setting up n4
2026-02-08 14:31:05,030{GMT}	INFO	[jepsen node n1] maelstrom.db: Setting up n1
2026-02-08 14:31:05,030{GMT}	INFO	[jepsen node n3] maelstrom.db: Setting up n3
2026-02-08 14:31:05,031{GMT}	INFO	[jepsen node n2] maelstrom.process: launching ../Guião1/echo.py ["lin_kv"]
2026-02-08 14:31:05,031{GMT}	INFO	[jepsen node n4] maelstrom.process: launching ../Guião1/echo.py ["lin_kv"]
2026-02-08 14:31:05,031{GMT}	INFO	[jepsen node n3] maelstrom.process: launching ../Guião1/echo.py ["lin_kv"]
2026-02-08 14:31:05,031{GMT}	INFO	[jepsen node n1] maelstrom.process: launching ../Guião1/echo.py ["lin_kv"]
2026-02-08 14:31:05,032{GMT}	INFO	[jepsen node n0] maelstrom.service: Starting services: (lin-kv lin-tso lww-kv seq-kv)
2026-02-08 14:31:05,033{GMT}	INFO	[jepsen node n0] maelstrom.db: Setting up n0
2026-02-08 14:31:05,034{GMT}	INFO	[jepsen node n0] maelstrom.process: launching ../Guião1/echo.py ["lin_kv"]
2026-02-08 14:31:05,070{GMT}	INFO	[jepsen test runner] jepsen.core: Relative time begins now
2026-02-08 14:31:05,085{GMT}	INFO	[jepsen worker 0] jepsen.util: 0	:invoke	:read	[0 nil]
2026-02-08 14:31:05,088{GMT}	INFO	[jepsen worker 0] jepsen.util: 0	:ok	:read	[0 nil]
2026-02-08 14:31:05,118{GMT}	INFO	[jepsen worker 1] jepsen.util: 1	:invoke	:read	[0 nil]
2026-02-08 14:31:05,120{GMT}	INFO	[jepsen worker 1] jepsen.util: 1	:ok	:read	[0 nil]
2026-02-08 14:31:05,125{GMT}	INFO	[jepsen worker 5] jepsen.util: 5	:invoke	:cas	[0 [1 0]]
2026-02-08 14:31:05,133{GMT}	INFO	[jepsen worker 5] jepsen.util: 5	:fail	:cas	[0 [1 0]]	[:key-does-not-exist "key does not exist"]
2026-02-08 14:31:05,204{GMT}	INFO	[jepsen worker 5] jepsen.util: 5	:invoke	:cas	[0 [2 0]]
2026-02-08 14:31:05,206{GMT}	INFO	[jepsen worker 5] jepsen.util: 5	:fail	:cas	[0 [2 0]]	[:key-does-not-exist "key does not exist"]
2026-02-08 14:31:05,416{GMT}	INFO	[jepsen worker 5] jepsen.util: 5	:invoke	:cas	[0 [0 0]]
2026-02-08 14:31:05,418{GMT}	INFO	[jepsen worker 5] jepsen.util: 5	:fail	:cas	[0 [0 0]]	[:key-does-not-exist "key does not exist"]
2026-02-08 14:31:05,648{GMT}	INFO	[jepsen worker 5] jepsen.util: 5	:invoke	:cas	[0 [1 0]]
2026-02-08 14:31:05,650{GMT}	INFO	[jepsen worker 5] jepsen.util: 5	:fail	:cas	[0 [1 0]]	[:key-does-not-exist "key does not exist"]
2026-02-08 14:31:05,886{GMT}	INFO	[jepsen worker 6] jepsen.util: 6	:invoke	:cas	[0 [4 1]]
2026-02-08 14:31:05,889{GMT}	INFO	[jepsen worker 6] jepsen.util: 6	:fail	:cas	[0 [4 1]]	[:key-does-not-exist "key does not exist"]
2026-02-08 14:31:06,205{GMT}	INFO	[jepsen worker 7] jepsen.util: 7	:invoke	:cas	[0 [1 0]]
2026-02-08 14:31:06,208{GMT}	INFO	[jepsen worker 7] jepsen.util: 7	:fail	:cas	[0 [1 0]]	[:key-does-not-exist "key does not exist"]
2026-02-08 14:31:06,590{GMT}	INFO	[jepsen worker 8] jepsen.util: 8	:invoke	:write	[0 4]
2026-02-08 14:31:06,593{GMT}	INFO	[jepsen worker 8] jepsen.util: 8	:ok	:write	[0 4]
2026-02-08 14:31:06,912{GMT}	INFO	[jepsen worker 0] jepsen.util: 0	:invoke	:read	[0 nil]
2026-02-08 14:31:06,914{GMT}	INFO	[jepsen worker 0] jepsen.util: 0	:ok	:read	[0 nil]
2026-02-08 14:31:07,210{GMT}	INFO	[jepsen worker 0] jepsen.util: 0	:invoke	:read	[0 nil]
2026-02-08 14:31:07,212{GMT}	INFO	[jepsen worker 0] jepsen.util: 0	:ok	:read	[0 nil]
2026-02-08 14:31:07,366{GMT}	INFO	[jepsen worker 5] jepsen.util: 5	:invoke	:cas	[0 [2 2]]
2026-02-08 14:31:07,368{GMT}	INFO	[jepsen worker 5] jepsen.util: 5	:fail	:cas	[0 [2 2]]	[:key-does-not-exist "key does not exist"]
2026-02-08 14:31:07,737{GMT}	INFO	[jepsen worker 5] jepsen.util: 5	:invoke	:cas	[0 [2 0]]
2026-02-08 14:31:07,739{GMT}	INFO	[jepsen worker 5] jepsen.util: 5	:fail	:cas	[0 [2 0]]	[:key-does-not-exist "key does not exist"]
2026-02-08 14:31:08,015{GMT}	INFO	[jepsen worker 5] jepsen.util: 5	:invoke	:write	[0 2]
2026-02-08 14:31:08,016{GMT}	INFO	[jepsen worker 5] jepsen.util: 5	:ok	:write	[0 2]
2026-02-08 14:31:08,138{GMT}	INFO	[jepsen worker 5] jepsen.util: 5	:invoke	:write	[0 1]
2026-02-08 14:31:08,140{GMT}	INFO	[jepsen worker 5] jepsen.util: 5	:ok	:write	[0 1]
2026-02-08 14:31:08,487{GMT}	INFO	[jepsen worker 5] jepsen.util: 5	:invoke	:cas	[0 [2 1]]
2026-02-08 14:31:08,488{GMT}	INFO	[jepsen worker 5] jepsen.util: 5	:fail	:cas	[0 [2 1]]	[:precondition-failed "value does not match expected"]
2026-02-08 14:31:08,732{GMT}	INFO	[jepsen worker 0] jepsen.util: 0	:invoke	:read	[0 nil]
2026-02-08 14:31:08,734{GMT}	INFO	[jepsen worker 0] jepsen.util: 0	:ok	:read	[0 1]
2026-02-08 14:31:09,119{GMT}	INFO	[jepsen worker 0] jepsen.util: 0	:invoke	:read	[0 nil]
2026-02-08 14:31:09,120{GMT}	INFO	[jepsen worker 0] jepsen.util: 0	:ok	:read	[0 1]
2026-02-08 14:31:09,372{GMT}	INFO	[jepsen worker 0] jepsen.util: 0	:invoke	:read	[0 nil]
2026-02-08 14:31:09,374{GMT}	INFO	[jepsen worker 0] jepsen.util: 0	:ok	:read	[0 1]
2026-02-08 14:31:09,735{GMT}	INFO	[jepsen worker 8] jepsen.util: 8	:invoke	:cas	[0 [4 3]]
2026-02-08 14:31:09,736{GMT}	INFO	[jepsen worker 8] jepsen.util: 8	:ok	:cas	[0 [4 3]]
2026-02-08 14:31:09,984{GMT}	INFO	[jepsen worker 0] jepsen.util: 0	:invoke	:read	[0 nil]
2026-02-08 14:31:09,986{GMT}	INFO	[jepsen worker 0] jepsen.util: 0	:ok	:read	[0 1]
2026-02-08 14:31:09,999{GMT}	INFO	[jepsen worker 0] jepsen.util: 0	:invoke	:read	[0 nil]
2026-02-08 14:31:10,000{GMT}	INFO	[jepsen worker 0] jepsen.util: 0	:ok	:read	[0 1]
2026-02-08 14:31:10,244{GMT}	INFO	[jepsen worker 5] jepsen.util: 5	:invoke	:write	[0 3]
2026-02-08 14:31:10,246{GMT}	INFO	[jepsen worker 5] jepsen.util: 5	:ok	:write	[0 3]
2026-02-08 14:31:10,345{GMT}	INFO	[jepsen worker 1] jepsen.util: 1	:invoke	:read	[0 nil]
2026-02-08 14:31:10,346{GMT}	INFO	[jepsen worker 1] jepsen.util: 1	:ok	:read	[0 nil]
2026-02-08 14:31:10,689{GMT}	INFO	[jepsen worker 5] jepsen.util: 5	:invoke	:cas	[0 [2 3]]
2026-02-08 14:31:10,690{GMT}	INFO	[jepsen worker 5] jepsen.util: 5	:fail	:cas	[0 [2 3]]	[:precondition-failed "value does not match expected"]
2026-02-08 14:31:10,976{GMT}	INFO	[jepsen worker 5] jepsen.util: 5	:invoke	:cas	[0 [0 0]]
2026-02-08 14:31:10,978{GMT}	INFO	[jepsen worker 5] jepsen.util: 5	:fail	:cas	[0 [0 0]]	[:precondition-failed "value does not match expected"]
2026-02-08 14:31:11,088{GMT}	INFO	[jepsen worker 5] jepsen.util: 5	:invoke	:cas	[0 [1 0]]
2026-02-08 14:31:11,090{GMT}	INFO	[jepsen worker 5] jepsen.util: 5	:fail	:cas	[0 [1 0]]	[:precondition-failed "value does not match expected"]
2026-02-08 14:31:11,255{GMT}	INFO	[jepsen worker 5] jepsen.util: 5	:invoke	:cas	[0 [4 1]]
2026-02-08 14:31:11,257{GMT}	INFO	[jepsen worker 5] jepsen.util: 5	:fail	:cas	[0 [4 1]]	[:precondition-failed "value does not match expected"]
2026-02-08 14:31:11,461{GMT}	INFO	[jepsen worker 0] jepsen.util: 0	:invoke	:read	[0 nil]
2026-02-08 14:31:11,462{GMT}	INFO	[jepsen worker 0] jepsen.util: 0	:ok	:read	[0 3]
2026-02-08 14:31:11,546{GMT}	INFO	[jepsen worker 7] jepsen.util: 7	:invoke	:cas	[0 [1 3]]
2026-02-08 14:31:11,547{GMT}	INFO	[jepsen worker 7] jepsen.util: 7	:fail	:cas	[0 [1 3]]	[:key-does-not-exist "key does not exist"]
2026-02-08 14:31:11,815{GMT}	INFO	[jepsen worker 0] jepsen.util: 0	:invoke	:read	[0 nil]
2026-02-08 14:31:11,817{GMT}	INFO	[jepsen worker 0] jepsen.util: 0	:ok	:read	[0 3]
2026-02-08 14:31:12,008{GMT}	INFO	[jepsen worker 0] jepsen.util: 0	:invoke	:read	[0 nil]
2026-02-08 14:31:12,010{GMT}	INFO	[jepsen worker 0] jepsen.util: 0	:ok	:read	[0 3]
2026-02-08 14:31:12,163{GMT}	INFO	[jepsen worker 0] jepsen.util: 0	:invoke	:read	[0 nil]
2026-02-08 14:31:12,164{GMT}	INFO	[jepsen worker 0] jepsen.util: 0	:ok	:read	[0 3]
2026-02-08 14:31:12,348{GMT}	INFO	[jepsen worker 0] jepsen.util: 0	:invoke	:read	[0 nil]
2026-02-08 14:31:12,349{GMT}	INFO	[jepsen worker 0] jepsen.util: 0	:ok	:read	[0 3]
2026-02-08 14:31:12,482{GMT}	INFO	[jepsen worker 1] jepsen.util: 1	:invoke	:read	[0 nil]
2026-02-08 14:31:12,483{GMT}	INFO	[jepsen worker 1] jepsen.util: 1	:ok	:read	[0 nil]
2026-02-08 14:31:12,765{GMT}	INFO	[jepsen worker 5] jepsen.util: 5	:invoke	:write	[0 3]
2026-02-08 14:31:12,766{GMT}	INFO	[jepsen worker 5] jepsen.util: 5	:ok	:write	[0 3]
2026-02-08 14:31:12,992{GMT}	INFO	[jepsen worker 3] jepsen.util: 3	:invoke	:read	[0 nil]
2026-02-08 14:31:12,993{GMT}	INFO	[jepsen worker 3] jepsen.util: 3	:ok	:read	[0 3]
2026-02-08 14:31:13,138{GMT}	INFO	[jepsen worker 5] jepsen.util: 5	:invoke	:write	[0 1]
2026-02-08 14:31:13,139{GMT}	INFO	[jepsen worker 5] jepsen.util: 5	:ok	:write	[0 1]
2026-02-08 14:31:13,537{GMT}	INFO	[jepsen worker 5] jepsen.util: 5	:invoke	:write	[0 4]
2026-02-08 14:31:13,538{GMT}	INFO	[jepsen worker 5] jepsen.util: 5	:ok	:write	[0 4]
2026-02-08 14:31:13,694{GMT}	INFO	[jepsen worker 6] jepsen.util: 6	:invoke	:cas	[0 [2 1]]
2026-02-08 14:31:13,696{GMT}	INFO	[jepsen worker 6] jepsen.util: 6	:fail	:cas	[0 [2 1]]	[:key-does-not-exist "key does not exist"]
2026-02-08 14:31:13,858{GMT}	INFO	[jepsen worker 7] jepsen.util: 7	:invoke	:cas	[0 [1 1]]
2026-02-08 14:31:13,860{GMT}	INFO	[jepsen worker 7] jepsen.util: 7	:fail	:cas	[0 [1 1]]	[:key-does-not-exist "key does not exist"]
2026-02-08 14:31:14,137{GMT}	INFO	[jepsen worker 8] jepsen.util: 8	:invoke	:write	[0 3]
2026-02-08 14:31:14,138{GMT}	INFO	[jepsen worker 8] jepsen.util: 8	:ok	:write	[0 3]
2026-02-08 14:31:14,477{GMT}	INFO	[jepsen worker 9] jepsen.util: 9	:invoke	:write	[0 1]
2026-02-08 14:31:14,479{GMT}	INFO	[jepsen worker 9] jepsen.util: 9	:ok	:write	[0 1]
2026-02-08 14:31:14,750{GMT}	INFO	[jepsen worker 0] jepsen.util: 0	:invoke	:read	[0 nil]
2026-02-08 14:31:14,752{GMT}	INFO	[jepsen worker 0] jepsen.util: 0	:ok	:read	[0 4]
2026-02-08 14:31:14,967{GMT}	INFO	[jepsen worker 5] jepsen.util: 5	:invoke	:write	[0 1]
2026-02-08 14:31:14,969{GMT}	INFO	[jepsen worker 5] jepsen.util: 5	:ok	:write	[0 1]
2026-02-08 14:31:15,360{GMT}	INFO	[jepsen worker 1] jepsen.util: 1	:invoke	:read	[0 nil]
2026-02-08 14:31:15,361{GMT}	INFO	[jepsen worker 1] jepsen.util: 1	:ok	:read	[0 nil]
2026-02-08 14:31:15,680{GMT}	INFO	[jepsen worker 5] jepsen.util: 5	:invoke	:cas	[0 [1 1]]
2026-02-08 14:31:15,681{GMT}	INFO	[jepsen worker 5] jepsen.util: 5	:ok	:cas	[0 [1 1]]
2026-02-08 14:31:15,831{GMT}	INFO	[jepsen worker 5] jepsen.util: 5	:invoke	:write	[0 2]
2026-02-08 14:31:15,832{GMT}	INFO	[jepsen worker 5] jepsen.util: 5	:ok	:write	[0 2]
2026-02-08 14:31:15,852{GMT}	INFO	[jepsen worker 5] jepsen.util: 5	:invoke	:write	[0 0]
2026-02-08 14:31:15,853{GMT}	INFO	[jepsen worker 5] jepsen.util: 5	:ok	:write	[0 0]
2026-02-08 14:31:16,028{GMT}	INFO	[jepsen worker 5] jepsen.util: 5	:invoke	:write	[0 0]
2026-02-08 14:31:16,029{GMT}	INFO	[jepsen worker 5] jepsen.util: 5	:ok	:write	[0 0]
2026-02-08 14:31:16,247{GMT}	INFO	[jepsen worker 6] jepsen.util: 6	:invoke	:cas	[0 [3 1]]
2026-02-08 14:31:16,249{GMT}	INFO	[jepsen worker 6] jepsen.util: 6	:fail	:cas	[0 [3 1]]	[:key-does-not-exist "key does not exist"]
2026-02-08 14:31:16,378{GMT}	INFO	[jepsen worker 7] jepsen.util: 7	:invoke	:cas	[0 [4 1]]
2026-02-08 14:31:16,379{GMT}	INFO	[jepsen worker 7] jepsen.util: 7	:fail	:cas	[0 [4 1]]	[:key-does-not-exist "key does not exist"]
2026-02-08 14:31:16,715{GMT}	INFO	[jepsen worker 8] jepsen.util: 8	:invoke	:cas	[0 [4 3]]
2026-02-08 14:31:16,717{GMT}	INFO	[jepsen worker 8] jepsen.util: 8	:fail	:cas	[0 [4 3]]	[:precondition-failed "value does not match expected"]
2026-02-08 14:31:16,968{GMT}	INFO	[jepsen worker 0] jepsen.util: 0	:invoke	:read	[0 nil]
2026-02-08 14:31:16,969{GMT}	INFO	[jepsen worker 0] jepsen.util: 0	:ok	:read	[0 0]
2026-02-08 14:31:17,174{GMT}	INFO	[jepsen worker 0] jepsen.util: 0	:invoke	:read	[0 nil]
2026-02-08 14:31:17,175{GMT}	INFO	[jepsen worker 0] jepsen.util: 0	:ok	:read	[0 0]
2026-02-08 14:31:17,485{GMT}	INFO	[jepsen worker 0] jepsen.util: 0	:invoke	:read	[0 nil]
2026-02-08 14:31:17,487{GMT}	INFO	[jepsen worker 0] jepsen.util: 0	:ok	:read	[0 0]
2026-02-08 14:31:17,756{GMT}	INFO	[jepsen worker 1] jepsen.util: 1	:invoke	:read	[0 nil]
2026-02-08 14:31:17,757{GMT}	INFO	[jepsen worker 1] jepsen.util: 1	:ok	:read	[0 nil]
2026-02-08 14:31:18,040{GMT}	INFO	[jepsen worker 2] jepsen.util: 2	:invoke	:read	[0 nil]
2026-02-08 14:31:18,042{GMT}	INFO	[jepsen worker 2] jepsen.util: 2	:ok	:read	[0 nil]
2026-02-08 14:31:18,049{GMT}	INFO	[jepsen worker 3] jepsen.util: 3	:invoke	:read	[0 nil]
2026-02-08 14:31:18,050{GMT}	INFO	[jepsen worker 3] jepsen.util: 3	:ok	:read	[0 3]
2026-02-08 14:31:18,068{GMT}	INFO	[jepsen worker 5] jepsen.util: 5	:invoke	:cas	[0 [0 1]]
2026-02-08 14:31:18,069{GMT}	INFO	[jepsen worker 5] jepsen.util: 5	:ok	:cas	[0 [0 1]]
2026-02-08 14:31:18,467{GMT}	INFO	[jepsen worker 0] jepsen.util: 0	:invoke	:read	[0 nil]
2026-02-08 14:31:18,469{GMT}	INFO	[jepsen worker 0] jepsen.util: 0	:ok	:read	[0 1]
2026-02-08 14:31:18,531{GMT}	INFO	[jepsen worker 0] jepsen.util: 0	:invoke	:read	[0 nil]
2026-02-08 14:31:18,533{GMT}	INFO	[jepsen worker 0] jepsen.util: 0	:ok	:read	[0 1]
2026-02-08 14:31:18,565{GMT}	INFO	[jepsen worker 7] jepsen.util: 7	:invoke	:write	[0 1]
2026-02-08 14:31:18,567{GMT}	INFO	[jepsen worker 7] jepsen.util: 7	:ok	:write	[0 1]
2026-02-08 14:31:18,706{GMT}	INFO	[jepsen worker 8] jepsen.util: 8	:invoke	:write	[0 2]
2026-02-08 14:31:18,707{GMT}	INFO	[jepsen worker 8] jepsen.util: 8	:ok	:write	[0 2]
2026-02-08 14:31:18,983{GMT}	INFO	[jepsen worker 9] jepsen.util: 9	:invoke	:cas	[0 [1 1]]
2026-02-08 14:31:18,984{GMT}	INFO	[jepsen worker 9] jepsen.util: 9	:ok	:cas	[0 [1 1]]
2026-02-08 14:31:19,248{GMT}	INFO	[jepsen worker 5] jepsen.util: 5	:invoke	:write	[0 2]
2026-02-08 14:31:19,249{GMT}	INFO	[jepsen worker 5] jepsen.util: 5	:ok	:write	[0 2]
2026-02-08 14:31:19,324{GMT}	INFO	[jepsen worker 5] jepsen.util: 5	:invoke	:write	[0 3]
2026-02-08 14:31:19,325{GMT}	INFO	[jepsen worker 5] jepsen.util: 5	:ok	:write	[0 3]
2026-02-08 14:31:19,429{GMT}	INFO	[jepsen worker 5] jepsen.util: 5	:invoke	:cas	[0 [0 0]]
2026-02-08 14:31:19,430{GMT}	INFO	[jepsen worker 5] jepsen.util: 5	:fail	:cas	[0 [0 0]]	[:precondition-failed "value does not match expected"]
2026-02-08 14:31:19,560{GMT}	INFO	[jepsen worker 5] jepsen.util: 5	:invoke	:cas	[0 [4 4]]
2026-02-08 14:31:19,562{GMT}	INFO	[jepsen worker 5] jepsen.util: 5	:fail	:cas	[0 [4 4]]	[:precondition-failed "value does not match expected"]
2026-02-08 14:31:19,889{GMT}	INFO	[jepsen worker 5] jepsen.util: 5	:invoke	:cas	[0 [3 1]]
2026-02-08 14:31:19,890{GMT}	INFO	[jepsen worker 5] jepsen.util: 5	:ok	:cas	[0 [3 1]]
2026-02-08 14:31:20,185{GMT}	INFO	[jepsen worker 4] jepsen.util: 4	:invoke	:read	[0 nil]
2026-02-08 14:31:20,187{GMT}	INFO	[jepsen worker 4] jepsen.util: 4	:ok	:read	[0 1]
2026-02-08 14:31:20,294{GMT}	INFO	[jepsen worker 0] jepsen.util: 0	:invoke	:read	[0 nil]
2026-02-08 14:31:20,295{GMT}	INFO	[jepsen worker 0] jepsen.util: 0	:ok	:read	[0 1]
2026-02-08 14:31:20,396{GMT}	INFO	[jepsen worker 0] jepsen.util: 0	:invoke	:read	[0 nil]
2026-02-08 14:31:20,397{GMT}	INFO	[jepsen worker 0] jepsen.util: 0	:ok	:read	[0 1]
2026-02-08 14:31:20,480{GMT}	INFO	[jepsen worker 7] jepsen.util: 7	:invoke	:write	[0 0]
2026-02-08 14:31:20,481{GMT}	INFO	[jepsen worker 7] jepsen.util: 7	:ok	:write	[0 0]
2026-02-08 14:31:20,519{GMT}	INFO	[jepsen worker 0] jepsen.util: 0	:invoke	:read	[0 nil]
2026-02-08 14:31:20,520{GMT}	INFO	[jepsen worker 0] jepsen.util: 0	:ok	:read	[0 1]
2026-02-08 14:31:20,679{GMT}	INFO	[jepsen worker 9] jepsen.util: 9	:invoke	:cas	[0 [4 3]]
2026-02-08 14:31:20,680{GMT}	INFO	[jepsen worker 9] jepsen.util: 9	:fail	:cas	[0 [4 3]]	[:precondition-failed "value does not match expected"]
2026-02-08 14:31:20,960{GMT}	INFO	[jepsen worker 0] jepsen.util: 0	:invoke	:read	[0 nil]
2026-02-08 14:31:20,961{GMT}	INFO	[jepsen worker 0] jepsen.util: 0	:ok	:read	[0 1]
2026-02-08 14:31:21,041{GMT}	INFO	[jepsen worker 0] jepsen.util: 0	:invoke	:read	[0 nil]
2026-02-08 14:31:21,042{GMT}	INFO	[jepsen worker 0] jepsen.util: 0	:ok	:read	[0 1]
2026-02-08 14:31:21,344{GMT}	INFO	[jepsen worker 5] jepsen.util: 5	:invoke	:cas	[0 [1 0]]
2026-02-08 14:31:21,345{GMT}	INFO	[jepsen worker 5] jepsen.util: 5	:ok	:cas	[0 [1 0]]
2026-02-08 14:31:21,652{GMT}	INFO	[jepsen worker 5] jepsen.util: 5	:invoke	:cas	[0 [4 2]]
2026-02-08 14:31:21,653{GMT}	INFO	[jepsen worker 5] jepsen.util: 5	:fail	:cas	[0 [4 2]]	[:precondition-failed "value does not match expected"]
2026-02-08 14:31:21,958{GMT}	INFO	[jepsen worker 3] jepsen.util: 3	:invoke	:read	[0 nil]
2026-02-08 14:31:21,959{GMT}	INFO	[jepsen worker 3] jepsen.util: 3	:ok	:read	[0 2]
2026-02-08 14:31:22,148{GMT}	INFO	[jepsen worker 4] jepsen.util: 4	:invoke	:read	[0 nil]
2026-02-08 14:31:22,149{GMT}	INFO	[jepsen worker 4] jepsen.util: 4	:ok	:read	[0 1]
2026-02-08 14:31:22,161{GMT}	INFO	[jepsen worker 5] jepsen.util: 5	:invoke	:cas	[0 [0 0]]
2026-02-08 14:31:22,162{GMT}	INFO	[jepsen worker 5] jepsen.util: 5	:ok	:cas	[0 [0 0]]
2026-02-08 14:31:22,216{GMT}	INFO	[jepsen worker 6] jepsen.util: 6	:invoke	:cas	[0 [3 0]]
2026-02-08 14:31:22,218{GMT}	INFO	[jepsen worker 6] jepsen.util: 6	:fail	:cas	[0 [3 0]]	[:key-does-not-exist "key does not exist"]
2026-02-08 14:31:22,262{GMT}	INFO	[jepsen worker 0] jepsen.util: 0	:invoke	:read	[0 nil]
2026-02-08 14:31:22,263{GMT}	INFO	[jepsen worker 0] jepsen.util: 0	:ok	:read	[0 0]
2026-02-08 14:31:22,562{GMT}	INFO	[jepsen worker 8] jepsen.util: 8	:invoke	:cas	[0 [0 1]]
2026-02-08 14:31:22,563{GMT}	INFO	[jepsen worker 8] jepsen.util: 8	:fail	:cas	[0 [0 1]]	[:precondition-failed "value does not match expected"]
2026-02-08 14:31:22,891{GMT}	INFO	[jepsen worker 9] jepsen.util: 9	:invoke	:write	[0 3]
2026-02-08 14:31:22,892{GMT}	INFO	[jepsen worker 9] jepsen.util: 9	:ok	:write	[0 3]
2026-02-08 14:31:22,998{GMT}	INFO	[jepsen worker 5] jepsen.util: 5	:invoke	:cas	[0 [3 4]]
2026-02-08 14:31:23,000{GMT}	INFO	[jepsen worker 5] jepsen.util: 5	:fail	:cas	[0 [3 4]]	[:precondition-failed "value does not match expected"]
2026-02-08 14:31:23,107{GMT}	INFO	[jepsen worker 5] jepsen.util: 5	:invoke	:cas	[0 [2 0]]
2026-02-08 14:31:23,108{GMT}	INFO	[jepsen worker 5] jepsen.util: 5	:fail	:cas	[0 [2 0]]	[:precondition-failed "value does not match expected"]
2026-02-08 14:31:23,163{GMT}	INFO	[jepsen worker 1] jepsen.util: 1	:invoke	:read	[0 nil]
2026-02-08 14:31:23,165{GMT}	INFO	[jepsen worker 1] jepsen.util: 1	:ok	:read	[0 nil]
2026-02-08 14:31:23,414{GMT}	INFO	[jepsen worker 5] jepsen.util: 5	:invoke	:cas	[0 [1 1]]
2026-02-08 14:31:23,416{GMT}	INFO	[jepsen worker 5] jepsen.util: 5	:fail	:cas	[0 [1 1]]	[:precondition-failed "value does not match expected"]
2026-02-08 14:31:23,498{GMT}	INFO	[jepsen worker 5] jepsen.util: 5	:invoke	:write	[0 2]
2026-02-08 14:31:23,499{GMT}	INFO	[jepsen worker 5] jepsen.util: 5	:ok	:write	[0 2]
2026-02-08 14:31:23,602{GMT}	INFO	[jepsen worker 5] jepsen.util: 5	:invoke	:cas	[0 [0 3]]
2026-02-08 14:31:23,603{GMT}	INFO	[jepsen worker 5] jepsen.util: 5	:fail	:cas	[0 [0 3]]	[:precondition-failed "value does not match expected"]
2026-02-08 14:31:23,878{GMT}	INFO	[jepsen worker 0] jepsen.util: 0	:invoke	:read	[0 nil]
2026-02-08 14:31:23,879{GMT}	INFO	[jepsen worker 0] jepsen.util: 0	:ok	:read	[0 2]
2026-02-08 14:31:24,099{GMT}	INFO	[jepsen worker 0] jepsen.util: 0	:invoke	:read	[0 nil]
2026-02-08 14:31:24,100{GMT}	INFO	[jepsen worker 0] jepsen.util: 0	:ok	:read	[0 2]
2026-02-08 14:31:24,440{GMT}	INFO	[jepsen worker 0] jepsen.util: 0	:invoke	:read	[0 nil]
2026-02-08 14:31:24,441{GMT}	INFO	[jepsen worker 0] jepsen.util: 0	:ok	:read	[0 2]
2026-02-08 14:31:24,758{GMT}	INFO	[jepsen worker 8] jepsen.util: 8	:invoke	:cas	[0 [2 3]]
2026-02-08 14:31:24,759{GMT}	INFO	[jepsen worker 8] jepsen.util: 8	:ok	:cas	[0 [2 3]]
2026-02-08 14:31:25,082{GMT}	INFO	[jepsen worker 0] jepsen.util: 0	:invoke	:read	[0 nil]
2026-02-08 14:31:25,083{GMT}	INFO	[jepsen worker 0] jepsen.util: 0	:ok	:read	[0 2]
2026-02-08 14:31:25,174{GMT}	INFO	[jepsen worker 0] jepsen.util: 0	:invoke	:read	[0 nil]
2026-02-08 14:31:25,176{GMT}	INFO	[jepsen worker 0] jepsen.util: 0	:ok	:read	[0 2]
2026-02-08 14:31:25,532{GMT}	INFO	[jepsen worker 0] jepsen.util: 0	:invoke	:read	[0 nil]
2026-02-08 14:31:25,533{GMT}	INFO	[jepsen worker 0] jepsen.util: 0	:ok	:read	[0 2]
2026-02-08 14:31:25,886{GMT}	INFO	[jepsen worker 5] jepsen.util: 5	:invoke	:cas	[0 [4 1]]
2026-02-08 14:31:25,887{GMT}	INFO	[jepsen worker 5] jepsen.util: 5	:fail	:cas	[0 [4 1]]	[:precondition-failed "value does not match expected"]
2026-02-08 14:31:25,991{GMT}	INFO	[jepsen worker 2] jepsen.util: 2	:invoke	:read	[0 nil]
2026-02-08 14:31:25,992{GMT}	INFO	[jepsen worker 2] jepsen.util: 2	:ok	:read	[0 0]
2026-02-08 14:31:26,334{GMT}	INFO	[jepsen worker 3] jepsen.util: 3	:invoke	:read	[0 nil]
2026-02-08 14:31:26,335{GMT}	INFO	[jepsen worker 3] jepsen.util: 3	:ok	:read	[0 3]
2026-02-08 14:31:26,517{GMT}	INFO	[jepsen worker 4] jepsen.util: 4	:invoke	:read	[0 nil]
2026-02-08 14:31:26,518{GMT}	INFO	[jepsen worker 4] jepsen.util: 4	:ok	:read	[0 3]
2026-02-08 14:31:26,900{GMT}	INFO	[jepsen worker 0] jepsen.util: 0	:invoke	:read	[0 nil]
2026-02-08 14:31:26,901{GMT}	INFO	[jepsen worker 0] jepsen.util: 0	:ok	:read	[0 2]
2026-02-08 14:31:27,164{GMT}	INFO	[jepsen worker 0] jepsen.util: 0	:invoke	:read	[0 nil]
2026-02-08 14:31:27,165{GMT}	INFO	[jepsen worker 0] jepsen.util: 0	:ok	:read	[0 2]
2026-02-08 14:31:27,495{GMT}	INFO	[jepsen worker 0] jepsen.util: 0	:invoke	:read	[0 nil]
2026-02-08 14:31:27,496{GMT}	INFO	[jepsen worker 0] jepsen.util: 0	:ok	:read	[0 2]
2026-02-08 14:31:27,753{GMT}	INFO	[jepsen worker 8] jepsen.util: 8	:invoke	:cas	[0 [3 0]]
2026-02-08 14:31:27,754{GMT}	INFO	[jepsen worker 8] jepsen.util: 8	:ok	:cas	[0 [3 0]]
2026-02-08 14:31:27,811{GMT}	INFO	[jepsen worker 0] jepsen.util: 0	:invoke	:read	[0 nil]
2026-02-08 14:31:27,812{GMT}	INFO	[jepsen worker 0] jepsen.util: 0	:ok	:read	[0 2]
2026-02-08 14:31:28,020{GMT}	INFO	[jepsen worker 5] jepsen.util: 5	:invoke	:write	[0 3]
2026-02-08 14:31:28,021{GMT}	INFO	[jepsen worker 5] jepsen.util: 5	:ok	:write	[0 3]
2026-02-08 14:31:28,271{GMT}	INFO	[jepsen worker 5] jepsen.util: 5	:invoke	:write	[0 4]
2026-02-08 14:31:28,272{GMT}	INFO	[jepsen worker 5] jepsen.util: 5	:ok	:write	[0 4]
2026-02-08 14:31:28,583{GMT}	INFO	[jepsen worker 5] jepsen.util: 5	:invoke	:write	[0 3]
2026-02-08 14:31:28,584{GMT}	INFO	[jepsen worker 5] jepsen.util: 5	:ok	:write	[0 3]
2026-02-08 14:31:28,594{GMT}	INFO	[jepsen worker 2] jepsen.util: 2	:invoke	:read	[0 nil]
2026-02-08 14:31:28,595{GMT}	INFO	[jepsen worker 2] jepsen.util: 2	:ok	:read	[0 0]
2026-02-08 14:31:28,985{GMT}	INFO	[jepsen worker 3] jepsen.util: 3	:invoke	:read	[0 nil]
2026-02-08 14:31:28,986{GMT}	INFO	[jepsen worker 3] jepsen.util: 3	:ok	:read	[0 0]
2026-02-08 14:31:29,300{GMT}	INFO	[jepsen worker 5] jepsen.util: 5	:invoke	:write	[0 1]
2026-02-08 14:31:29,301{GMT}	INFO	[jepsen worker 5] jepsen.util: 5	:ok	:write	[0 1]
2026-02-08 14:31:29,492{GMT}	INFO	[jepsen worker 5] jepsen.util: 5	:invoke	:cas	[0 [4 0]]
2026-02-08 14:31:29,494{GMT}	INFO	[jepsen worker 5] jepsen.util: 5	:fail	:cas	[0 [4 0]]	[:precondition-failed "value does not match expected"]
2026-02-08 14:31:29,565{GMT}	INFO	[jepsen worker 0] jepsen.util: 0	:invoke	:read	[0 nil]
2026-02-08 14:31:29,566{GMT}	INFO	[jepsen worker 0] jepsen.util: 0	:ok	:read	[0 1]
2026-02-08 14:31:29,621{GMT}	INFO	[jepsen worker 0] jepsen.util: 0	:invoke	:read	[0 nil]
2026-02-08 14:31:29,623{GMT}	INFO	[jepsen worker 0] jepsen.util: 0	:ok	:read	[0 1]
2026-02-08 14:31:29,659{GMT}	INFO	[jepsen worker 8] jepsen.util: 8	:invoke	:cas	[0 [0 4]]
2026-02-08 14:31:29,660{GMT}	INFO	[jepsen worker 8] jepsen.util: 8	:ok	:cas	[0 [0 4]]
2026-02-08 14:31:30,004{GMT}	INFO	[jepsen worker 0] jepsen.util: 0	:invoke	:read	[0 nil]
2026-02-08 14:31:30,005{GMT}	INFO	[jepsen worker 0] jepsen.util: 0	:ok	:read	[0 1]
2026-02-08 14:31:30,167{GMT}	INFO	[jepsen worker 5] jepsen.util: 5	:invoke	:write	[0 1]
2026-02-08 14:31:30,168{GMT}	INFO	[jepsen worker 5] jepsen.util: 5	:ok	:write	[0 1]
2026-02-08 14:31:30,265{GMT}	INFO	[jepsen worker 5] jepsen.util: 5	:invoke	:write	[0 2]
2026-02-08 14:31:30,266{GMT}	INFO	[jepsen worker 5] jepsen.util: 5	:ok	:write	[0 2]
2026-02-08 14:31:30,601{GMT}	INFO	[jepsen worker 5] jepsen.util: 5	:invoke	:cas	[0 [4 0]]
2026-02-08 14:31:30,603{GMT}	INFO	[jepsen worker 5] jepsen.util: 5	:fail	:cas	[0 [4 0]]	[:precondition-failed "value does not match expected"]
2026-02-08 14:31:30,849{GMT}	INFO	[jepsen worker 5] jepsen.util: 5	:invoke	:cas	[0 [4 2]]
2026-02-08 14:31:30,850{GMT}	INFO	[jepsen worker 5] jepsen.util: 5	:fail	:cas	[0 [4 2]]	[:precondition-failed "value does not match expected"]
2026-02-08 14:31:31,238{GMT}	INFO	[jepsen worker 5] jepsen.util: 5	:invoke	:cas	[0 [0 1]]
2026-02-08 14:31:31,240{GMT}	INFO	[jepsen worker 5] jepsen.util: 5	:fail	:cas	[0 [0 1]]	[:precondition-failed "value does not match expected"]
2026-02-08 14:31:31,529{GMT}	INFO	[jepsen worker 4] jepsen.util: 4	:invoke	:read	[0 nil]
2026-02-08 14:31:31,530{GMT}	INFO	[jepsen worker 4] jepsen.util: 4	:ok	:read	[0 3]
2026-02-08 14:31:31,848{GMT}	INFO	[jepsen worker 5] jepsen.util: 5	:invoke	:cas	[0 [3 1]]
2026-02-08 14:31:31,849{GMT}	INFO	[jepsen worker 5] jepsen.util: 5	:fail	:cas	[0 [3 1]]	[:precondition-failed "value does not match expected"]
2026-02-08 14:31:31,899{GMT}	INFO	[jepsen worker 6] jepsen.util: 6	:invoke	:cas	[0 [4 1]]
2026-02-08 14:31:31,901{GMT}	INFO	[jepsen worker 6] jepsen.util: 6	:fail	:cas	[0 [4 1]]	[:key-does-not-exist "key does not exist"]
2026-02-08 14:31:32,231{GMT}	INFO	[jepsen worker 0] jepsen.util: 0	:invoke	:read	[0 nil]
2026-02-08 14:31:32,232{GMT}	INFO	[jepsen worker 0] jepsen.util: 0	:ok	:read	[0 2]
2026-02-08 14:31:32,592{GMT}	INFO	[jepsen worker 0] jepsen.util: 0	:invoke	:read	[0 nil]
2026-02-08 14:31:32,593{GMT}	INFO	[jepsen worker 0] jepsen.util: 0	:ok	:read	[0 2]
2026-02-08 14:31:32,828{GMT}	INFO	[jepsen worker 0] jepsen.util: 0	:invoke	:read	[0 nil]
2026-02-08 14:31:32,830{GMT}	INFO	[jepsen worker 0] jepsen.util: 0	:ok	:read	[0 2]
2026-02-08 14:31:32,972{GMT}	INFO	[jepsen worker 0] jepsen.util: 0	:invoke	:read	[0 nil]
2026-02-08 14:31:32,973{GMT}	INFO	[jepsen worker 0] jepsen.util: 0	:ok	:read	[0 2]
2026-02-08 14:31:33,011{GMT}	INFO	[jepsen worker 5] jepsen.util: 5	:invoke	:cas	[0 [4 0]]
2026-02-08 14:31:33,013{GMT}	INFO	[jepsen worker 5] jepsen.util: 5	:fail	:cas	[0 [4 0]]	[:precondition-failed "value does not match expected"]
2026-02-08 14:31:33,261{GMT}	INFO	[jepsen worker 5] jepsen.util: 5	:invoke	:cas	[0 [0 0]]
2026-02-08 14:31:33,262{GMT}	INFO	[jepsen worker 5] jepsen.util: 5	:fail	:cas	[0 [0 0]]	[:precondition-failed "value does not match expected"]
2026-02-08 14:31:33,406{GMT}	INFO	[jepsen worker 5] jepsen.util: 5	:invoke	:cas	[0 [3 2]]
2026-02-08 14:31:33,407{GMT}	INFO	[jepsen worker 5] jepsen.util: 5	:fail	:cas	[0 [3 2]]	[:precondition-failed "value does not match expected"]
2026-02-08 14:31:33,408{GMT}	INFO	[jepsen worker 3] jepsen.util: 3	:invoke	:read	[0 nil]
2026-02-08 14:31:33,409{GMT}	INFO	[jepsen worker 3] jepsen.util: 3	:ok	:read	[0 4]
2026-02-08 14:31:33,540{GMT}	INFO	[jepsen worker 5] jepsen.util: 5	:invoke	:cas	[0 [1 4]]
2026-02-08 14:31:33,541{GMT}	INFO	[jepsen worker 5] jepsen.util: 5	:fail	:cas	[0 [1 4]]	[:precondition-failed "value does not match expected"]
2026-02-08 14:31:33,736{GMT}	INFO	[jepsen worker 5] jepsen.util: 5	:invoke	:cas	[0 [3 4]]
2026-02-08 14:31:33,738{GMT}	INFO	[jepsen worker 5] jepsen.util: 5	:fail	:cas	[0 [3 4]]	[:precondition-failed "value does not match expected"]
2026-02-08 14:31:33,880{GMT}	INFO	[jepsen worker 0] jepsen.util: 0	:invoke	:read	[0 nil]
2026-02-08 14:31:33,881{GMT}	INFO	[jepsen worker 0] jepsen.util: 0	:ok	:read	[0 2]
2026-02-08 14:31:33,989{GMT}	INFO	[jepsen worker 0] jepsen.util: 0	:invoke	:read	[0 nil]
2026-02-08 14:31:33,991{GMT}	INFO	[jepsen worker 0] jepsen.util: 0	:ok	:read	[0 2]
2026-02-08 14:31:34,052{GMT}	INFO	[jepsen worker 8] jepsen.util: 8	:invoke	:write	[0 4]
2026-02-08 14:31:34,053{GMT}	INFO	[jepsen worker 8] jepsen.util: 8	:ok	:write	[0 4]
2026-02-08 14:31:34,189{GMT}	INFO	[jepsen worker 9] jepsen.util: 9	:invoke	:cas	[0 [0 1]]
2026-02-08 14:31:34,190{GMT}	INFO	[jepsen worker 9] jepsen.util: 9	:fail	:cas	[0 [0 1]]	[:precondition-failed "value does not match expected"]
2026-02-08 14:31:34,334{GMT}	INFO	[jepsen worker 5] jepsen.util: 5	:invoke	:cas	[0 [3 4]]
2026-02-08 14:31:34,336{GMT}	INFO	[jepsen worker 5] jepsen.util: 5	:fail	:cas	[0 [3 4]]	[:precondition-failed "value does not match expected"]
2026-02-08 14:31:34,632{GMT}	INFO	[jepsen worker 5] jepsen.util: 5	:invoke	:write	[0 1]
2026-02-08 14:31:34,633{GMT}	INFO	[jepsen worker 5] jepsen.util: 5	:ok	:write	[0 1]
2026-02-08 14:31:34,773{GMT}	INFO	[jepsen worker 1] jepsen.util: 1	:invoke	:read	[0 nil]
2026-02-08 14:31:34,773{GMT}	INFO	[jepsen worker 1] jepsen.util: 1	:ok	:read	[0 nil]
2026-02-08 14:31:34,845{GMT}	INFO	[jepsen worker 2] jepsen.util: 2	:invoke	:read	[0 nil]
2026-02-08 14:31:34,846{GMT}	INFO	[jepsen worker 2] jepsen.util: 2	:ok	:read	[0 0]
2026-02-08 14:31:35,161{GMT}	INFO	[jepsen worker 5] jepsen.util: 5	:invoke	:write	[0 0]
2026-02-08 14:31:35,163{GMT}	INFO	[jepsen worker 5] jepsen.util: 5	:ok	:write	[0 0]
2026-02-08 14:31:35,458{GMT}	INFO	[jepsen worker 5] jepsen.util: 5	:invoke	:cas	[0 [0 1]]
2026-02-08 14:31:35,460{GMT}	INFO	[jepsen worker 5] jepsen.util: 5	:ok	:cas	[0 [0 1]]
2026-02-08 14:31:35,642{GMT}	INFO	[jepsen worker 0] jepsen.util: 0	:invoke	:read	[0 nil]
2026-02-08 14:31:35,643{GMT}	INFO	[jepsen worker 0] jepsen.util: 0	:ok	:read	[0 1]
2026-02-08 14:31:35,941{GMT}	INFO	[jepsen worker 6] jepsen.util: 6	:invoke	:cas	[0 [2 3]]
2026-02-08 14:31:35,942{GMT}	INFO	[jepsen worker 6] jepsen.util: 6	:fail	:cas	[0 [2 3]]	[:key-does-not-exist "key does not exist"]
2026-02-08 14:31:36,332{GMT}	INFO	[jepsen worker 0] jepsen.util: 0	:invoke	:read	[0 nil]
2026-02-08 14:31:36,333{GMT}	INFO	[jepsen worker 0] jepsen.util: 0	:ok	:read	[0 1]
2026-02-08 14:31:36,559{GMT}	INFO	[jepsen worker 0] jepsen.util: 0	:invoke	:read	[0 nil]
2026-02-08 14:31:36,560{GMT}	INFO	[jepsen worker 0] jepsen.util: 0	:ok	:read	[0 1]
2026-02-08 14:31:36,868{GMT}	INFO	[jepsen worker 9] jepsen.util: 9	:invoke	:cas	[0 [1 0]]
2026-02-08 14:31:36,870{GMT}	INFO	[jepsen worker 9] jepsen.util: 9	:fail	:cas	[0 [1 0]]	[:precondition-failed "value does not match expected"]
2026-02-08 14:31:37,097{GMT}	INFO	[jepsen worker 5] jepsen.util: 5	:invoke	:cas	[0 [0 2]]
2026-02-08 14:31:37,099{GMT}	INFO	[jepsen worker 5] jepsen.util: 5	:fail	:cas	[0 [0 2]]	[:precondition-failed "value does not match expected"]
2026-02-08 14:31:37,161{GMT}	INFO	[jepsen worker 0] jepsen.util: 0	:invoke	:read	[0 nil]
2026-02-08 14:31:37,161{GMT}	INFO	[jepsen worker 5] jepsen.util: 5	:invoke	:cas	[0 [3 0]]
2026-02-08 14:31:37,162{GMT}	INFO	[jepsen worker 0] jepsen.util: 0	:ok	:read	[0 1]
2026-02-08 14:31:37,162{GMT}	INFO	[jepsen worker 5] jepsen.util: 5	:fail	:cas	[0 [3 0]]	[:precondition-failed "value does not match expected"]
2026-02-08 14:31:37,440{GMT}	INFO	[jepsen worker 5] jepsen.util: 5	:invoke	:cas	[0 [4 2]]
2026-02-08 14:31:37,441{GMT}	INFO	[jepsen worker 5] jepsen.util: 5	:fail	:cas	[0 [4 2]]	[:precondition-failed "value does not match expected"]
2026-02-08 14:31:37,819{GMT}	INFO	[jepsen worker 5] jepsen.util: 5	:invoke	:cas	[0 [3 1]]
2026-02-08 14:31:37,820{GMT}	INFO	[jepsen worker 5] jepsen.util: 5	:fail	:cas	[0 [3 1]]	[:precondition-failed "value does not match expected"]
2026-02-08 14:31:37,965{GMT}	INFO	[jepsen worker 5] jepsen.util: 5	:invoke	:write	[0 2]
2026-02-08 14:31:37,967{GMT}	INFO	[jepsen worker 5] jepsen.util: 5	:ok	:write	[0 2]
2026-02-08 14:31:38,257{GMT}	INFO	[jepsen worker 5] jepsen.util: 5	:invoke	:cas	[0 [2 1]]
2026-02-08 14:31:38,258{GMT}	INFO	[jepsen worker 5] jepsen.util: 5	:ok	:cas	[0 [2 1]]
2026-02-08 14:31:38,482{GMT}	INFO	[jepsen worker 6] jepsen.util: 6	:invoke	:cas	[0 [2 0]]
2026-02-08 14:31:38,483{GMT}	INFO	[jepsen worker 6] jepsen.util: 6	:fail	:cas	[0 [2 0]]	[:key-does-not-exist "key does not exist"]
2026-02-08 14:31:38,704{GMT}	INFO	[jepsen worker 7] jepsen.util: 7	:invoke	:write	[0 0]
2026-02-08 14:31:38,705{GMT}	INFO	[jepsen worker 7] jepsen.util: 7	:ok	:write	[0 0]
2026-02-08 14:31:38,928{GMT}	INFO	[jepsen worker 0] jepsen.util: 0	:invoke	:read	[0 nil]
2026-02-08 14:31:38,930{GMT}	INFO	[jepsen worker 0] jepsen.util: 0	:ok	:read	[0 1]
2026-02-08 14:31:39,205{GMT}	INFO	[jepsen worker 9] jepsen.util: 9	:invoke	:cas	[0 [3 0]]
2026-02-08 14:31:39,206{GMT}	INFO	[jepsen worker 9] jepsen.util: 9	:ok	:cas	[0 [3 0]]
2026-02-08 14:31:39,481{GMT}	INFO	[jepsen worker 0] jepsen.util: 0	:invoke	:read	[0 nil]
2026-02-08 14:31:39,482{GMT}	INFO	[jepsen worker 0] jepsen.util: 0	:ok	:read	[0 1]
2026-02-08 14:31:39,850{GMT}	INFO	[jepsen worker 5] jepsen.util: 5	:invoke	:cas	[0 [1 3]]
2026-02-08 14:31:39,851{GMT}	INFO	[jepsen worker 5] jepsen.util: 5	:ok	:cas	[0 [1 3]]
2026-02-08 14:31:40,019{GMT}	INFO	[jepsen worker 5] jepsen.util: 5	:invoke	:write	[0 2]
2026-02-08 14:31:40,020{GMT}	INFO	[jepsen worker 5] jepsen.util: 5	:ok	:write	[0 2]
2026-02-08 14:31:40,327{GMT}	INFO	[jepsen worker 2] jepsen.util: 2	:invoke	:read	[0 nil]
2026-02-08 14:31:40,328{GMT}	INFO	[jepsen worker 2] jepsen.util: 2	:ok	:read	[0 0]
2026-02-08 14:31:40,717{GMT}	INFO	[jepsen worker 3] jepsen.util: 3	:invoke	:read	[0 nil]
2026-02-08 14:31:40,719{GMT}	INFO	[jepsen worker 3] jepsen.util: 3	:ok	:read	[0 4]
2026-02-08 14:31:40,815{GMT}	INFO	[jepsen worker 5] jepsen.util: 5	:invoke	:write	[0 1]
2026-02-08 14:31:40,817{GMT}	INFO	[jepsen worker 5] jepsen.util: 5	:ok	:write	[0 1]
2026-02-08 14:31:41,024{GMT}	INFO	[jepsen worker 5] jepsen.util: 5	:invoke	:cas	[0 [4 3]]
2026-02-08 14:31:41,026{GMT}	INFO	[jepsen worker 5] jepsen.util: 5	:fail	:cas	[0 [4 3]]	[:precondition-failed "value does not match expected"]
2026-02-08 14:31:41,097{GMT}	INFO	[jepsen worker 6] jepsen.util: 6	:invoke	:write	[0 4]
2026-02-08 14:31:41,098{GMT}	INFO	[jepsen worker 6] jepsen.util: 6	:ok	:write	[0 4]
2026-02-08 14:31:41,103{GMT}	INFO	[jepsen worker 7] jepsen.util: 7	:invoke	:write	[0 0]
2026-02-08 14:31:41,104{GMT}	INFO	[jepsen worker 7] jepsen.util: 7	:ok	:write	[0 0]
2026-02-08 14:31:41,413{GMT}	INFO	[jepsen worker 8] jepsen.util: 8	:invoke	:cas	[0 [2 4]]
2026-02-08 14:31:41,415{GMT}	INFO	[jepsen worker 8] jepsen.util: 8	:fail	:cas	[0 [2 4]]	[:precondition-failed "value does not match expected"]
2026-02-08 14:31:41,554{GMT}	INFO	[jepsen worker 9] jepsen.util: 9	:invoke	:cas	[0 [1 2]]
2026-02-08 14:31:41,555{GMT}	INFO	[jepsen worker 9] jepsen.util: 9	:fail	:cas	[0 [1 2]]	[:precondition-failed "value does not match expected"]
2026-02-08 14:31:41,924{GMT}	INFO	[jepsen worker 0] jepsen.util: 0	:invoke	:read	[0 nil]
2026-02-08 14:31:41,925{GMT}	INFO	[jepsen worker 0] jepsen.util: 0	:ok	:read	[0 1]
2026-02-08 14:31:42,224{GMT}	INFO	[jepsen worker 5] jepsen.util: 5	:invoke	:cas	[0 [4 4]]
2026-02-08 14:31:42,225{GMT}	INFO	[jepsen worker 5] jepsen.util: 5	:fail	:cas	[0 [4 4]]	[:precondition-failed "value does not match expected"]
2026-02-08 14:31:42,474{GMT}	INFO	[jepsen worker 5] jepsen.util: 5	:invoke	:cas	[0 [0 2]]
2026-02-08 14:31:42,476{GMT}	INFO	[jepsen worker 5] jepsen.util: 5	:fail	:cas	[0 [0 2]]	[:precondition-failed "value does not match expected"]
2026-02-08 14:31:42,766{GMT}	INFO	[jepsen worker 5] jepsen.util: 5	:invoke	:write	[0 3]
2026-02-08 14:31:42,767{GMT}	INFO	[jepsen worker 5] jepsen.util: 5	:ok	:write	[0 3]
2026-02-08 14:31:43,052{GMT}	INFO	[jepsen worker 5] jepsen.util: 5	:invoke	:write	[0 4]
2026-02-08 14:31:43,053{GMT}	INFO	[jepsen worker 5] jepsen.util: 5	:ok	:write	[0 4]
2026-02-08 14:31:43,313{GMT}	INFO	[jepsen worker 4] jepsen.util: 4	:invoke	:read	[0 nil]
2026-02-08 14:31:43,314{GMT}	INFO	[jepsen worker 4] jepsen.util: 4	:ok	:read	[0 0]
2026-02-08 14:31:43,588{GMT}	INFO	[jepsen worker 5] jepsen.util: 5	:invoke	:cas	[0 [2 0]]
2026-02-08 14:31:43,589{GMT}	INFO	[jepsen worker 5] jepsen.util: 5	:fail	:cas	[0 [2 0]]	[:precondition-failed "value does not match expected"]
2026-02-08 14:31:43,770{GMT}	INFO	[jepsen worker 0] jepsen.util: 0	:invoke	:read	[0 nil]
2026-02-08 14:31:43,772{GMT}	INFO	[jepsen worker 0] jepsen.util: 0	:ok	:read	[0 4]
2026-02-08 14:31:43,786{GMT}	INFO	[jepsen worker 7] jepsen.util: 7	:invoke	:cas	[0 [3 0]]
2026-02-08 14:31:43,787{GMT}	INFO	[jepsen worker 7] jepsen.util: 7	:fail	:cas	[0 [3 0]]	[:precondition-failed "value does not match expected"]
2026-02-08 14:31:44,019{GMT}	INFO	[jepsen worker 0] jepsen.util: 0	:invoke	:read	[0 nil]
2026-02-08 14:31:44,020{GMT}	INFO	[jepsen worker 0] jepsen.util: 0	:ok	:read	[0 4]
2026-02-08 14:31:44,306{GMT}	INFO	[jepsen worker 0] jepsen.util: 0	:invoke	:read	[0 nil]
2026-02-08 14:31:44,307{GMT}	INFO	[jepsen worker 0] jepsen.util: 0	:ok	:read	[0 4]
2026-02-08 14:31:44,657{GMT}	INFO	[jepsen worker 0] jepsen.util: 0	:invoke	:read	[0 nil]
2026-02-08 14:31:44,658{GMT}	INFO	[jepsen worker 0] jepsen.util: 0	:ok	:read	[0 4]
2026-02-08 14:31:44,772{GMT}	INFO	[jepsen worker 5] jepsen.util: 5	:invoke	:cas	[0 [4 2]]
2026-02-08 14:31:44,773{GMT}	INFO	[jepsen worker 5] jepsen.util: 5	:ok	:cas	[0 [4 2]]
2026-02-08 14:31:45,127{GMT}	INFO	[jepsen worker 1] jepsen.util: 1	:invoke	:read	[0 nil]
2026-02-08 14:31:45,128{GMT}	INFO	[jepsen worker 1] jepsen.util: 1	:ok	:read	[0 4]
2026-02-08 14:31:45,470{GMT}	INFO	[jepsen worker 2] jepsen.util: 2	:invoke	:read	[0 nil]
2026-02-08 14:31:45,471{GMT}	INFO	[jepsen worker 2] jepsen.util: 2	:ok	:read	[0 0]
2026-02-08 14:31:45,814{GMT}	INFO	[jepsen worker 5] jepsen.util: 5	:invoke	:cas	[0 [0 2]]
2026-02-08 14:31:45,815{GMT}	INFO	[jepsen worker 5] jepsen.util: 5	:fail	:cas	[0 [0 2]]	[:precondition-failed "value does not match expected"]
2026-02-08 14:31:46,003{GMT}	INFO	[jepsen worker 4] jepsen.util: 4	:invoke	:read	[0 nil]
2026-02-08 14:31:46,004{GMT}	INFO	[jepsen worker 4] jepsen.util: 4	:ok	:read	[0 0]
2026-02-08 14:31:46,074{GMT}	INFO	[jepsen worker 0] jepsen.util: 0	:invoke	:read	[0 nil]
2026-02-08 14:31:46,075{GMT}	INFO	[jepsen worker 0] jepsen.util: 0	:ok	:read	[0 2]
2026-02-08 14:31:46,428{GMT}	INFO	[jepsen worker 6] jepsen.util: 6	:invoke	:cas	[0 [2 1]]
2026-02-08 14:31:46,429{GMT}	INFO	[jepsen worker 6] jepsen.util: 6	:fail	:cas	[0 [2 1]]	[:precondition-failed "value does not match expected"]
2026-02-08 14:31:46,518{GMT}	INFO	[jepsen worker 7] jepsen.util: 7	:invoke	:cas	[0 [2 4]]
2026-02-08 14:31:46,520{GMT}	INFO	[jepsen worker 7] jepsen.util: 7	:fail	:cas	[0 [2 4]]	[:precondition-failed "value does not match expected"]
2026-02-08 14:31:46,809{GMT}	INFO	[jepsen worker 0] jepsen.util: 0	:invoke	:read	[0 nil]
2026-02-08 14:31:46,810{GMT}	INFO	[jepsen worker 0] jepsen.util: 0	:ok	:read	[0 2]
2026-02-08 14:31:47,129{GMT}	INFO	[jepsen worker 9] jepsen.util: 9	:invoke	:write	[0 3]
2026-02-08 14:31:47,130{GMT}	INFO	[jepsen worker 9] jepsen.util: 9	:ok	:write	[0 3]
2026-02-08 14:31:47,399{GMT}	INFO	[jepsen worker 0] jepsen.util: 0	:invoke	:read	[0 nil]
2026-02-08 14:31:47,400{GMT}	INFO	[jepsen worker 0] jepsen.util: 0	:ok	:read	[0 2]
2026-02-08 14:31:47,790{GMT}	INFO	[jepsen worker 5] jepsen.util: 5	:invoke	:cas	[0 [3 3]]
2026-02-08 14:31:47,791{GMT}	INFO	[jepsen worker 5] jepsen.util: 5	:fail	:cas	[0 [3 3]]	[:precondition-failed "value does not match expected"]
2026-02-08 14:31:47,927{GMT}	INFO	[jepsen worker 5] jepsen.util: 5	:invoke	:cas	[0 [4 4]]
2026-02-08 14:31:47,928{GMT}	INFO	[jepsen worker 5] jepsen.util: 5	:fail	:cas	[0 [4 4]]	[:precondition-failed "value does not match expected"]
2026-02-08 14:31:48,047{GMT}	INFO	[jepsen worker 2] jepsen.util: 2	:invoke	:read	[0 nil]
2026-02-08 14:31:48,048{GMT}	INFO	[jepsen worker 2] jepsen.util: 2	:ok	:read	[0 0]
2026-02-08 14:31:48,289{GMT}	INFO	[jepsen worker 5] jepsen.util: 5	:invoke	:cas	[0 [2 0]]
2026-02-08 14:31:48,290{GMT}	INFO	[jepsen worker 5] jepsen.util: 5	:ok	:cas	[0 [2 0]]
2026-02-08 14:31:48,433{GMT}	INFO	[jepsen worker 4] jepsen.util: 4	:invoke	:read	[0 nil]
2026-02-08 14:31:48,434{GMT}	INFO	[jepsen worker 4] jepsen.util: 4	:ok	:read	[0 3]
2026-02-08 14:31:48,628{GMT}	INFO	[jepsen worker 0] jepsen.util: 0	:invoke	:read	[0 nil]
2026-02-08 14:31:48,629{GMT}	INFO	[jepsen worker 0] jepsen.util: 0	:ok	:read	[0 0]
2026-02-08 14:31:48,932{GMT}	INFO	[jepsen worker 6] jepsen.util: 6	:invoke	:write	[0 2]
2026-02-08 14:31:48,933{GMT}	INFO	[jepsen worker 6] jepsen.util: 6	:ok	:write	[0 2]
2026-02-08 14:31:49,177{GMT}	INFO	[jepsen worker 7] jepsen.util: 7	:invoke	:cas	[0 [3 1]]
2026-02-08 14:31:49,178{GMT}	INFO	[jepsen worker 7] jepsen.util: 7	:fail	:cas	[0 [3 1]]	[:precondition-failed "value does not match expected"]
2026-02-08 14:31:49,417{GMT}	INFO	[jepsen worker 0] jepsen.util: 0	:invoke	:read	[0 nil]
2026-02-08 14:31:49,418{GMT}	INFO	[jepsen worker 0] jepsen.util: 0	:ok	:read	[0 0]
2026-02-08 14:31:49,510{GMT}	INFO	[jepsen worker 9] jepsen.util: 9	:invoke	:write	[0 2]
2026-02-08 14:31:49,511{GMT}	INFO	[jepsen worker 9] jepsen.util: 9	:ok	:write	[0 2]
2026-02-08 14:31:49,563{GMT}	INFO	[jepsen worker 0] jepsen.util: 0	:invoke	:read	[0 nil]
2026-02-08 14:31:49,564{GMT}	INFO	[jepsen worker 0] jepsen.util: 0	:ok	:read	[0 0]
2026-02-08 14:31:49,638{GMT}	INFO	[jepsen worker 0] jepsen.util: 0	:invoke	:read	[0 nil]
2026-02-08 14:31:49,639{GMT}	INFO	[jepsen worker 0] jepsen.util: 0	:ok	:read	[0 0]
2026-02-08 14:31:49,838{GMT}	INFO	[jepsen worker 1] jepsen.util: 1	:invoke	:read	[0 nil]
2026-02-08 14:31:49,839{GMT}	INFO	[jepsen worker 1] jepsen.util: 1	:ok	:read	[0 2]
2026-02-08 14:31:49,949{GMT}	INFO	[jepsen worker 2] jepsen.util: 2	:invoke	:read	[0 nil]
2026-02-08 14:31:49,950{GMT}	INFO	[jepsen worker 2] jepsen.util: 2	:ok	:read	[0 0]
2026-02-08 14:31:50,297{GMT}	INFO	[jepsen worker 3] jepsen.util: 3	:invoke	:read	[0 nil]
2026-02-08 14:31:50,297{GMT}	INFO	[jepsen worker 3] jepsen.util: 3	:ok	:read	[0 4]
2026-02-08 14:31:50,344{GMT}	INFO	[jepsen worker 4] jepsen.util: 4	:invoke	:read	[0 nil]
2026-02-08 14:31:50,345{GMT}	INFO	[jepsen worker 4] jepsen.util: 4	:ok	:read	[0 2]
2026-02-08 14:31:50,568{GMT}	INFO	[jepsen worker 5] jepsen.util: 5	:invoke	:write	[0 4]
2026-02-08 14:31:50,570{GMT}	INFO	[jepsen worker 5] jepsen.util: 5	:ok	:write	[0 4]
2026-02-08 14:31:50,763{GMT}	INFO	[jepsen worker 0] jepsen.util: 0	:invoke	:read	[0 nil]
2026-02-08 14:31:50,764{GMT}	INFO	[jepsen worker 0] jepsen.util: 0	:ok	:read	[0 4]
2026-02-08 14:31:51,086{GMT}	INFO	[jepsen worker 7] jepsen.util: 7	:invoke	:write	[0 1]
2026-02-08 14:31:51,087{GMT}	INFO	[jepsen worker 7] jepsen.util: 7	:ok	:write	[0 1]
2026-02-08 14:31:51,174{GMT}	INFO	[jepsen worker 0] jepsen.util: 0	:invoke	:read	[0 nil]
2026-02-08 14:31:51,175{GMT}	INFO	[jepsen worker 0] jepsen.util: 0	:ok	:read	[0 4]
2026-02-08 14:31:51,455{GMT}	INFO	[jepsen worker 9] jepsen.util: 9	:invoke	:cas	[0 [1 2]]
2026-02-08 14:31:51,456{GMT}	INFO	[jepsen worker 9] jepsen.util: 9	:fail	:cas	[0 [1 2]]	[:precondition-failed "value does not match expected"]
2026-02-08 14:31:51,656{GMT}	INFO	[jepsen worker 0] jepsen.util: 0	:invoke	:read	[0 nil]
2026-02-08 14:31:51,657{GMT}	INFO	[jepsen worker 0] jepsen.util: 0	:ok	:read	[0 4]
2026-02-08 14:31:52,038{GMT}	INFO	[jepsen worker 0] jepsen.util: 0	:invoke	:read	[0 nil]
2026-02-08 14:31:52,039{GMT}	INFO	[jepsen worker 0] jepsen.util: 0	:ok	:read	[0 4]
2026-02-08 14:31:52,080{GMT}	INFO	[jepsen worker 5] jepsen.util: 5	:invoke	:cas	[0 [4 4]]
2026-02-08 14:31:52,081{GMT}	INFO	[jepsen worker 5] jepsen.util: 5	:ok	:cas	[0 [4 4]]
2026-02-08 14:31:52,166{GMT}	INFO	[jepsen worker 5] jepsen.util: 5	:invoke	:write	[0 1]
2026-02-08 14:31:52,167{GMT}	INFO	[jepsen worker 5] jepsen.util: 5	:ok	:write	[0 1]
2026-02-08 14:31:52,292{GMT}	INFO	[jepsen worker 5] jepsen.util: 5	:invoke	:cas	[0 [2 3]]
2026-02-08 14:31:52,293{GMT}	INFO	[jepsen worker 5] jepsen.util: 5	:fail	:cas	[0 [2 3]]	[:precondition-failed "value does not match expected"]
2026-02-08 14:31:52,593{GMT}	INFO	[jepsen worker 4] jepsen.util: 4	:invoke	:read	[0 nil]
2026-02-08 14:31:52,594{GMT}	INFO	[jepsen worker 4] jepsen.util: 4	:ok	:read	[0 2]
2026-02-08 14:31:52,811{GMT}	INFO	[jepsen worker 5] jepsen.util: 5	:invoke	:write	[0 4]
2026-02-08 14:31:52,812{GMT}	INFO	[jepsen worker 5] jepsen.util: 5	:ok	:write	[0 4]
2026-02-08 14:31:53,109{GMT}	INFO	[jepsen worker 6] jepsen.util: 6	:invoke	:cas	[0 [0 1]]
2026-02-08 14:31:53,110{GMT}	INFO	[jepsen worker 6] jepsen.util: 6	:fail	:cas	[0 [0 1]]	[:precondition-failed "value does not match expected"]
2026-02-08 14:31:53,474{GMT}	INFO	[jepsen worker 0] jepsen.util: 0	:invoke	:read	[0 nil]
2026-02-08 14:31:53,475{GMT}	INFO	[jepsen worker 0] jepsen.util: 0	:ok	:read	[0 4]
2026-02-08 14:31:53,853{GMT}	INFO	[jepsen worker 0] jepsen.util: 0	:invoke	:read	[0 nil]
2026-02-08 14:31:53,853{GMT}	INFO	[jepsen worker 0] jepsen.util: 0	:ok	:read	[0 4]
2026-02-08 14:31:54,188{GMT}	INFO	[jepsen worker 9] jepsen.util: 9	:invoke	:cas	[0 [1 2]]
2026-02-08 14:31:54,189{GMT}	INFO	[jepsen worker 9] jepsen.util: 9	:fail	:cas	[0 [1 2]]	[:precondition-failed "value does not match expected"]
2026-02-08 14:31:54,306{GMT}	INFO	[jepsen worker 0] jepsen.util: 0	:invoke	:read	[0 nil]
2026-02-08 14:31:54,307{GMT}	INFO	[jepsen worker 0] jepsen.util: 0	:ok	:read	[0 4]
2026-02-08 14:31:54,454{GMT}	INFO	[jepsen worker 0] jepsen.util: 0	:invoke	:read	[0 nil]
2026-02-08 14:31:54,455{GMT}	INFO	[jepsen worker 0] jepsen.util: 0	:ok	:read	[0 4]
2026-02-08 14:31:54,589{GMT}	INFO	[jepsen worker 1] jepsen.util: 1	:invoke	:read	[0 nil]
2026-02-08 14:31:54,590{GMT}	INFO	[jepsen worker 1] jepsen.util: 1	:ok	:read	[0 2]
2026-02-08 14:31:54,857{GMT}	INFO	[jepsen worker 2] jepsen.util: 2	:invoke	:read	[0 nil]
2026-02-08 14:31:54,858{GMT}	INFO	[jepsen worker 2] jepsen.util: 2	:ok	:read	[0 1]
2026-02-08 14:31:55,218{GMT}	INFO	[jepsen worker 3] jepsen.util: 3	:invoke	:read	[0 nil]
2026-02-08 14:31:55,220{GMT}	INFO	[jepsen worker 3] jepsen.util: 3	:ok	:read	[0 4]
2026-02-08 14:31:55,513{GMT}	INFO	[jepsen worker 4] jepsen.util: 4	:invoke	:read	[0 nil]
2026-02-08 14:31:55,514{GMT}	INFO	[jepsen worker 4] jepsen.util: 4	:ok	:read	[0 2]
2026-02-08 14:31:55,563{GMT}	INFO	[jepsen worker 0] jepsen.util: 0	:invoke	:read	[0 nil]
2026-02-08 14:31:55,564{GMT}	INFO	[jepsen worker 0] jepsen.util: 0	:ok	:read	[0 4]
2026-02-08 14:31:55,569{GMT}	INFO	[jepsen worker 6] jepsen.util: 6	:invoke	:cas	[0 [0 4]]
2026-02-08 14:31:55,570{GMT}	INFO	[jepsen worker 6] jepsen.util: 6	:fail	:cas	[0 [0 4]]	[:precondition-failed "value does not match expected"]
2026-02-08 14:31:55,755{GMT}	INFO	[jepsen worker 0] jepsen.util: 0	:invoke	:read	[0 nil]
2026-02-08 14:31:55,756{GMT}	INFO	[jepsen worker 0] jepsen.util: 0	:ok	:read	[0 4]
2026-02-08 14:31:55,987{GMT}	INFO	[jepsen worker 0] jepsen.util: 0	:invoke	:read	[0 nil]
2026-02-08 14:31:55,988{GMT}	INFO	[jepsen worker 0] jepsen.util: 0	:ok	:read	[0 4]
2026-02-08 14:31:56,105{GMT}	INFO	[jepsen worker 0] jepsen.util: 0	:invoke	:read	[0 nil]
2026-02-08 14:31:56,106{GMT}	INFO	[jepsen worker 0] jepsen.util: 0	:ok	:read	[0 4]
2026-02-08 14:31:56,157{GMT}	INFO	[jepsen worker 0] jepsen.util: 0	:invoke	:read	[0 nil]
2026-02-08 14:31:56,158{GMT}	INFO	[jepsen worker 0] jepsen.util: 0	:ok	:read	[0 4]
2026-02-08 14:31:56,525{GMT}	INFO	[jepsen worker 0] jepsen.util: 0	:invoke	:read	[0 nil]
2026-02-08 14:31:56,526{GMT}	INFO	[jepsen worker 0] jepsen.util: 0	:ok	:read	[0 4]
2026-02-08 14:31:56,708{GMT}	INFO	[jepsen worker 1] jepsen.util: 1	:invoke	:read	[0 nil]
2026-02-08 14:31:56,709{GMT}	INFO	[jepsen worker 1] jepsen.util: 1	:ok	:read	[0 2]
2026-02-08 14:31:57,035{GMT}	INFO	[jepsen worker 2] jepsen.util: 2	:invoke	:read	[0 nil]
2026-02-08 14:31:57,036{GMT}	INFO	[jepsen worker 2] jepsen.util: 2	:ok	:read	[0 1]
2026-02-08 14:31:57,171{GMT}	INFO	[jepsen worker 5] jepsen.util: 5	:invoke	:cas	[0 [4 0]]
2026-02-08 14:31:57,172{GMT}	INFO	[jepsen worker 5] jepsen.util: 5	:ok	:cas	[0 [4 0]]
2026-02-08 14:31:57,461{GMT}	INFO	[jepsen worker 5] jepsen.util: 5	:invoke	:cas	[0 [1 3]]
2026-02-08 14:31:57,462{GMT}	INFO	[jepsen worker 5] jepsen.util: 5	:fail	:cas	[0 [1 3]]	[:precondition-failed "value does not match expected"]
2026-02-08 14:31:57,610{GMT}	INFO	[jepsen worker 0] jepsen.util: 0	:invoke	:read	[0 nil]
2026-02-08 14:31:57,611{GMT}	INFO	[jepsen worker 0] jepsen.util: 0	:ok	:read	[0 0]
2026-02-08 14:31:57,889{GMT}	INFO	[jepsen worker 0] jepsen.util: 0	:invoke	:read	[0 nil]
2026-02-08 14:31:57,890{GMT}	INFO	[jepsen worker 0] jepsen.util: 0	:ok	:read	[0 0]
2026-02-08 14:31:58,107{GMT}	INFO	[jepsen worker 0] jepsen.util: 0	:invoke	:read	[0 nil]
2026-02-08 14:31:58,108{GMT}	INFO	[jepsen worker 0] jepsen.util: 0	:ok	:read	[0 0]
2026-02-08 14:31:58,205{GMT}	INFO	[jepsen worker 8] jepsen.util: 8	:invoke	:cas	[0 [1 1]]
2026-02-08 14:31:58,206{GMT}	INFO	[jepsen worker 8] jepsen.util: 8	:fail	:cas	[0 [1 1]]	[:precondition-failed "value does not match expected"]
2026-02-08 14:31:58,539{GMT}	INFO	[jepsen worker 9] jepsen.util: 9	:invoke	:cas	[0 [1 0]]
2026-02-08 14:31:58,540{GMT}	INFO	[jepsen worker 9] jepsen.util: 9	:fail	:cas	[0 [1 0]]	[:precondition-failed "value does not match expected"]
2026-02-08 14:31:58,873{GMT}	INFO	[jepsen worker 5] jepsen.util: 5	:invoke	:write	[0 0]
2026-02-08 14:31:58,874{GMT}	INFO	[jepsen worker 5] jepsen.util: 5	:ok	:write	[0 0]
2026-02-08 14:31:59,065{GMT}	INFO	[jepsen worker 0] jepsen.util: 0	:invoke	:read	[0 nil]
2026-02-08 14:31:59,066{GMT}	INFO	[jepsen worker 0] jepsen.util: 0	:ok	:read	[0 0]
2026-02-08 14:31:59,245{GMT}	INFO	[jepsen worker 5] jepsen.util: 5	:invoke	:cas	[0 [2 4]]
2026-02-08 14:31:59,246{GMT}	INFO	[jepsen worker 5] jepsen.util: 5	:fail	:cas	[0 [2 4]]	[:precondition-failed "value does not match expected"]
2026-02-08 14:31:59,584{GMT}	INFO	[jepsen worker 2] jepsen.util: 2	:invoke	:read	[0 nil]
2026-02-08 14:31:59,585{GMT}	INFO	[jepsen worker 2] jepsen.util: 2	:ok	:read	[0 1]
2026-02-08 14:31:59,981{GMT}	INFO	[jepsen worker 5] jepsen.util: 5	:invoke	:write	[0 0]
2026-02-08 14:31:59,982{GMT}	INFO	[jepsen worker 5] jepsen.util: 5	:ok	:write	[0 0]
2026-02-08 14:32:00,012{GMT}	INFO	[jepsen worker 4] jepsen.util: 4	:invoke	:read	[0 nil]
2026-02-08 14:32:00,013{GMT}	INFO	[jepsen worker 4] jepsen.util: 4	:ok	:read	[0 2]
2026-02-08 14:32:00,032{GMT}	INFO	[jepsen worker 0] jepsen.util: 0	:invoke	:read	[0 nil]
2026-02-08 14:32:00,033{GMT}	INFO	[jepsen worker 0] jepsen.util: 0	:ok	:read	[0 0]
2026-02-08 14:32:00,199{GMT}	INFO	[jepsen worker 0] jepsen.util: 0	:invoke	:read	[0 nil]
2026-02-08 14:32:00,200{GMT}	INFO	[jepsen worker 0] jepsen.util: 0	:ok	:read	[0 0]
2026-02-08 14:32:00,324{GMT}	INFO	[jepsen worker 7] jepsen.util: 7	:invoke	:write	[0 0]
2026-02-08 14:32:00,325{GMT}	INFO	[jepsen worker 7] jepsen.util: 7	:ok	:write	[0 0]
2026-02-08 14:32:00,452{GMT}	INFO	[jepsen worker 0] jepsen.util: 0	:invoke	:read	[0 nil]
2026-02-08 14:32:00,452{GMT}	INFO	[jepsen worker 0] jepsen.util: 0	:ok	:read	[0 0]
2026-02-08 14:32:00,636{GMT}	INFO	[jepsen worker 9] jepsen.util: 9	:invoke	:cas	[0 [2 3]]
2026-02-08 14:32:00,637{GMT}	INFO	[jepsen worker 9] jepsen.util: 9	:ok	:cas	[0 [2 3]]
2026-02-08 14:32:00,808{GMT}	INFO	[jepsen worker 5] jepsen.util: 5	:invoke	:cas	[0 [1 0]]
2026-02-08 14:32:00,809{GMT}	INFO	[jepsen worker 5] jepsen.util: 5	:fail	:cas	[0 [1 0]]	[:precondition-failed "value does not match expected"]
2026-02-08 14:32:00,862{GMT}	INFO	[jepsen worker 5] jepsen.util: 5	:invoke	:write	[0 1]
2026-02-08 14:32:00,863{GMT}	INFO	[jepsen worker 5] jepsen.util: 5	:ok	:write	[0 1]
2026-02-08 14:32:00,950{GMT}	INFO	[Jepsen shutdown hook] jepsen.core: Downloading DB logs before JVM shutdown...
