DEBUG:root:received {"id":1,"src":"c1","dest":"n1","body":{"type":"init","node_id":"n1","node_ids":["n0","n1","n2","n3","n4"],"msg_id":1}}
INFO:root:initializing node n1
INFO:root:nodes in cluster: {'n1', 'n3', 'n4', 'n0', 'n2'}
DEBUG:root:sending {"dest": "c1", "src": "n1", "body": {"msg_id": 1, "in_reply_to": 1, "type": "init_ok"}}
DEBUG:root:received {"id":12,"src":"c11","dest":"n1","body":{"key":0,"type":"read","msg_id":1}}
INFO:root:reading key 0 with value None
DEBUG:root:sending {"dest": "c11", "src": "n1", "body": {"msg_id": 2, "in_reply_to": 1, "type": "read_ok", "value": null}}
DEBUG:root:received {"id":34,"src":"c11","dest":"n1","body":{"key":0,"type":"read","msg_id":2}}
INFO:root:reading key 0 with value None
DEBUG:root:sending {"dest": "c11", "src": "n1", "body": {"msg_id": 3, "in_reply_to": 2, "type": "read_ok", "value": null}}
DEBUG:root:received {"id":44,"src":"c16","dest":"n1","body":{"key":0,"from":3,"to":1,"type":"cas","msg_id":1}}
INFO:root:cas on key 0: expected 3, current None, new 1
DEBUG:root:sending {"dest": "c16", "src": "n1", "body": {"msg_id": 4, "in_reply_to": 1, "type": "error", "code": 20, "text": "key does not exist"}}
DEBUG:root:received {"id":53,"src":"c16","dest":"n1","body":{"key":0,"value":2,"type":"write","msg_id":2}}
INFO:root:writing key 0 with value 2
DEBUG:root:sending {"dest": {"type": "replicate", "key": 0, "value": 2}, "src": "n3", "body": {"msg_id": 5}}
DEBUG:root:sending {"dest": {"type": "replicate", "key": 0, "value": 2}, "src": "n4", "body": {"msg_id": 6}}
DEBUG:root:sending {"dest": {"type": "replicate", "key": 0, "value": 2}, "src": "n0", "body": {"msg_id": 7}}
DEBUG:root:sending {"dest": {"type": "replicate", "key": 0, "value": 2}, "src": "n2", "body": {"msg_id": 8}}
DEBUG:root:sending {"dest": "c16", "src": "n1", "body": {"msg_id": 9, "in_reply_to": 2, "type": "write_ok"}}
DEBUG:root:received {"id":54,"src":"c11","dest":"n1","body":{"key":0,"type":"read","msg_id":3}}
INFO:root:reading key 0 with value 2
DEBUG:root:sending {"dest": "c11", "src": "n1", "body": {"msg_id": 10, "in_reply_to": 3, "type": "read_ok", "value": 2}}
DEBUG:root:received {"id":61,"src":"c16","dest":"n1","body":{"key":0,"value":0,"type":"write","msg_id":3}}
INFO:root:writing key 0 with value 0
DEBUG:root:sending {"dest": {"type": "replicate", "key": 0, "value": 0}, "src": "n3", "body": {"msg_id": 11}}
DEBUG:root:sending {"dest": {"type": "replicate", "key": 0, "value": 0}, "src": "n4", "body": {"msg_id": 12}}
DEBUG:root:sending {"dest": {"type": "replicate", "key": 0, "value": 0}, "src": "n0", "body": {"msg_id": 13}}
DEBUG:root:sending {"dest": {"type": "replicate", "key": 0, "value": 0}, "src": "n2", "body": {"msg_id": 14}}
DEBUG:root:sending {"dest": "c16", "src": "n1", "body": {"msg_id": 15, "in_reply_to": 3, "type": "write_ok"}}
DEBUG:root:received {"id":62,"src":"c11","dest":"n1","body":{"key":0,"type":"read","msg_id":4}}
INFO:root:reading key 0 with value 0
DEBUG:root:sending {"dest": "c11", "src": "n1", "body": {"msg_id": 16, "in_reply_to": 4, "type": "read_ok", "value": 0}}
DEBUG:root:received {"id":68,"src":"c16","dest":"n1","body":{"key":0,"value":3,"type":"write","msg_id":4}}
INFO:root:writing key 0 with value 3
DEBUG:root:sending {"dest": {"type": "replicate", "key": 0, "value": 3}, "src": "n3", "body": {"msg_id": 17}}
DEBUG:root:sending {"dest": {"type": "replicate", "key": 0, "value": 3}, "src": "n4", "body": {"msg_id": 18}}
DEBUG:root:sending {"dest": {"type": "replicate", "key": 0, "value": 3}, "src": "n0", "body": {"msg_id": 19}}
DEBUG:root:sending {"dest": {"type": "replicate", "key": 0, "value": 3}, "src": "n2", "body": {"msg_id": 20}}
DEBUG:root:sending {"dest": "c16", "src": "n1", "body": {"msg_id": 21, "in_reply_to": 4, "type": "write_ok"}}
DEBUG:root:received {"id":73,"src":"c11","dest":"n1","body":{"key":0,"type":"read","msg_id":5}}
INFO:root:reading key 0 with value 3
DEBUG:root:sending {"dest": "c11", "src": "n1", "body": {"msg_id": 22, "in_reply_to": 5, "type": "read_ok", "value": 3}}
DEBUG:root:received {"id":80,"src":"c11","dest":"n1","body":{"key":0,"type":"read","msg_id":6}}
INFO:root:reading key 0 with value 3
DEBUG:root:sending {"dest": "c11", "src": "n1", "body": {"msg_id": 23, "in_reply_to": 6, "type": "read_ok", "value": 3}}
DEBUG:root:received {"id":85,"src":"c11","dest":"n1","body":{"key":1,"type":"read","msg_id":7}}
INFO:root:reading key 1 with value None
DEBUG:root:sending {"dest": "c11", "src": "n1", "body": {"msg_id": 24, "in_reply_to": 7, "type": "read_ok", "value": null}}
DEBUG:root:received {"id":90,"src":"c16","dest":"n1","body":{"key":1,"from":1,"to":3,"type":"cas","msg_id":5}}
INFO:root:cas on key 1: expected 1, current None, new 3
DEBUG:root:sending {"dest": "c16", "src": "n1", "body": {"msg_id": 25, "in_reply_to": 5, "type": "error", "code": 20, "text": "key does not exist"}}
DEBUG:root:received {"id":95,"src":"c16","dest":"n1","body":{"key":1,"from":3,"to":0,"type":"cas","msg_id":6}}
INFO:root:cas on key 1: expected 3, current None, new 0
DEBUG:root:sending {"dest": "c16", "src": "n1", "body": {"msg_id": 26, "in_reply_to": 6, "type": "error", "code": 20, "text": "key does not exist"}}
DEBUG:root:received {"id":99,"src":"c11","dest":"n1","body":{"key":1,"type":"read","msg_id":8}}
INFO:root:reading key 1 with value None
DEBUG:root:sending {"dest": "c11", "src": "n1", "body": {"msg_id": 27, "in_reply_to": 8, "type": "read_ok", "value": null}}
DEBUG:root:received {"id":101,"src":"c16","dest":"n1","body":{"key":1,"value":4,"type":"write","msg_id":7}}
INFO:root:writing key 1 with value 4
DEBUG:root:sending {"dest": {"type": "replicate", "key": 1, "value": 4}, "src": "n3", "body": {"msg_id": 28}}
DEBUG:root:sending {"dest": {"type": "replicate", "key": 1, "value": 4}, "src": "n4", "body": {"msg_id": 29}}
DEBUG:root:sending {"dest": {"type": "replicate", "key": 1, "value": 4}, "src": "n0", "body": {"msg_id": 30}}
DEBUG:root:sending {"dest": {"type": "replicate", "key": 1, "value": 4}, "src": "n2", "body": {"msg_id": 31}}
DEBUG:root:sending {"dest": "c16", "src": "n1", "body": {"msg_id": 32, "in_reply_to": 7, "type": "write_ok"}}
DEBUG:root:received {"id":108,"src":"c11","dest":"n1","body":{"key":2,"type":"read","msg_id":9}}
INFO:root:reading key 2 with value None
DEBUG:root:sending {"dest": "c11", "src": "n1", "body": {"msg_id": 33, "in_reply_to": 9, "type": "read_ok", "value": null}}
DEBUG:root:received {"id":113,"src":"c11","dest":"n1","body":{"key":2,"type":"read","msg_id":10}}
INFO:root:reading key 2 with value None
DEBUG:root:sending {"dest": "c11", "src": "n1", "body": {"msg_id": 34, "in_reply_to": 10, "type": "read_ok", "value": null}}
DEBUG:root:received {"id":114,"src":"c16","dest":"n1","body":{"key":2,"value":1,"type":"write","msg_id":8}}
INFO:root:writing key 2 with value 1
DEBUG:root:sending {"dest": {"type": "replicate", "key": 2, "value": 1}, "src": "n3", "body": {"msg_id": 35}}
DEBUG:root:sending {"dest": {"type": "replicate", "key": 2, "value": 1}, "src": "n4", "body": {"msg_id": 36}}
DEBUG:root:sending {"dest": {"type": "replicate", "key": 2, "value": 1}, "src": "n0", "body": {"msg_id": 37}}
DEBUG:root:sending {"dest": {"type": "replicate", "key": 2, "value": 1}, "src": "n2", "body": {"msg_id": 38}}
DEBUG:root:sending {"dest": "c16", "src": "n1", "body": {"msg_id": 39, "in_reply_to": 8, "type": "write_ok"}}
DEBUG:root:received {"id":120,"src":"c11","dest":"n1","body":{"key":2,"type":"read","msg_id":11}}
INFO:root:reading key 2 with value 1
DEBUG:root:sending {"dest": "c11", "src": "n1", "body": {"msg_id": 40, "in_reply_to": 11, "type": "read_ok", "value": 1}}
DEBUG:root:received {"id":122,"src":"c16","dest":"n1","body":{"key":2,"value":4,"type":"write","msg_id":9}}
INFO:root:writing key 2 with value 4
DEBUG:root:sending {"dest": {"type": "replicate", "key": 2, "value": 4}, "src": "n3", "body": {"msg_id": 41}}
DEBUG:root:sending {"dest": {"type": "replicate", "key": 2, "value": 4}, "src": "n4", "body": {"msg_id": 42}}
DEBUG:root:sending {"dest": {"type": "replicate", "key": 2, "value": 4}, "src": "n0", "body": {"msg_id": 43}}
DEBUG:root:sending {"dest": {"type": "replicate", "key": 2, "value": 4}, "src": "n2", "body": {"msg_id": 44}}
DEBUG:root:sending {"dest": "c16", "src": "n1", "body": {"msg_id": 45, "in_reply_to": 9, "type": "write_ok"}}
DEBUG:root:received {"id":129,"src":"c11","dest":"n1","body":{"key":3,"type":"read","msg_id":12}}
INFO:root:reading key 3 with value None
DEBUG:root:sending {"dest": "c11", "src": "n1", "body": {"msg_id": 46, "in_reply_to": 12, "type": "read_ok", "value": null}}
DEBUG:root:received {"id":133,"src":"c16","dest":"n1","body":{"key":3,"from":3,"to":3,"type":"cas","msg_id":10}}
INFO:root:cas on key 3: expected 3, current None, new 3
DEBUG:root:sending {"dest": "c16", "src": "n1", "body": {"msg_id": 47, "in_reply_to": 10, "type": "error", "code": 20, "text": "key does not exist"}}
DEBUG:root:received {"id":137,"src":"c16","dest":"n1","body":{"key":3,"from":2,"to":4,"type":"cas","msg_id":11}}
INFO:root:cas on key 3: expected 2, current None, new 4
DEBUG:root:sending {"dest": "c16", "src": "n1", "body": {"msg_id": 48, "in_reply_to": 11, "type": "error", "code": 20, "text": "key does not exist"}}
DEBUG:root:received {"id":140,"src":"c11","dest":"n1","body":{"key":3,"type":"read","msg_id":13}}
INFO:root:reading key 3 with value None
DEBUG:root:sending {"dest": "c11", "src": "n1", "body": {"msg_id": 49, "in_reply_to": 13, "type": "read_ok", "value": null}}
DEBUG:root:received {"id":146,"src":"c16","dest":"n1","body":{"key":4,"from":3,"to":4,"type":"cas","msg_id":12}}
INFO:root:cas on key 4: expected 3, current None, new 4
DEBUG:root:sending {"dest": "c16", "src": "n1", "body": {"msg_id": 50, "in_reply_to": 12, "type": "error", "code": 20, "text": "key does not exist"}}
DEBUG:root:received {"id":150,"src":"c11","dest":"n1","body":{"key":4,"type":"read","msg_id":14}}
INFO:root:reading key 4 with value None
DEBUG:root:sending {"dest": "c11", "src": "n1", "body": {"msg_id": 51, "in_reply_to": 14, "type": "read_ok", "value": null}}
DEBUG:root:received {"id":156,"src":"c11","dest":"n1","body":{"key":4,"type":"read","msg_id":15}}
INFO:root:reading key 4 with value None
DEBUG:root:sending {"dest": "c11", "src": "n1", "body": {"msg_id": 52, "in_reply_to": 15, "type": "read_ok", "value": null}}
DEBUG:root:received {"id":157,"src":"c16","dest":"n1","body":{"key":4,"from":1,"to":1,"type":"cas","msg_id":13}}
INFO:root:cas on key 4: expected 1, current None, new 1
DEBUG:root:sending {"dest": "c16", "src": "n1", "body": {"msg_id": 53, "in_reply_to": 13, "type": "error", "code": 20, "text": "key does not exist"}}
DEBUG:root:received {"id":164,"src":"c11","dest":"n1","body":{"key":4,"type":"read","msg_id":16}}
INFO:root:reading key 4 with value None
DEBUG:root:sending {"dest": "c11", "src": "n1", "body": {"msg_id": 54, "in_reply_to": 16, "type": "read_ok", "value": null}}
DEBUG:root:received {"id":168,"src":"c11","dest":"n1","body":{"key":5,"type":"read","msg_id":17}}
INFO:root:reading key 5 with value None
DEBUG:root:sending {"dest": "c11", "src": "n1", "body": {"msg_id": 55, "in_reply_to": 17, "type": "read_ok", "value": null}}
DEBUG:root:received {"id":170,"src":"c16","dest":"n1","body":{"key":5,"from":2,"to":0,"type":"cas","msg_id":14}}
INFO:root:cas on key 5: expected 2, current None, new 0
DEBUG:root:sending {"dest": "c16", "src": "n1", "body": {"msg_id": 56, "in_reply_to": 14, "type": "error", "code": 20, "text": "key does not exist"}}
DEBUG:root:received {"id":175,"src":"c11","dest":"n1","body":{"key":5,"type":"read","msg_id":18}}
INFO:root:reading key 5 with value None
DEBUG:root:sending {"dest": "c11", "src": "n1", "body": {"msg_id": 57, "in_reply_to": 18, "type": "read_ok", "value": null}}
DEBUG:root:received {"id":178,"src":"c16","dest":"n1","body":{"key":5,"from":0,"to":3,"type":"cas","msg_id":15}}
INFO:root:cas on key 5: expected 0, current None, new 3
DEBUG:root:sending {"dest": "c16", "src": "n1", "body": {"msg_id": 58, "in_reply_to": 15, "type": "error", "code": 20, "text": "key does not exist"}}
DEBUG:root:received {"id":184,"src":"c11","dest":"n1","body":{"key":5,"type":"read","msg_id":19}}
INFO:root:reading key 5 with value None
DEBUG:root:sending {"dest": "c11", "src": "n1", "body": {"msg_id": 59, "in_reply_to": 19, "type": "read_ok", "value": null}}
DEBUG:root:received {"id":186,"src":"c16","dest":"n1","body":{"key":5,"value":2,"type":"write","msg_id":16}}
INFO:root:writing key 5 with value 2
DEBUG:root:sending {"dest": {"type": "replicate", "key": 5, "value": 2}, "src": "n3", "body": {"msg_id": 60}}
DEBUG:root:sending {"dest": {"type": "replicate", "key": 5, "value": 2}, "src": "n4", "body": {"msg_id": 61}}
DEBUG:root:sending {"dest": {"type": "replicate", "key": 5, "value": 2}, "src": "n0", "body": {"msg_id": 62}}
DEBUG:root:sending {"dest": {"type": "replicate", "key": 5, "value": 2}, "src": "n2", "body": {"msg_id": 63}}
DEBUG:root:sending {"dest": "c16", "src": "n1", "body": {"msg_id": 64, "in_reply_to": 16, "type": "write_ok"}}
DEBUG:root:received {"id":193,"src":"c11","dest":"n1","body":{"key":6,"type":"read","msg_id":20}}
INFO:root:reading key 6 with value None
DEBUG:root:sending {"dest": "c11", "src": "n1", "body": {"msg_id": 65, "in_reply_to": 20, "type": "read_ok", "value": null}}
DEBUG:root:received {"id":199,"src":"c16","dest":"n1","body":{"key":6,"from":2,"to":0,"type":"cas","msg_id":17}}
INFO:root:cas on key 6: expected 2, current None, new 0
DEBUG:root:sending {"dest": "c16", "src": "n1", "body": {"msg_id": 66, "in_reply_to": 17, "type": "error", "code": 20, "text": "key does not exist"}}
DEBUG:root:received {"id":201,"src":"c11","dest":"n1","body":{"key":6,"type":"read","msg_id":21}}
INFO:root:reading key 6 with value None
DEBUG:root:sending {"dest": "c11", "src": "n1", "body": {"msg_id": 67, "in_reply_to": 21, "type": "read_ok", "value": null}}
DEBUG:root:received {"id":203,"src":"c16","dest":"n1","body":{"key":6,"value":1,"type":"write","msg_id":18}}
INFO:root:writing key 6 with value 1
DEBUG:root:sending {"dest": {"type": "replicate", "key": 6, "value": 1}, "src": "n3", "body": {"msg_id": 68}}
DEBUG:root:sending {"dest": {"type": "replicate", "key": 6, "value": 1}, "src": "n4", "body": {"msg_id": 69}}
DEBUG:root:sending {"dest": {"type": "replicate", "key": 6, "value": 1}, "src": "n0", "body": {"msg_id": 70}}
DEBUG:root:sending {"dest": {"type": "replicate", "key": 6, "value": 1}, "src": "n2", "body": {"msg_id": 71}}
DEBUG:root:sending {"dest": "c16", "src": "n1", "body": {"msg_id": 72, "in_reply_to": 18, "type": "write_ok"}}
DEBUG:root:received {"id":210,"src":"c16","dest":"n1","body":{"key":6,"from":4,"to":3,"type":"cas","msg_id":19}}
INFO:root:cas on key 6: expected 4, current 1, new 3
DEBUG:root:sending {"dest": "c16", "src": "n1", "body": {"msg_id": 73, "in_reply_to": 19, "type": "error", "code": 22, "text": "value does not match expected"}}
DEBUG:root:received {"id":211,"src":"c11","dest":"n1","body":{"key":6,"type":"read","msg_id":22}}
INFO:root:reading key 6 with value 1
DEBUG:root:sending {"dest": "c11", "src": "n1", "body": {"msg_id": 74, "in_reply_to": 22, "type": "read_ok", "value": 1}}
DEBUG:root:received {"id":217,"src":"c16","dest":"n1","body":{"key":7,"value":2,"type":"write","msg_id":20}}
INFO:root:writing key 7 with value 2
DEBUG:root:sending {"dest": {"type": "replicate", "key": 7, "value": 2}, "src": "n3", "body": {"msg_id": 75}}
DEBUG:root:sending {"dest": {"type": "replicate", "key": 7, "value": 2}, "src": "n4", "body": {"msg_id": 76}}
DEBUG:root:sending {"dest": {"type": "replicate", "key": 7, "value": 2}, "src": "n0", "body": {"msg_id": 77}}
DEBUG:root:sending {"dest": {"type": "replicate", "key": 7, "value": 2}, "src": "n2", "body": {"msg_id": 78}}
DEBUG:root:sending {"dest": "c16", "src": "n1", "body": {"msg_id": 79, "in_reply_to": 20, "type": "write_ok"}}
DEBUG:root:received {"id":223,"src":"c11","dest":"n1","body":{"key":7,"type":"read","msg_id":23}}
INFO:root:reading key 7 with value 2
DEBUG:root:sending {"dest": "c11", "src": "n1", "body": {"msg_id": 80, "in_reply_to": 23, "type": "read_ok", "value": 2}}
DEBUG:root:received {"id":224,"src":"c16","dest":"n1","body":{"key":7,"value":4,"type":"write","msg_id":21}}
INFO:root:writing key 7 with value 4
DEBUG:root:sending {"dest": {"type": "replicate", "key": 7, "value": 4}, "src": "n3", "body": {"msg_id": 81}}
DEBUG:root:sending {"dest": {"type": "replicate", "key": 7, "value": 4}, "src": "n4", "body": {"msg_id": 82}}
DEBUG:root:sending {"dest": {"type": "replicate", "key": 7, "value": 4}, "src": "n0", "body": {"msg_id": 83}}
DEBUG:root:sending {"dest": {"type": "replicate", "key": 7, "value": 4}, "src": "n2", "body": {"msg_id": 84}}
DEBUG:root:sending {"dest": "c16", "src": "n1", "body": {"msg_id": 85, "in_reply_to": 21, "type": "write_ok"}}
DEBUG:root:received {"id":231,"src":"c11","dest":"n1","body":{"key":8,"type":"read","msg_id":24}}
INFO:root:reading key 8 with value None
DEBUG:root:sending {"dest": "c11", "src": "n1", "body": {"msg_id": 86, "in_reply_to": 24, "type": "read_ok", "value": null}}
DEBUG:root:received {"id":238,"src":"c16","dest":"n1","body":{"key":8,"from":3,"to":3,"type":"cas","msg_id":22}}
INFO:root:cas on key 8: expected 3, current None, new 3
DEBUG:root:sending {"dest": "c16", "src": "n1", "body": {"msg_id": 87, "in_reply_to": 22, "type": "error", "code": 20, "text": "key does not exist"}}
DEBUG:root:received {"id":242,"src":"c11","dest":"n1","body":{"key":8,"type":"read","msg_id":25}}
INFO:root:reading key 8 with value None
DEBUG:root:sending {"dest": "c11", "src": "n1", "body": {"msg_id": 88, "in_reply_to": 25, "type": "read_ok", "value": null}}
DEBUG:root:received {"id":245,"src":"c16","dest":"n1","body":{"key":8,"value":3,"type":"write","msg_id":23}}
INFO:root:writing key 8 with value 3
DEBUG:root:sending {"dest": {"type": "replicate", "key": 8, "value": 3}, "src": "n3", "body": {"msg_id": 89}}
DEBUG:root:sending {"dest": {"type": "replicate", "key": 8, "value": 3}, "src": "n4", "body": {"msg_id": 90}}
DEBUG:root:sending {"dest": {"type": "replicate", "key": 8, "value": 3}, "src": "n0", "body": {"msg_id": 91}}
DEBUG:root:sending {"dest": {"type": "replicate", "key": 8, "value": 3}, "src": "n2", "body": {"msg_id": 92}}
DEBUG:root:sending {"dest": "c16", "src": "n1", "body": {"msg_id": 93, "in_reply_to": 23, "type": "write_ok"}}
DEBUG:root:received {"id":250,"src":"c16","dest":"n1","body":{"key":8,"from":1,"to":3,"type":"cas","msg_id":24}}
INFO:root:cas on key 8: expected 1, current 3, new 3
DEBUG:root:sending {"dest": "c16", "src": "n1", "body": {"msg_id": 94, "in_reply_to": 24, "type": "error", "code": 22, "text": "value does not match expected"}}
DEBUG:root:received {"id":253,"src":"c11","dest":"n1","body":{"key":8,"type":"read","msg_id":26}}
INFO:root:reading key 8 with value 3
DEBUG:root:sending {"dest": "c11", "src": "n1", "body": {"msg_id": 95, "in_reply_to": 26, "type": "read_ok", "value": 3}}
DEBUG:root:received {"id":256,"src":"c16","dest":"n1","body":{"key":9,"from":1,"to":0,"type":"cas","msg_id":25}}
INFO:root:cas on key 9: expected 1, current None, new 0
DEBUG:root:sending {"dest": "c16", "src": "n1", "body": {"msg_id": 96, "in_reply_to": 25, "type": "error", "code": 20, "text": "key does not exist"}}
DEBUG:root:received {"id":263,"src":"c11","dest":"n1","body":{"key":9,"type":"read","msg_id":27}}
INFO:root:reading key 9 with value None
DEBUG:root:sending {"dest": "c11", "src": "n1", "body": {"msg_id": 97, "in_reply_to": 27, "type": "read_ok", "value": null}}
DEBUG:root:received {"id":270,"src":"c16","dest":"n1","body":{"key":9,"value":1,"type":"write","msg_id":26}}
INFO:root:writing key 9 with value 1
DEBUG:root:sending {"dest": {"type": "replicate", "key": 9, "value": 1}, "src": "n3", "body": {"msg_id": 98}}
DEBUG:root:sending {"dest": {"type": "replicate", "key": 9, "value": 1}, "src": "n4", "body": {"msg_id": 99}}
DEBUG:root:sending {"dest": {"type": "replicate", "key": 9, "value": 1}, "src": "n0", "body": {"msg_id": 100}}
DEBUG:root:sending {"dest": {"type": "replicate", "key": 9, "value": 1}, "src": "n2", "body": {"msg_id": 101}}
DEBUG:root:sending {"dest": "c16", "src": "n1", "body": {"msg_id": 102, "in_reply_to": 26, "type": "write_ok"}}
DEBUG:root:received {"id":276,"src":"c11","dest":"n1","body":{"key":9,"type":"read","msg_id":28}}
INFO:root:reading key 9 with value 1
DEBUG:root:sending {"dest": "c11", "src": "n1", "body": {"msg_id": 103, "in_reply_to": 28, "type": "read_ok", "value": 1}}
DEBUG:root:received {"id":277,"src":"c16","dest":"n1","body":{"key":9,"from":2,"to":1,"type":"cas","msg_id":27}}
INFO:root:cas on key 9: expected 2, current 1, new 1
DEBUG:root:sending {"dest": "c16", "src": "n1", "body": {"msg_id": 104, "in_reply_to": 27, "type": "error", "code": 22, "text": "value does not match expected"}}
DEBUG:root:received {"id":283,"src":"c16","dest":"n1","body":{"key":10,"value":3,"type":"write","msg_id":28}}
INFO:root:writing key 10 with value 3
DEBUG:root:sending {"dest": {"type": "replicate", "key": 10, "value": 3}, "src": "n3", "body": {"msg_id": 105}}
DEBUG:root:sending {"dest": {"type": "replicate", "key": 10, "value": 3}, "src": "n4", "body": {"msg_id": 106}}
DEBUG:root:sending {"dest": {"type": "replicate", "key": 10, "value": 3}, "src": "n0", "body": {"msg_id": 107}}
DEBUG:root:sending {"dest": {"type": "replicate", "key": 10, "value": 3}, "src": "n2", "body": {"msg_id": 108}}
DEBUG:root:sending {"dest": "c16", "src": "n1", "body": {"msg_id": 109, "in_reply_to": 28, "type": "write_ok"}}
DEBUG:root:received {"id":286,"src":"c11","dest":"n1","body":{"key":10,"type":"read","msg_id":29}}
INFO:root:reading key 10 with value 3
DEBUG:root:sending {"dest": "c11", "src": "n1", "body": {"msg_id": 110, "in_reply_to": 29, "type": "read_ok", "value": 3}}
DEBUG:root:received {"id":289,"src":"c16","dest":"n1","body":{"key":10,"from":2,"to":0,"type":"cas","msg_id":29}}
INFO:root:cas on key 10: expected 2, current 3, new 0
DEBUG:root:sending {"dest": "c16", "src": "n1", "body": {"msg_id": 111, "in_reply_to": 29, "type": "error", "code": 22, "text": "value does not match expected"}}
DEBUG:root:received {"id":294,"src":"c11","dest":"n1","body":{"key":10,"type":"read","msg_id":30}}
INFO:root:reading key 10 with value 3
DEBUG:root:sending {"dest": "c11", "src": "n1", "body": {"msg_id": 112, "in_reply_to": 30, "type": "read_ok", "value": 3}}
DEBUG:root:received {"id":299,"src":"c11","dest":"n1","body":{"key":11,"type":"read","msg_id":31}}
INFO:root:reading key 11 with value None
DEBUG:root:sending {"dest": "c11", "src": "n1", "body": {"msg_id": 113, "in_reply_to": 31, "type": "read_ok", "value": null}}
DEBUG:root:received {"id":301,"src":"c16","dest":"n1","body":{"key":11,"from":2,"to":2,"type":"cas","msg_id":30}}
INFO:root:cas on key 11: expected 2, current None, new 2
DEBUG:root:sending {"dest": "c16", "src": "n1", "body": {"msg_id": 114, "in_reply_to": 30, "type": "error", "code": 20, "text": "key does not exist"}}
DEBUG:root:received {"id":309,"src":"c16","dest":"n1","body":{"key":11,"from":2,"to":1,"type":"cas","msg_id":31}}
INFO:root:cas on key 11: expected 2, current None, new 1
DEBUG:root:sending {"dest": "c16", "src": "n1", "body": {"msg_id": 115, "in_reply_to": 31, "type": "error", "code": 20, "text": "key does not exist"}}
DEBUG:root:received {"id":314,"src":"c16","dest":"n1","body":{"key":11,"from":2,"to":4,"type":"cas","msg_id":32}}
INFO:root:cas on key 11: expected 2, current None, new 4
DEBUG:root:sending {"dest": "c16", "src": "n1", "body": {"msg_id": 116, "in_reply_to": 32, "type": "error", "code": 20, "text": "key does not exist"}}
DEBUG:root:received {"id":317,"src":"c11","dest":"n1","body":{"key":12,"type":"read","msg_id":32}}
INFO:root:reading key 12 with value None
DEBUG:root:sending {"dest": "c11", "src": "n1", "body": {"msg_id": 117, "in_reply_to": 32, "type": "read_ok", "value": null}}
DEBUG:root:received {"id":321,"src":"c11","dest":"n1","body":{"key":12,"type":"read","msg_id":33}}
INFO:root:reading key 12 with value None
DEBUG:root:sending {"dest": "c11", "src": "n1", "body": {"msg_id": 118, "in_reply_to": 33, "type": "read_ok", "value": null}}
DEBUG:root:received {"id":322,"src":"c16","dest":"n1","body":{"key":12,"from":0,"to":1,"type":"cas","msg_id":33}}
INFO:root:cas on key 12: expected 0, current None, new 1
DEBUG:root:sending {"dest": "c16", "src": "n1", "body": {"msg_id": 119, "in_reply_to": 33, "type": "error", "code": 20, "text": "key does not exist"}}
DEBUG:root:received {"id":328,"src":"c11","dest":"n1","body":{"key":12,"type":"read","msg_id":34}}
INFO:root:reading key 12 with value None
DEBUG:root:sending {"dest": "c11", "src": "n1", "body": {"msg_id": 120, "in_reply_to": 34, "type": "read_ok", "value": null}}
DEBUG:root:received {"id":333,"src":"c11","dest":"n1","body":{"key":12,"type":"read","msg_id":35}}
INFO:root:reading key 12 with value None
DEBUG:root:sending {"dest": "c11", "src": "n1", "body": {"msg_id": 121, "in_reply_to": 35, "type": "read_ok", "value": null}}
