2026-02-04 15:42:17,949{GMT}	INFO	[jepsen test runner] jepsen.core: Test version a28cd52cd29d954ad02468455914053a3e6eeccf (plus uncommitted changes)
2026-02-04 15:42:17,949{GMT}	INFO	[jepsen test runner] jepsen.core: Command line:
lein run test -w echo --bin ../kit/echo.py --node-count 1
2026-02-04 15:42:18,000{GMT}	INFO	[jepsen test runner] jepsen.core: Running test:
{:args []
 :remote
 #jepsen.control.retry.Remote{:remote #jepsen.control.scp.Remote{:cmd-remote #jepsen.control.sshj.SSHJRemote{:concurrency-limit 6,
                                                                                                             :conn-spec nil,
                                                                                                             :client nil,
                                                                                                             :semaphore nil},
                                                                 :conn-spec nil},
                              :conn nil}
 :log-net-send false
 :node-count 1
 :availability nil
 :max-txn-length 4
 :concurrency 1
 :db
 #object[maelstrom.db$db$reify__16612
         "0x1b131102"
         "maelstrom.db$db$reify__16612@1b131102"]
 :max-writes-per-key 16
 :leave-db-running? false
 :name "echo"
 :logging-json? false
 :start-time
 #object[org.joda.time.DateTime "0x3bc57af4" "2026-02-04T15:42:17.923Z"]
 :nemesis-interval 10
 :net
 #object[maelstrom.net$jepsen_net$reify__15721
         "0x3f19f197"
         "maelstrom.net$jepsen_net$reify__15721@3f19f197"]
 :client
 #object[maelstrom.workload.echo$client$reify__17402
         "0x30628ef9"
         "maelstrom.workload.echo$client$reify__17402@30628ef9"]
 :barrier
 #object[java.util.concurrent.CyclicBarrier
         "0x6757ed9e"
         "java.util.concurrent.CyclicBarrier@6757ed9e"]
 :log-stderr false
 :pure-generators true
 :ssh {:dummy? true}
 :rate 5
 :checker
 #object[jepsen.checker$compose$reify__11089
         "0x77d5395a"
         "jepsen.checker$compose$reify__11089@77d5395a"]
 :argv ("test" "-w" "echo" "--bin" "../kit/echo.py" "--node-count" "1")
 :nemesis
 (jepsen.nemesis.ReflCompose
  {:fm {:start-partition 0,
        :stop-partition 0,
        :kill 1,
        :start 1,
        :pause 1,
        :resume 1},
   :nemeses [#unprintable "jepsen.nemesis.combined$partition_nemesis$reify__16905@7b0eb7e"
             #unprintable "jepsen.nemesis.combined$db_nemesis$reify__16886@2381a837"]})
 :nodes ["n0"]
 :test-count 1
 :latency {:mean 0, :dist :constant}
 :bin "../kit/echo.py"
 :generator
 #object[jepsen.util.Forgettable
         "0x2eab279"
         (jepsen.generator.TimeLimit
          {:limit 60000000000,
           :cutoff nil,
           :gen (jepsen.generator.Any
                 {:gens [(jepsen.generator.OnThreads
                          {:f #{:nemesis},
                           :context-filter #object[jepsen.generator.context$make_thread_filter$lazy_filter__12077
                                                   "0x61774805"
                                                   "jepsen.generator.context$make_thread_filter$lazy_filter__12077@61774805"],
                           :gen nil})
                         (jepsen.generator.OnThreads
                          {:f #jepsen.generator.context.AllBut{:element :nemesis},
                           :context-filter #object[jepsen.generator.context$make_thread_filter$lazy_filter__12077
                                                   "0x57e351a"
                                                   "jepsen.generator.context$make_thread_filter$lazy_filter__12077@57e351a"],
                           :gen (jepsen.generator.Stagger
                                 {:dt 400000000,
                                  :next-time nil,
                                  :gen (jepsen.generator.EachThread
                                        {:fresh-gen #object[maelstrom.workload.echo$workload$fn__17421
                                                            "0x1b2c513e"
                                                            "maelstrom.workload.echo$workload$fn__17421@1b2c513e"],
                                         :context-filters #object[clojure.core$promise$reify__8621
                                                                  "0x4098ef14"
                                                                  {:status :pending,
                                                                   :val nil}],
                                         :gens {}})})})]})})]
 :log-net-recv false
 :os
 #object[maelstrom.net$jepsen_os$reify__15724
         "0x1b74a062"
         "maelstrom.net$jepsen_os$reify__15724@1b74a062"]
 :time-limit 60
 :workload :echo
 :consistency-models [:strict-serializable]
 :topology :grid}

2026-02-04 15:42:19,201{GMT}	INFO	[jepsen node n0] maelstrom.net: Starting Maelstrom network
2026-02-04 15:42:19,202{GMT}	INFO	[jepsen test runner] jepsen.db: Tearing down DB
2026-02-04 15:42:19,203{GMT}	INFO	[jepsen test runner] jepsen.db: Setting up DB
2026-02-04 15:42:19,204{GMT}	INFO	[jepsen node n0] maelstrom.service: Starting services: (lin-kv lin-tso lww-kv seq-kv)
2026-02-04 15:42:19,205{GMT}	INFO	[jepsen node n0] maelstrom.db: Setting up n0
2026-02-04 15:42:19,206{GMT}	INFO	[jepsen node n0] maelstrom.process: launching ../kit/echo.py []
2026-02-04 15:42:29,218{GMT}	INFO	[jepsen node n0] maelstrom.db: Tearing down n0
2026-02-04 15:42:29,226{GMT}	INFO	[jepsen node n0] maelstrom.net: Shutting down Maelstrom network
2026-02-04 15:42:29,228{GMT}	WARN	[jepsen test runner] jepsen.core: Test crashed!
clojure.lang.ExceptionInfo: Node n0 crashed with exit status 127. Before crashing, it wrote to STDOUT:



And to STDERR:

/usr/bin/env: “python”: Arquivo ou diretório inexistente

Full STDERR logs are available in /home/mutante/Programming/University/Cybersecurity/IntrusionTolerance/maelstrom/store/echo/20260204T154217.923Z/node-logs/n0.log
	at slingshot.support$stack_trace.invoke(support.clj:201)
	at maelstrom.process$stop_node_BANG_.invokeStatic(process.clj:239)
	at maelstrom.process$stop_node_BANG_.invoke(process.clj:217)
	at maelstrom.db$db$reify__16612.teardown_BANG_(db.clj:75)
	at jepsen.db$fn__11629$G__11610__11633.invoke(db.clj:12)
	at jepsen.db$fn__11629$G__11609__11638.invoke(db.clj:12)
	at clojure.core$partial$fn__5927.invoke(core.clj:2642)
	at jepsen.control$on_nodes$fn__9552.invoke(control.clj:319)
	at clojure.lang.AFn.applyToHelper(AFn.java:154)
	at clojure.lang.AFn.applyTo(AFn.java:144)
	at clojure.core$apply.invokeStatic(core.clj:667)
	at clojure.core$with_bindings_STAR_.invokeStatic(core.clj:1990)
	at clojure.core$with_bindings_STAR_.doInvoke(core.clj:1990)
	at clojure.lang.RestFn.applyTo(RestFn.java:145)
	at clojure.core$apply.invokeStatic(core.clj:671)
	at clojure.core$bound_fn_STAR_$fn__5837.doInvoke(core.clj:2020)
	at clojure.lang.RestFn.invoke(RestFn.java:411)
	at clojure.core$mapv$fn__8565.invoke(core.clj:7059)
	at clojure.lang.ArrayChunk.reduce(ArrayChunk.java:60)
	at clojure.core.protocols$fn__8270.invokeStatic(protocols.clj:135)
	at clojure.core.protocols$fn__8270.invoke(protocols.clj:123)
	at clojure.core.protocols$fn__8229$G__8224__8238.invoke(protocols.clj:19)
	at clojure.core.protocols$seq_reduce.invokeStatic(protocols.clj:31)
	at clojure.core.protocols$fn__8262.invokeStatic(protocols.clj:74)
	at clojure.core.protocols$fn__8262.invoke(protocols.clj:74)
	at clojure.core.protocols$fn__8203$G__8198__8216.invoke(protocols.clj:13)
	at clojure.core$reduce.invokeStatic(core.clj:6965)
	at clojure.core$mapv.invokeStatic(core.clj:7050)
	at clojure.core$mapv.invoke(core.clj:7050)
	at jepsen.control$on_nodes.invokeStatic(control.clj:316)
	at jepsen.control$on_nodes.invoke(control.clj:299)
	at jepsen.control$on_nodes.invokeStatic(control.clj:304)
	at jepsen.control$on_nodes.invoke(control.clj:299)
	at jepsen.core$run_BANG_$fn__13912$fn__13915.invoke(core.clj:399)
	at jepsen.core$run_BANG_$fn__13912.invoke(core.clj:398)
	at jepsen.core$run_BANG_.invokeStatic(core.clj:396)
	at jepsen.core$run_BANG_.invoke(core.clj:322)
	at jepsen.cli$single_test_cmd$fn__15082.invoke(cli.clj:396)
	at jepsen.cli$run_BANG_.invokeStatic(cli.clj:329)
	at jepsen.cli$run_BANG_.invoke(cli.clj:258)
	at maelstrom.core$_main.invokeStatic(core.clj:269)
	at maelstrom.core$_main.doInvoke(core.clj:267)
	at clojure.lang.RestFn.applyTo(RestFn.java:140)
	at maelstrom.core.main(Unknown Source)
