DEBUG:root:received {"id":0,"src":"c0","dest":"n0","body":{"type":"init","node_id":"n0","node_ids":["n0"],"msg_id":1}}
INFO:root:node n0 initialized
DEBUG:root:sending {"dest": "c0", "src": "n0", "body": {"msg_id": 1, "in_reply_to": 1, "type": "init_ok"}}
DEBUG:root:received {"id":2,"src":"c2","dest":"n0","body":{"echo":"Please echo 56","type":"echo","msg_id":1}}
INFO:root:echoing Please echo 56
DEBUG:root:sending {"dest": "c2", "src": "n0", "body": {"msg_id": 2, "in_reply_to": 1, "type": "echo_ok", "echo": "Please echo 56"}}
DEBUG:root:received {"id":4,"src":"c2","dest":"n0","body":{"echo":"Please echo 62","type":"echo","msg_id":2}}
INFO:root:echoing Please echo 62
DEBUG:root:sending {"dest": "c2", "src": "n0", "body": {"msg_id": 3, "in_reply_to": 2, "type": "echo_ok", "echo": "Please echo 62"}}
DEBUG:root:received {"id":6,"src":"c2","dest":"n0","body":{"echo":"Please echo 61","type":"echo","msg_id":3}}
INFO:root:echoing Please echo 61
DEBUG:root:sending {"dest": "c2", "src": "n0", "body": {"msg_id": 4, "in_reply_to": 3, "type": "echo_ok", "echo": "Please echo 61"}}
DEBUG:root:received {"id":8,"src":"c2","dest":"n0","body":{"echo":"Please echo 90","type":"echo","msg_id":4}}
INFO:root:echoing Please echo 90
DEBUG:root:sending {"dest": "c2", "src": "n0", "body": {"msg_id": 5, "in_reply_to": 4, "type": "echo_ok", "echo": "Please echo 90"}}
DEBUG:root:received {"id":10,"src":"c2","dest":"n0","body":{"echo":"Please echo 116","type":"echo","msg_id":5}}
INFO:root:echoing Please echo 116
DEBUG:root:sending {"dest": "c2", "src": "n0", "body": {"msg_id": 6, "in_reply_to": 5, "type": "echo_ok", "echo": "Please echo 116"}}
DEBUG:root:received {"id":12,"src":"c2","dest":"n0","body":{"echo":"Please echo 110","type":"echo","msg_id":6}}
INFO:root:echoing Please echo 110
DEBUG:root:sending {"dest": "c2", "src": "n0", "body": {"msg_id": 7, "in_reply_to": 6, "type": "echo_ok", "echo": "Please echo 110"}}
DEBUG:root:received {"id":14,"src":"c2","dest":"n0","body":{"echo":"Please echo 97","type":"echo","msg_id":7}}
INFO:root:echoing Please echo 97
DEBUG:root:sending {"dest": "c2", "src": "n0", "body": {"msg_id": 8, "in_reply_to": 7, "type": "echo_ok", "echo": "Please echo 97"}}
DEBUG:root:received {"id":16,"src":"c2","dest":"n0","body":{"echo":"Please echo 76","type":"echo","msg_id":8}}
INFO:root:echoing Please echo 76
DEBUG:root:sending {"dest": "c2", "src": "n0", "body": {"msg_id": 9, "in_reply_to": 8, "type": "echo_ok", "echo": "Please echo 76"}}
DEBUG:root:received {"id":18,"src":"c2","dest":"n0","body":{"echo":"Please echo 4","type":"echo","msg_id":9}}
INFO:root:echoing Please echo 4
DEBUG:root:sending {"dest": "c2", "src": "n0", "body": {"msg_id": 10, "in_reply_to": 9, "type": "echo_ok", "echo": "Please echo 4"}}
DEBUG:root:received {"id":20,"src":"c2","dest":"n0","body":{"echo":"Please echo 68","type":"echo","msg_id":10}}
INFO:root:echoing Please echo 68
DEBUG:root:sending {"dest": "c2", "src": "n0", "body": {"msg_id": 11, "in_reply_to": 10, "type": "echo_ok", "echo": "Please echo 68"}}
DEBUG:root:received {"id":22,"src":"c2","dest":"n0","body":{"echo":"Please echo 69","type":"echo","msg_id":11}}
INFO:root:echoing Please echo 69
DEBUG:root:sending {"dest": "c2", "src": "n0", "body": {"msg_id": 12, "in_reply_to": 11, "type": "echo_ok", "echo": "Please echo 69"}}
DEBUG:root:received {"id":24,"src":"c2","dest":"n0","body":{"echo":"Please echo 3","type":"echo","msg_id":12}}
INFO:root:echoing Please echo 3
DEBUG:root:sending {"dest": "c2", "src": "n0", "body": {"msg_id": 13, "in_reply_to": 12, "type": "echo_ok", "echo": "Please echo 3"}}
DEBUG:root:received {"id":26,"src":"c2","dest":"n0","body":{"echo":"Please echo 81","type":"echo","msg_id":13}}
INFO:root:echoing Please echo 81
DEBUG:root:sending {"dest": "c2", "src": "n0", "body": {"msg_id": 14, "in_reply_to": 13, "type": "echo_ok", "echo": "Please echo 81"}}
DEBUG:root:received {"id":28,"src":"c2","dest":"n0","body":{"echo":"Please echo 123","type":"echo","msg_id":14}}
INFO:root:echoing Please echo 123
DEBUG:root:sending {"dest": "c2", "src": "n0", "body": {"msg_id": 15, "in_reply_to": 14, "type": "echo_ok", "echo": "Please echo 123"}}
DEBUG:root:received {"id":30,"src":"c2","dest":"n0","body":{"echo":"Please echo 33","type":"echo","msg_id":15}}
INFO:root:echoing Please echo 33
DEBUG:root:sending {"dest": "c2", "src": "n0", "body": {"msg_id": 16, "in_reply_to": 15, "type": "echo_ok", "echo": "Please echo 33"}}
DEBUG:root:received {"id":32,"src":"c2","dest":"n0","body":{"echo":"Please echo 1","type":"echo","msg_id":16}}
INFO:root:echoing Please echo 1
DEBUG:root:sending {"dest": "c2", "src": "n0", "body": {"msg_id": 17, "in_reply_to": 16, "type": "echo_ok", "echo": "Please echo 1"}}
DEBUG:root:received {"id":34,"src":"c2","dest":"n0","body":{"echo":"Please echo 18","type":"echo","msg_id":17}}
INFO:root:echoing Please echo 18
DEBUG:root:sending {"dest": "c2", "src": "n0", "body": {"msg_id": 18, "in_reply_to": 17, "type": "echo_ok", "echo": "Please echo 18"}}
DEBUG:root:received {"id":36,"src":"c2","dest":"n0","body":{"echo":"Please echo 70","type":"echo","msg_id":18}}
INFO:root:echoing Please echo 70
DEBUG:root:sending {"dest": "c2", "src": "n0", "body": {"msg_id": 19, "in_reply_to": 18, "type": "echo_ok", "echo": "Please echo 70"}}
DEBUG:root:received {"id":38,"src":"c2","dest":"n0","body":{"echo":"Please echo 115","type":"echo","msg_id":19}}
INFO:root:echoing Please echo 115
DEBUG:root:sending {"dest": "c2", "src": "n0", "body": {"msg_id": 20, "in_reply_to": 19, "type": "echo_ok", "echo": "Please echo 115"}}
DEBUG:root:received {"id":40,"src":"c2","dest":"n0","body":{"echo":"Please echo 73","type":"echo","msg_id":20}}
INFO:root:echoing Please echo 73
DEBUG:root:sending {"dest": "c2", "src": "n0", "body": {"msg_id": 21, "in_reply_to": 20, "type": "echo_ok", "echo": "Please echo 73"}}
DEBUG:root:received {"id":42,"src":"c2","dest":"n0","body":{"echo":"Please echo 71","type":"echo","msg_id":21}}
INFO:root:echoing Please echo 71
DEBUG:root:sending {"dest": "c2", "src": "n0", "body": {"msg_id": 22, "in_reply_to": 21, "type": "echo_ok", "echo": "Please echo 71"}}
DEBUG:root:received {"id":44,"src":"c2","dest":"n0","body":{"echo":"Please echo 86","type":"echo","msg_id":22}}
INFO:root:echoing Please echo 86
DEBUG:root:sending {"dest": "c2", "src": "n0", "body": {"msg_id": 23, "in_reply_to": 22, "type": "echo_ok", "echo": "Please echo 86"}}
DEBUG:root:received {"id":46,"src":"c2","dest":"n0","body":{"echo":"Please echo 37","type":"echo","msg_id":23}}
INFO:root:echoing Please echo 37
DEBUG:root:sending {"dest": "c2", "src": "n0", "body": {"msg_id": 24, "in_reply_to": 23, "type": "echo_ok", "echo": "Please echo 37"}}
DEBUG:root:received {"id":48,"src":"c2","dest":"n0","body":{"echo":"Please echo 92","type":"echo","msg_id":24}}
INFO:root:echoing Please echo 92
DEBUG:root:sending {"dest": "c2", "src": "n0", "body": {"msg_id": 25, "in_reply_to": 24, "type": "echo_ok", "echo": "Please echo 92"}}
DEBUG:root:received {"id":50,"src":"c2","dest":"n0","body":{"echo":"Please echo 92","type":"echo","msg_id":25}}
INFO:root:echoing Please echo 92
DEBUG:root:sending {"dest": "c2", "src": "n0", "body": {"msg_id": 26, "in_reply_to": 25, "type": "echo_ok", "echo": "Please echo 92"}}
DEBUG:root:received {"id":52,"src":"c2","dest":"n0","body":{"echo":"Please echo 89","type":"echo","msg_id":26}}
INFO:root:echoing Please echo 89
DEBUG:root:sending {"dest": "c2", "src": "n0", "body": {"msg_id": 27, "in_reply_to": 26, "type": "echo_ok", "echo": "Please echo 89"}}
DEBUG:root:received {"id":54,"src":"c2","dest":"n0","body":{"echo":"Please echo 115","type":"echo","msg_id":27}}
INFO:root:echoing Please echo 115
DEBUG:root:sending {"dest": "c2", "src": "n0", "body": {"msg_id": 28, "in_reply_to": 27, "type": "echo_ok", "echo": "Please echo 115"}}
DEBUG:root:received {"id":56,"src":"c2","dest":"n0","body":{"echo":"Please echo 115","type":"echo","msg_id":28}}
INFO:root:echoing Please echo 115
DEBUG:root:sending {"dest": "c2", "src": "n0", "body": {"msg_id": 29, "in_reply_to": 28, "type": "echo_ok", "echo": "Please echo 115"}}
DEBUG:root:received {"id":58,"src":"c2","dest":"n0","body":{"echo":"Please echo 97","type":"echo","msg_id":29}}
INFO:root:echoing Please echo 97
DEBUG:root:sending {"dest": "c2", "src": "n0", "body": {"msg_id": 30, "in_reply_to": 29, "type": "echo_ok", "echo": "Please echo 97"}}
DEBUG:root:received {"id":60,"src":"c2","dest":"n0","body":{"echo":"Please echo 86","type":"echo","msg_id":30}}
INFO:root:echoing Please echo 86
DEBUG:root:sending {"dest": "c2", "src": "n0", "body": {"msg_id": 31, "in_reply_to": 30, "type": "echo_ok", "echo": "Please echo 86"}}
DEBUG:root:received {"id":62,"src":"c2","dest":"n0","body":{"echo":"Please echo 99","type":"echo","msg_id":31}}
INFO:root:echoing Please echo 99
DEBUG:root:sending {"dest": "c2", "src": "n0", "body": {"msg_id": 32, "in_reply_to": 31, "type": "echo_ok", "echo": "Please echo 99"}}
DEBUG:root:received {"id":64,"src":"c2","dest":"n0","body":{"echo":"Please echo 119","type":"echo","msg_id":32}}
INFO:root:echoing Please echo 119
DEBUG:root:sending {"dest": "c2", "src": "n0", "body": {"msg_id": 33, "in_reply_to": 32, "type": "echo_ok", "echo": "Please echo 119"}}
DEBUG:root:received {"id":66,"src":"c2","dest":"n0","body":{"echo":"Please echo 48","type":"echo","msg_id":33}}
INFO:root:echoing Please echo 48
DEBUG:root:sending {"dest": "c2", "src": "n0", "body": {"msg_id": 34, "in_reply_to": 33, "type": "echo_ok", "echo": "Please echo 48"}}
DEBUG:root:received {"id":68,"src":"c2","dest":"n0","body":{"echo":"Please echo 92","type":"echo","msg_id":34}}
INFO:root:echoing Please echo 92
DEBUG:root:sending {"dest": "c2", "src": "n0", "body": {"msg_id": 35, "in_reply_to": 34, "type": "echo_ok", "echo": "Please echo 92"}}
DEBUG:root:received {"id":70,"src":"c2","dest":"n0","body":{"echo":"Please echo 106","type":"echo","msg_id":35}}
INFO:root:echoing Please echo 106
DEBUG:root:sending {"dest": "c2", "src": "n0", "body": {"msg_id": 36, "in_reply_to": 35, "type": "echo_ok", "echo": "Please echo 106"}}
DEBUG:root:received {"id":72,"src":"c2","dest":"n0","body":{"echo":"Please echo 52","type":"echo","msg_id":36}}
INFO:root:echoing Please echo 52
DEBUG:root:sending {"dest": "c2", "src": "n0", "body": {"msg_id": 37, "in_reply_to": 36, "type": "echo_ok", "echo": "Please echo 52"}}
DEBUG:root:received {"id":74,"src":"c2","dest":"n0","body":{"echo":"Please echo 47","type":"echo","msg_id":37}}
INFO:root:echoing Please echo 47
DEBUG:root:sending {"dest": "c2", "src": "n0", "body": {"msg_id": 38, "in_reply_to": 37, "type": "echo_ok", "echo": "Please echo 47"}}
DEBUG:root:received {"id":76,"src":"c2","dest":"n0","body":{"echo":"Please echo 39","type":"echo","msg_id":38}}
INFO:root:echoing Please echo 39
DEBUG:root:sending {"dest": "c2", "src": "n0", "body": {"msg_id": 39, "in_reply_to": 38, "type": "echo_ok", "echo": "Please echo 39"}}
DEBUG:root:received {"id":78,"src":"c2","dest":"n0","body":{"echo":"Please echo 79","type":"echo","msg_id":39}}
INFO:root:echoing Please echo 79
DEBUG:root:sending {"dest": "c2", "src": "n0", "body": {"msg_id": 40, "in_reply_to": 39, "type": "echo_ok", "echo": "Please echo 79"}}
DEBUG:root:received {"id":80,"src":"c2","dest":"n0","body":{"echo":"Please echo 123","type":"echo","msg_id":40}}
INFO:root:echoing Please echo 123
DEBUG:root:sending {"dest": "c2", "src": "n0", "body": {"msg_id": 41, "in_reply_to": 40, "type": "echo_ok", "echo": "Please echo 123"}}
DEBUG:root:received {"id":82,"src":"c2","dest":"n0","body":{"echo":"Please echo 80","type":"echo","msg_id":41}}
INFO:root:echoing Please echo 80
DEBUG:root:sending {"dest": "c2", "src": "n0", "body": {"msg_id": 42, "in_reply_to": 41, "type": "echo_ok", "echo": "Please echo 80"}}
DEBUG:root:received {"id":84,"src":"c2","dest":"n0","body":{"echo":"Please echo 114","type":"echo","msg_id":42}}
INFO:root:echoing Please echo 114
DEBUG:root:sending {"dest": "c2", "src": "n0", "body": {"msg_id": 43, "in_reply_to": 42, "type": "echo_ok", "echo": "Please echo 114"}}
DEBUG:root:received {"id":86,"src":"c2","dest":"n0","body":{"echo":"Please echo 36","type":"echo","msg_id":43}}
INFO:root:echoing Please echo 36
DEBUG:root:sending {"dest": "c2", "src": "n0", "body": {"msg_id": 44, "in_reply_to": 43, "type": "echo_ok", "echo": "Please echo 36"}}
DEBUG:root:received {"id":88,"src":"c2","dest":"n0","body":{"echo":"Please echo 127","type":"echo","msg_id":44}}
INFO:root:echoing Please echo 127
DEBUG:root:sending {"dest": "c2", "src": "n0", "body": {"msg_id": 45, "in_reply_to": 44, "type": "echo_ok", "echo": "Please echo 127"}}
DEBUG:root:received {"id":90,"src":"c2","dest":"n0","body":{"echo":"Please echo 53","type":"echo","msg_id":45}}
INFO:root:echoing Please echo 53
DEBUG:root:sending {"dest": "c2", "src": "n0", "body": {"msg_id": 46, "in_reply_to": 45, "type": "echo_ok", "echo": "Please echo 53"}}
DEBUG:root:received {"id":92,"src":"c2","dest":"n0","body":{"echo":"Please echo 94","type":"echo","msg_id":46}}
INFO:root:echoing Please echo 94
DEBUG:root:sending {"dest": "c2", "src": "n0", "body": {"msg_id": 47, "in_reply_to": 46, "type": "echo_ok", "echo": "Please echo 94"}}
DEBUG:root:received {"id":94,"src":"c2","dest":"n0","body":{"echo":"Please echo 48","type":"echo","msg_id":47}}
INFO:root:echoing Please echo 48
DEBUG:root:sending {"dest": "c2", "src": "n0", "body": {"msg_id": 48, "in_reply_to": 47, "type": "echo_ok", "echo": "Please echo 48"}}
DEBUG:root:received {"id":96,"src":"c2","dest":"n0","body":{"echo":"Please echo 99","type":"echo","msg_id":48}}
INFO:root:echoing Please echo 99
DEBUG:root:sending {"dest": "c2", "src": "n0", "body": {"msg_id": 49, "in_reply_to": 48, "type": "echo_ok", "echo": "Please echo 99"}}
DEBUG:root:received {"id":98,"src":"c2","dest":"n0","body":{"echo":"Please echo 97","type":"echo","msg_id":49}}
INFO:root:echoing Please echo 97
DEBUG:root:sending {"dest": "c2", "src": "n0", "body": {"msg_id": 50, "in_reply_to": 49, "type": "echo_ok", "echo": "Please echo 97"}}
DEBUG:root:received {"id":100,"src":"c2","dest":"n0","body":{"echo":"Please echo 99","type":"echo","msg_id":50}}
INFO:root:echoing Please echo 99
DEBUG:root:sending {"dest": "c2", "src": "n0", "body": {"msg_id": 51, "in_reply_to": 50, "type": "echo_ok", "echo": "Please echo 99"}}
DEBUG:root:received {"id":102,"src":"c2","dest":"n0","body":{"echo":"Please echo 75","type":"echo","msg_id":51}}
INFO:root:echoing Please echo 75
DEBUG:root:sending {"dest": "c2", "src": "n0", "body": {"msg_id": 52, "in_reply_to": 51, "type": "echo_ok", "echo": "Please echo 75"}}
DEBUG:root:received {"id":104,"src":"c2","dest":"n0","body":{"echo":"Please echo 116","type":"echo","msg_id":52}}
INFO:root:echoing Please echo 116
DEBUG:root:sending {"dest": "c2", "src": "n0", "body": {"msg_id": 53, "in_reply_to": 52, "type": "echo_ok", "echo": "Please echo 116"}}
DEBUG:root:received {"id":106,"src":"c2","dest":"n0","body":{"echo":"Please echo 19","type":"echo","msg_id":53}}
INFO:root:echoing Please echo 19
DEBUG:root:sending {"dest": "c2", "src": "n0", "body": {"msg_id": 54, "in_reply_to": 53, "type": "echo_ok", "echo": "Please echo 19"}}
DEBUG:root:received {"id":108,"src":"c2","dest":"n0","body":{"echo":"Please echo 102","type":"echo","msg_id":54}}
INFO:root:echoing Please echo 102
DEBUG:root:sending {"dest": "c2", "src": "n0", "body": {"msg_id": 55, "in_reply_to": 54, "type": "echo_ok", "echo": "Please echo 102"}}
DEBUG:root:received {"id":110,"src":"c2","dest":"n0","body":{"echo":"Please echo 102","type":"echo","msg_id":55}}
INFO:root:echoing Please echo 102
DEBUG:root:sending {"dest": "c2", "src": "n0", "body": {"msg_id": 56, "in_reply_to": 55, "type": "echo_ok", "echo": "Please echo 102"}}
DEBUG:root:received {"id":112,"src":"c2","dest":"n0","body":{"echo":"Please echo 79","type":"echo","msg_id":56}}
INFO:root:echoing Please echo 79
DEBUG:root:sending {"dest": "c2", "src": "n0", "body": {"msg_id": 57, "in_reply_to": 56, "type": "echo_ok", "echo": "Please echo 79"}}
DEBUG:root:received {"id":114,"src":"c2","dest":"n0","body":{"echo":"Please echo 123","type":"echo","msg_id":57}}
INFO:root:echoing Please echo 123
DEBUG:root:sending {"dest": "c2", "src": "n0", "body": {"msg_id": 58, "in_reply_to": 57, "type": "echo_ok", "echo": "Please echo 123"}}
DEBUG:root:received {"id":116,"src":"c2","dest":"n0","body":{"echo":"Please echo 61","type":"echo","msg_id":58}}
INFO:root:echoing Please echo 61
DEBUG:root:sending {"dest": "c2", "src": "n0", "body": {"msg_id": 59, "in_reply_to": 58, "type": "echo_ok", "echo": "Please echo 61"}}
DEBUG:root:received {"id":118,"src":"c2","dest":"n0","body":{"echo":"Please echo 102","type":"echo","msg_id":59}}
INFO:root:echoing Please echo 102
DEBUG:root:sending {"dest": "c2", "src": "n0", "body": {"msg_id": 60, "in_reply_to": 59, "type": "echo_ok", "echo": "Please echo 102"}}
DEBUG:root:received {"id":120,"src":"c2","dest":"n0","body":{"echo":"Please echo 53","type":"echo","msg_id":60}}
INFO:root:echoing Please echo 53
DEBUG:root:sending {"dest": "c2", "src": "n0", "body": {"msg_id": 61, "in_reply_to": 60, "type": "echo_ok", "echo": "Please echo 53"}}
DEBUG:root:received {"id":122,"src":"c2","dest":"n0","body":{"echo":"Please echo 36","type":"echo","msg_id":61}}
INFO:root:echoing Please echo 36
DEBUG:root:sending {"dest": "c2", "src": "n0", "body": {"msg_id": 62, "in_reply_to": 61, "type": "echo_ok", "echo": "Please echo 36"}}
DEBUG:root:received {"id":124,"src":"c2","dest":"n0","body":{"echo":"Please echo 115","type":"echo","msg_id":62}}
INFO:root:echoing Please echo 115
DEBUG:root:sending {"dest": "c2", "src": "n0", "body": {"msg_id": 63, "in_reply_to": 62, "type": "echo_ok", "echo": "Please echo 115"}}
DEBUG:root:received {"id":126,"src":"c2","dest":"n0","body":{"echo":"Please echo 86","type":"echo","msg_id":63}}
INFO:root:echoing Please echo 86
DEBUG:root:sending {"dest": "c2", "src": "n0", "body": {"msg_id": 64, "in_reply_to": 63, "type": "echo_ok", "echo": "Please echo 86"}}
DEBUG:root:received {"id":128,"src":"c2","dest":"n0","body":{"echo":"Please echo 4","type":"echo","msg_id":64}}
INFO:root:echoing Please echo 4
DEBUG:root:sending {"dest": "c2", "src": "n0", "body": {"msg_id": 65, "in_reply_to": 64, "type": "echo_ok", "echo": "Please echo 4"}}
DEBUG:root:received {"id":130,"src":"c2","dest":"n0","body":{"echo":"Please echo 6","type":"echo","msg_id":65}}
INFO:root:echoing Please echo 6
DEBUG:root:sending {"dest": "c2", "src": "n0", "body": {"msg_id": 66, "in_reply_to": 65, "type": "echo_ok", "echo": "Please echo 6"}}
DEBUG:root:received {"id":132,"src":"c2","dest":"n0","body":{"echo":"Please echo 83","type":"echo","msg_id":66}}
INFO:root:echoing Please echo 83
DEBUG:root:sending {"dest": "c2", "src": "n0", "body": {"msg_id": 67, "in_reply_to": 66, "type": "echo_ok", "echo": "Please echo 83"}}
DEBUG:root:received {"id":134,"src":"c2","dest":"n0","body":{"echo":"Please echo 97","type":"echo","msg_id":67}}
INFO:root:echoing Please echo 97
DEBUG:root:sending {"dest": "c2", "src": "n0", "body": {"msg_id": 68, "in_reply_to": 67, "type": "echo_ok", "echo": "Please echo 97"}}
DEBUG:root:received {"id":136,"src":"c2","dest":"n0","body":{"echo":"Please echo 87","type":"echo","msg_id":68}}
INFO:root:echoing Please echo 87
DEBUG:root:sending {"dest": "c2", "src": "n0", "body": {"msg_id": 69, "in_reply_to": 68, "type": "echo_ok", "echo": "Please echo 87"}}
DEBUG:root:received {"id":138,"src":"c2","dest":"n0","body":{"echo":"Please echo 84","type":"echo","msg_id":69}}
INFO:root:echoing Please echo 84
DEBUG:root:sending {"dest": "c2", "src": "n0", "body": {"msg_id": 70, "in_reply_to": 69, "type": "echo_ok", "echo": "Please echo 84"}}
DEBUG:root:received {"id":140,"src":"c2","dest":"n0","body":{"echo":"Please echo 77","type":"echo","msg_id":70}}
INFO:root:echoing Please echo 77
DEBUG:root:sending {"dest": "c2", "src": "n0", "body": {"msg_id": 71, "in_reply_to": 70, "type": "echo_ok", "echo": "Please echo 77"}}
DEBUG:root:received {"id":142,"src":"c2","dest":"n0","body":{"echo":"Please echo 61","type":"echo","msg_id":71}}
INFO:root:echoing Please echo 61
DEBUG:root:sending {"dest": "c2", "src": "n0", "body": {"msg_id": 72, "in_reply_to": 71, "type": "echo_ok", "echo": "Please echo 61"}}
DEBUG:root:received {"id":144,"src":"c2","dest":"n0","body":{"echo":"Please echo 1","type":"echo","msg_id":72}}
INFO:root:echoing Please echo 1
DEBUG:root:sending {"dest": "c2", "src": "n0", "body": {"msg_id": 73, "in_reply_to": 72, "type": "echo_ok", "echo": "Please echo 1"}}
DEBUG:root:received {"id":146,"src":"c2","dest":"n0","body":{"echo":"Please echo 62","type":"echo","msg_id":73}}
INFO:root:echoing Please echo 62
DEBUG:root:sending {"dest": "c2", "src": "n0", "body": {"msg_id": 74, "in_reply_to": 73, "type": "echo_ok", "echo": "Please echo 62"}}
DEBUG:root:received {"id":148,"src":"c2","dest":"n0","body":{"echo":"Please echo 125","type":"echo","msg_id":74}}
INFO:root:echoing Please echo 125
DEBUG:root:sending {"dest": "c2", "src": "n0", "body": {"msg_id": 75, "in_reply_to": 74, "type": "echo_ok", "echo": "Please echo 125"}}
DEBUG:root:received {"id":150,"src":"c2","dest":"n0","body":{"echo":"Please echo 92","type":"echo","msg_id":75}}
INFO:root:echoing Please echo 92
DEBUG:root:sending {"dest": "c2", "src": "n0", "body": {"msg_id": 76, "in_reply_to": 75, "type": "echo_ok", "echo": "Please echo 92"}}
DEBUG:root:received {"id":152,"src":"c2","dest":"n0","body":{"echo":"Please echo 54","type":"echo","msg_id":76}}
INFO:root:echoing Please echo 54
DEBUG:root:sending {"dest": "c2", "src": "n0", "body": {"msg_id": 77, "in_reply_to": 76, "type": "echo_ok", "echo": "Please echo 54"}}
DEBUG:root:received {"id":154,"src":"c2","dest":"n0","body":{"echo":"Please echo 118","type":"echo","msg_id":77}}
INFO:root:echoing Please echo 118
DEBUG:root:sending {"dest": "c2", "src": "n0", "body": {"msg_id": 78, "in_reply_to": 77, "type": "echo_ok", "echo": "Please echo 118"}}
DEBUG:root:received {"id":156,"src":"c2","dest":"n0","body":{"echo":"Please echo 41","type":"echo","msg_id":78}}
INFO:root:echoing Please echo 41
DEBUG:root:sending {"dest": "c2", "src": "n0", "body": {"msg_id": 79, "in_reply_to": 78, "type": "echo_ok", "echo": "Please echo 41"}}
DEBUG:root:received {"id":158,"src":"c2","dest":"n0","body":{"echo":"Please echo 44","type":"echo","msg_id":79}}
INFO:root:echoing Please echo 44
DEBUG:root:sending {"dest": "c2", "src": "n0", "body": {"msg_id": 80, "in_reply_to": 79, "type": "echo_ok", "echo": "Please echo 44"}}
DEBUG:root:received {"id":160,"src":"c2","dest":"n0","body":{"echo":"Please echo 65","type":"echo","msg_id":80}}
INFO:root:echoing Please echo 65
DEBUG:root:sending {"dest": "c2", "src": "n0", "body": {"msg_id": 81, "in_reply_to": 80, "type": "echo_ok", "echo": "Please echo 65"}}
DEBUG:root:received {"id":162,"src":"c2","dest":"n0","body":{"echo":"Please echo 127","type":"echo","msg_id":81}}
INFO:root:echoing Please echo 127
DEBUG:root:sending {"dest": "c2", "src": "n0", "body": {"msg_id": 82, "in_reply_to": 81, "type": "echo_ok", "echo": "Please echo 127"}}
DEBUG:root:received {"id":164,"src":"c2","dest":"n0","body":{"echo":"Please echo 60","type":"echo","msg_id":82}}
INFO:root:echoing Please echo 60
DEBUG:root:sending {"dest": "c2", "src": "n0", "body": {"msg_id": 83, "in_reply_to": 82, "type": "echo_ok", "echo": "Please echo 60"}}
DEBUG:root:received {"id":166,"src":"c2","dest":"n0","body":{"echo":"Please echo 7","type":"echo","msg_id":83}}
INFO:root:echoing Please echo 7
DEBUG:root:sending {"dest": "c2", "src": "n0", "body": {"msg_id": 84, "in_reply_to": 83, "type": "echo_ok", "echo": "Please echo 7"}}
DEBUG:root:received {"id":168,"src":"c2","dest":"n0","body":{"echo":"Please echo 102","type":"echo","msg_id":84}}
INFO:root:echoing Please echo 102
DEBUG:root:sending {"dest": "c2", "src": "n0", "body": {"msg_id": 85, "in_reply_to": 84, "type": "echo_ok", "echo": "Please echo 102"}}
DEBUG:root:received {"id":170,"src":"c2","dest":"n0","body":{"echo":"Please echo 69","type":"echo","msg_id":85}}
INFO:root:echoing Please echo 69
DEBUG:root:sending {"dest": "c2", "src": "n0", "body": {"msg_id": 86, "in_reply_to": 85, "type": "echo_ok", "echo": "Please echo 69"}}
DEBUG:root:received {"id":172,"src":"c2","dest":"n0","body":{"echo":"Please echo 82","type":"echo","msg_id":86}}
INFO:root:echoing Please echo 82
DEBUG:root:sending {"dest": "c2", "src": "n0", "body": {"msg_id": 87, "in_reply_to": 86, "type": "echo_ok", "echo": "Please echo 82"}}
DEBUG:root:received {"id":174,"src":"c2","dest":"n0","body":{"echo":"Please echo 109","type":"echo","msg_id":87}}
INFO:root:echoing Please echo 109
DEBUG:root:sending {"dest": "c2", "src": "n0", "body": {"msg_id": 88, "in_reply_to": 87, "type": "echo_ok", "echo": "Please echo 109"}}
DEBUG:root:received {"id":176,"src":"c2","dest":"n0","body":{"echo":"Please echo 12","type":"echo","msg_id":88}}
INFO:root:echoing Please echo 12
DEBUG:root:sending {"dest": "c2", "src": "n0", "body": {"msg_id": 89, "in_reply_to": 88, "type": "echo_ok", "echo": "Please echo 12"}}
DEBUG:root:received {"id":178,"src":"c2","dest":"n0","body":{"echo":"Please echo 61","type":"echo","msg_id":89}}
INFO:root:echoing Please echo 61
DEBUG:root:sending {"dest": "c2", "src": "n0", "body": {"msg_id": 90, "in_reply_to": 89, "type": "echo_ok", "echo": "Please echo 61"}}
DEBUG:root:received {"id":180,"src":"c2","dest":"n0","body":{"echo":"Please echo 25","type":"echo","msg_id":90}}
INFO:root:echoing Please echo 25
DEBUG:root:sending {"dest": "c2", "src": "n0", "body": {"msg_id": 91, "in_reply_to": 90, "type": "echo_ok", "echo": "Please echo 25"}}
DEBUG:root:received {"id":182,"src":"c2","dest":"n0","body":{"echo":"Please echo 67","type":"echo","msg_id":91}}
INFO:root:echoing Please echo 67
DEBUG:root:sending {"dest": "c2", "src": "n0", "body": {"msg_id": 92, "in_reply_to": 91, "type": "echo_ok", "echo": "Please echo 67"}}
DEBUG:root:received {"id":184,"src":"c2","dest":"n0","body":{"echo":"Please echo 11","type":"echo","msg_id":92}}
INFO:root:echoing Please echo 11
DEBUG:root:sending {"dest": "c2", "src": "n0", "body": {"msg_id": 93, "in_reply_to": 92, "type": "echo_ok", "echo": "Please echo 11"}}
DEBUG:root:received {"id":186,"src":"c2","dest":"n0","body":{"echo":"Please echo 109","type":"echo","msg_id":93}}
INFO:root:echoing Please echo 109
DEBUG:root:sending {"dest": "c2", "src": "n0", "body": {"msg_id": 94, "in_reply_to": 93, "type": "echo_ok", "echo": "Please echo 109"}}
DEBUG:root:received {"id":188,"src":"c2","dest":"n0","body":{"echo":"Please echo 100","type":"echo","msg_id":94}}
INFO:root:echoing Please echo 100
DEBUG:root:sending {"dest": "c2", "src": "n0", "body": {"msg_id": 95, "in_reply_to": 94, "type": "echo_ok", "echo": "Please echo 100"}}
DEBUG:root:received {"id":190,"src":"c2","dest":"n0","body":{"echo":"Please echo 20","type":"echo","msg_id":95}}
INFO:root:echoing Please echo 20
DEBUG:root:sending {"dest": "c2", "src": "n0", "body": {"msg_id": 96, "in_reply_to": 95, "type": "echo_ok", "echo": "Please echo 20"}}
DEBUG:root:received {"id":192,"src":"c2","dest":"n0","body":{"echo":"Please echo 3","type":"echo","msg_id":96}}
INFO:root:echoing Please echo 3
DEBUG:root:sending {"dest": "c2", "src": "n0", "body": {"msg_id": 97, "in_reply_to": 96, "type": "echo_ok", "echo": "Please echo 3"}}
DEBUG:root:received {"id":194,"src":"c2","dest":"n0","body":{"echo":"Please echo 62","type":"echo","msg_id":97}}
INFO:root:echoing Please echo 62
DEBUG:root:sending {"dest": "c2", "src": "n0", "body": {"msg_id": 98, "in_reply_to": 97, "type": "echo_ok", "echo": "Please echo 62"}}
DEBUG:root:received {"id":196,"src":"c2","dest":"n0","body":{"echo":"Please echo 107","type":"echo","msg_id":98}}
INFO:root:echoing Please echo 107
DEBUG:root:sending {"dest": "c2", "src": "n0", "body": {"msg_id": 99, "in_reply_to": 98, "type": "echo_ok", "echo": "Please echo 107"}}
DEBUG:root:received {"id":198,"src":"c2","dest":"n0","body":{"echo":"Please echo 71","type":"echo","msg_id":99}}
INFO:root:echoing Please echo 71
DEBUG:root:sending {"dest": "c2", "src": "n0", "body": {"msg_id": 100, "in_reply_to": 99, "type": "echo_ok", "echo": "Please echo 71"}}
DEBUG:root:received {"id":200,"src":"c2","dest":"n0","body":{"echo":"Please echo 75","type":"echo","msg_id":100}}
INFO:root:echoing Please echo 75
DEBUG:root:sending {"dest": "c2", "src": "n0", "body": {"msg_id": 101, "in_reply_to": 100, "type": "echo_ok", "echo": "Please echo 75"}}
DEBUG:root:received {"id":202,"src":"c2","dest":"n0","body":{"echo":"Please echo 64","type":"echo","msg_id":101}}
INFO:root:echoing Please echo 64
DEBUG:root:sending {"dest": "c2", "src": "n0", "body": {"msg_id": 102, "in_reply_to": 101, "type": "echo_ok", "echo": "Please echo 64"}}
DEBUG:root:received {"id":204,"src":"c2","dest":"n0","body":{"echo":"Please echo 86","type":"echo","msg_id":102}}
INFO:root:echoing Please echo 86
DEBUG:root:sending {"dest": "c2", "src": "n0", "body": {"msg_id": 103, "in_reply_to": 102, "type": "echo_ok", "echo": "Please echo 86"}}
DEBUG:root:received {"id":206,"src":"c2","dest":"n0","body":{"echo":"Please echo 113","type":"echo","msg_id":103}}
INFO:root:echoing Please echo 113
DEBUG:root:sending {"dest": "c2", "src": "n0", "body": {"msg_id": 104, "in_reply_to": 103, "type": "echo_ok", "echo": "Please echo 113"}}
DEBUG:root:received {"id":208,"src":"c2","dest":"n0","body":{"echo":"Please echo 42","type":"echo","msg_id":104}}
INFO:root:echoing Please echo 42
DEBUG:root:sending {"dest": "c2", "src": "n0", "body": {"msg_id": 105, "in_reply_to": 104, "type": "echo_ok", "echo": "Please echo 42"}}
DEBUG:root:received {"id":210,"src":"c2","dest":"n0","body":{"echo":"Please echo 2","type":"echo","msg_id":105}}
INFO:root:echoing Please echo 2
DEBUG:root:sending {"dest": "c2", "src": "n0", "body": {"msg_id": 106, "in_reply_to": 105, "type": "echo_ok", "echo": "Please echo 2"}}
DEBUG:root:received {"id":212,"src":"c2","dest":"n0","body":{"echo":"Please echo 83","type":"echo","msg_id":106}}
INFO:root:echoing Please echo 83
DEBUG:root:sending {"dest": "c2", "src": "n0", "body": {"msg_id": 107, "in_reply_to": 106, "type": "echo_ok", "echo": "Please echo 83"}}
DEBUG:root:received {"id":214,"src":"c2","dest":"n0","body":{"echo":"Please echo 24","type":"echo","msg_id":107}}
INFO:root:echoing Please echo 24
DEBUG:root:sending {"dest": "c2", "src": "n0", "body": {"msg_id": 108, "in_reply_to": 107, "type": "echo_ok", "echo": "Please echo 24"}}
DEBUG:root:received {"id":216,"src":"c2","dest":"n0","body":{"echo":"Please echo 33","type":"echo","msg_id":108}}
INFO:root:echoing Please echo 33
DEBUG:root:sending {"dest": "c2", "src": "n0", "body": {"msg_id": 109, "in_reply_to": 108, "type": "echo_ok", "echo": "Please echo 33"}}
DEBUG:root:received {"id":218,"src":"c2","dest":"n0","body":{"echo":"Please echo 108","type":"echo","msg_id":109}}
INFO:root:echoing Please echo 108
DEBUG:root:sending {"dest": "c2", "src": "n0", "body": {"msg_id": 110, "in_reply_to": 109, "type": "echo_ok", "echo": "Please echo 108"}}
DEBUG:root:received {"id":220,"src":"c2","dest":"n0","body":{"echo":"Please echo 19","type":"echo","msg_id":110}}
INFO:root:echoing Please echo 19
DEBUG:root:sending {"dest": "c2", "src": "n0", "body": {"msg_id": 111, "in_reply_to": 110, "type": "echo_ok", "echo": "Please echo 19"}}
DEBUG:root:received {"id":222,"src":"c2","dest":"n0","body":{"echo":"Please echo 49","type":"echo","msg_id":111}}
INFO:root:echoing Please echo 49
DEBUG:root:sending {"dest": "c2", "src": "n0", "body": {"msg_id": 112, "in_reply_to": 111, "type": "echo_ok", "echo": "Please echo 49"}}
DEBUG:root:received {"id":224,"src":"c2","dest":"n0","body":{"echo":"Please echo 56","type":"echo","msg_id":112}}
INFO:root:echoing Please echo 56
DEBUG:root:sending {"dest": "c2", "src": "n0", "body": {"msg_id": 113, "in_reply_to": 112, "type": "echo_ok", "echo": "Please echo 56"}}
DEBUG:root:received {"id":226,"src":"c2","dest":"n0","body":{"echo":"Please echo 116","type":"echo","msg_id":113}}
INFO:root:echoing Please echo 116
DEBUG:root:sending {"dest": "c2", "src": "n0", "body": {"msg_id": 114, "in_reply_to": 113, "type": "echo_ok", "echo": "Please echo 116"}}
DEBUG:root:received {"id":228,"src":"c2","dest":"n0","body":{"echo":"Please echo 40","type":"echo","msg_id":114}}
INFO:root:echoing Please echo 40
DEBUG:root:sending {"dest": "c2", "src": "n0", "body": {"msg_id": 115, "in_reply_to": 114, "type": "echo_ok", "echo": "Please echo 40"}}
DEBUG:root:received {"id":230,"src":"c2","dest":"n0","body":{"echo":"Please echo 2","type":"echo","msg_id":115}}
INFO:root:echoing Please echo 2
DEBUG:root:sending {"dest": "c2", "src": "n0", "body": {"msg_id": 116, "in_reply_to": 115, "type": "echo_ok", "echo": "Please echo 2"}}
DEBUG:root:received {"id":232,"src":"c2","dest":"n0","body":{"echo":"Please echo 88","type":"echo","msg_id":116}}
INFO:root:echoing Please echo 88
DEBUG:root:sending {"dest": "c2", "src": "n0", "body": {"msg_id": 117, "in_reply_to": 116, "type": "echo_ok", "echo": "Please echo 88"}}
DEBUG:root:received {"id":234,"src":"c2","dest":"n0","body":{"echo":"Please echo 99","type":"echo","msg_id":117}}
INFO:root:echoing Please echo 99
DEBUG:root:sending {"dest": "c2", "src": "n0", "body": {"msg_id": 118, "in_reply_to": 117, "type": "echo_ok", "echo": "Please echo 99"}}
DEBUG:root:received {"id":236,"src":"c2","dest":"n0","body":{"echo":"Please echo 105","type":"echo","msg_id":118}}
INFO:root:echoing Please echo 105
DEBUG:root:sending {"dest": "c2", "src": "n0", "body": {"msg_id": 119, "in_reply_to": 118, "type": "echo_ok", "echo": "Please echo 105"}}
DEBUG:root:received {"id":238,"src":"c2","dest":"n0","body":{"echo":"Please echo 101","type":"echo","msg_id":119}}
INFO:root:echoing Please echo 101
DEBUG:root:sending {"dest": "c2", "src": "n0", "body": {"msg_id": 120, "in_reply_to": 119, "type": "echo_ok", "echo": "Please echo 101"}}
DEBUG:root:received {"id":240,"src":"c2","dest":"n0","body":{"echo":"Please echo 99","type":"echo","msg_id":120}}
INFO:root:echoing Please echo 99
DEBUG:root:sending {"dest": "c2", "src": "n0", "body": {"msg_id": 121, "in_reply_to": 120, "type": "echo_ok", "echo": "Please echo 99"}}
DEBUG:root:received {"id":242,"src":"c2","dest":"n0","body":{"echo":"Please echo 60","type":"echo","msg_id":121}}
INFO:root:echoing Please echo 60
DEBUG:root:sending {"dest": "c2", "src": "n0", "body": {"msg_id": 122, "in_reply_to": 121, "type": "echo_ok", "echo": "Please echo 60"}}
DEBUG:root:received {"id":244,"src":"c2","dest":"n0","body":{"echo":"Please echo 19","type":"echo","msg_id":122}}
INFO:root:echoing Please echo 19
DEBUG:root:sending {"dest": "c2", "src": "n0", "body": {"msg_id": 123, "in_reply_to": 122, "type": "echo_ok", "echo": "Please echo 19"}}
DEBUG:root:received {"id":246,"src":"c2","dest":"n0","body":{"echo":"Please echo 91","type":"echo","msg_id":123}}
INFO:root:echoing Please echo 91
DEBUG:root:sending {"dest": "c2", "src": "n0", "body": {"msg_id": 124, "in_reply_to": 123, "type": "echo_ok", "echo": "Please echo 91"}}
DEBUG:root:received {"id":248,"src":"c2","dest":"n0","body":{"echo":"Please echo 90","type":"echo","msg_id":124}}
INFO:root:echoing Please echo 90
DEBUG:root:sending {"dest": "c2", "src": "n0", "body": {"msg_id": 125, "in_reply_to": 124, "type": "echo_ok", "echo": "Please echo 90"}}
DEBUG:root:received {"id":250,"src":"c2","dest":"n0","body":{"echo":"Please echo 65","type":"echo","msg_id":125}}
INFO:root:echoing Please echo 65
DEBUG:root:sending {"dest": "c2", "src": "n0", "body": {"msg_id": 126, "in_reply_to": 125, "type": "echo_ok", "echo": "Please echo 65"}}
DEBUG:root:received {"id":252,"src":"c2","dest":"n0","body":{"echo":"Please echo 5","type":"echo","msg_id":126}}
INFO:root:echoing Please echo 5
DEBUG:root:sending {"dest": "c2", "src": "n0", "body": {"msg_id": 127, "in_reply_to": 126, "type": "echo_ok", "echo": "Please echo 5"}}
DEBUG:root:received {"id":254,"src":"c2","dest":"n0","body":{"echo":"Please echo 48","type":"echo","msg_id":127}}
INFO:root:echoing Please echo 48
DEBUG:root:sending {"dest": "c2", "src": "n0", "body": {"msg_id": 128, "in_reply_to": 127, "type": "echo_ok", "echo": "Please echo 48"}}
DEBUG:root:received {"id":256,"src":"c2","dest":"n0","body":{"echo":"Please echo 111","type":"echo","msg_id":128}}
INFO:root:echoing Please echo 111
DEBUG:root:sending {"dest": "c2", "src": "n0", "body": {"msg_id": 129, "in_reply_to": 128, "type": "echo_ok", "echo": "Please echo 111"}}
DEBUG:root:received {"id":258,"src":"c2","dest":"n0","body":{"echo":"Please echo 102","type":"echo","msg_id":129}}
INFO:root:echoing Please echo 102
DEBUG:root:sending {"dest": "c2", "src": "n0", "body": {"msg_id": 130, "in_reply_to": 129, "type": "echo_ok", "echo": "Please echo 102"}}
DEBUG:root:received {"id":260,"src":"c2","dest":"n0","body":{"echo":"Please echo 27","type":"echo","msg_id":130}}
INFO:root:echoing Please echo 27
DEBUG:root:sending {"dest": "c2", "src": "n0", "body": {"msg_id": 131, "in_reply_to": 130, "type": "echo_ok", "echo": "Please echo 27"}}
DEBUG:root:received {"id":262,"src":"c2","dest":"n0","body":{"echo":"Please echo 79","type":"echo","msg_id":131}}
INFO:root:echoing Please echo 79
DEBUG:root:sending {"dest": "c2", "src": "n0", "body": {"msg_id": 132, "in_reply_to": 131, "type": "echo_ok", "echo": "Please echo 79"}}
DEBUG:root:received {"id":264,"src":"c2","dest":"n0","body":{"echo":"Please echo 44","type":"echo","msg_id":132}}
INFO:root:echoing Please echo 44
DEBUG:root:sending {"dest": "c2", "src": "n0", "body": {"msg_id": 133, "in_reply_to": 132, "type": "echo_ok", "echo": "Please echo 44"}}
DEBUG:root:received {"id":266,"src":"c2","dest":"n0","body":{"echo":"Please echo 102","type":"echo","msg_id":133}}
INFO:root:echoing Please echo 102
DEBUG:root:sending {"dest": "c2", "src": "n0", "body": {"msg_id": 134, "in_reply_to": 133, "type": "echo_ok", "echo": "Please echo 102"}}
DEBUG:root:received {"id":268,"src":"c2","dest":"n0","body":{"echo":"Please echo 60","type":"echo","msg_id":134}}
INFO:root:echoing Please echo 60
DEBUG:root:sending {"dest": "c2", "src": "n0", "body": {"msg_id": 135, "in_reply_to": 134, "type": "echo_ok", "echo": "Please echo 60"}}
DEBUG:root:received {"id":270,"src":"c2","dest":"n0","body":{"echo":"Please echo 96","type":"echo","msg_id":135}}
INFO:root:echoing Please echo 96
DEBUG:root:sending {"dest": "c2", "src": "n0", "body": {"msg_id": 136, "in_reply_to": 135, "type": "echo_ok", "echo": "Please echo 96"}}
DEBUG:root:received {"id":272,"src":"c2","dest":"n0","body":{"echo":"Please echo 61","type":"echo","msg_id":136}}
INFO:root:echoing Please echo 61
DEBUG:root:sending {"dest": "c2", "src": "n0", "body": {"msg_id": 137, "in_reply_to": 136, "type": "echo_ok", "echo": "Please echo 61"}}
DEBUG:root:received {"id":274,"src":"c2","dest":"n0","body":{"echo":"Please echo 32","type":"echo","msg_id":137}}
INFO:root:echoing Please echo 32
DEBUG:root:sending {"dest": "c2", "src": "n0", "body": {"msg_id": 138, "in_reply_to": 137, "type": "echo_ok", "echo": "Please echo 32"}}
DEBUG:root:received {"id":276,"src":"c2","dest":"n0","body":{"echo":"Please echo 97","type":"echo","msg_id":138}}
INFO:root:echoing Please echo 97
DEBUG:root:sending {"dest": "c2", "src": "n0", "body": {"msg_id": 139, "in_reply_to": 138, "type": "echo_ok", "echo": "Please echo 97"}}
DEBUG:root:received {"id":278,"src":"c2","dest":"n0","body":{"echo":"Please echo 116","type":"echo","msg_id":139}}
INFO:root:echoing Please echo 116
DEBUG:root:sending {"dest": "c2", "src": "n0", "body": {"msg_id": 140, "in_reply_to": 139, "type": "echo_ok", "echo": "Please echo 116"}}
DEBUG:root:received {"id":280,"src":"c2","dest":"n0","body":{"echo":"Please echo 68","type":"echo","msg_id":140}}
INFO:root:echoing Please echo 68
DEBUG:root:sending {"dest": "c2", "src": "n0", "body": {"msg_id": 141, "in_reply_to": 140, "type": "echo_ok", "echo": "Please echo 68"}}
DEBUG:root:received {"id":282,"src":"c2","dest":"n0","body":{"echo":"Please echo 13","type":"echo","msg_id":141}}
INFO:root:echoing Please echo 13
DEBUG:root:sending {"dest": "c2", "src": "n0", "body": {"msg_id": 142, "in_reply_to": 141, "type": "echo_ok", "echo": "Please echo 13"}}
DEBUG:root:received {"id":284,"src":"c2","dest":"n0","body":{"echo":"Please echo 107","type":"echo","msg_id":142}}
INFO:root:echoing Please echo 107
DEBUG:root:sending {"dest": "c2", "src": "n0", "body": {"msg_id": 143, "in_reply_to": 142, "type": "echo_ok", "echo": "Please echo 107"}}
DEBUG:root:received {"id":286,"src":"c2","dest":"n0","body":{"echo":"Please echo 48","type":"echo","msg_id":143}}
INFO:root:echoing Please echo 48
DEBUG:root:sending {"dest": "c2", "src": "n0", "body": {"msg_id": 144, "in_reply_to": 143, "type": "echo_ok", "echo": "Please echo 48"}}
DEBUG:root:received {"id":288,"src":"c2","dest":"n0","body":{"echo":"Please echo 24","type":"echo","msg_id":144}}
INFO:root:echoing Please echo 24
DEBUG:root:sending {"dest": "c2", "src": "n0", "body": {"msg_id": 145, "in_reply_to": 144, "type": "echo_ok", "echo": "Please echo 24"}}
DEBUG:root:received {"id":290,"src":"c2","dest":"n0","body":{"echo":"Please echo 87","type":"echo","msg_id":145}}
INFO:root:echoing Please echo 87
DEBUG:root:sending {"dest": "c2", "src": "n0", "body": {"msg_id": 146, "in_reply_to": 145, "type": "echo_ok", "echo": "Please echo 87"}}
DEBUG:root:received {"id":292,"src":"c2","dest":"n0","body":{"echo":"Please echo 79","type":"echo","msg_id":146}}
INFO:root:echoing Please echo 79
DEBUG:root:sending {"dest": "c2", "src": "n0", "body": {"msg_id": 147, "in_reply_to": 146, "type": "echo_ok", "echo": "Please echo 79"}}
DEBUG:root:received {"id":294,"src":"c2","dest":"n0","body":{"echo":"Please echo 106","type":"echo","msg_id":147}}
INFO:root:echoing Please echo 106
DEBUG:root:sending {"dest": "c2", "src": "n0", "body": {"msg_id": 148, "in_reply_to": 147, "type": "echo_ok", "echo": "Please echo 106"}}
DEBUG:root:received {"id":296,"src":"c2","dest":"n0","body":{"echo":"Please echo 126","type":"echo","msg_id":148}}
INFO:root:echoing Please echo 126
DEBUG:root:sending {"dest": "c2", "src": "n0", "body": {"msg_id": 149, "in_reply_to": 148, "type": "echo_ok", "echo": "Please echo 126"}}
DEBUG:root:received {"id":298,"src":"c2","dest":"n0","body":{"echo":"Please echo 21","type":"echo","msg_id":149}}
INFO:root:echoing Please echo 21
DEBUG:root:sending {"dest": "c2", "src": "n0", "body": {"msg_id": 150, "in_reply_to": 149, "type": "echo_ok", "echo": "Please echo 21"}}
DEBUG:root:received {"id":300,"src":"c2","dest":"n0","body":{"echo":"Please echo 37","type":"echo","msg_id":150}}
INFO:root:echoing Please echo 37
DEBUG:root:sending {"dest": "c2", "src": "n0", "body": {"msg_id": 151, "in_reply_to": 150, "type": "echo_ok", "echo": "Please echo 37"}}
DEBUG:root:received {"id":302,"src":"c2","dest":"n0","body":{"echo":"Please echo 113","type":"echo","msg_id":151}}
INFO:root:echoing Please echo 113
DEBUG:root:sending {"dest": "c2", "src": "n0", "body": {"msg_id": 152, "in_reply_to": 151, "type": "echo_ok", "echo": "Please echo 113"}}
DEBUG:root:received {"id":304,"src":"c2","dest":"n0","body":{"echo":"Please echo 8","type":"echo","msg_id":152}}
INFO:root:echoing Please echo 8
DEBUG:root:sending {"dest": "c2", "src": "n0", "body": {"msg_id": 153, "in_reply_to": 152, "type": "echo_ok", "echo": "Please echo 8"}}
DEBUG:root:received {"id":306,"src":"c2","dest":"n0","body":{"echo":"Please echo 103","type":"echo","msg_id":153}}
INFO:root:echoing Please echo 103
DEBUG:root:sending {"dest": "c2", "src": "n0", "body": {"msg_id": 154, "in_reply_to": 153, "type": "echo_ok", "echo": "Please echo 103"}}
DEBUG:root:received {"id":308,"src":"c2","dest":"n0","body":{"echo":"Please echo 115","type":"echo","msg_id":154}}
INFO:root:echoing Please echo 115
DEBUG:root:sending {"dest": "c2", "src": "n0", "body": {"msg_id": 155, "in_reply_to": 154, "type": "echo_ok", "echo": "Please echo 115"}}
DEBUG:root:received {"id":310,"src":"c2","dest":"n0","body":{"echo":"Please echo 57","type":"echo","msg_id":155}}
INFO:root:echoing Please echo 57
DEBUG:root:sending {"dest": "c2", "src": "n0", "body": {"msg_id": 156, "in_reply_to": 155, "type": "echo_ok", "echo": "Please echo 57"}}
DEBUG:root:received {"id":312,"src":"c2","dest":"n0","body":{"echo":"Please echo 116","type":"echo","msg_id":156}}
INFO:root:echoing Please echo 116
DEBUG:root:sending {"dest": "c2", "src": "n0", "body": {"msg_id": 157, "in_reply_to": 156, "type": "echo_ok", "echo": "Please echo 116"}}
DEBUG:root:received {"id":314,"src":"c2","dest":"n0","body":{"echo":"Please echo 75","type":"echo","msg_id":157}}
INFO:root:echoing Please echo 75
DEBUG:root:sending {"dest": "c2", "src": "n0", "body": {"msg_id": 158, "in_reply_to": 157, "type": "echo_ok", "echo": "Please echo 75"}}
DEBUG:root:received {"id":316,"src":"c2","dest":"n0","body":{"echo":"Please echo 110","type":"echo","msg_id":158}}
INFO:root:echoing Please echo 110
DEBUG:root:sending {"dest": "c2", "src": "n0", "body": {"msg_id": 159, "in_reply_to": 158, "type": "echo_ok", "echo": "Please echo 110"}}
DEBUG:root:received {"id":318,"src":"c2","dest":"n0","body":{"echo":"Please echo 76","type":"echo","msg_id":159}}
INFO:root:echoing Please echo 76
DEBUG:root:sending {"dest": "c2", "src": "n0", "body": {"msg_id": 160, "in_reply_to": 159, "type": "echo_ok", "echo": "Please echo 76"}}
DEBUG:root:received {"id":320,"src":"c2","dest":"n0","body":{"echo":"Please echo 9","type":"echo","msg_id":160}}
INFO:root:echoing Please echo 9
DEBUG:root:sending {"dest": "c2", "src": "n0", "body": {"msg_id": 161, "in_reply_to": 160, "type": "echo_ok", "echo": "Please echo 9"}}
DEBUG:root:received {"id":322,"src":"c2","dest":"n0","body":{"echo":"Please echo 55","type":"echo","msg_id":161}}
INFO:root:echoing Please echo 55
DEBUG:root:sending {"dest": "c2", "src": "n0", "body": {"msg_id": 162, "in_reply_to": 161, "type": "echo_ok", "echo": "Please echo 55"}}
DEBUG:root:received {"id":324,"src":"c2","dest":"n0","body":{"echo":"Please echo 42","type":"echo","msg_id":162}}
INFO:root:echoing Please echo 42
DEBUG:root:sending {"dest": "c2", "src": "n0", "body": {"msg_id": 163, "in_reply_to": 162, "type": "echo_ok", "echo": "Please echo 42"}}
DEBUG:root:received {"id":326,"src":"c2","dest":"n0","body":{"echo":"Please echo 1","type":"echo","msg_id":163}}
INFO:root:echoing Please echo 1
DEBUG:root:sending {"dest": "c2", "src": "n0", "body": {"msg_id": 164, "in_reply_to": 163, "type": "echo_ok", "echo": "Please echo 1"}}
DEBUG:root:received {"id":328,"src":"c2","dest":"n0","body":{"echo":"Please echo 77","type":"echo","msg_id":164}}
INFO:root:echoing Please echo 77
DEBUG:root:sending {"dest": "c2", "src": "n0", "body": {"msg_id": 165, "in_reply_to": 164, "type": "echo_ok", "echo": "Please echo 77"}}
DEBUG:root:received {"id":330,"src":"c2","dest":"n0","body":{"echo":"Please echo 68","type":"echo","msg_id":165}}
INFO:root:echoing Please echo 68
DEBUG:root:sending {"dest": "c2", "src": "n0", "body": {"msg_id": 166, "in_reply_to": 165, "type": "echo_ok", "echo": "Please echo 68"}}
DEBUG:root:received {"id":332,"src":"c2","dest":"n0","body":{"echo":"Please echo 63","type":"echo","msg_id":166}}
INFO:root:echoing Please echo 63
DEBUG:root:sending {"dest": "c2", "src": "n0", "body": {"msg_id": 167, "in_reply_to": 166, "type": "echo_ok", "echo": "Please echo 63"}}
DEBUG:root:received {"id":334,"src":"c2","dest":"n0","body":{"echo":"Please echo 31","type":"echo","msg_id":167}}
INFO:root:echoing Please echo 31
DEBUG:root:sending {"dest": "c2", "src": "n0", "body": {"msg_id": 168, "in_reply_to": 167, "type": "echo_ok", "echo": "Please echo 31"}}
DEBUG:root:received {"id":336,"src":"c2","dest":"n0","body":{"echo":"Please echo 84","type":"echo","msg_id":168}}
INFO:root:echoing Please echo 84
DEBUG:root:sending {"dest": "c2", "src": "n0", "body": {"msg_id": 169, "in_reply_to": 168, "type": "echo_ok", "echo": "Please echo 84"}}
DEBUG:root:received {"id":338,"src":"c2","dest":"n0","body":{"echo":"Please echo 114","type":"echo","msg_id":169}}
INFO:root:echoing Please echo 114
DEBUG:root:sending {"dest": "c2", "src": "n0", "body": {"msg_id": 170, "in_reply_to": 169, "type": "echo_ok", "echo": "Please echo 114"}}
DEBUG:root:received {"id":340,"src":"c2","dest":"n0","body":{"echo":"Please echo 36","type":"echo","msg_id":170}}
INFO:root:echoing Please echo 36
DEBUG:root:sending {"dest": "c2", "src": "n0", "body": {"msg_id": 171, "in_reply_to": 170, "type": "echo_ok", "echo": "Please echo 36"}}
DEBUG:root:received {"id":342,"src":"c2","dest":"n0","body":{"echo":"Please echo 80","type":"echo","msg_id":171}}
INFO:root:echoing Please echo 80
DEBUG:root:sending {"dest": "c2", "src": "n0", "body": {"msg_id": 172, "in_reply_to": 171, "type": "echo_ok", "echo": "Please echo 80"}}
DEBUG:root:received {"id":344,"src":"c2","dest":"n0","body":{"echo":"Please echo 49","type":"echo","msg_id":172}}
INFO:root:echoing Please echo 49
DEBUG:root:sending {"dest": "c2", "src": "n0", "body": {"msg_id": 173, "in_reply_to": 172, "type": "echo_ok", "echo": "Please echo 49"}}
DEBUG:root:received {"id":346,"src":"c2","dest":"n0","body":{"echo":"Please echo 123","type":"echo","msg_id":173}}
INFO:root:echoing Please echo 123
DEBUG:root:sending {"dest": "c2", "src": "n0", "body": {"msg_id": 174, "in_reply_to": 173, "type": "echo_ok", "echo": "Please echo 123"}}
DEBUG:root:received {"id":348,"src":"c2","dest":"n0","body":{"echo":"Please echo 109","type":"echo","msg_id":174}}
INFO:root:echoing Please echo 109
DEBUG:root:sending {"dest": "c2", "src": "n0", "body": {"msg_id": 175, "in_reply_to": 174, "type": "echo_ok", "echo": "Please echo 109"}}
DEBUG:root:received {"id":350,"src":"c2","dest":"n0","body":{"echo":"Please echo 91","type":"echo","msg_id":175}}
INFO:root:echoing Please echo 91
DEBUG:root:sending {"dest": "c2", "src": "n0", "body": {"msg_id": 176, "in_reply_to": 175, "type": "echo_ok", "echo": "Please echo 91"}}
DEBUG:root:received {"id":352,"src":"c2","dest":"n0","body":{"echo":"Please echo 12","type":"echo","msg_id":176}}
INFO:root:echoing Please echo 12
DEBUG:root:sending {"dest": "c2", "src": "n0", "body": {"msg_id": 177, "in_reply_to": 176, "type": "echo_ok", "echo": "Please echo 12"}}
DEBUG:root:received {"id":354,"src":"c2","dest":"n0","body":{"echo":"Please echo 13","type":"echo","msg_id":177}}
INFO:root:echoing Please echo 13
DEBUG:root:sending {"dest": "c2", "src": "n0", "body": {"msg_id": 178, "in_reply_to": 177, "type": "echo_ok", "echo": "Please echo 13"}}
DEBUG:root:received {"id":356,"src":"c2","dest":"n0","body":{"echo":"Please echo 57","type":"echo","msg_id":178}}
INFO:root:echoing Please echo 57
DEBUG:root:sending {"dest": "c2", "src": "n0", "body": {"msg_id": 179, "in_reply_to": 178, "type": "echo_ok", "echo": "Please echo 57"}}
DEBUG:root:received {"id":358,"src":"c2","dest":"n0","body":{"echo":"Please echo 86","type":"echo","msg_id":179}}
INFO:root:echoing Please echo 86
DEBUG:root:sending {"dest": "c2", "src": "n0", "body": {"msg_id": 180, "in_reply_to": 179, "type": "echo_ok", "echo": "Please echo 86"}}
DEBUG:root:received {"id":360,"src":"c2","dest":"n0","body":{"echo":"Please echo 96","type":"echo","msg_id":180}}
INFO:root:echoing Please echo 96
DEBUG:root:sending {"dest": "c2", "src": "n0", "body": {"msg_id": 181, "in_reply_to": 180, "type": "echo_ok", "echo": "Please echo 96"}}
DEBUG:root:received {"id":362,"src":"c2","dest":"n0","body":{"echo":"Please echo 125","type":"echo","msg_id":181}}
INFO:root:echoing Please echo 125
DEBUG:root:sending {"dest": "c2", "src": "n0", "body": {"msg_id": 182, "in_reply_to": 181, "type": "echo_ok", "echo": "Please echo 125"}}
DEBUG:root:received {"id":364,"src":"c2","dest":"n0","body":{"echo":"Please echo 13","type":"echo","msg_id":182}}
INFO:root:echoing Please echo 13
DEBUG:root:sending {"dest": "c2", "src": "n0", "body": {"msg_id": 183, "in_reply_to": 182, "type": "echo_ok", "echo": "Please echo 13"}}
DEBUG:root:received {"id":366,"src":"c2","dest":"n0","body":{"echo":"Please echo 111","type":"echo","msg_id":183}}
INFO:root:echoing Please echo 111
DEBUG:root:sending {"dest": "c2", "src": "n0", "body": {"msg_id": 184, "in_reply_to": 183, "type": "echo_ok", "echo": "Please echo 111"}}
DEBUG:root:received {"id":368,"src":"c2","dest":"n0","body":{"echo":"Please echo 113","type":"echo","msg_id":184}}
INFO:root:echoing Please echo 113
DEBUG:root:sending {"dest": "c2", "src": "n0", "body": {"msg_id": 185, "in_reply_to": 184, "type": "echo_ok", "echo": "Please echo 113"}}
DEBUG:root:received {"id":370,"src":"c2","dest":"n0","body":{"echo":"Please echo 85","type":"echo","msg_id":185}}
INFO:root:echoing Please echo 85
DEBUG:root:sending {"dest": "c2", "src": "n0", "body": {"msg_id": 186, "in_reply_to": 185, "type": "echo_ok", "echo": "Please echo 85"}}
DEBUG:root:received {"id":372,"src":"c2","dest":"n0","body":{"echo":"Please echo 59","type":"echo","msg_id":186}}
INFO:root:echoing Please echo 59
DEBUG:root:sending {"dest": "c2", "src": "n0", "body": {"msg_id": 187, "in_reply_to": 186, "type": "echo_ok", "echo": "Please echo 59"}}
DEBUG:root:received {"id":374,"src":"c2","dest":"n0","body":{"echo":"Please echo 39","type":"echo","msg_id":187}}
INFO:root:echoing Please echo 39
DEBUG:root:sending {"dest": "c2", "src": "n0", "body": {"msg_id": 188, "in_reply_to": 187, "type": "echo_ok", "echo": "Please echo 39"}}
DEBUG:root:received {"id":376,"src":"c2","dest":"n0","body":{"echo":"Please echo 97","type":"echo","msg_id":188}}
INFO:root:echoing Please echo 97
DEBUG:root:sending {"dest": "c2", "src": "n0", "body": {"msg_id": 189, "in_reply_to": 188, "type": "echo_ok", "echo": "Please echo 97"}}
DEBUG:root:received {"id":378,"src":"c2","dest":"n0","body":{"echo":"Please echo 73","type":"echo","msg_id":189}}
INFO:root:echoing Please echo 73
DEBUG:root:sending {"dest": "c2", "src": "n0", "body": {"msg_id": 190, "in_reply_to": 189, "type": "echo_ok", "echo": "Please echo 73"}}
DEBUG:root:received {"id":380,"src":"c2","dest":"n0","body":{"echo":"Please echo 83","type":"echo","msg_id":190}}
INFO:root:echoing Please echo 83
DEBUG:root:sending {"dest": "c2", "src": "n0", "body": {"msg_id": 191, "in_reply_to": 190, "type": "echo_ok", "echo": "Please echo 83"}}
DEBUG:root:received {"id":382,"src":"c2","dest":"n0","body":{"echo":"Please echo 32","type":"echo","msg_id":191}}
INFO:root:echoing Please echo 32
DEBUG:root:sending {"dest": "c2", "src": "n0", "body": {"msg_id": 192, "in_reply_to": 191, "type": "echo_ok", "echo": "Please echo 32"}}
DEBUG:root:received {"id":384,"src":"c2","dest":"n0","body":{"echo":"Please echo 7","type":"echo","msg_id":192}}
INFO:root:echoing Please echo 7
DEBUG:root:sending {"dest": "c2", "src": "n0", "body": {"msg_id": 193, "in_reply_to": 192, "type": "echo_ok", "echo": "Please echo 7"}}
DEBUG:root:received {"id":386,"src":"c2","dest":"n0","body":{"echo":"Please echo 41","type":"echo","msg_id":193}}
INFO:root:echoing Please echo 41
DEBUG:root:sending {"dest": "c2", "src": "n0", "body": {"msg_id": 194, "in_reply_to": 193, "type": "echo_ok", "echo": "Please echo 41"}}
DEBUG:root:received {"id":388,"src":"c2","dest":"n0","body":{"echo":"Please echo 70","type":"echo","msg_id":194}}
INFO:root:echoing Please echo 70
DEBUG:root:sending {"dest": "c2", "src": "n0", "body": {"msg_id": 195, "in_reply_to": 194, "type": "echo_ok", "echo": "Please echo 70"}}
DEBUG:root:received {"id":390,"src":"c2","dest":"n0","body":{"echo":"Please echo 37","type":"echo","msg_id":195}}
INFO:root:echoing Please echo 37
DEBUG:root:sending {"dest": "c2", "src": "n0", "body": {"msg_id": 196, "in_reply_to": 195, "type": "echo_ok", "echo": "Please echo 37"}}
DEBUG:root:received {"id":392,"src":"c2","dest":"n0","body":{"echo":"Please echo 49","type":"echo","msg_id":196}}
INFO:root:echoing Please echo 49
DEBUG:root:sending {"dest": "c2", "src": "n0", "body": {"msg_id": 197, "in_reply_to": 196, "type": "echo_ok", "echo": "Please echo 49"}}
DEBUG:root:received {"id":394,"src":"c2","dest":"n0","body":{"echo":"Please echo 12","type":"echo","msg_id":197}}
INFO:root:echoing Please echo 12
DEBUG:root:sending {"dest": "c2", "src": "n0", "body": {"msg_id": 198, "in_reply_to": 197, "type": "echo_ok", "echo": "Please echo 12"}}
DEBUG:root:received {"id":396,"src":"c2","dest":"n0","body":{"echo":"Please echo 0","type":"echo","msg_id":198}}
INFO:root:echoing Please echo 0
DEBUG:root:sending {"dest": "c2", "src": "n0", "body": {"msg_id": 199, "in_reply_to": 198, "type": "echo_ok", "echo": "Please echo 0"}}
DEBUG:root:received {"id":398,"src":"c2","dest":"n0","body":{"echo":"Please echo 48","type":"echo","msg_id":199}}
INFO:root:echoing Please echo 48
DEBUG:root:sending {"dest": "c2", "src": "n0", "body": {"msg_id": 200, "in_reply_to": 199, "type": "echo_ok", "echo": "Please echo 48"}}
DEBUG:root:received {"id":400,"src":"c2","dest":"n0","body":{"echo":"Please echo 49","type":"echo","msg_id":200}}
INFO:root:echoing Please echo 49
DEBUG:root:sending {"dest": "c2", "src": "n0", "body": {"msg_id": 201, "in_reply_to": 200, "type": "echo_ok", "echo": "Please echo 49"}}
DEBUG:root:received {"id":402,"src":"c2","dest":"n0","body":{"echo":"Please echo 20","type":"echo","msg_id":201}}
INFO:root:echoing Please echo 20
DEBUG:root:sending {"dest": "c2", "src": "n0", "body": {"msg_id": 202, "in_reply_to": 201, "type": "echo_ok", "echo": "Please echo 20"}}
DEBUG:root:received {"id":404,"src":"c2","dest":"n0","body":{"echo":"Please echo 101","type":"echo","msg_id":202}}
INFO:root:echoing Please echo 101
DEBUG:root:sending {"dest": "c2", "src": "n0", "body": {"msg_id": 203, "in_reply_to": 202, "type": "echo_ok", "echo": "Please echo 101"}}
DEBUG:root:received {"id":406,"src":"c2","dest":"n0","body":{"echo":"Please echo 108","type":"echo","msg_id":203}}
INFO:root:echoing Please echo 108
DEBUG:root:sending {"dest": "c2", "src": "n0", "body": {"msg_id": 204, "in_reply_to": 203, "type": "echo_ok", "echo": "Please echo 108"}}
DEBUG:root:received {"id":408,"src":"c2","dest":"n0","body":{"echo":"Please echo 35","type":"echo","msg_id":204}}
INFO:root:echoing Please echo 35
DEBUG:root:sending {"dest": "c2", "src": "n0", "body": {"msg_id": 205, "in_reply_to": 204, "type": "echo_ok", "echo": "Please echo 35"}}
DEBUG:root:received {"id":410,"src":"c2","dest":"n0","body":{"echo":"Please echo 76","type":"echo","msg_id":205}}
INFO:root:echoing Please echo 76
DEBUG:root:sending {"dest": "c2", "src": "n0", "body": {"msg_id": 206, "in_reply_to": 205, "type": "echo_ok", "echo": "Please echo 76"}}
DEBUG:root:received {"id":412,"src":"c2","dest":"n0","body":{"echo":"Please echo 38","type":"echo","msg_id":206}}
INFO:root:echoing Please echo 38
DEBUG:root:sending {"dest": "c2", "src": "n0", "body": {"msg_id": 207, "in_reply_to": 206, "type": "echo_ok", "echo": "Please echo 38"}}
DEBUG:root:received {"id":414,"src":"c2","dest":"n0","body":{"echo":"Please echo 50","type":"echo","msg_id":207}}
INFO:root:echoing Please echo 50
DEBUG:root:sending {"dest": "c2", "src": "n0", "body": {"msg_id": 208, "in_reply_to": 207, "type": "echo_ok", "echo": "Please echo 50"}}
DEBUG:root:received {"id":416,"src":"c2","dest":"n0","body":{"echo":"Please echo 7","type":"echo","msg_id":208}}
INFO:root:echoing Please echo 7
DEBUG:root:sending {"dest": "c2", "src": "n0", "body": {"msg_id": 209, "in_reply_to": 208, "type": "echo_ok", "echo": "Please echo 7"}}
DEBUG:root:received {"id":418,"src":"c2","dest":"n0","body":{"echo":"Please echo 50","type":"echo","msg_id":209}}
INFO:root:echoing Please echo 50
DEBUG:root:sending {"dest": "c2", "src": "n0", "body": {"msg_id": 210, "in_reply_to": 209, "type": "echo_ok", "echo": "Please echo 50"}}
DEBUG:root:received {"id":420,"src":"c2","dest":"n0","body":{"echo":"Please echo 40","type":"echo","msg_id":210}}
INFO:root:echoing Please echo 40
DEBUG:root:sending {"dest": "c2", "src": "n0", "body": {"msg_id": 211, "in_reply_to": 210, "type": "echo_ok", "echo": "Please echo 40"}}
DEBUG:root:received {"id":422,"src":"c2","dest":"n0","body":{"echo":"Please echo 57","type":"echo","msg_id":211}}
INFO:root:echoing Please echo 57
DEBUG:root:sending {"dest": "c2", "src": "n0", "body": {"msg_id": 212, "in_reply_to": 211, "type": "echo_ok", "echo": "Please echo 57"}}
DEBUG:root:received {"id":424,"src":"c2","dest":"n0","body":{"echo":"Please echo 94","type":"echo","msg_id":212}}
INFO:root:echoing Please echo 94
DEBUG:root:sending {"dest": "c2", "src": "n0", "body": {"msg_id": 213, "in_reply_to": 212, "type": "echo_ok", "echo": "Please echo 94"}}
DEBUG:root:received {"id":426,"src":"c2","dest":"n0","body":{"echo":"Please echo 59","type":"echo","msg_id":213}}
INFO:root:echoing Please echo 59
DEBUG:root:sending {"dest": "c2", "src": "n0", "body": {"msg_id": 214, "in_reply_to": 213, "type": "echo_ok", "echo": "Please echo 59"}}
DEBUG:root:received {"id":428,"src":"c2","dest":"n0","body":{"echo":"Please echo 51","type":"echo","msg_id":214}}
INFO:root:echoing Please echo 51
DEBUG:root:sending {"dest": "c2", "src": "n0", "body": {"msg_id": 215, "in_reply_to": 214, "type": "echo_ok", "echo": "Please echo 51"}}
DEBUG:root:received {"id":430,"src":"c2","dest":"n0","body":{"echo":"Please echo 60","type":"echo","msg_id":215}}
INFO:root:echoing Please echo 60
DEBUG:root:sending {"dest": "c2", "src": "n0", "body": {"msg_id": 216, "in_reply_to": 215, "type": "echo_ok", "echo": "Please echo 60"}}
DEBUG:root:received {"id":432,"src":"c2","dest":"n0","body":{"echo":"Please echo 40","type":"echo","msg_id":216}}
INFO:root:echoing Please echo 40
DEBUG:root:sending {"dest": "c2", "src": "n0", "body": {"msg_id": 217, "in_reply_to": 216, "type": "echo_ok", "echo": "Please echo 40"}}
DEBUG:root:received {"id":434,"src":"c2","dest":"n0","body":{"echo":"Please echo 35","type":"echo","msg_id":217}}
INFO:root:echoing Please echo 35
DEBUG:root:sending {"dest": "c2", "src": "n0", "body": {"msg_id": 218, "in_reply_to": 217, "type": "echo_ok", "echo": "Please echo 35"}}
DEBUG:root:received {"id":436,"src":"c2","dest":"n0","body":{"echo":"Please echo 90","type":"echo","msg_id":218}}
INFO:root:echoing Please echo 90
DEBUG:root:sending {"dest": "c2", "src": "n0", "body": {"msg_id": 219, "in_reply_to": 218, "type": "echo_ok", "echo": "Please echo 90"}}
DEBUG:root:received {"id":438,"src":"c2","dest":"n0","body":{"echo":"Please echo 19","type":"echo","msg_id":219}}
INFO:root:echoing Please echo 19
DEBUG:root:sending {"dest": "c2", "src": "n0", "body": {"msg_id": 220, "in_reply_to": 219, "type": "echo_ok", "echo": "Please echo 19"}}
DEBUG:root:received {"id":440,"src":"c2","dest":"n0","body":{"echo":"Please echo 46","type":"echo","msg_id":220}}
INFO:root:echoing Please echo 46
DEBUG:root:sending {"dest": "c2", "src": "n0", "body": {"msg_id": 221, "in_reply_to": 220, "type": "echo_ok", "echo": "Please echo 46"}}
DEBUG:root:received {"id":442,"src":"c2","dest":"n0","body":{"echo":"Please echo 4","type":"echo","msg_id":221}}
INFO:root:echoing Please echo 4
DEBUG:root:sending {"dest": "c2", "src": "n0", "body": {"msg_id": 222, "in_reply_to": 221, "type": "echo_ok", "echo": "Please echo 4"}}
DEBUG:root:received {"id":444,"src":"c2","dest":"n0","body":{"echo":"Please echo 15","type":"echo","msg_id":222}}
INFO:root:echoing Please echo 15
DEBUG:root:sending {"dest": "c2", "src": "n0", "body": {"msg_id": 223, "in_reply_to": 222, "type": "echo_ok", "echo": "Please echo 15"}}
DEBUG:root:received {"id":446,"src":"c2","dest":"n0","body":{"echo":"Please echo 56","type":"echo","msg_id":223}}
INFO:root:echoing Please echo 56
DEBUG:root:sending {"dest": "c2", "src": "n0", "body": {"msg_id": 224, "in_reply_to": 223, "type": "echo_ok", "echo": "Please echo 56"}}
DEBUG:root:received {"id":448,"src":"c2","dest":"n0","body":{"echo":"Please echo 60","type":"echo","msg_id":224}}
INFO:root:echoing Please echo 60
DEBUG:root:sending {"dest": "c2", "src": "n0", "body": {"msg_id": 225, "in_reply_to": 224, "type": "echo_ok", "echo": "Please echo 60"}}
DEBUG:root:received {"id":450,"src":"c2","dest":"n0","body":{"echo":"Please echo 92","type":"echo","msg_id":225}}
INFO:root:echoing Please echo 92
DEBUG:root:sending {"dest": "c2", "src": "n0", "body": {"msg_id": 226, "in_reply_to": 225, "type": "echo_ok", "echo": "Please echo 92"}}
DEBUG:root:received {"id":452,"src":"c2","dest":"n0","body":{"echo":"Please echo 40","type":"echo","msg_id":226}}
INFO:root:echoing Please echo 40
DEBUG:root:sending {"dest": "c2", "src": "n0", "body": {"msg_id": 227, "in_reply_to": 226, "type": "echo_ok", "echo": "Please echo 40"}}
DEBUG:root:received {"id":454,"src":"c2","dest":"n0","body":{"echo":"Please echo 120","type":"echo","msg_id":227}}
INFO:root:echoing Please echo 120
DEBUG:root:sending {"dest": "c2", "src": "n0", "body": {"msg_id": 228, "in_reply_to": 227, "type": "echo_ok", "echo": "Please echo 120"}}
DEBUG:root:received {"id":456,"src":"c2","dest":"n0","body":{"echo":"Please echo 110","type":"echo","msg_id":228}}
INFO:root:echoing Please echo 110
DEBUG:root:sending {"dest": "c2", "src": "n0", "body": {"msg_id": 229, "in_reply_to": 228, "type": "echo_ok", "echo": "Please echo 110"}}
DEBUG:root:received {"id":458,"src":"c2","dest":"n0","body":{"echo":"Please echo 59","type":"echo","msg_id":229}}
INFO:root:echoing Please echo 59
DEBUG:root:sending {"dest": "c2", "src": "n0", "body": {"msg_id": 230, "in_reply_to": 229, "type": "echo_ok", "echo": "Please echo 59"}}
DEBUG:root:received {"id":460,"src":"c2","dest":"n0","body":{"echo":"Please echo 117","type":"echo","msg_id":230}}
INFO:root:echoing Please echo 117
DEBUG:root:sending {"dest": "c2", "src": "n0", "body": {"msg_id": 231, "in_reply_to": 230, "type": "echo_ok", "echo": "Please echo 117"}}
DEBUG:root:received {"id":462,"src":"c2","dest":"n0","body":{"echo":"Please echo 19","type":"echo","msg_id":231}}
INFO:root:echoing Please echo 19
DEBUG:root:sending {"dest": "c2", "src": "n0", "body": {"msg_id": 232, "in_reply_to": 231, "type": "echo_ok", "echo": "Please echo 19"}}
DEBUG:root:received {"id":464,"src":"c2","dest":"n0","body":{"echo":"Please echo 120","type":"echo","msg_id":232}}
INFO:root:echoing Please echo 120
DEBUG:root:sending {"dest": "c2", "src": "n0", "body": {"msg_id": 233, "in_reply_to": 232, "type": "echo_ok", "echo": "Please echo 120"}}
DEBUG:root:received {"id":466,"src":"c2","dest":"n0","body":{"echo":"Please echo 115","type":"echo","msg_id":233}}
INFO:root:echoing Please echo 115
DEBUG:root:sending {"dest": "c2", "src": "n0", "body": {"msg_id": 234, "in_reply_to": 233, "type": "echo_ok", "echo": "Please echo 115"}}
DEBUG:root:received {"id":468,"src":"c2","dest":"n0","body":{"echo":"Please echo 107","type":"echo","msg_id":234}}
INFO:root:echoing Please echo 107
DEBUG:root:sending {"dest": "c2", "src": "n0", "body": {"msg_id": 235, "in_reply_to": 234, "type": "echo_ok", "echo": "Please echo 107"}}
DEBUG:root:received {"id":470,"src":"c2","dest":"n0","body":{"echo":"Please echo 63","type":"echo","msg_id":235}}
INFO:root:echoing Please echo 63
DEBUG:root:sending {"dest": "c2", "src": "n0", "body": {"msg_id": 236, "in_reply_to": 235, "type": "echo_ok", "echo": "Please echo 63"}}
DEBUG:root:received {"id":472,"src":"c2","dest":"n0","body":{"echo":"Please echo 78","type":"echo","msg_id":236}}
INFO:root:echoing Please echo 78
DEBUG:root:sending {"dest": "c2", "src": "n0", "body": {"msg_id": 237, "in_reply_to": 236, "type": "echo_ok", "echo": "Please echo 78"}}
DEBUG:root:received {"id":474,"src":"c2","dest":"n0","body":{"echo":"Please echo 76","type":"echo","msg_id":237}}
INFO:root:echoing Please echo 76
DEBUG:root:sending {"dest": "c2", "src": "n0", "body": {"msg_id": 238, "in_reply_to": 237, "type": "echo_ok", "echo": "Please echo 76"}}
DEBUG:root:received {"id":476,"src":"c2","dest":"n0","body":{"echo":"Please echo 92","type":"echo","msg_id":238}}
INFO:root:echoing Please echo 92
DEBUG:root:sending {"dest": "c2", "src": "n0", "body": {"msg_id": 239, "in_reply_to": 238, "type": "echo_ok", "echo": "Please echo 92"}}
DEBUG:root:received {"id":478,"src":"c2","dest":"n0","body":{"echo":"Please echo 19","type":"echo","msg_id":239}}
INFO:root:echoing Please echo 19
DEBUG:root:sending {"dest": "c2", "src": "n0", "body": {"msg_id": 240, "in_reply_to": 239, "type": "echo_ok", "echo": "Please echo 19"}}
DEBUG:root:received {"id":480,"src":"c2","dest":"n0","body":{"echo":"Please echo 83","type":"echo","msg_id":240}}
INFO:root:echoing Please echo 83
DEBUG:root:sending {"dest": "c2", "src": "n0", "body": {"msg_id": 241, "in_reply_to": 240, "type": "echo_ok", "echo": "Please echo 83"}}
DEBUG:root:received {"id":482,"src":"c2","dest":"n0","body":{"echo":"Please echo 83","type":"echo","msg_id":241}}
INFO:root:echoing Please echo 83
DEBUG:root:sending {"dest": "c2", "src": "n0", "body": {"msg_id": 242, "in_reply_to": 241, "type": "echo_ok", "echo": "Please echo 83"}}
DEBUG:root:received {"id":484,"src":"c2","dest":"n0","body":{"echo":"Please echo 94","type":"echo","msg_id":242}}
INFO:root:echoing Please echo 94
DEBUG:root:sending {"dest": "c2", "src": "n0", "body": {"msg_id": 243, "in_reply_to": 242, "type": "echo_ok", "echo": "Please echo 94"}}
DEBUG:root:received {"id":486,"src":"c2","dest":"n0","body":{"echo":"Please echo 14","type":"echo","msg_id":243}}
INFO:root:echoing Please echo 14
DEBUG:root:sending {"dest": "c2", "src": "n0", "body": {"msg_id": 244, "in_reply_to": 243, "type": "echo_ok", "echo": "Please echo 14"}}
DEBUG:root:received {"id":488,"src":"c2","dest":"n0","body":{"echo":"Please echo 47","type":"echo","msg_id":244}}
INFO:root:echoing Please echo 47
DEBUG:root:sending {"dest": "c2", "src": "n0", "body": {"msg_id": 245, "in_reply_to": 244, "type": "echo_ok", "echo": "Please echo 47"}}
DEBUG:root:received {"id":490,"src":"c2","dest":"n0","body":{"echo":"Please echo 16","type":"echo","msg_id":245}}
INFO:root:echoing Please echo 16
DEBUG:root:sending {"dest": "c2", "src": "n0", "body": {"msg_id": 246, "in_reply_to": 245, "type": "echo_ok", "echo": "Please echo 16"}}
DEBUG:root:received {"id":492,"src":"c2","dest":"n0","body":{"echo":"Please echo 45","type":"echo","msg_id":246}}
INFO:root:echoing Please echo 45
DEBUG:root:sending {"dest": "c2", "src": "n0", "body": {"msg_id": 247, "in_reply_to": 246, "type": "echo_ok", "echo": "Please echo 45"}}
DEBUG:root:received {"id":494,"src":"c2","dest":"n0","body":{"echo":"Please echo 8","type":"echo","msg_id":247}}
INFO:root:echoing Please echo 8
DEBUG:root:sending {"dest": "c2", "src": "n0", "body": {"msg_id": 248, "in_reply_to": 247, "type": "echo_ok", "echo": "Please echo 8"}}
DEBUG:root:received {"id":496,"src":"c2","dest":"n0","body":{"echo":"Please echo 56","type":"echo","msg_id":248}}
INFO:root:echoing Please echo 56
DEBUG:root:sending {"dest": "c2", "src": "n0", "body": {"msg_id": 249, "in_reply_to": 248, "type": "echo_ok", "echo": "Please echo 56"}}
DEBUG:root:received {"id":498,"src":"c2","dest":"n0","body":{"echo":"Please echo 109","type":"echo","msg_id":249}}
INFO:root:echoing Please echo 109
DEBUG:root:sending {"dest": "c2", "src": "n0", "body": {"msg_id": 250, "in_reply_to": 249, "type": "echo_ok", "echo": "Please echo 109"}}
DEBUG:root:received {"id":500,"src":"c2","dest":"n0","body":{"echo":"Please echo 117","type":"echo","msg_id":250}}
INFO:root:echoing Please echo 117
DEBUG:root:sending {"dest": "c2", "src": "n0", "body": {"msg_id": 251, "in_reply_to": 250, "type": "echo_ok", "echo": "Please echo 117"}}
DEBUG:root:received {"id":502,"src":"c2","dest":"n0","body":{"echo":"Please echo 122","type":"echo","msg_id":251}}
INFO:root:echoing Please echo 122
DEBUG:root:sending {"dest": "c2", "src": "n0", "body": {"msg_id": 252, "in_reply_to": 251, "type": "echo_ok", "echo": "Please echo 122"}}
DEBUG:root:received {"id":504,"src":"c2","dest":"n0","body":{"echo":"Please echo 84","type":"echo","msg_id":252}}
INFO:root:echoing Please echo 84
DEBUG:root:sending {"dest": "c2", "src": "n0", "body": {"msg_id": 253, "in_reply_to": 252, "type": "echo_ok", "echo": "Please echo 84"}}
DEBUG:root:received {"id":506,"src":"c2","dest":"n0","body":{"echo":"Please echo 90","type":"echo","msg_id":253}}
INFO:root:echoing Please echo 90
DEBUG:root:sending {"dest": "c2", "src": "n0", "body": {"msg_id": 254, "in_reply_to": 253, "type": "echo_ok", "echo": "Please echo 90"}}
DEBUG:root:received {"id":508,"src":"c2","dest":"n0","body":{"echo":"Please echo 116","type":"echo","msg_id":254}}
INFO:root:echoing Please echo 116
DEBUG:root:sending {"dest": "c2", "src": "n0", "body": {"msg_id": 255, "in_reply_to": 254, "type": "echo_ok", "echo": "Please echo 116"}}
DEBUG:root:received {"id":510,"src":"c2","dest":"n0","body":{"echo":"Please echo 34","type":"echo","msg_id":255}}
INFO:root:echoing Please echo 34
DEBUG:root:sending {"dest": "c2", "src": "n0", "body": {"msg_id": 256, "in_reply_to": 255, "type": "echo_ok", "echo": "Please echo 34"}}
DEBUG:root:received {"id":512,"src":"c2","dest":"n0","body":{"echo":"Please echo 110","type":"echo","msg_id":256}}
INFO:root:echoing Please echo 110
DEBUG:root:sending {"dest": "c2", "src": "n0", "body": {"msg_id": 257, "in_reply_to": 256, "type": "echo_ok", "echo": "Please echo 110"}}
DEBUG:root:received {"id":514,"src":"c2","dest":"n0","body":{"echo":"Please echo 70","type":"echo","msg_id":257}}
INFO:root:echoing Please echo 70
DEBUG:root:sending {"dest": "c2", "src": "n0", "body": {"msg_id": 258, "in_reply_to": 257, "type": "echo_ok", "echo": "Please echo 70"}}
DEBUG:root:received {"id":516,"src":"c2","dest":"n0","body":{"echo":"Please echo 43","type":"echo","msg_id":258}}
INFO:root:echoing Please echo 43
DEBUG:root:sending {"dest": "c2", "src": "n0", "body": {"msg_id": 259, "in_reply_to": 258, "type": "echo_ok", "echo": "Please echo 43"}}
DEBUG:root:received {"id":518,"src":"c2","dest":"n0","body":{"echo":"Please echo 61","type":"echo","msg_id":259}}
INFO:root:echoing Please echo 61
DEBUG:root:sending {"dest": "c2", "src": "n0", "body": {"msg_id": 260, "in_reply_to": 259, "type": "echo_ok", "echo": "Please echo 61"}}
DEBUG:root:received {"id":520,"src":"c2","dest":"n0","body":{"echo":"Please echo 54","type":"echo","msg_id":260}}
INFO:root:echoing Please echo 54
DEBUG:root:sending {"dest": "c2", "src": "n0", "body": {"msg_id": 261, "in_reply_to": 260, "type": "echo_ok", "echo": "Please echo 54"}}
DEBUG:root:received {"id":522,"src":"c2","dest":"n0","body":{"echo":"Please echo 44","type":"echo","msg_id":261}}
INFO:root:echoing Please echo 44
DEBUG:root:sending {"dest": "c2", "src": "n0", "body": {"msg_id": 262, "in_reply_to": 261, "type": "echo_ok", "echo": "Please echo 44"}}
DEBUG:root:received {"id":524,"src":"c2","dest":"n0","body":{"echo":"Please echo 101","type":"echo","msg_id":262}}
INFO:root:echoing Please echo 101
DEBUG:root:sending {"dest": "c2", "src": "n0", "body": {"msg_id": 263, "in_reply_to": 262, "type": "echo_ok", "echo": "Please echo 101"}}
DEBUG:root:received {"id":526,"src":"c2","dest":"n0","body":{"echo":"Please echo 32","type":"echo","msg_id":263}}
INFO:root:echoing Please echo 32
DEBUG:root:sending {"dest": "c2", "src": "n0", "body": {"msg_id": 264, "in_reply_to": 263, "type": "echo_ok", "echo": "Please echo 32"}}
DEBUG:root:received {"id":528,"src":"c2","dest":"n0","body":{"echo":"Please echo 124","type":"echo","msg_id":264}}
INFO:root:echoing Please echo 124
DEBUG:root:sending {"dest": "c2", "src": "n0", "body": {"msg_id": 265, "in_reply_to": 264, "type": "echo_ok", "echo": "Please echo 124"}}
DEBUG:root:received {"id":530,"src":"c2","dest":"n0","body":{"echo":"Please echo 15","type":"echo","msg_id":265}}
INFO:root:echoing Please echo 15
DEBUG:root:sending {"dest": "c2", "src": "n0", "body": {"msg_id": 266, "in_reply_to": 265, "type": "echo_ok", "echo": "Please echo 15"}}
DEBUG:root:received {"id":532,"src":"c2","dest":"n0","body":{"echo":"Please echo 103","type":"echo","msg_id":266}}
INFO:root:echoing Please echo 103
DEBUG:root:sending {"dest": "c2", "src": "n0", "body": {"msg_id": 267, "in_reply_to": 266, "type": "echo_ok", "echo": "Please echo 103"}}
DEBUG:root:received {"id":534,"src":"c2","dest":"n0","body":{"echo":"Please echo 25","type":"echo","msg_id":267}}
INFO:root:echoing Please echo 25
DEBUG:root:sending {"dest": "c2", "src": "n0", "body": {"msg_id": 268, "in_reply_to": 267, "type": "echo_ok", "echo": "Please echo 25"}}
DEBUG:root:received {"id":536,"src":"c2","dest":"n0","body":{"echo":"Please echo 36","type":"echo","msg_id":268}}
INFO:root:echoing Please echo 36
DEBUG:root:sending {"dest": "c2", "src": "n0", "body": {"msg_id": 269, "in_reply_to": 268, "type": "echo_ok", "echo": "Please echo 36"}}
DEBUG:root:received {"id":538,"src":"c2","dest":"n0","body":{"echo":"Please echo 101","type":"echo","msg_id":269}}
INFO:root:echoing Please echo 101
DEBUG:root:sending {"dest": "c2", "src": "n0", "body": {"msg_id": 270, "in_reply_to": 269, "type": "echo_ok", "echo": "Please echo 101"}}
DEBUG:root:received {"id":540,"src":"c2","dest":"n0","body":{"echo":"Please echo 104","type":"echo","msg_id":270}}
INFO:root:echoing Please echo 104
DEBUG:root:sending {"dest": "c2", "src": "n0", "body": {"msg_id": 271, "in_reply_to": 270, "type": "echo_ok", "echo": "Please echo 104"}}
DEBUG:root:received {"id":542,"src":"c2","dest":"n0","body":{"echo":"Please echo 42","type":"echo","msg_id":271}}
INFO:root:echoing Please echo 42
DEBUG:root:sending {"dest": "c2", "src": "n0", "body": {"msg_id": 272, "in_reply_to": 271, "type": "echo_ok", "echo": "Please echo 42"}}
DEBUG:root:received {"id":544,"src":"c2","dest":"n0","body":{"echo":"Please echo 63","type":"echo","msg_id":272}}
INFO:root:echoing Please echo 63
DEBUG:root:sending {"dest": "c2", "src": "n0", "body": {"msg_id": 273, "in_reply_to": 272, "type": "echo_ok", "echo": "Please echo 63"}}
DEBUG:root:received {"id":546,"src":"c2","dest":"n0","body":{"echo":"Please echo 15","type":"echo","msg_id":273}}
INFO:root:echoing Please echo 15
DEBUG:root:sending {"dest": "c2", "src": "n0", "body": {"msg_id": 274, "in_reply_to": 273, "type": "echo_ok", "echo": "Please echo 15"}}
DEBUG:root:received {"id":548,"src":"c2","dest":"n0","body":{"echo":"Please echo 89","type":"echo","msg_id":274}}
INFO:root:echoing Please echo 89
DEBUG:root:sending {"dest": "c2", "src": "n0", "body": {"msg_id": 275, "in_reply_to": 274, "type": "echo_ok", "echo": "Please echo 89"}}
DEBUG:root:received {"id":550,"src":"c2","dest":"n0","body":{"echo":"Please echo 76","type":"echo","msg_id":275}}
INFO:root:echoing Please echo 76
DEBUG:root:sending {"dest": "c2", "src": "n0", "body": {"msg_id": 276, "in_reply_to": 275, "type": "echo_ok", "echo": "Please echo 76"}}
DEBUG:root:received {"id":552,"src":"c2","dest":"n0","body":{"echo":"Please echo 4","type":"echo","msg_id":276}}
INFO:root:echoing Please echo 4
DEBUG:root:sending {"dest": "c2", "src": "n0", "body": {"msg_id": 277, "in_reply_to": 276, "type": "echo_ok", "echo": "Please echo 4"}}
DEBUG:root:received {"id":554,"src":"c2","dest":"n0","body":{"echo":"Please echo 26","type":"echo","msg_id":277}}
INFO:root:echoing Please echo 26
DEBUG:root:sending {"dest": "c2", "src": "n0", "body": {"msg_id": 278, "in_reply_to": 277, "type": "echo_ok", "echo": "Please echo 26"}}
DEBUG:root:received {"id":556,"src":"c2","dest":"n0","body":{"echo":"Please echo 103","type":"echo","msg_id":278}}
INFO:root:echoing Please echo 103
DEBUG:root:sending {"dest": "c2", "src": "n0", "body": {"msg_id": 279, "in_reply_to": 278, "type": "echo_ok", "echo": "Please echo 103"}}
DEBUG:root:received {"id":558,"src":"c2","dest":"n0","body":{"echo":"Please echo 2","type":"echo","msg_id":279}}
INFO:root:echoing Please echo 2
DEBUG:root:sending {"dest": "c2", "src": "n0", "body": {"msg_id": 280, "in_reply_to": 279, "type": "echo_ok", "echo": "Please echo 2"}}
DEBUG:root:received {"id":560,"src":"c2","dest":"n0","body":{"echo":"Please echo 127","type":"echo","msg_id":280}}
INFO:root:echoing Please echo 127
DEBUG:root:sending {"dest": "c2", "src": "n0", "body": {"msg_id": 281, "in_reply_to": 280, "type": "echo_ok", "echo": "Please echo 127"}}
DEBUG:root:received {"id":562,"src":"c2","dest":"n0","body":{"echo":"Please echo 34","type":"echo","msg_id":281}}
INFO:root:echoing Please echo 34
DEBUG:root:sending {"dest": "c2", "src": "n0", "body": {"msg_id": 282, "in_reply_to": 281, "type": "echo_ok", "echo": "Please echo 34"}}
DEBUG:root:received {"id":564,"src":"c2","dest":"n0","body":{"echo":"Please echo 115","type":"echo","msg_id":282}}
INFO:root:echoing Please echo 115
DEBUG:root:sending {"dest": "c2", "src": "n0", "body": {"msg_id": 283, "in_reply_to": 282, "type": "echo_ok", "echo": "Please echo 115"}}
DEBUG:root:received {"id":566,"src":"c2","dest":"n0","body":{"echo":"Please echo 55","type":"echo","msg_id":283}}
INFO:root:echoing Please echo 55
DEBUG:root:sending {"dest": "c2", "src": "n0", "body": {"msg_id": 284, "in_reply_to": 283, "type": "echo_ok", "echo": "Please echo 55"}}
DEBUG:root:received {"id":568,"src":"c2","dest":"n0","body":{"echo":"Please echo 104","type":"echo","msg_id":284}}
INFO:root:echoing Please echo 104
DEBUG:root:sending {"dest": "c2", "src": "n0", "body": {"msg_id": 285, "in_reply_to": 284, "type": "echo_ok", "echo": "Please echo 104"}}
DEBUG:root:received {"id":570,"src":"c2","dest":"n0","body":{"echo":"Please echo 98","type":"echo","msg_id":285}}
INFO:root:echoing Please echo 98
DEBUG:root:sending {"dest": "c2", "src": "n0", "body": {"msg_id": 286, "in_reply_to": 285, "type": "echo_ok", "echo": "Please echo 98"}}
DEBUG:root:received {"id":572,"src":"c2","dest":"n0","body":{"echo":"Please echo 45","type":"echo","msg_id":286}}
INFO:root:echoing Please echo 45
DEBUG:root:sending {"dest": "c2", "src": "n0", "body": {"msg_id": 287, "in_reply_to": 286, "type": "echo_ok", "echo": "Please echo 45"}}
DEBUG:root:received {"id":574,"src":"c2","dest":"n0","body":{"echo":"Please echo 92","type":"echo","msg_id":287}}
INFO:root:echoing Please echo 92
DEBUG:root:sending {"dest": "c2", "src": "n0", "body": {"msg_id": 288, "in_reply_to": 287, "type": "echo_ok", "echo": "Please echo 92"}}
DEBUG:root:received {"id":576,"src":"c2","dest":"n0","body":{"echo":"Please echo 58","type":"echo","msg_id":288}}
INFO:root:echoing Please echo 58
DEBUG:root:sending {"dest": "c2", "src": "n0", "body": {"msg_id": 289, "in_reply_to": 288, "type": "echo_ok", "echo": "Please echo 58"}}
DEBUG:root:received {"id":578,"src":"c2","dest":"n0","body":{"echo":"Please echo 127","type":"echo","msg_id":289}}
INFO:root:echoing Please echo 127
DEBUG:root:sending {"dest": "c2", "src": "n0", "body": {"msg_id": 290, "in_reply_to": 289, "type": "echo_ok", "echo": "Please echo 127"}}
DEBUG:root:received {"id":580,"src":"c2","dest":"n0","body":{"echo":"Please echo 85","type":"echo","msg_id":290}}
INFO:root:echoing Please echo 85
DEBUG:root:sending {"dest": "c2", "src": "n0", "body": {"msg_id": 291, "in_reply_to": 290, "type": "echo_ok", "echo": "Please echo 85"}}
DEBUG:root:received {"id":582,"src":"c2","dest":"n0","body":{"echo":"Please echo 17","type":"echo","msg_id":291}}
INFO:root:echoing Please echo 17
DEBUG:root:sending {"dest": "c2", "src": "n0", "body": {"msg_id": 292, "in_reply_to": 291, "type": "echo_ok", "echo": "Please echo 17"}}
DEBUG:root:received {"id":584,"src":"c2","dest":"n0","body":{"echo":"Please echo 64","type":"echo","msg_id":292}}
INFO:root:echoing Please echo 64
DEBUG:root:sending {"dest": "c2", "src": "n0", "body": {"msg_id": 293, "in_reply_to": 292, "type": "echo_ok", "echo": "Please echo 64"}}
DEBUG:root:received {"id":586,"src":"c2","dest":"n0","body":{"echo":"Please echo 84","type":"echo","msg_id":293}}
INFO:root:echoing Please echo 84
DEBUG:root:sending {"dest": "c2", "src": "n0", "body": {"msg_id": 294, "in_reply_to": 293, "type": "echo_ok", "echo": "Please echo 84"}}
DEBUG:root:received {"id":588,"src":"c2","dest":"n0","body":{"echo":"Please echo 6","type":"echo","msg_id":294}}
INFO:root:echoing Please echo 6
DEBUG:root:sending {"dest": "c2", "src": "n0", "body": {"msg_id": 295, "in_reply_to": 294, "type": "echo_ok", "echo": "Please echo 6"}}
