DEBUG:root:received {"id":4,"src":"c4","dest":"n2","body":{"type":"init","node_id":"n2","node_ids":["n1","n2","n3","n4","n5"],"msg_id":1}}
INFO:root:initializing node n2
DEBUG:root:sending {"dest": "c4", "src": "n2", "body": {"msg_id": 1, "in_reply_to": 1, "type": "init_ok"}}
DEBUG:root:received {"id":34,"src":"c15","dest":"n2","body":{"key":0,"type":"read","msg_id":1}}
INFO:root:reading key 0 with value None
DEBUG:root:sending {"dest": "c15", "src": "n2", "body": {"msg_id": 2, "in_reply_to": 1, "type": "read_ok", "value": null}}
DEBUG:root:received {"id":100,"src":"c15","dest":"n2","body":{"key":0,"type":"read","msg_id":2}}
INFO:root:reading key 0 with value None
DEBUG:root:sending {"dest": "c15", "src": "n2", "body": {"msg_id": 3, "in_reply_to": 2, "type": "read_ok", "value": null}}
DEBUG:root:received {"id":122,"src":"c15","dest":"n2","body":{"key":0,"type":"read","msg_id":3}}
INFO:root:reading key 0 with value None
DEBUG:root:sending {"dest": "c15", "src": "n2", "body": {"msg_id": 4, "in_reply_to": 3, "type": "read_ok", "value": null}}
DEBUG:root:received {"id":144,"src":"c15","dest":"n2","body":{"key":0,"type":"read","msg_id":4}}
INFO:root:reading key 0 with value None
DEBUG:root:sending {"dest": "c15", "src": "n2", "body": {"msg_id": 5, "in_reply_to": 4, "type": "read_ok", "value": null}}
DEBUG:root:received {"id":154,"src":"c19","dest":"n2","body":{"key":0,"value":4,"type":"write","msg_id":1}}
INFO:root:writing key 0 with value 4
DEBUG:root:sending {"dest": "c19", "src": "n2", "body": {"msg_id": 6, "in_reply_to": 1, "type": "write_ok"}}
DEBUG:root:received {"id":166,"src":"c15","dest":"n2","body":{"key":0,"type":"read","msg_id":5}}
INFO:root:reading key 0 with value 4
DEBUG:root:sending {"dest": "c15", "src": "n2", "body": {"msg_id": 7, "in_reply_to": 5, "type": "read_ok", "value": 4}}
DEBUG:root:received {"id":176,"src":"c19","dest":"n2","body":{"key":0,"from":2,"to":0,"type":"cas","msg_id":2}}
INFO:root:cas on key 0: expected 2, current 4, new 0
DEBUG:root:sending {"dest": "c19", "src": "n2", "body": {"msg_id": 8, "in_reply_to": 2, "type": "error", "code": 22, "text": "value does not match expected"}}
DEBUG:root:received {"id":198,"src":"c19","dest":"n2","body":{"key":0,"value":0,"type":"write","msg_id":3}}
INFO:root:writing key 0 with value 0
DEBUG:root:sending {"dest": "c19", "src": "n2", "body": {"msg_id": 9, "in_reply_to": 3, "type": "write_ok"}}
DEBUG:root:received {"id":220,"src":"c19","dest":"n2","body":{"key":0,"from":0,"to":1,"type":"cas","msg_id":4}}
INFO:root:cas on key 0: expected 0, current 0, new 1
DEBUG:root:sending {"dest": "c19", "src": "n2", "body": {"msg_id": 10, "in_reply_to": 4, "type": "cas_ok"}}
DEBUG:root:received {"id":232,"src":"c15","dest":"n2","body":{"key":0,"type":"read","msg_id":6}}
INFO:root:reading key 0 with value 1
DEBUG:root:sending {"dest": "c15", "src": "n2", "body": {"msg_id": 11, "in_reply_to": 6, "type": "read_ok", "value": 1}}
DEBUG:root:received {"id":242,"src":"c19","dest":"n2","body":{"key":0,"value":0,"type":"write","msg_id":5}}
INFO:root:writing key 0 with value 0
DEBUG:root:sending {"dest": "c19", "src": "n2", "body": {"msg_id": 12, "in_reply_to": 5, "type": "write_ok"}}
DEBUG:root:received {"id":264,"src":"c19","dest":"n2","body":{"key":0,"from":4,"to":2,"type":"cas","msg_id":6}}
INFO:root:cas on key 0: expected 4, current 0, new 2
DEBUG:root:sending {"dest": "c19", "src": "n2", "body": {"msg_id": 13, "in_reply_to": 6, "type": "error", "code": 22, "text": "value does not match expected"}}
DEBUG:root:received {"id":286,"src":"c19","dest":"n2","body":{"key":0,"value":1,"type":"write","msg_id":7}}
INFO:root:writing key 0 with value 1
DEBUG:root:sending {"dest": "c19", "src": "n2", "body": {"msg_id": 14, "in_reply_to": 7, "type": "write_ok"}}
DEBUG:root:received {"id":308,"src":"c19","dest":"n2","body":{"key":0,"from":1,"to":0,"type":"cas","msg_id":8}}
INFO:root:cas on key 0: expected 1, current 1, new 0
DEBUG:root:sending {"dest": "c19", "src": "n2", "body": {"msg_id": 15, "in_reply_to": 8, "type": "cas_ok"}}
DEBUG:root:received {"id":330,"src":"c19","dest":"n2","body":{"key":0,"from":4,"to":3,"type":"cas","msg_id":9}}
INFO:root:cas on key 0: expected 4, current 0, new 3
DEBUG:root:sending {"dest": "c19", "src": "n2", "body": {"msg_id": 16, "in_reply_to": 9, "type": "error", "code": 22, "text": "value does not match expected"}}
DEBUG:root:received {"id":364,"src":"c15","dest":"n2","body":{"key":0,"type":"read","msg_id":7}}
INFO:root:reading key 0 with value 0
DEBUG:root:sending {"dest": "c15", "src": "n2", "body": {"msg_id": 17, "in_reply_to": 7, "type": "read_ok", "value": 0}}
DEBUG:root:received {"id":386,"src":"c15","dest":"n2","body":{"key":0,"type":"read","msg_id":8}}
INFO:root:reading key 0 with value 0
DEBUG:root:sending {"dest": "c15", "src": "n2", "body": {"msg_id": 18, "in_reply_to": 8, "type": "read_ok", "value": 0}}
DEBUG:root:received {"id":396,"src":"c19","dest":"n2","body":{"key":0,"value":3,"type":"write","msg_id":10}}
INFO:root:writing key 0 with value 3
DEBUG:root:sending {"dest": "c19", "src": "n2", "body": {"msg_id": 19, "in_reply_to": 10, "type": "write_ok"}}
DEBUG:root:received {"id":408,"src":"c15","dest":"n2","body":{"key":0,"type":"read","msg_id":9}}
INFO:root:reading key 0 with value 3
DEBUG:root:sending {"dest": "c15", "src": "n2", "body": {"msg_id": 20, "in_reply_to": 9, "type": "read_ok", "value": 3}}
DEBUG:root:received {"id":430,"src":"c15","dest":"n2","body":{"key":0,"type":"read","msg_id":10}}
INFO:root:reading key 0 with value 3
DEBUG:root:sending {"dest": "c15", "src": "n2", "body": {"msg_id": 21, "in_reply_to": 10, "type": "read_ok", "value": 3}}
DEBUG:root:received {"id":440,"src":"c19","dest":"n2","body":{"key":0,"from":1,"to":0,"type":"cas","msg_id":11}}
INFO:root:cas on key 0: expected 1, current 3, new 0
DEBUG:root:sending {"dest": "c19", "src": "n2", "body": {"msg_id": 22, "in_reply_to": 11, "type": "error", "code": 22, "text": "value does not match expected"}}
DEBUG:root:received {"id":452,"src":"c15","dest":"n2","body":{"key":0,"type":"read","msg_id":11}}
INFO:root:reading key 0 with value 3
DEBUG:root:sending {"dest": "c15", "src": "n2", "body": {"msg_id": 23, "in_reply_to": 11, "type": "read_ok", "value": 3}}
DEBUG:root:received {"id":496,"src":"c15","dest":"n2","body":{"key":0,"type":"read","msg_id":12}}
INFO:root:reading key 0 with value 3
DEBUG:root:sending {"dest": "c15", "src": "n2", "body": {"msg_id": 24, "in_reply_to": 12, "type": "read_ok", "value": 3}}
DEBUG:root:received {"id":506,"src":"c19","dest":"n2","body":{"key":0,"from":4,"to":4,"type":"cas","msg_id":12}}
INFO:root:cas on key 0: expected 4, current 3, new 4
DEBUG:root:sending {"dest": "c19", "src": "n2", "body": {"msg_id": 25, "in_reply_to": 12, "type": "error", "code": 22, "text": "value does not match expected"}}
DEBUG:root:received {"id":528,"src":"c19","dest":"n2","body":{"key":0,"from":3,"to":2,"type":"cas","msg_id":13}}
INFO:root:cas on key 0: expected 3, current 3, new 2
DEBUG:root:sending {"dest": "c19", "src": "n2", "body": {"msg_id": 26, "in_reply_to": 13, "type": "cas_ok"}}
