DEBUG:root:received {"id":0,"src":"c0","dest":"n3","body":{"type":"init","node_id":"n3","node_ids":["n1","n2","n3","n4","n5"],"msg_id":1}}
INFO:root:initializing node n3
DEBUG:root:sending {"dest": "c0", "src": "n3", "body": {"msg_id": 1, "in_reply_to": 1, "type": "init_ok"}}
DEBUG:root:received {"id":14,"src":"c11","dest":"n3","body":{"key":0,"type":"read","msg_id":1}}
INFO:root:reading key 0 with value None
DEBUG:root:sending {"dest": "c11", "src": "n3", "body": {"msg_id": 2, "in_reply_to": 1, "type": "read_ok", "value": null}}
DEBUG:root:received {"id":58,"src":"c11","dest":"n3","body":{"key":0,"type":"read","msg_id":2}}
INFO:root:reading key 0 with value None
DEBUG:root:sending {"dest": "c11", "src": "n3", "body": {"msg_id": 3, "in_reply_to": 2, "type": "read_ok", "value": null}}
DEBUG:root:received {"id":102,"src":"c11","dest":"n3","body":{"key":0,"type":"read","msg_id":3}}
INFO:root:reading key 0 with value None
DEBUG:root:sending {"dest": "c11", "src": "n3", "body": {"msg_id": 4, "in_reply_to": 3, "type": "read_ok", "value": null}}
DEBUG:root:received {"id":112,"src":"c18","dest":"n3","body":{"key":0,"value":1,"type":"write","msg_id":1}}
INFO:root:writing key 0 with value 1
DEBUG:root:sending {"dest": "c18", "src": "n3", "body": {"msg_id": 5, "in_reply_to": 1, "type": "write_ok"}}
DEBUG:root:received {"id":124,"src":"c11","dest":"n3","body":{"key":0,"type":"read","msg_id":4}}
INFO:root:reading key 0 with value 1
DEBUG:root:sending {"dest": "c11", "src": "n3", "body": {"msg_id": 6, "in_reply_to": 4, "type": "read_ok", "value": 1}}
DEBUG:root:received {"id":146,"src":"c11","dest":"n3","body":{"key":0,"type":"read","msg_id":5}}
INFO:root:reading key 0 with value 1
DEBUG:root:sending {"dest": "c11", "src": "n3", "body": {"msg_id": 7, "in_reply_to": 5, "type": "read_ok", "value": 1}}
DEBUG:root:received {"id":178,"src":"c18","dest":"n3","body":{"key":0,"value":0,"type":"write","msg_id":2}}
INFO:root:writing key 0 with value 0
DEBUG:root:sending {"dest": "c18", "src": "n3", "body": {"msg_id": 8, "in_reply_to": 2, "type": "write_ok"}}
DEBUG:root:received {"id":222,"src":"c18","dest":"n3","body":{"key":0,"from":4,"to":2,"type":"cas","msg_id":3}}
INFO:root:cas on key 0: expected 4, current 0, new 2
DEBUG:root:sending {"dest": "c18", "src": "n3", "body": {"msg_id": 9, "in_reply_to": 3, "type": "error", "code": 22, "text": "value does not match expected"}}
DEBUG:root:received {"id":234,"src":"c11","dest":"n3","body":{"key":0,"type":"read","msg_id":6}}
INFO:root:reading key 0 with value 0
DEBUG:root:sending {"dest": "c11", "src": "n3", "body": {"msg_id": 10, "in_reply_to": 6, "type": "read_ok", "value": 0}}
DEBUG:root:received {"id":256,"src":"c11","dest":"n3","body":{"key":0,"type":"read","msg_id":7}}
INFO:root:reading key 0 with value 0
DEBUG:root:sending {"dest": "c11", "src": "n3", "body": {"msg_id": 11, "in_reply_to": 7, "type": "read_ok", "value": 0}}
DEBUG:root:received {"id":266,"src":"c18","dest":"n3","body":{"key":0,"from":1,"to":4,"type":"cas","msg_id":4}}
INFO:root:cas on key 0: expected 1, current 0, new 4
DEBUG:root:sending {"dest": "c18", "src": "n3", "body": {"msg_id": 12, "in_reply_to": 4, "type": "error", "code": 22, "text": "value does not match expected"}}
DEBUG:root:received {"id":278,"src":"c11","dest":"n3","body":{"key":0,"type":"read","msg_id":8}}
INFO:root:reading key 0 with value 0
DEBUG:root:sending {"dest": "c11", "src": "n3", "body": {"msg_id": 13, "in_reply_to": 8, "type": "read_ok", "value": 0}}
DEBUG:root:received {"id":288,"src":"c18","dest":"n3","body":{"key":0,"from":4,"to":3,"type":"cas","msg_id":5}}
INFO:root:cas on key 0: expected 4, current 0, new 3
DEBUG:root:sending {"dest": "c18", "src": "n3", "body": {"msg_id": 14, "in_reply_to": 5, "type": "error", "code": 22, "text": "value does not match expected"}}
DEBUG:root:received {"id":332,"src":"c18","dest":"n3","body":{"key":0,"from":4,"to":1,"type":"cas","msg_id":6}}
INFO:root:cas on key 0: expected 4, current 0, new 1
DEBUG:root:sending {"dest": "c18", "src": "n3", "body": {"msg_id": 15, "in_reply_to": 6, "type": "error", "code": 22, "text": "value does not match expected"}}
DEBUG:root:received {"id":376,"src":"c18","dest":"n3","body":{"key":0,"from":3,"to":3,"type":"cas","msg_id":7}}
INFO:root:cas on key 0: expected 3, current 0, new 3
DEBUG:root:sending {"dest": "c18", "src": "n3", "body": {"msg_id": 16, "in_reply_to": 7, "type": "error", "code": 22, "text": "value does not match expected"}}
DEBUG:root:received {"id":410,"src":"c11","dest":"n3","body":{"key":0,"type":"read","msg_id":9}}
INFO:root:reading key 0 with value 0
DEBUG:root:sending {"dest": "c11", "src": "n3", "body": {"msg_id": 17, "in_reply_to": 9, "type": "read_ok", "value": 0}}
DEBUG:root:received {"id":420,"src":"c18","dest":"n3","body":{"key":0,"value":4,"type":"write","msg_id":8}}
INFO:root:writing key 0 with value 4
DEBUG:root:sending {"dest": "c18", "src": "n3", "body": {"msg_id": 18, "in_reply_to": 8, "type": "write_ok"}}
DEBUG:root:received {"id":432,"src":"c11","dest":"n3","body":{"key":0,"type":"read","msg_id":10}}
INFO:root:reading key 0 with value 4
DEBUG:root:sending {"dest": "c11", "src": "n3", "body": {"msg_id": 19, "in_reply_to": 10, "type": "read_ok", "value": 4}}
DEBUG:root:received {"id":442,"src":"c18","dest":"n3","body":{"key":0,"from":2,"to":0,"type":"cas","msg_id":9}}
INFO:root:cas on key 0: expected 2, current 4, new 0
DEBUG:root:sending {"dest": "c18", "src": "n3", "body": {"msg_id": 20, "in_reply_to": 9, "type": "error", "code": 22, "text": "value does not match expected"}}
DEBUG:root:received {"id":476,"src":"c11","dest":"n3","body":{"key":0,"type":"read","msg_id":11}}
INFO:root:reading key 0 with value 4
DEBUG:root:sending {"dest": "c11", "src": "n3", "body": {"msg_id": 21, "in_reply_to": 11, "type": "read_ok", "value": 4}}
DEBUG:root:received {"id":486,"src":"c18","dest":"n3","body":{"key":0,"from":3,"to":1,"type":"cas","msg_id":10}}
INFO:root:cas on key 0: expected 3, current 4, new 1
DEBUG:root:sending {"dest": "c18", "src": "n3", "body": {"msg_id": 22, "in_reply_to": 10, "type": "error", "code": 22, "text": "value does not match expected"}}
DEBUG:root:received {"id":498,"src":"c11","dest":"n3","body":{"key":0,"type":"read","msg_id":12}}
INFO:root:reading key 0 with value 4
DEBUG:root:sending {"dest": "c11", "src": "n3", "body": {"msg_id": 23, "in_reply_to": 12, "type": "read_ok", "value": 4}}
DEBUG:root:received {"id":530,"src":"c18","dest":"n3","body":{"key":0,"from":0,"to":0,"type":"cas","msg_id":11}}
INFO:root:cas on key 0: expected 0, current 4, new 0
DEBUG:root:sending {"dest": "c18", "src": "n3", "body": {"msg_id": 24, "in_reply_to": 11, "type": "error", "code": 22, "text": "value does not match expected"}}
DEBUG:root:received {"id":618,"src":"c18","dest":"n3","body":{"key":0,"from":3,"to":4,"type":"cas","msg_id":12}}
INFO:root:cas on key 0: expected 3, current 4, new 4
DEBUG:root:sending {"dest": "c18", "src": "n3", "body": {"msg_id": 25, "in_reply_to": 12, "type": "error", "code": 22, "text": "value does not match expected"}}
